<?xml version="1.0" encoding="UTF-8"?>
<testsuites name="Login" time="92.967" tests="7" failures="0" errors="0">
   <testsuite name="Login" tests="7" failures="0" errors="0" time="92.967" skipped="0" timestamp="2022-02-25 17:38:12" hostname="AdRoot_PC2 - GorsPC" id="Test Suites/Login">
      <properties>
         <property name="deviceName" value=""/>
         <property name="devicePlatform" value=""/>
         <property name="logFolder" value="C:\\Users\\AdRoot_PC2\\git\\KatalonAutomation1\\Reports\\20220225_173802\\Login\\20220225_173802"/>
         <property name="logFiles" value="C:\\Users\\AdRoot_PC2\\git\\KatalonAutomation1\\Reports\\20220225_173802\\Login\\20220225_173802\\execution0.log"/>
         <property name="attachments" value=""/>
         <property name="hostName" value="AdRoot_PC2 - GorsPC"/>
         <property name="os" value="Windows 10 64bit"/>
         <property name="katalonVersion" value="8.2.5.208"/>
         <property name="browser" value="Chrome 98.0.4758.102"/>
         <property name="hostAddress" value="192.168.0.106"/>
         <property name="sessionId" value="cb5f72272ab42ee556cb2a93c6cd39eb"/>
         <property name="seleniumVersion" value="3.141.59"/>
         <property name="proxyInformation" value="ProxyInformation { proxyOption=NO_PROXY, proxyServerType=HTTP, username=, password=********, proxyServerAddress=, proxyServerPort=0, executionList=&quot;&quot;, isApplyToDesiredCapabilities=true }"/>
         <property name="platform" value="Windows 10"/>
      </properties>
      <testcase name="Test Cases/Login/Login with email" time="13.259" classname="Test Cases/Login/Login with email" status="PASSED">
         <system-out><![CDATA[2022-02-25 17:38:13 - [TEST_CASE][PASSED] - Test Cases/Login/Login with email: Test Cases/Login/Login with email

2022-02-25 17:38:14 - [TEST_STEP][PASSED] - openBrowser(""): Browser is opened with url: ''

2022-02-25 17:38:14 - [MESSAGE][INFO] - Starting 'Chrome' driver

2022-02-25 17:38:14 - [MESSAGE][INFO] - Action delay is set to 0 milliseconds

2022-02-25 17:38:17 - [MESSAGE][PASSED] - Browser is opened with url: ''

2022-02-25 17:38:17 - [TEST_STEP][PASSED] - setViewPortSize(1200, 1000): Viewport is set to new size with width = 1200 and height = 1000

2022-02-25 17:38:18 - [MESSAGE][PASSED] - Viewport is set to new size with width = 1200 and height = 1000

2022-02-25 17:38:18 - [TEST_STEP][PASSED] - navigateToUrl("https://dev.adroot.io/auth/signin"): Navigate to 'https://dev.adroot.io/auth/signin' successfully

2022-02-25 17:38:21 - [MESSAGE][PASSED] - Navigate to 'https://dev.adroot.io/auth/signin' successfully

2022-02-25 17:38:21 - [TEST_STEP][PASSED] - setText(findTestObject("Object Repository/Login/Page_AdRoot  Login/input_E-mail_email"), "makronmanuel01@gmail.com"): Text 'makronmanuel01@gmail.com' is set on object 'Object Repository/Login/Page_AdRoot  Login/input_E-mail_email'

2022-02-25 17:38:22 - [MESSAGE][PASSED] - Text 'makronmanuel01@gmail.com' is set on object 'Object Repository/Login/Page_AdRoot  Login/input_E-mail_email'

2022-02-25 17:38:22 - [TEST_STEP][PASSED] - setEncryptedText(findTestObject("Object Repository/Login/Page_AdRoot  Login/input_Password_password"), "9juLMCYi8sYpY2Mrwe5diw=="): Text ****** has been set on object 'Object Repository/Login/Page_AdRoot  Login/input_Password_password'

2022-02-25 17:38:23 - [MESSAGE][PASSED] - Text ****** has been set on object 'Object Repository/Login/Page_AdRoot  Login/input_Password_password'

2022-02-25 17:38:23 - [TEST_STEP][PASSED] - click(findTestObject("Login/Page_AdRoot  Login/button_Sign in")): Object: 'Object Repository/Login/Page_AdRoot  Login/button_Sign in' is clicked on

2022-02-25 17:38:23 - [MESSAGE][PASSED] - Object: 'Object Repository/Login/Page_AdRoot  Login/button_Sign in' is clicked on

2022-02-25 17:38:23 - [TEST_STEP][PASSED] - click(findTestObject("Login/Page_AdRoot  Dashboard/a_Campaigns")): Object: 'Object Repository/Login/Page_AdRoot  Dashboard/a_Campaigns' is clicked on

2022-02-25 17:38:26 - [MESSAGE][PASSED] - Object: 'Object Repository/Login/Page_AdRoot  Dashboard/a_Campaigns' is clicked on]]></system-out>
         <system-err><![CDATA[]]></system-err>
      </testcase>
      <testcase name="Test Cases/Login/Login with Facebook and close" time="10.334" classname="Test Cases/Login/Login with Facebook and close" status="PASSED">
         <system-out><![CDATA[2022-02-25 17:38:26 - [TEST_CASE][PASSED] - Test Cases/Login/Login with Facebook and close: Test Cases/Login/Login with Facebook and close

2022-02-25 17:38:27 - [TEST_STEP][PASSED] - openBrowser(""): Browser is opened with url: ''

2022-02-25 17:38:27 - [MESSAGE][WARNING] - A browser is already opened. Closing browser and opening a new one

2022-02-25 17:38:28 - [MESSAGE][INFO] - Starting 'Chrome' driver

2022-02-25 17:38:28 - [MESSAGE][INFO] - Action delay is set to 0 milliseconds

2022-02-25 17:38:29 - [MESSAGE][PASSED] - Browser is opened with url: ''

2022-02-25 17:38:29 - [TEST_STEP][PASSED] - setViewPortSize(1200, 1000): Viewport is set to new size with width = 1200 and height = 1000

2022-02-25 17:38:29 - [MESSAGE][PASSED] - Viewport is set to new size with width = 1200 and height = 1000

2022-02-25 17:38:29 - [TEST_STEP][PASSED] - navigateToUrl("https://dev.adroot.io/auth/signin"): Navigate to 'https://dev.adroot.io/auth/signin' successfully

2022-02-25 17:38:32 - [MESSAGE][PASSED] - Navigate to 'https://dev.adroot.io/auth/signin' successfully

2022-02-25 17:38:32 - [TEST_STEP][PASSED] - click(findTestObject("Object Repository/Login/Page_AdRoot  Login/div_Sign In_login-icon")): Object: 'Object Repository/Login/Page_AdRoot  Login/div_Sign In_login-icon' is clicked on

2022-02-25 17:38:33 - [MESSAGE][PASSED] - Object: 'Object Repository/Login/Page_AdRoot  Login/div_Sign In_login-icon' is clicked on

2022-02-25 17:38:33 - [TEST_STEP][PASSED] - switchToWindowTitle("Facebook"): Switched to window with title: 'Facebook'

2022-02-25 17:38:34 - [MESSAGE][PASSED] - Switched to window with title: 'Facebook'

2022-02-25 17:38:34 - [TEST_STEP][PASSED] - setText(findTestObject("Object Repository/Login/Page_Facebook/input_Email or phone_email"), "makronmanuel01@gmail.com"): Text 'makronmanuel01@gmail.com' is set on object 'Object Repository/Login/Page_Facebook/input_Email or phone_email'

2022-02-25 17:38:35 - [MESSAGE][PASSED] - Text 'makronmanuel01@gmail.com' is set on object 'Object Repository/Login/Page_Facebook/input_Email or phone_email'

2022-02-25 17:38:35 - [TEST_STEP][PASSED] - setEncryptedText(findTestObject("Object Repository/Login/Page_Facebook/input_Password_pass"), "3Hxlzrj8FMHjaK0NqqRDzw=="): Text ****** has been set on object 'Object Repository/Login/Page_Facebook/input_Password_pass'

2022-02-25 17:38:36 - [MESSAGE][PASSED] - Text ****** has been set on object 'Object Repository/Login/Page_Facebook/input_Password_pass'

2022-02-25 17:38:36 - [TEST_STEP][PASSED] - switchToWindowTitle("AdRoot ‒ Login"): Switched to window with title: 'AdRoot ‒ Login'

2022-02-25 17:38:36 - [MESSAGE][PASSED] - Switched to window with title: 'AdRoot ‒ Login'

2022-02-25 17:38:36 - [TEST_STEP][PASSED] - verifyTextPresent("Login into your account", false): Text 'Login into your account' is present on page 

2022-02-25 17:38:36 - [MESSAGE][PASSED] - Text 'Login into your account' is present on page 

2022-02-25 17:38:36 - [TEST_STEP][PASSED] - closeBrowser(): Browser is closed

2022-02-25 17:38:37 - [MESSAGE][PASSED] - Browser is closed]]></system-out>
         <system-err><![CDATA[]]></system-err>
      </testcase>
      <testcase name="Test Cases/Login/Login with Facebook" time="17.306" classname="Test Cases/Login/Login with Facebook" status="PASSED">
         <system-out><![CDATA[2022-02-25 17:38:37 - [TEST_CASE][PASSED] - Test Cases/Login/Login with Facebook: Test Cases/Login/Login with Facebook

2022-02-25 17:38:37 - [TEST_STEP][PASSED] - openBrowser(""): Browser is opened with url: ''

2022-02-25 17:38:37 - [MESSAGE][INFO] - Starting 'Chrome' driver

2022-02-25 17:38:37 - [MESSAGE][INFO] - Action delay is set to 0 milliseconds

2022-02-25 17:38:38 - [MESSAGE][PASSED] - Browser is opened with url: ''

2022-02-25 17:38:39 - [TEST_STEP][PASSED] - setViewPortSize(1200, 1000): Viewport is set to new size with width = 1200 and height = 1000

2022-02-25 17:38:39 - [MESSAGE][PASSED] - Viewport is set to new size with width = 1200 and height = 1000

2022-02-25 17:38:39 - [TEST_STEP][PASSED] - navigateToUrl("https://dev.adroot.io/auth/signin"): Navigate to 'https://dev.adroot.io/auth/signin' successfully

2022-02-25 17:38:41 - [MESSAGE][PASSED] - Navigate to 'https://dev.adroot.io/auth/signin' successfully

2022-02-25 17:38:41 - [TEST_STEP][PASSED] - click(findTestObject("Login wtih Facebook/Page_AdRoot  Login/div_Sign In_login-icon")): Object: 'Object Repository/Login wtih Facebook/Page_AdRoot  Login/div_Sign In_login-icon' is clicked on

2022-02-25 17:38:42 - [MESSAGE][PASSED] - Object: 'Object Repository/Login wtih Facebook/Page_AdRoot  Login/div_Sign In_login-icon' is clicked on

2022-02-25 17:38:42 - [TEST_STEP][PASSED] - switchToWindowTitle("Facebook"): Switched to window with title: 'Facebook'

2022-02-25 17:38:44 - [MESSAGE][PASSED] - Switched to window with title: 'Facebook'

2022-02-25 17:38:44 - [TEST_STEP][PASSED] - setText(findTestObject("Object Repository/Login/Page_Facebook/input_Email or phone_email"), "makronmanuel01@gmail.com"): Text 'makronmanuel01@gmail.com' is set on object 'Object Repository/Login/Page_Facebook/input_Email or phone_email'

2022-02-25 17:38:45 - [MESSAGE][PASSED] - Text 'makronmanuel01@gmail.com' is set on object 'Object Repository/Login/Page_Facebook/input_Email or phone_email'

2022-02-25 17:38:45 - [TEST_STEP][PASSED] - setEncryptedText(findTestObject("Object Repository/Login/Page_Facebook/input_Password_pass"), "sdVWhQOwjgjxxHejC0ycFw=="): Text ****** has been set on object 'Object Repository/Login/Page_Facebook/input_Password_pass'

2022-02-25 17:38:45 - [MESSAGE][PASSED] - Text ****** has been set on object 'Object Repository/Login/Page_Facebook/input_Password_pass'

2022-02-25 17:38:45 - [TEST_STEP][PASSED] - sendKeys(findTestObject("Object Repository/Login wtih Facebook/Page_Facebook/input_Password_pass"), Keys.chord(ENTER)): Keys 'ENTER + ' sent to object: 'Object Repository/Login wtih Facebook/Page_Facebook/input_Password_pass'

2022-02-25 17:38:46 - [MESSAGE][PASSED] - Keys 'ENTER + ' sent to object: 'Object Repository/Login wtih Facebook/Page_Facebook/input_Password_pass'

2022-02-25 17:38:46 - [TEST_STEP][PASSED] - switchToWindowTitle("AdRoot ‒ Dashboard"): Switched to window with title: 'AdRoot ‒ Dashboard'

2022-02-25 17:38:51 - [MESSAGE][PASSED] - Switched to window with title: 'AdRoot ‒ Dashboard'

2022-02-25 17:38:51 - [TEST_STEP][PASSED] - click(findTestObject("Object Repository/Login/Page_AdRoot  Dashboard/a_Campaigns")): Object: 'Object Repository/Login/Page_AdRoot  Dashboard/a_Campaigns' is clicked on

2022-02-25 17:38:53 - [MESSAGE][PASSED] - Object: 'Object Repository/Login/Page_AdRoot  Dashboard/a_Campaigns' is clicked on

2022-02-25 17:38:53 - [TEST_STEP][PASSED] - closeBrowser(): Browser is closed

2022-02-25 17:38:54 - [MESSAGE][PASSED] - Browser is closed]]></system-out>
         <system-err><![CDATA[]]></system-err>
      </testcase>
      <testcase name="Test Cases/Login/Login with Google and close" time="12.388" classname="Test Cases/Login/Login with Google and close" status="PASSED">
         <system-out><![CDATA[2022-02-25 17:38:54 - [TEST_CASE][PASSED] - Test Cases/Login/Login with Google and close: Test Cases/Login/Login with Google and close

2022-02-25 17:38:55 - [TEST_STEP][PASSED] - openBrowser(""): Browser is opened with url: ''

2022-02-25 17:38:55 - [MESSAGE][INFO] - Starting 'Chrome' driver

2022-02-25 17:38:55 - [MESSAGE][INFO] - Action delay is set to 0 milliseconds

2022-02-25 17:38:56 - [MESSAGE][PASSED] - Browser is opened with url: ''

2022-02-25 17:38:56 - [TEST_STEP][PASSED] - setViewPortSize(1200, 1000): Viewport is set to new size with width = 1200 and height = 1000

2022-02-25 17:38:57 - [MESSAGE][PASSED] - Viewport is set to new size with width = 1200 and height = 1000

2022-02-25 17:38:57 - [TEST_STEP][PASSED] - navigateToUrl("https://dev.adroot.io/auth/signin"): Navigate to 'https://dev.adroot.io/auth/signin' successfully

2022-02-25 17:38:59 - [MESSAGE][PASSED] - Navigate to 'https://dev.adroot.io/auth/signin' successfully

2022-02-25 17:38:59 - [TEST_STEP][PASSED] - click(findTestObject("Object Repository/Login/Page_AdRoot  Login/span_Sign In")): Object: 'Object Repository/Login/Page_AdRoot  Login/span_Sign In' is clicked on

2022-02-25 17:39:00 - [MESSAGE][PASSED] - Object: 'Object Repository/Login/Page_AdRoot  Login/span_Sign In' is clicked on

2022-02-25 17:39:00 - [TEST_STEP][PASSED] - switchToWindowTitle("Մտնել Google հաշիվներ"): Switched to window with title: 'Մտնել Google հաշիվներ'

2022-02-25 17:39:02 - [MESSAGE][PASSED] - Switched to window with title: 'Մտնել Google հաշիվներ'

2022-02-25 17:39:02 - [TEST_STEP][PASSED] - setText(findTestObject("Object Repository/Login/Page_Google/input_adroot.io_identifier"), "ruzan.a@adroot.io"): Text 'ruzan.a@adroot.io' is set on object 'Object Repository/Login/Page_Google/input_adroot.io_identifier'

2022-02-25 17:39:03 - [MESSAGE][PASSED] - Text 'ruzan.a@adroot.io' is set on object 'Object Repository/Login/Page_Google/input_adroot.io_identifier'

2022-02-25 17:39:03 - [TEST_STEP][PASSED] - sendKeys(findTestObject("Object Repository/Login/Page_Google/input_adroot.io_identifier"), Keys.chord(ENTER)): Keys 'ENTER + ' sent to object: 'Object Repository/Login/Page_Google/input_adroot.io_identifier'

2022-02-25 17:39:03 - [MESSAGE][PASSED] - Keys 'ENTER + ' sent to object: 'Object Repository/Login/Page_Google/input_adroot.io_identifier'

2022-02-25 17:39:03 - [TEST_STEP][PASSED] - setEncryptedText(findTestObject("Object Repository/Login/Page_Google/input__password"), "sdVWhQOwjgjxxHejC0ycFw=="): Text ****** has been set on object 'Object Repository/Login/Page_Google/input__password'

2022-02-25 17:39:05 - [MESSAGE][PASSED] - Text ****** has been set on object 'Object Repository/Login/Page_Google/input__password'

2022-02-25 17:39:05 - [TEST_STEP][PASSED] - switchToWindowTitle("AdRoot ‒ Login"): Switched to window with title: 'AdRoot ‒ Login'

2022-02-25 17:39:05 - [MESSAGE][PASSED] - Switched to window with title: 'AdRoot ‒ Login'

2022-02-25 17:39:05 - [TEST_STEP][PASSED] - verifyTextPresent("Login into your account", false): Text 'Login into your account' is present on page 

2022-02-25 17:39:06 - [MESSAGE][PASSED] - Text 'Login into your account' is present on page 

2022-02-25 17:39:06 - [TEST_STEP][PASSED] - closeBrowser(): Browser is closed

2022-02-25 17:39:06 - [MESSAGE][PASSED] - Browser is closed]]></system-out>
         <system-err><![CDATA[]]></system-err>
      </testcase>
      <testcase name="Test Cases/Login/Login with google" time="22.393" classname="Test Cases/Login/Login with google" status="PASSED">
         <system-out><![CDATA[2022-02-25 17:39:06 - [TEST_CASE][PASSED] - Test Cases/Login/Login with google: Test Cases/Login/Login with google

2022-02-25 17:39:07 - [TEST_STEP][PASSED] - openBrowser(""): Browser is opened with url: ''

2022-02-25 17:39:07 - [MESSAGE][INFO] - Starting 'Chrome' driver

2022-02-25 17:39:07 - [MESSAGE][INFO] - Action delay is set to 0 milliseconds

2022-02-25 17:39:08 - [MESSAGE][PASSED] - Browser is opened with url: ''

2022-02-25 17:39:08 - [TEST_STEP][PASSED] - setViewPortSize(1200, 1000): Viewport is set to new size with width = 1200 and height = 1000

2022-02-25 17:39:09 - [MESSAGE][PASSED] - Viewport is set to new size with width = 1200 and height = 1000

2022-02-25 17:39:09 - [TEST_STEP][PASSED] - navigateToUrl("https://dev.adroot.io/auth/signin"): Navigate to 'https://dev.adroot.io/auth/signin' successfully

2022-02-25 17:39:11 - [MESSAGE][PASSED] - Navigate to 'https://dev.adroot.io/auth/signin' successfully

2022-02-25 17:39:11 - [TEST_STEP][PASSED] - click(findTestObject("Object Repository/Login/Page_AdRoot  Login/span_Sign In")): Object: 'Object Repository/Login/Page_AdRoot  Login/span_Sign In' is clicked on

2022-02-25 17:39:12 - [MESSAGE][PASSED] - Object: 'Object Repository/Login/Page_AdRoot  Login/span_Sign In' is clicked on

2022-02-25 17:39:12 - [TEST_STEP][PASSED] - switchToWindowTitle("Մտնել Google հաշիվներ"): Switched to window with title: 'Մտնել Google հաշիվներ'

2022-02-25 17:39:13 - [MESSAGE][PASSED] - Switched to window with title: 'Մտնել Google հաշիվներ'

2022-02-25 17:39:13 - [TEST_STEP][PASSED] - setText(findTestObject("Object Repository/Login/Page_Google/input_adroot.io_identifier"), "ruzan.a@adroot.io"): Text 'ruzan.a@adroot.io' is set on object 'Object Repository/Login/Page_Google/input_adroot.io_identifier'

2022-02-25 17:39:14 - [MESSAGE][PASSED] - Text 'ruzan.a@adroot.io' is set on object 'Object Repository/Login/Page_Google/input_adroot.io_identifier'

2022-02-25 17:39:14 - [TEST_STEP][PASSED] - sendKeys(findTestObject("Object Repository/Login/Page_Google/input_adroot.io_identifier"), Keys.chord(ENTER)): Keys 'ENTER + ' sent to object: 'Object Repository/Login/Page_Google/input_adroot.io_identifier'

2022-02-25 17:39:15 - [MESSAGE][PASSED] - Keys 'ENTER + ' sent to object: 'Object Repository/Login/Page_Google/input_adroot.io_identifier'

2022-02-25 17:39:15 - [TEST_STEP][PASSED] - setEncryptedText(findTestObject("Object Repository/Login/Page_Google/input__password"), "sdVWhQOwjgjxxHejC0ycFw=="): Text ****** has been set on object 'Object Repository/Login/Page_Google/input__password'

2022-02-25 17:39:17 - [MESSAGE][PASSED] - Text ****** has been set on object 'Object Repository/Login/Page_Google/input__password'

2022-02-25 17:39:17 - [TEST_STEP][PASSED] - sendKeys(findTestObject("Object Repository/Login/Page_Google/input__password"), Keys.chord(ENTER)): Keys 'ENTER + ' sent to object: 'Object Repository/Login/Page_Google/input__password'

2022-02-25 17:39:17 - [MESSAGE][PASSED] - Keys 'ENTER + ' sent to object: 'Object Repository/Login/Page_Google/input__password'

2022-02-25 17:39:17 - [TEST_STEP][PASSED] - switchToWindowTitle("AdRoot ‒ Dashboard"): Switched to window with title: 'AdRoot ‒ Dashboard'

2022-02-25 17:39:26 - [MESSAGE][PASSED] - Switched to window with title: 'AdRoot ‒ Dashboard'

2022-02-25 17:39:26 - [TEST_STEP][PASSED] - click(findTestObject("Object Repository/Login/Page_AdRoot  Dashboard/a_Campaigns")): Object: 'Object Repository/Login/Page_AdRoot  Dashboard/a_Campaigns' is clicked on

2022-02-25 17:39:28 - [MESSAGE][PASSED] - Object: 'Object Repository/Login/Page_AdRoot  Dashboard/a_Campaigns' is clicked on

2022-02-25 17:39:28 - [TEST_STEP][PASSED] - closeBrowser(): Browser is closed

2022-02-25 17:39:29 - [MESSAGE][PASSED] - Browser is closed]]></system-out>
         <system-err><![CDATA[]]></system-err>
      </testcase>
      <testcase name="Test Cases/Login/Login with invalid email" time="8.339" classname="Test Cases/Login/Login with invalid email" status="PASSED">
         <system-out><![CDATA[2022-02-25 17:39:29 - [TEST_CASE][PASSED] - Test Cases/Login/Login with invalid email: Test Cases/Login/Login with invalid email

2022-02-25 17:39:29 - [TEST_STEP][PASSED] - openBrowser(""): Browser is opened with url: ''

2022-02-25 17:39:29 - [MESSAGE][INFO] - Starting 'Chrome' driver

2022-02-25 17:39:29 - [MESSAGE][INFO] - Action delay is set to 0 milliseconds

2022-02-25 17:39:31 - [MESSAGE][PASSED] - Browser is opened with url: ''

2022-02-25 17:39:31 - [TEST_STEP][PASSED] - setViewPortSize(1200, 1000): Viewport is set to new size with width = 1200 and height = 1000

2022-02-25 17:39:31 - [MESSAGE][PASSED] - Viewport is set to new size with width = 1200 and height = 1000

2022-02-25 17:39:31 - [TEST_STEP][PASSED] - navigateToUrl("https://dev.adroot.io/auth/signin"): Navigate to 'https://dev.adroot.io/auth/signin' successfully

2022-02-25 17:39:33 - [MESSAGE][PASSED] - Navigate to 'https://dev.adroot.io/auth/signin' successfully

2022-02-25 17:39:33 - [TEST_STEP][PASSED] - setText(findTestObject("Object Repository/Login/Page_AdRoot  Login/input_E-mail_email"), "makronmanuel@gmail.com"): Text 'makronmanuel@gmail.com' is set on object 'Object Repository/Login/Page_AdRoot  Login/input_E-mail_email'

2022-02-25 17:39:34 - [MESSAGE][PASSED] - Text 'makronmanuel@gmail.com' is set on object 'Object Repository/Login/Page_AdRoot  Login/input_E-mail_email'

2022-02-25 17:39:34 - [TEST_STEP][PASSED] - setEncryptedText(findTestObject("Object Repository/Login/Page_AdRoot  Login/input_Password_password"), "p6SfaQ7mi9I0hsJfWzeJOA=="): Text ****** has been set on object 'Object Repository/Login/Page_AdRoot  Login/input_Password_password'

2022-02-25 17:39:35 - [MESSAGE][PASSED] - Text ****** has been set on object 'Object Repository/Login/Page_AdRoot  Login/input_Password_password'

2022-02-25 17:39:35 - [TEST_STEP][PASSED] - click(findTestObject("Object Repository/Login/Page_AdRoot  Login/button_Sign in")): Object: 'Object Repository/Login/Page_AdRoot  Login/button_Sign in' is clicked on

2022-02-25 17:39:36 - [MESSAGE][PASSED] - Object: 'Object Repository/Login/Page_AdRoot  Login/button_Sign in' is clicked on

2022-02-25 17:39:36 - [TEST_STEP][PASSED] - verifyTextPresent("Incorrect e-mail or password.", false): Text 'Incorrect e-mail or password.' is present on page 

2022-02-25 17:39:36 - [MESSAGE][PASSED] - Text 'Incorrect e-mail or password.' is present on page 

2022-02-25 17:39:36 - [TEST_STEP][PASSED] - closeBrowser(): Browser is closed

2022-02-25 17:39:37 - [MESSAGE][PASSED] - Browser is closed]]></system-out>
         <system-err><![CDATA[]]></system-err>
      </testcase>
      <testcase name="Test Cases/Login/Login with wrong password" time="8.175" classname="Test Cases/Login/Login with wrong password" status="PASSED">
         <system-out><![CDATA[2022-02-25 17:39:37 - [TEST_CASE][PASSED] - Test Cases/Login/Login with wrong password: Test Cases/Login/Login with wrong password

2022-02-25 17:39:38 - [TEST_STEP][PASSED] - openBrowser(""): Browser is opened with url: ''

2022-02-25 17:39:38 - [MESSAGE][INFO] - Starting 'Chrome' driver

2022-02-25 17:39:38 - [MESSAGE][INFO] - Action delay is set to 0 milliseconds

2022-02-25 17:39:39 - [MESSAGE][PASSED] - Browser is opened with url: ''

2022-02-25 17:39:39 - [TEST_STEP][PASSED] - setViewPortSize(1200, 1000): Viewport is set to new size with width = 1200 and height = 1000

2022-02-25 17:39:39 - [MESSAGE][PASSED] - Viewport is set to new size with width = 1200 and height = 1000

2022-02-25 17:39:39 - [TEST_STEP][PASSED] - navigateToUrl("https://dev.adroot.io/auth/signin"): Navigate to 'https://dev.adroot.io/auth/signin' successfully

2022-02-25 17:39:42 - [MESSAGE][PASSED] - Navigate to 'https://dev.adroot.io/auth/signin' successfully

2022-02-25 17:39:42 - [TEST_STEP][PASSED] - setText(findTestObject("Object Repository/Login/Page_AdRoot  Login/input_E-mail_email"), "makronmanuel01@gmail.com"): Text 'makronmanuel01@gmail.com' is set on object 'Object Repository/Login/Page_AdRoot  Login/input_E-mail_email'

2022-02-25 17:39:43 - [MESSAGE][PASSED] - Text 'makronmanuel01@gmail.com' is set on object 'Object Repository/Login/Page_AdRoot  Login/input_E-mail_email'

2022-02-25 17:39:43 - [TEST_STEP][PASSED] - setEncryptedText(findTestObject("Object Repository/Login/Page_AdRoot  Login/input_Password_password"), "p6SfaQ7mi9I0hsJfWzeJOA=="): Text ****** has been set on object 'Object Repository/Login/Page_AdRoot  Login/input_Password_password'

2022-02-25 17:39:43 - [MESSAGE][PASSED] - Text ****** has been set on object 'Object Repository/Login/Page_AdRoot  Login/input_Password_password'

2022-02-25 17:39:43 - [TEST_STEP][PASSED] - click(findTestObject("Object Repository/Login/Page_AdRoot  Login/button_Sign in")): Object: 'Object Repository/Login/Page_AdRoot  Login/button_Sign in' is clicked on

2022-02-25 17:39:44 - [MESSAGE][PASSED] - Object: 'Object Repository/Login/Page_AdRoot  Login/button_Sign in' is clicked on

2022-02-25 17:39:44 - [TEST_STEP][PASSED] - verifyTextPresent("Incorrect e-mail or password.", false): Text 'Incorrect e-mail or password.' is present on page 

2022-02-25 17:39:45 - [MESSAGE][PASSED] - Text 'Incorrect e-mail or password.' is present on page 

2022-02-25 17:39:45 - [TEST_STEP][PASSED] - closeBrowser(): Browser is closed

2022-02-25 17:39:45 - [MESSAGE][PASSED] - Browser is closed]]></system-out>
         <system-err><![CDATA[]]></system-err>
      </testcase>
      <system-out><![CDATA[2022-02-25 17:38:12 - [TEST_SUITE][PASSED] - Login: Test Cases/Login/Login with wrong password]]></system-out>
      <system-err><![CDATA[]]></system-err>
   </testsuite>
</testsuites>
