<?xml version="1.0" encoding="UTF-8"?>
<testsuites name="Login" time="120.91" tests="7" failures="0" errors="0">
   <testsuite name="Login" tests="7" failures="0" errors="0" time="120.91" skipped="0" timestamp="2022-01-30 01:13:51" hostname="User - 192.168.0.107" id="Test Suites/Login">
      <properties>
         <property name="deviceName" value=""/>
         <property name="devicePlatform" value=""/>
         <property name="logFolder" value="C:\\Users\\User\\git\\KatalonAutomation\\Reports\\20220130_011343\\Login\\20220130_011343"/>
         <property name="logFiles" value="C:\\Users\\User\\git\\KatalonAutomation\\Reports\\20220130_011343\\Login\\20220130_011343\\execution0.log"/>
         <property name="attachments" value=""/>
         <property name="hostName" value="User - 192.168.0.107"/>
         <property name="os" value="Windows 10 64bit"/>
         <property name="katalonVersion" value="8.2.5.208"/>
         <property name="browser" value="Chrome 97.0.4692.99"/>
         <property name="hostAddress" value="192.168.0.107"/>
         <property name="sessionId" value="fb755a57129f93f674d7eb9ede7dfc58"/>
         <property name="seleniumVersion" value="3.141.59"/>
         <property name="proxyInformation" value="ProxyInformation { proxyOption=NO_PROXY, proxyServerType=HTTP, username=, password=********, proxyServerAddress=, proxyServerPort=0, executionList=&quot;&quot;, isApplyToDesiredCapabilities=true }"/>
         <property name="platform" value="Windows 10"/>
      </properties>
      <testcase name="Test Cases/Login/Login with email" time="14.182" classname="Test Cases/Login/Login with email" status="PASSED">
         <system-out><![CDATA[2022-01-30 01:13:51 - [TEST_CASE][PASSED] - Test Cases/Login/Login with email: Test Cases/Login/Login with email

2022-01-30 01:13:52 - [TEST_STEP][PASSED] - openBrowser(""): Browser is opened with url: ''

2022-01-30 01:13:52 - [MESSAGE][INFO] - Starting 'Chrome' driver

2022-01-30 01:13:52 - [MESSAGE][INFO] - Action delay is set to 0 milliseconds

2022-01-30 01:13:56 - [MESSAGE][PASSED] - Browser is opened with url: ''

2022-01-30 01:13:56 - [TEST_STEP][PASSED] - setViewPortSize(1200, 1000): Viewport is set to new size with width = 1200 and height = 1000

2022-01-30 01:13:56 - [MESSAGE][PASSED] - Viewport is set to new size with width = 1200 and height = 1000

2022-01-30 01:13:56 - [TEST_STEP][PASSED] - navigateToUrl("https://dev.adroot.io/auth/signin"): Navigate to 'https://dev.adroot.io/auth/signin' successfully

2022-01-30 01:13:59 - [MESSAGE][PASSED] - Navigate to 'https://dev.adroot.io/auth/signin' successfully

2022-01-30 01:13:59 - [TEST_STEP][PASSED] - setText(findTestObject("Object Repository/Login/Page_AdRoot  Login/input_E-mail_email"), "makronmanuel01@gmail.com"): Text 'makronmanuel01@gmail.com' is set on object 'Object Repository/Login/Page_AdRoot  Login/input_E-mail_email'

2022-01-30 01:14:01 - [MESSAGE][PASSED] - Text 'makronmanuel01@gmail.com' is set on object 'Object Repository/Login/Page_AdRoot  Login/input_E-mail_email'

2022-01-30 01:14:01 - [TEST_STEP][PASSED] - setEncryptedText(findTestObject("Object Repository/Login/Page_AdRoot  Login/input_Password_password"), "9juLMCYi8sYpY2Mrwe5diw=="): Text ****** has been set on object 'Object Repository/Login/Page_AdRoot  Login/input_Password_password'

2022-01-30 01:14:01 - [MESSAGE][PASSED] - Text ****** has been set on object 'Object Repository/Login/Page_AdRoot  Login/input_Password_password'

2022-01-30 01:14:01 - [TEST_STEP][PASSED] - click(findTestObject("Login/Page_AdRoot  Login/button_Sign in")): Object: 'Object Repository/Login/Page_AdRoot  Login/button_Sign in' is clicked on

2022-01-30 01:14:02 - [MESSAGE][PASSED] - Object: 'Object Repository/Login/Page_AdRoot  Login/button_Sign in' is clicked on

2022-01-30 01:14:02 - [TEST_STEP][PASSED] - click(findTestObject("Login/Page_AdRoot  Dashboard/a_Campaigns")): Object: 'Object Repository/Login/Page_AdRoot  Dashboard/a_Campaigns' is clicked on

2022-01-30 01:14:05 - [MESSAGE][PASSED] - Object: 'Object Repository/Login/Page_AdRoot  Dashboard/a_Campaigns' is clicked on

2022-01-30 01:14:05 - [TEST_STEP][PASSED] - closeBrowser(): Browser is closed

2022-01-30 01:14:06 - [MESSAGE][PASSED] - Browser is closed]]></system-out>
         <system-err><![CDATA[]]></system-err>
      </testcase>
      <testcase name="Test Cases/Login/Login with Facebook and close" time="11.142" classname="Test Cases/Login/Login with Facebook and close" status="PASSED">
         <system-out><![CDATA[2022-01-30 01:14:06 - [TEST_CASE][PASSED] - Test Cases/Login/Login with Facebook and close: Test Cases/Login/Login with Facebook and close

2022-01-30 01:14:06 - [TEST_STEP][PASSED] - openBrowser(""): Browser is opened with url: ''

2022-01-30 01:14:06 - [MESSAGE][INFO] - Starting 'Chrome' driver

2022-01-30 01:14:06 - [MESSAGE][INFO] - Action delay is set to 0 milliseconds

2022-01-30 01:14:07 - [MESSAGE][PASSED] - Browser is opened with url: ''

2022-01-30 01:14:07 - [TEST_STEP][PASSED] - setViewPortSize(1200, 1000): Viewport is set to new size with width = 1200 and height = 1000

2022-01-30 01:14:07 - [MESSAGE][PASSED] - Viewport is set to new size with width = 1200 and height = 1000

2022-01-30 01:14:07 - [TEST_STEP][PASSED] - navigateToUrl("https://dev.adroot.io/auth/signin"): Navigate to 'https://dev.adroot.io/auth/signin' successfully

2022-01-30 01:14:11 - [MESSAGE][PASSED] - Navigate to 'https://dev.adroot.io/auth/signin' successfully

2022-01-30 01:14:11 - [TEST_STEP][PASSED] - click(findTestObject("Object Repository/Login/Page_AdRoot  Login/div_Sign In_login-icon")): Object: 'Object Repository/Login/Page_AdRoot  Login/div_Sign In_login-icon' is clicked on

2022-01-30 01:14:12 - [MESSAGE][PASSED] - Object: 'Object Repository/Login/Page_AdRoot  Login/div_Sign In_login-icon' is clicked on

2022-01-30 01:14:12 - [TEST_STEP][PASSED] - switchToWindowTitle("Facebook"): Switched to window with title: 'Facebook'

2022-01-30 01:14:14 - [MESSAGE][PASSED] - Switched to window with title: 'Facebook'

2022-01-30 01:14:14 - [TEST_STEP][PASSED] - setText(findTestObject("Object Repository/Login/Page_Facebook/input_Email or phone_email"), "makronmanuel01@gmail.com"): Text 'makronmanuel01@gmail.com' is set on object 'Object Repository/Login/Page_Facebook/input_Email or phone_email'

2022-01-30 01:14:15 - [MESSAGE][PASSED] - Text 'makronmanuel01@gmail.com' is set on object 'Object Repository/Login/Page_Facebook/input_Email or phone_email'

2022-01-30 01:14:15 - [TEST_STEP][PASSED] - setEncryptedText(findTestObject("Object Repository/Login/Page_Facebook/input_Password_pass"), "/cmVevPZqxso+uthIH5BoA=="): Text ****** has been set on object 'Object Repository/Login/Page_Facebook/input_Password_pass'

2022-01-30 01:14:16 - [MESSAGE][PASSED] - Text ****** has been set on object 'Object Repository/Login/Page_Facebook/input_Password_pass'

2022-01-30 01:14:16 - [TEST_STEP][PASSED] - switchToWindowTitle("AdRoot ‒ Login"): Switched to window with title: 'AdRoot ‒ Login'

2022-01-30 01:14:16 - [MESSAGE][PASSED] - Switched to window with title: 'AdRoot ‒ Login'

2022-01-30 01:14:16 - [TEST_STEP][PASSED] - verifyTextPresent("Login into your account", false): Text 'Login into your account' is present on page 

2022-01-30 01:14:16 - [MESSAGE][PASSED] - Text 'Login into your account' is present on page 

2022-01-30 01:14:16 - [TEST_STEP][PASSED] - closeBrowser(): Browser is closed

2022-01-30 01:14:17 - [MESSAGE][PASSED] - Browser is closed]]></system-out>
         <system-err><![CDATA[]]></system-err>
      </testcase>
      <testcase name="Test Cases/Login/Login with Facebook" time="20.615" classname="Test Cases/Login/Login with Facebook" status="PASSED">
         <system-out><![CDATA[2022-01-30 01:14:17 - [TEST_CASE][PASSED] - Test Cases/Login/Login with Facebook: Test Cases/Login/Login with Facebook

2022-01-30 01:14:17 - [TEST_STEP][PASSED] - openBrowser(""): Browser is opened with url: ''

2022-01-30 01:14:17 - [MESSAGE][INFO] - Starting 'Chrome' driver

2022-01-30 01:14:17 - [MESSAGE][INFO] - Action delay is set to 0 milliseconds

2022-01-30 01:14:19 - [MESSAGE][PASSED] - Browser is opened with url: ''

2022-01-30 01:14:19 - [TEST_STEP][PASSED] - setViewPortSize(1200, 1000): Viewport is set to new size with width = 1200 and height = 1000

2022-01-30 01:14:19 - [MESSAGE][PASSED] - Viewport is set to new size with width = 1200 and height = 1000

2022-01-30 01:14:19 - [TEST_STEP][PASSED] - navigateToUrl("https://dev.adroot.io/auth/signin"): Navigate to 'https://dev.adroot.io/auth/signin' successfully

2022-01-30 01:14:23 - [MESSAGE][PASSED] - Navigate to 'https://dev.adroot.io/auth/signin' successfully

2022-01-30 01:14:23 - [TEST_STEP][PASSED] - click(findTestObject("Login wtih Facebook/Page_AdRoot  Login/div_Sign In_login-icon")): Object: 'Object Repository/Login wtih Facebook/Page_AdRoot  Login/div_Sign In_login-icon' is clicked on

2022-01-30 01:14:24 - [MESSAGE][PASSED] - Object: 'Object Repository/Login wtih Facebook/Page_AdRoot  Login/div_Sign In_login-icon' is clicked on

2022-01-30 01:14:24 - [TEST_STEP][PASSED] - switchToWindowTitle("Facebook"): Switched to window with title: 'Facebook'

2022-01-30 01:14:26 - [MESSAGE][PASSED] - Switched to window with title: 'Facebook'

2022-01-30 01:14:26 - [TEST_STEP][PASSED] - setText(findTestObject("Object Repository/Login/Page_Facebook/input_Email or phone_email"), "makronmanuel01@gmail.com"): Text 'makronmanuel01@gmail.com' is set on object 'Object Repository/Login/Page_Facebook/input_Email or phone_email'

2022-01-30 01:14:27 - [MESSAGE][PASSED] - Text 'makronmanuel01@gmail.com' is set on object 'Object Repository/Login/Page_Facebook/input_Email or phone_email'

2022-01-30 01:14:27 - [TEST_STEP][PASSED] - setEncryptedText(findTestObject("Object Repository/Login/Page_Facebook/input_Password_pass"), "/cmVevPZqxso+uthIH5BoA=="): Text ****** has been set on object 'Object Repository/Login/Page_Facebook/input_Password_pass'

2022-01-30 01:14:27 - [MESSAGE][PASSED] - Text ****** has been set on object 'Object Repository/Login/Page_Facebook/input_Password_pass'

2022-01-30 01:14:27 - [TEST_STEP][PASSED] - sendKeys(findTestObject("Object Repository/Login wtih Facebook/Page_Facebook/input_Password_pass"), Keys.chord(ENTER)): Keys 'ENTER + ' sent to object: 'Object Repository/Login wtih Facebook/Page_Facebook/input_Password_pass'

2022-01-30 01:14:27 - [MESSAGE][PASSED] - Keys 'ENTER + ' sent to object: 'Object Repository/Login wtih Facebook/Page_Facebook/input_Password_pass'

2022-01-30 01:14:27 - [TEST_STEP][PASSED] - switchToWindowTitle("AdRoot ‒ Dashboard"): Switched to window with title: 'AdRoot ‒ Dashboard'

2022-01-30 01:14:34 - [MESSAGE][PASSED] - Switched to window with title: 'AdRoot ‒ Dashboard'

2022-01-30 01:14:34 - [TEST_STEP][PASSED] - click(findTestObject("Object Repository/Login/Page_AdRoot  Dashboard/a_Campaigns")): Object: 'Object Repository/Login/Page_AdRoot  Dashboard/a_Campaigns' is clicked on

2022-01-30 01:14:37 - [MESSAGE][PASSED] - Object: 'Object Repository/Login/Page_AdRoot  Dashboard/a_Campaigns' is clicked on

2022-01-30 01:14:37 - [TEST_STEP][PASSED] - closeBrowser(): Browser is closed

2022-01-30 01:14:37 - [MESSAGE][PASSED] - Browser is closed]]></system-out>
         <system-err><![CDATA[]]></system-err>
      </testcase>
      <testcase name="Test Cases/Login/Login with Google and close" time="11.004" classname="Test Cases/Login/Login with Google and close" status="PASSED">
         <system-out><![CDATA[2022-01-30 01:14:37 - [TEST_CASE][PASSED] - Test Cases/Login/Login with Google and close: Test Cases/Login/Login with Google and close

2022-01-30 01:14:38 - [TEST_STEP][PASSED] - openBrowser(""): Browser is opened with url: ''

2022-01-30 01:14:38 - [MESSAGE][INFO] - Starting 'Chrome' driver

2022-01-30 01:14:38 - [MESSAGE][INFO] - Action delay is set to 0 milliseconds

2022-01-30 01:14:39 - [MESSAGE][PASSED] - Browser is opened with url: ''

2022-01-30 01:14:39 - [TEST_STEP][PASSED] - setViewPortSize(1200, 1000): Viewport is set to new size with width = 1200 and height = 1000

2022-01-30 01:14:39 - [MESSAGE][PASSED] - Viewport is set to new size with width = 1200 and height = 1000

2022-01-30 01:14:39 - [TEST_STEP][PASSED] - navigateToUrl("https://dev.adroot.io/auth/signin"): Navigate to 'https://dev.adroot.io/auth/signin' successfully

2022-01-30 01:14:41 - [MESSAGE][PASSED] - Navigate to 'https://dev.adroot.io/auth/signin' successfully

2022-01-30 01:14:41 - [TEST_STEP][PASSED] - click(findTestObject("Object Repository/Login/Page_AdRoot  Login/span_Sign In")): Object: 'Object Repository/Login/Page_AdRoot  Login/span_Sign In' is clicked on

2022-01-30 01:14:42 - [MESSAGE][PASSED] - Object: 'Object Repository/Login/Page_AdRoot  Login/span_Sign In' is clicked on

2022-01-30 01:14:42 - [TEST_STEP][PASSED] - switchToWindowTitle("Մտնել Google հաշիվներ"): Switched to window with title: 'Մտնել Google հաշիվներ'

2022-01-30 01:14:44 - [MESSAGE][PASSED] - Switched to window with title: 'Մտնել Google հաշիվներ'

2022-01-30 01:14:44 - [TEST_STEP][PASSED] - setText(findTestObject("Object Repository/Login/Page_Google/input_adroot.io_identifier"), "ruzan.a@adroot.io"): Text 'ruzan.a@adroot.io' is set on object 'Object Repository/Login/Page_Google/input_adroot.io_identifier'

2022-01-30 01:14:45 - [MESSAGE][PASSED] - Text 'ruzan.a@adroot.io' is set on object 'Object Repository/Login/Page_Google/input_adroot.io_identifier'

2022-01-30 01:14:45 - [TEST_STEP][PASSED] - sendKeys(findTestObject("Object Repository/Login/Page_Google/input_adroot.io_identifier"), Keys.chord(ENTER)): Keys 'ENTER + ' sent to object: 'Object Repository/Login/Page_Google/input_adroot.io_identifier'

2022-01-30 01:14:45 - [MESSAGE][PASSED] - Keys 'ENTER + ' sent to object: 'Object Repository/Login/Page_Google/input_adroot.io_identifier'

2022-01-30 01:14:45 - [TEST_STEP][PASSED] - setEncryptedText(findTestObject("Object Repository/Login/Page_Google/input__password"), "/cmVevPZqxso+uthIH5BoA=="): Text ****** has been set on object 'Object Repository/Login/Page_Google/input__password'

2022-01-30 01:14:47 - [MESSAGE][PASSED] - Text ****** has been set on object 'Object Repository/Login/Page_Google/input__password'

2022-01-30 01:14:47 - [TEST_STEP][PASSED] - switchToWindowTitle("AdRoot ‒ Login"): Switched to window with title: 'AdRoot ‒ Login'

2022-01-30 01:14:47 - [MESSAGE][PASSED] - Switched to window with title: 'AdRoot ‒ Login'

2022-01-30 01:14:47 - [TEST_STEP][PASSED] - verifyTextPresent("Login into your account", false): Text 'Login into your account' is present on page 

2022-01-30 01:14:48 - [MESSAGE][PASSED] - Text 'Login into your account' is present on page 

2022-01-30 01:14:48 - [TEST_STEP][PASSED] - closeBrowser(): Browser is closed

2022-01-30 01:14:48 - [MESSAGE][PASSED] - Browser is closed]]></system-out>
         <system-err><![CDATA[]]></system-err>
      </testcase>
      <testcase name="Test Cases/Login/Login with google" time="46.636" classname="Test Cases/Login/Login with google" status="PASSED">
         <system-out><![CDATA[2022-01-30 01:14:48 - [TEST_CASE][PASSED] - Test Cases/Login/Login with google: Test Cases/Login/Login with google

2022-01-30 01:14:49 - [TEST_STEP][PASSED] - openBrowser(""): Browser is opened with url: ''

2022-01-30 01:14:49 - [MESSAGE][INFO] - Starting 'Chrome' driver

2022-01-30 01:14:49 - [MESSAGE][INFO] - Action delay is set to 0 milliseconds

2022-01-30 01:14:50 - [MESSAGE][PASSED] - Browser is opened with url: ''

2022-01-30 01:14:50 - [TEST_STEP][PASSED] - setViewPortSize(1200, 1000): Viewport is set to new size with width = 1200 and height = 1000

2022-01-30 01:14:50 - [MESSAGE][PASSED] - Viewport is set to new size with width = 1200 and height = 1000

2022-01-30 01:14:50 - [TEST_STEP][PASSED] - navigateToUrl("https://dev.adroot.io/auth/signin"): Navigate to 'https://dev.adroot.io/auth/signin' successfully

2022-01-30 01:14:54 - [MESSAGE][PASSED] - Navigate to 'https://dev.adroot.io/auth/signin' successfully

2022-01-30 01:14:54 - [TEST_STEP][PASSED] - click(findTestObject("Object Repository/Login/Page_AdRoot  Login/span_Sign In")): Object: 'Object Repository/Login/Page_AdRoot  Login/span_Sign In' is clicked on

2022-01-30 01:14:54 - [MESSAGE][PASSED] - Object: 'Object Repository/Login/Page_AdRoot  Login/span_Sign In' is clicked on

2022-01-30 01:14:54 - [TEST_STEP][PASSED] - switchToWindowTitle("Մտնել Google հաշիվներ"): Switched to window with title: 'Մտնել Google հաշիվներ'

2022-01-30 01:14:56 - [MESSAGE][PASSED] - Switched to window with title: 'Մտնել Google հաշիվներ'

2022-01-30 01:14:56 - [TEST_STEP][PASSED] - setText(findTestObject("Object Repository/Login/Page_Google/input_adroot.io_identifier"), "ruzan.a@adroot.io"): Text 'ruzan.a@adroot.io' is set on object 'Object Repository/Login/Page_Google/input_adroot.io_identifier'

2022-01-30 01:14:57 - [MESSAGE][PASSED] - Text 'ruzan.a@adroot.io' is set on object 'Object Repository/Login/Page_Google/input_adroot.io_identifier'

2022-01-30 01:14:57 - [TEST_STEP][PASSED] - sendKeys(findTestObject("Object Repository/Login/Page_Google/input_adroot.io_identifier"), Keys.chord(ENTER)): Keys 'ENTER + ' sent to object: 'Object Repository/Login/Page_Google/input_adroot.io_identifier'

2022-01-30 01:14:57 - [MESSAGE][PASSED] - Keys 'ENTER + ' sent to object: 'Object Repository/Login/Page_Google/input_adroot.io_identifier'

2022-01-30 01:14:57 - [TEST_STEP][PASSED] - setEncryptedText(findTestObject("Object Repository/Login/Page_Google/input__password"), "/cmVevPZqxso+uthIH5BoA=="): Text ****** has been set on object 'Object Repository/Login/Page_Google/input__password'

2022-01-30 01:14:59 - [MESSAGE][PASSED] - Text ****** has been set on object 'Object Repository/Login/Page_Google/input__password'

2022-01-30 01:14:59 - [TEST_STEP][PASSED] - sendKeys(findTestObject("Object Repository/Login/Page_Google/input__password"), Keys.chord(ENTER)): Keys 'ENTER + ' sent to object: 'Object Repository/Login/Page_Google/input__password'

2022-01-30 01:14:59 - [MESSAGE][PASSED] - Keys 'ENTER + ' sent to object: 'Object Repository/Login/Page_Google/input__password'

2022-01-30 01:14:59 - [TEST_STEP][PASSED] - switchToWindowTitle("AdRoot ‒ Dashboard"): Switched to window with title: 'AdRoot ‒ Dashboard'

2022-01-30 01:15:32 - [MESSAGE][PASSED] - Switched to window with title: 'AdRoot ‒ Dashboard'

2022-01-30 01:15:32 - [TEST_STEP][PASSED] - click(findTestObject("Object Repository/Login/Page_AdRoot  Dashboard/a_Campaigns")): Object: 'Object Repository/Login/Page_AdRoot  Dashboard/a_Campaigns' is clicked on

2022-01-30 01:15:34 - [MESSAGE][PASSED] - Object: 'Object Repository/Login/Page_AdRoot  Dashboard/a_Campaigns' is clicked on

2022-01-30 01:15:34 - [TEST_STEP][PASSED] - closeBrowser(): Browser is closed

2022-01-30 01:15:35 - [MESSAGE][PASSED] - Browser is closed]]></system-out>
         <system-err><![CDATA[]]></system-err>
      </testcase>
      <testcase name="Test Cases/Login/Login with invalid email" time="8.049" classname="Test Cases/Login/Login with invalid email" status="PASSED">
         <system-out><![CDATA[2022-01-30 01:15:35 - [TEST_CASE][PASSED] - Test Cases/Login/Login with invalid email: Test Cases/Login/Login with invalid email

2022-01-30 01:15:35 - [TEST_STEP][PASSED] - openBrowser(""): Browser is opened with url: ''

2022-01-30 01:15:35 - [MESSAGE][INFO] - Starting 'Chrome' driver

2022-01-30 01:15:35 - [MESSAGE][INFO] - Action delay is set to 0 milliseconds

2022-01-30 01:15:37 - [MESSAGE][PASSED] - Browser is opened with url: ''

2022-01-30 01:15:37 - [TEST_STEP][PASSED] - setViewPortSize(1200, 1000): Viewport is set to new size with width = 1200 and height = 1000

2022-01-30 01:15:37 - [MESSAGE][PASSED] - Viewport is set to new size with width = 1200 and height = 1000

2022-01-30 01:15:37 - [TEST_STEP][PASSED] - navigateToUrl("https://dev.adroot.io/auth/signin"): Navigate to 'https://dev.adroot.io/auth/signin' successfully

2022-01-30 01:15:40 - [MESSAGE][PASSED] - Navigate to 'https://dev.adroot.io/auth/signin' successfully

2022-01-30 01:15:40 - [TEST_STEP][PASSED] - setText(findTestObject("Object Repository/Login/Page_AdRoot  Login/input_E-mail_email"), "makronmanuel@gmail.com"): Text 'makronmanuel@gmail.com' is set on object 'Object Repository/Login/Page_AdRoot  Login/input_E-mail_email'

2022-01-30 01:15:41 - [MESSAGE][PASSED] - Text 'makronmanuel@gmail.com' is set on object 'Object Repository/Login/Page_AdRoot  Login/input_E-mail_email'

2022-01-30 01:15:41 - [TEST_STEP][PASSED] - setEncryptedText(findTestObject("Object Repository/Login/Page_AdRoot  Login/input_Password_password"), "p6SfaQ7mi9I0hsJfWzeJOA=="): Text ****** has been set on object 'Object Repository/Login/Page_AdRoot  Login/input_Password_password'

2022-01-30 01:15:41 - [MESSAGE][PASSED] - Text ****** has been set on object 'Object Repository/Login/Page_AdRoot  Login/input_Password_password'

2022-01-30 01:15:41 - [TEST_STEP][PASSED] - click(findTestObject("Object Repository/Login/Page_AdRoot  Login/button_Sign in")): Object: 'Object Repository/Login/Page_AdRoot  Login/button_Sign in' is clicked on

2022-01-30 01:15:42 - [MESSAGE][PASSED] - Object: 'Object Repository/Login/Page_AdRoot  Login/button_Sign in' is clicked on

2022-01-30 01:15:42 - [TEST_STEP][PASSED] - verifyTextPresent("Incorrect e-mail or password.", false): Text 'Incorrect e-mail or password.' is present on page 

2022-01-30 01:15:42 - [MESSAGE][PASSED] - Text 'Incorrect e-mail or password.' is present on page 

2022-01-30 01:15:42 - [TEST_STEP][PASSED] - closeBrowser(): Browser is closed

2022-01-30 01:15:43 - [MESSAGE][PASSED] - Browser is closed]]></system-out>
         <system-err><![CDATA[]]></system-err>
      </testcase>
      <testcase name="Test Cases/Login/Login with wrong password" time="8.781" classname="Test Cases/Login/Login with wrong password" status="PASSED">
         <system-out><![CDATA[2022-01-30 01:15:43 - [TEST_CASE][PASSED] - Test Cases/Login/Login with wrong password: Test Cases/Login/Login with wrong password

2022-01-30 01:15:44 - [TEST_STEP][PASSED] - openBrowser(""): Browser is opened with url: ''

2022-01-30 01:15:44 - [MESSAGE][INFO] - Starting 'Chrome' driver

2022-01-30 01:15:44 - [MESSAGE][INFO] - Action delay is set to 0 milliseconds

2022-01-30 01:15:45 - [MESSAGE][PASSED] - Browser is opened with url: ''

2022-01-30 01:15:45 - [TEST_STEP][PASSED] - setViewPortSize(1200, 1000): Viewport is set to new size with width = 1200 and height = 1000

2022-01-30 01:15:45 - [MESSAGE][PASSED] - Viewport is set to new size with width = 1200 and height = 1000

2022-01-30 01:15:45 - [TEST_STEP][PASSED] - navigateToUrl("https://dev.adroot.io/auth/signin"): Navigate to 'https://dev.adroot.io/auth/signin' successfully

2022-01-30 01:15:48 - [MESSAGE][PASSED] - Navigate to 'https://dev.adroot.io/auth/signin' successfully

2022-01-30 01:15:48 - [TEST_STEP][PASSED] - setText(findTestObject("Object Repository/Login/Page_AdRoot  Login/input_E-mail_email"), "makronmanuel01@gmail.com"): Text 'makronmanuel01@gmail.com' is set on object 'Object Repository/Login/Page_AdRoot  Login/input_E-mail_email'

2022-01-30 01:15:49 - [MESSAGE][PASSED] - Text 'makronmanuel01@gmail.com' is set on object 'Object Repository/Login/Page_AdRoot  Login/input_E-mail_email'

2022-01-30 01:15:49 - [TEST_STEP][PASSED] - setEncryptedText(findTestObject("Object Repository/Login/Page_AdRoot  Login/input_Password_password"), "p6SfaQ7mi9I0hsJfWzeJOA=="): Text ****** has been set on object 'Object Repository/Login/Page_AdRoot  Login/input_Password_password'

2022-01-30 01:15:50 - [MESSAGE][PASSED] - Text ****** has been set on object 'Object Repository/Login/Page_AdRoot  Login/input_Password_password'

2022-01-30 01:15:50 - [TEST_STEP][PASSED] - click(findTestObject("Object Repository/Login/Page_AdRoot  Login/button_Sign in")): Object: 'Object Repository/Login/Page_AdRoot  Login/button_Sign in' is clicked on

2022-01-30 01:15:50 - [MESSAGE][PASSED] - Object: 'Object Repository/Login/Page_AdRoot  Login/button_Sign in' is clicked on

2022-01-30 01:15:50 - [TEST_STEP][PASSED] - verifyTextPresent("Incorrect e-mail or password.", false): Text 'Incorrect e-mail or password.' is present on page 

2022-01-30 01:15:51 - [MESSAGE][PASSED] - Text 'Incorrect e-mail or password.' is present on page 

2022-01-30 01:15:51 - [TEST_STEP][PASSED] - closeBrowser(): Browser is closed

2022-01-30 01:15:52 - [MESSAGE][PASSED] - Browser is closed]]></system-out>
         <system-err><![CDATA[]]></system-err>
      </testcase>
      <system-out><![CDATA[2022-01-30 01:13:51 - [TEST_SUITE][PASSED] - Login: Test Cases/Login/Login with wrong password]]></system-out>
      <system-err><![CDATA[]]></system-err>
   </testsuite>
</testsuites>
