<?xml version="1.0" encoding="UTF-8"?>
<testsuites name="dev-create campaign suite" time="53.926" tests="1" failures="0" errors="0">
   <testsuite name="dev-create campaign suite" tests="1" failures="0" errors="0" time="53.926" skipped="0" timestamp="2022-03-24 10:44:32" hostname="AdRoot_PC2 - GorsPC" id="Test Suites/Suits/dev-create campaign suite">
      <properties>
         <property name="deviceName" value=""/>
         <property name="devicePlatform" value=""/>
         <property name="logFolder" value="C:\\Users\\AdRoot_PC2\\git\\KatalonAutomation\\Reports\\20220324_103514\\Suits\\dev-create campaign suite\\20220324_104425"/>
         <property name="logFiles" value="C:\\Users\\AdRoot_PC2\\git\\KatalonAutomation\\Reports\\20220324_103514\\Suits\\dev-create campaign suite\\20220324_104425\\execution0.log"/>
         <property name="attachments" value=""/>
         <property name="hostName" value="AdRoot_PC2 - GorsPC"/>
         <property name="os" value="Windows 10 64bit"/>
         <property name="katalonVersion" value="8.2.5.208"/>
         <property name="browser" value="Chrome 99.0.4844.82"/>
         <property name="hostAddress" value="192.168.0.106"/>
         <property name="sessionId" value="39d06fb82d6dfe6227c75336d5f7f5fa"/>
         <property name="seleniumVersion" value="3.141.59"/>
         <property name="proxyInformation" value="ProxyInformation { proxyOption=NO_PROXY, proxyServerType=HTTP, username=, password=********, proxyServerAddress=, proxyServerPort=0, executionList=&quot;&quot;, isApplyToDesiredCapabilities=true }"/>
         <property name="platform" value="Windows 10"/>
      </properties>
      <testcase name="Test Cases/Campaign/Create campaign/dev-Create campaign/Dev-Brand campaign - with targeting" time="53.642" classname="Test Cases/Campaign/Create campaign/dev-Create campaign/Dev-Brand campaign - with targeting" status="PASSED">
         <system-out><![CDATA[2022-03-24 10:44:32 - [TEST_CASE][PASSED] - Test Cases/Campaign/Create campaign/dev-Create campaign/Dev-Brand campaign - with targeting: Test Cases/Campaign/Create campaign/dev-Create campaign/Dev-Brand campaign - with targeting

2022-03-24 10:44:32 - [TEST_STEP][PASSED] - openBrowser(""): Browser is opened with url: ''

2022-03-24 10:44:32 - [MESSAGE][INFO] - Starting 'Chrome' driver

2022-03-24 10:44:33 - [MESSAGE][INFO] - Action delay is set to 0 milliseconds

2022-03-24 10:44:34 - [MESSAGE][PASSED] - Browser is opened with url: ''

2022-03-24 10:44:34 - [TEST_STEP][PASSED] - setViewPortSize(1550, 900): Viewport is set to new size with width = 1550 and height = 900

2022-03-24 10:44:35 - [MESSAGE][PASSED] - Viewport is set to new size with width = 1550 and height = 900

2022-03-24 10:44:35 - [TEST_STEP][PASSED] - navigateToUrl("https://dev.adroot.io/auth/signin"): Navigate to 'https://dev.adroot.io/auth/signin' successfully

2022-03-24 10:44:37 - [MESSAGE][PASSED] - Navigate to 'https://dev.adroot.io/auth/signin' successfully

2022-03-24 10:44:37 - [TEST_STEP][PASSED] - setText(findTestObject("Object Repository/Regular Create campaign/Page_AdRoot  Login/input_E-mail_email"), "makronmanuel01@gmail.com"): Text 'makronmanuel01@gmail.com' is set on object 'Object Repository/Regular Create campaign/Page_AdRoot  Login/input_E-mail_email'

2022-03-24 10:44:38 - [MESSAGE][PASSED] - Text 'makronmanuel01@gmail.com' is set on object 'Object Repository/Regular Create campaign/Page_AdRoot  Login/input_E-mail_email'

2022-03-24 10:44:38 - [TEST_STEP][PASSED] - setEncryptedText(findTestObject("Object Repository/Regular Create campaign/Page_AdRoot  Login/input_Password_password"), "9juLMCYi8sYpY2Mrwe5diw=="): Text ****** has been set on object 'Object Repository/Regular Create campaign/Page_AdRoot  Login/input_Password_password'

2022-03-24 10:44:39 - [MESSAGE][PASSED] - Text ****** has been set on object 'Object Repository/Regular Create campaign/Page_AdRoot  Login/input_Password_password'

2022-03-24 10:44:39 - [TEST_STEP][PASSED] - click(findTestObject("Object Repository/Regular Create campaign/Page_AdRoot  Login/button_Sign in")): Object: 'Object Repository/Regular Create campaign/Page_AdRoot  Login/button_Sign in' is clicked on

2022-03-24 10:44:39 - [MESSAGE][PASSED] - Object: 'Object Repository/Regular Create campaign/Page_AdRoot  Login/button_Sign in' is clicked on

2022-03-24 10:44:39 - [TEST_STEP][PASSED] - click(findTestObject("Page_AdRoot  Campaigns/img")): Object: 'Object Repository/Page_AdRoot  Campaigns/img' is clicked on

2022-03-24 10:44:41 - [MESSAGE][PASSED] - Object: 'Object Repository/Page_AdRoot  Campaigns/img' is clicked on

2022-03-24 10:44:41 - [TEST_STEP][PASSED] - click(findTestObject("Object Repository/Regular Create campaign/Page_AdRoot  Campaigns/div_By Ruzan (dev)")): Object: 'Object Repository/Regular Create campaign/Page_AdRoot  Campaigns/div_By Ruzan (dev)' is clicked on

2022-03-24 10:44:42 - [MESSAGE][PASSED] - Object: 'Object Repository/Regular Create campaign/Page_AdRoot  Campaigns/div_By Ruzan (dev)' is clicked on

2022-03-24 10:44:42 - [TEST_STEP][PASSED] - click(findTestObject("Campaign copy/Page_AdRoot  Dashboard/a_Campaigns")): Object: 'Object Repository/Campaign copy/Page_AdRoot  Dashboard/a_Campaigns' is clicked on

2022-03-24 10:44:44 - [MESSAGE][PASSED] - Object: 'Object Repository/Campaign copy/Page_AdRoot  Dashboard/a_Campaigns' is clicked on

2022-03-24 10:44:44 - [TEST_STEP][PASSED] - click(findTestObject("Regular Create campaign/Page_AdRoot  Campaigns/div_Campaign View")): Object: 'Object Repository/Regular Create campaign/Page_AdRoot  Campaigns/div_Campaign View' is clicked on

2022-03-24 10:44:45 - [MESSAGE][PASSED] - Object: 'Object Repository/Regular Create campaign/Page_AdRoot  Campaigns/div_Campaign View' is clicked on

2022-03-24 10:44:45 - [TEST_STEP][PASSED] - click(findTestObject("Regular Create campaign/Page_AdRoot  Campaigns/div_New Campaign")): Object: 'Object Repository/Regular Create campaign/Page_AdRoot  Campaigns/div_New Campaign' is clicked on

2022-03-24 10:44:46 - [MESSAGE][PASSED] - Object: 'Object Repository/Regular Create campaign/Page_AdRoot  Campaigns/div_New Campaign' is clicked on

2022-03-24 10:44:46 - [TEST_STEP][PASSED] - setText(findTestObject("Page_AdRoot  Create Campaign Steps/input_Campaign name_custom-input"), "devadroot1"): Text 'devadroot1' is set on object 'Object Repository/Page_AdRoot  Create Campaign Steps/input_Campaign name_custom-input'

2022-03-24 10:44:47 - [MESSAGE][PASSED] - Text 'devadroot1' is set on object 'Object Repository/Page_AdRoot  Create Campaign Steps/input_Campaign name_custom-input'

2022-03-24 10:44:47 - [TEST_STEP][PASSED] - click(findTestObject("Regular Create campaign/Page_AdRoot  Campaigns/Page_AdRoot  Create Campaign Steps/span_Name is taken")): Object: 'Object Repository/Regular Create campaign/Page_AdRoot  Campaigns/Page_AdRoot  Create Campaign Steps/span_Name is taken' is clicked on

2022-03-24 10:44:48 - [MESSAGE][PASSED] - Object: 'Object Repository/Regular Create campaign/Page_AdRoot  Campaigns/Page_AdRoot  Create Campaign Steps/span_Name is taken' is clicked on

2022-03-24 10:44:48 - [TEST_STEP][PASSED] - click(findTestObject("Goals/Goals/Page_AdRoot  Create Campaign Steps/div_Brand Awareness")): Object: 'Object Repository/Goals/Goals/Page_AdRoot  Create Campaign Steps/div_Brand Awareness' is clicked on

2022-03-24 10:44:48 - [MESSAGE][PASSED] - Object: 'Object Repository/Goals/Goals/Page_AdRoot  Create Campaign Steps/div_Brand Awareness' is clicked on

2022-03-24 10:44:48 - [TEST_STEP][PASSED] - Ms = verifyTextPresent("Name is taken", false): Text 'Name is taken' is present on page 

2022-03-24 10:44:49 - [MESSAGE][PASSED] - Text 'Name is taken' is present on page 

2022-03-24 10:44:49 - [TEST_STEP][PASSED] - if (Ms.equals("true")): Object: 'Object Repository/Regular Create campaign/Page_AdRoot  Campaigns/Page_AdRoot  Create Campaign Steps/button_Next Step' is clicked on

2022-03-24 10:44:49 - [TEST_STEP][PASSED] - RN = <not implemented yet for class: org.codehaus.groovy.ast.expr.EmptyExpression>: null

2022-03-24 10:44:49 - [TEST_STEP][PASSED] - RN = Math.random() * 5000: null

2022-03-24 10:44:49 - [TEST_STEP][PASSED] - setText(findTestObject("Object Repository/Regular Create campaign/Page_AdRoot  Create Campaign Steps/input_Campaign name_invalid custom-input"), "devadroot" + RN): Text 'devadroot4236' is set on object 'Object Repository/Regular Create campaign/Page_AdRoot  Create Campaign Steps/input_Campaign name_invalid custom-input'

2022-03-24 10:44:50 - [MESSAGE][PASSED] - Text 'devadroot4236' is set on object 'Object Repository/Regular Create campaign/Page_AdRoot  Create Campaign Steps/input_Campaign name_invalid custom-input'

2022-03-24 10:44:50 - [TEST_STEP][PASSED] - click(findTestObject("Object Repository/Regular Create campaign/Page_AdRoot  Campaigns/Page_AdRoot  Create Campaign Steps/button_Next Step")): Object: 'Object Repository/Regular Create campaign/Page_AdRoot  Campaigns/Page_AdRoot  Create Campaign Steps/button_Next Step' is clicked on

2022-03-24 10:44:50 - [MESSAGE][PASSED] - Object: 'Object Repository/Regular Create campaign/Page_AdRoot  Campaigns/Page_AdRoot  Create Campaign Steps/button_Next Step' is clicked on

2022-03-24 10:44:50 - [TEST_STEP][PASSED] - verifyElementPresent(findTestObject("Step2/Page_AdRoot  Create Campaign Steps/div_GS PubSense"), 0): Object 'Object Repository/Step2/Page_AdRoot  Create Campaign Steps/div_GS PubSense' is present

2022-03-24 10:44:50 - [MESSAGE][WARNING] - Timeout '0' is invalid. Using default page load timeout: '30'

2022-03-24 10:44:51 - [MESSAGE][PASSED] - Object 'Object Repository/Step2/Page_AdRoot  Create Campaign Steps/div_GS PubSense' is present

2022-03-24 10:44:51 - [TEST_STEP][PASSED] - verifyElementPresent(findTestObject("Step2/Page_AdRoot  Create Campaign Steps/div_Artashes Mxchyan"), 0): Object 'Object Repository/Step2/Page_AdRoot  Create Campaign Steps/div_Artashes Mxchyan' is present

2022-03-24 10:44:51 - [MESSAGE][WARNING] - Timeout '0' is invalid. Using default page load timeout: '30'

2022-03-24 10:44:51 - [MESSAGE][PASSED] - Object 'Object Repository/Step2/Page_AdRoot  Create Campaign Steps/div_Artashes Mxchyan' is present

2022-03-24 10:44:51 - [TEST_STEP][PASSED] - click(findTestObject("Step2/Page_AdRoot  Create Campaign Steps/button_Next Step")): Object: 'Object Repository/Step2/Page_AdRoot  Create Campaign Steps/button_Next Step' is clicked on

2022-03-24 10:44:52 - [MESSAGE][PASSED] - Object: 'Object Repository/Step2/Page_AdRoot  Create Campaign Steps/button_Next Step' is clicked on

2022-03-24 10:44:52 - [TEST_STEP][PASSED] - click(findTestObject("Object Repository/Step2/Page_AdRoot  Create Campaign Steps/Page_AdRoot  Create Campaign Steps/input_Primary Text_invalid custom-input")): Object: 'Object Repository/Step2/Page_AdRoot  Create Campaign Steps/Page_AdRoot  Create Campaign Steps/input_Primary Text_invalid custom-input' is clicked on

2022-03-24 10:44:53 - [MESSAGE][PASSED] - Object: 'Object Repository/Step2/Page_AdRoot  Create Campaign Steps/Page_AdRoot  Create Campaign Steps/input_Primary Text_invalid custom-input' is clicked on

2022-03-24 10:44:53 - [TEST_STEP][PASSED] - setText(findTestObject("Object Repository/Step2/Page_AdRoot  Create Campaign Steps/Page_AdRoot  Create Campaign Steps/input_Primary Text_invalid custom-input"), "Social media"): Text 'Social media' is set on object 'Object Repository/Step2/Page_AdRoot  Create Campaign Steps/Page_AdRoot  Create Campaign Steps/input_Primary Text_invalid custom-input'

2022-03-24 10:44:54 - [MESSAGE][PASSED] - Text 'Social media' is set on object 'Object Repository/Step2/Page_AdRoot  Create Campaign Steps/Page_AdRoot  Create Campaign Steps/input_Primary Text_invalid custom-input'

2022-03-24 10:44:54 - [TEST_STEP][PASSED] - setText(findTestObject("Step2/Page_AdRoot  Create Campaign Steps/Page_AdRoot  Create Campaign Steps/input_Headline_custom-input"), "Social media ads management "): Text 'Social media ads management ' is set on object 'Object Repository/Step2/Page_AdRoot  Create Campaign Steps/Page_AdRoot  Create Campaign Steps/input_Headline_custom-input'

2022-03-24 10:44:55 - [MESSAGE][PASSED] - Text 'Social media ads management ' is set on object 'Object Repository/Step2/Page_AdRoot  Create Campaign Steps/Page_AdRoot  Create Campaign Steps/input_Headline_custom-input'

2022-03-24 10:44:55 - [TEST_STEP][PASSED] - setText(findTestObject("Step2/Page_AdRoot  Create Campaign Steps/Page_AdRoot  Create Campaign Steps/input_Ad Description_custom-input"), "Our Mission is to create one place for all advertising needs"): Text 'Our Mission is to create one place for all advertising needs' is set on object 'Object Repository/Step2/Page_AdRoot  Create Campaign Steps/Page_AdRoot  Create Campaign Steps/input_Ad Description_custom-input'

2022-03-24 10:44:56 - [MESSAGE][PASSED] - Text 'Our Mission is to create one place for all advertising needs' is set on object 'Object Repository/Step2/Page_AdRoot  Create Campaign Steps/Page_AdRoot  Create Campaign Steps/input_Ad Description_custom-input'

2022-03-24 10:44:56 - [TEST_STEP][PASSED] - setText(findTestObject("Step2/Page_AdRoot  Create Campaign Steps/input_Website URL_custom-input"), "gsmediagroup.net"): Text 'gsmediagroup.net' is set on object 'Object Repository/Step2/Page_AdRoot  Create Campaign Steps/input_Website URL_custom-input'

2022-03-24 10:44:57 - [MESSAGE][PASSED] - Text 'gsmediagroup.net' is set on object 'Object Repository/Step2/Page_AdRoot  Create Campaign Steps/input_Website URL_custom-input'

2022-03-24 10:44:57 - [TEST_STEP][PASSED] - click(findTestObject("Step2/Page_AdRoot  Create Campaign Steps/div_Choose AD")): Object: 'Object Repository/Step2/Page_AdRoot  Create Campaign Steps/div_Choose AD' is clicked on

2022-03-24 10:44:58 - [MESSAGE][PASSED] - Object: 'Object Repository/Step2/Page_AdRoot  Create Campaign Steps/div_Choose AD' is clicked on

2022-03-24 10:44:58 - [TEST_STEP][PASSED] - click(findTestObject("Step2/Page_AdRoot  Create Campaign Steps/div_cropped-512adroot.jpg_image-cont image")): Object: 'Object Repository/Step2/Page_AdRoot  Create Campaign Steps/div_cropped-512adroot.jpg_image-cont image' is clicked on

2022-03-24 10:44:59 - [MESSAGE][PASSED] - Object: 'Object Repository/Step2/Page_AdRoot  Create Campaign Steps/div_cropped-512adroot.jpg_image-cont image' is clicked on

2022-03-24 10:44:59 - [TEST_STEP][PASSED] - click(findTestObject("Step3/Page_AdRoot  Create Campaign Steps/button_Select")): Object: 'Object Repository/Step3/Page_AdRoot  Create Campaign Steps/button_Select' is clicked on

2022-03-24 10:44:59 - [MESSAGE][PASSED] - Object: 'Object Repository/Step3/Page_AdRoot  Create Campaign Steps/button_Select' is clicked on

2022-03-24 10:44:59 - [TEST_STEP][PASSED] - mouseOver(findTestObject("Google display/Page_AdRoot  Create Campaign Steps/div_1052Business nameHeadlineChoose ADHeadlineAd DescriptionOpen"), STOP_ON_FAILURE): Object: 'Object Repository/Google display/Page_AdRoot  Create Campaign Steps/div_1052Business nameHeadlineChoose ADHeadlineAd DescriptionOpen' is hovered

2022-03-24 10:45:00 - [MESSAGE][PASSED] - Object: 'Object Repository/Google display/Page_AdRoot  Create Campaign Steps/div_1052Business nameHeadlineChoose ADHeadlineAd DescriptionOpen' is hovered

2022-03-24 10:45:00 - [TEST_STEP][PASSED] - click(findTestObject("Step3/Page_AdRoot  Create Campaign Steps/Page_AdRoot  Create Campaign Steps/div_Open_actions-mode")): Object: 'Object Repository/Step3/Page_AdRoot  Create Campaign Steps/Page_AdRoot  Create Campaign Steps/div_Open_actions-mode' is clicked on

2022-03-24 10:45:00 - [MESSAGE][PASSED] - Object: 'Object Repository/Step3/Page_AdRoot  Create Campaign Steps/Page_AdRoot  Create Campaign Steps/div_Open_actions-mode' is clicked on

2022-03-24 10:45:00 - [TEST_STEP][PASSED] - click(findTestObject("Step3/Page_AdRoot  Create Campaign Steps/div_Open_edit")): Object: 'Object Repository/Step3/Page_AdRoot  Create Campaign Steps/div_Open_edit' is clicked on

2022-03-24 10:45:01 - [MESSAGE][PASSED] - Object: 'Object Repository/Step3/Page_AdRoot  Create Campaign Steps/div_Open_edit' is clicked on

2022-03-24 10:45:01 - [TEST_STEP][PASSED] - setText(findTestObject("Step3/Page_AdRoot  Create Campaign Steps/input_Business Name_custom-input"), "GS media"): Text 'GS media' is set on object 'Object Repository/Step3/Page_AdRoot  Create Campaign Steps/input_Business Name_custom-input'

2022-03-24 10:45:02 - [MESSAGE][PASSED] - Text 'GS media' is set on object 'Object Repository/Step3/Page_AdRoot  Create Campaign Steps/input_Business Name_custom-input'

2022-03-24 10:45:02 - [TEST_STEP][PASSED] - setText(findTestObject("Step3/Page_AdRoot  Create Campaign Steps/input_Long headline_custom-input"), "Ad management system"): Text 'Ad management system' is set on object 'Object Repository/Step3/Page_AdRoot  Create Campaign Steps/input_Long headline_custom-input'

2022-03-24 10:45:03 - [MESSAGE][PASSED] - Text 'Ad management system' is set on object 'Object Repository/Step3/Page_AdRoot  Create Campaign Steps/input_Long headline_custom-input'

2022-03-24 10:45:03 - [TEST_STEP][PASSED] - click(findTestObject("Step3/Page_AdRoot  Create Campaign Steps/button_Save")): Object: 'Object Repository/Step3/Page_AdRoot  Create Campaign Steps/button_Save' is clicked on

2022-03-24 10:45:04 - [MESSAGE][PASSED] - Object: 'Object Repository/Step3/Page_AdRoot  Create Campaign Steps/button_Save' is clicked on

2022-03-24 10:45:04 - [TEST_STEP][PASSED] - click(findTestObject("Object Repository/Step 4,5/Page_AdRoot  Create Campaign Steps/button_Next Step (1)")): Object: 'Object Repository/Step 4,5/Page_AdRoot  Create Campaign Steps/button_Next Step (1)' is clicked on

2022-03-24 10:45:04 - [MESSAGE][PASSED] - Object: 'Object Repository/Step 4,5/Page_AdRoot  Create Campaign Steps/button_Next Step (1)' is clicked on

2022-03-24 10:45:04 - [TEST_STEP][PASSED] - click(findTestObject("Targeting/Page_AdRoot  Create Campaign Steps/div_English")): Object: 'Object Repository/Targeting/Page_AdRoot  Create Campaign Steps/div_English' is clicked on

2022-03-24 10:45:06 - [MESSAGE][PASSED] - Object: 'Object Repository/Targeting/Page_AdRoot  Create Campaign Steps/div_English' is clicked on

2022-03-24 10:45:06 - [TEST_STEP][PASSED] - click(findTestObject("Targeting/Page_AdRoot  Create Campaign Steps/li_All")): Object: 'Object Repository/Targeting/Page_AdRoot  Create Campaign Steps/li_All' is clicked on

2022-03-24 10:45:06 - [MESSAGE][PASSED] - Object: 'Object Repository/Targeting/Page_AdRoot  Create Campaign Steps/li_All' is clicked on

2022-03-24 10:45:06 - [TEST_STEP][PASSED] - doubleClick(findTestObject("Targeting/Page_AdRoot  Create Campaign Steps/div_Antigua and Barbuda")): Object: 'Object Repository/Targeting/Page_AdRoot  Create Campaign Steps/div_Antigua and Barbuda' is double clicked on

2022-03-24 10:45:07 - [MESSAGE][PASSED] - Object: 'Object Repository/Targeting/Page_AdRoot  Create Campaign Steps/div_Antigua and Barbuda' is double clicked on

2022-03-24 10:45:07 - [TEST_STEP][PASSED] - click(findTestObject("Targeting/Page_AdRoot  Create Campaign Steps/div_Antigua and Barbuda")): Object: 'Object Repository/Targeting/Page_AdRoot  Create Campaign Steps/div_Antigua and Barbuda' is clicked on

2022-03-24 10:45:08 - [MESSAGE][PASSED] - Object: 'Object Repository/Targeting/Page_AdRoot  Create Campaign Steps/div_Antigua and Barbuda' is clicked on

2022-03-24 10:45:08 - [TEST_STEP][PASSED] - click(findTestObject("Targeting/Page_AdRoot  Create Campaign Steps/label_All")): Object: 'Object Repository/Targeting/Page_AdRoot  Create Campaign Steps/label_All' is clicked on

2022-03-24 10:45:13 - [MESSAGE][PASSED] - Object: 'Object Repository/Targeting/Page_AdRoot  Create Campaign Steps/label_All' is clicked on

2022-03-24 10:45:13 - [TEST_STEP][PASSED] - doubleClick(findTestObject("Targeting/Page_AdRoot  Create Campaign Steps/div_From_arrow")): Object: 'Object Repository/Targeting/Page_AdRoot  Create Campaign Steps/div_From_arrow' is double clicked on

2022-03-24 10:45:15 - [MESSAGE][PASSED] - Object: 'Object Repository/Targeting/Page_AdRoot  Create Campaign Steps/div_From_arrow' is double clicked on

2022-03-24 10:45:15 - [TEST_STEP][PASSED] - click(findTestObject("Targeting/Page_AdRoot  Create Campaign Steps/div_From_arrow")): Object: 'Object Repository/Targeting/Page_AdRoot  Create Campaign Steps/div_From_arrow' is clicked on

2022-03-24 10:45:15 - [MESSAGE][PASSED] - Object: 'Object Repository/Targeting/Page_AdRoot  Create Campaign Steps/div_From_arrow' is clicked on

2022-03-24 10:45:15 - [TEST_STEP][PASSED] - click(findTestObject("Targeting/Page_AdRoot  Create Campaign Steps/div_23")): Object: 'Object Repository/Targeting/Page_AdRoot  Create Campaign Steps/div_23' is clicked on

2022-03-24 10:45:16 - [MESSAGE][PASSED] - Object: 'Object Repository/Targeting/Page_AdRoot  Create Campaign Steps/div_23' is clicked on

2022-03-24 10:45:16 - [TEST_STEP][PASSED] - doubleClick(findTestObject("Targeting/Page_AdRoot  Create Campaign Steps/div_To_arrow")): Object: 'Object Repository/Targeting/Page_AdRoot  Create Campaign Steps/div_To_arrow' is double clicked on

2022-03-24 10:45:17 - [MESSAGE][PASSED] - Object: 'Object Repository/Targeting/Page_AdRoot  Create Campaign Steps/div_To_arrow' is double clicked on

2022-03-24 10:45:17 - [TEST_STEP][PASSED] - click(findTestObject("Targeting/Page_AdRoot  Create Campaign Steps/div_64")): Object: 'Object Repository/Targeting/Page_AdRoot  Create Campaign Steps/div_64' is clicked on

2022-03-24 10:45:17 - [MESSAGE][PASSED] - Object: 'Object Repository/Targeting/Page_AdRoot  Create Campaign Steps/div_64' is clicked on

2022-03-24 10:45:17 - [TEST_STEP][PASSED] - click(findTestObject("Object Repository/Step 4,5/Page_AdRoot  Create Campaign Steps/button_Next Step (1)")): Object: 'Object Repository/Step 4,5/Page_AdRoot  Create Campaign Steps/button_Next Step (1)' is clicked on

2022-03-24 10:45:18 - [MESSAGE][PASSED] - Object: 'Object Repository/Step 4,5/Page_AdRoot  Create Campaign Steps/button_Next Step (1)' is clicked on

2022-03-24 10:45:18 - [TEST_STEP][PASSED] - setText(findTestObject("Object Repository/Step 4,5/Page_AdRoot  Create Campaign Steps/input_Daily_custom-input"), "$ 1"): Text '$ 1' is set on object 'Object Repository/Step 4,5/Page_AdRoot  Create Campaign Steps/input_Daily_custom-input'

2022-03-24 10:45:19 - [MESSAGE][PASSED] - Text '$ 1' is set on object 'Object Repository/Step 4,5/Page_AdRoot  Create Campaign Steps/input_Daily_custom-input'

2022-03-24 10:45:19 - [TEST_STEP][PASSED] - click(findTestObject("Step 4,5/Page_AdRoot  Create Campaign Steps/input_Start_single-date-picker-datepicker-y6DXOBYbq5i4SX3nAPEZ")): Object: 'Object Repository/Step 4,5/Page_AdRoot  Create Campaign Steps/input_Start_single-date-picker-datepicker-y6DXOBYbq5i4SX3nAPEZ' is clicked on

2022-03-24 10:45:19 - [MESSAGE][PASSED] - Object: 'Object Repository/Step 4,5/Page_AdRoot  Create Campaign Steps/input_Start_single-date-picker-datepicker-y6DXOBYbq5i4SX3nAPEZ' is clicked on

2022-03-24 10:45:19 - [TEST_STEP][PASSED] - click(findTestObject("Step 4,5/Page_AdRoot  Create Campaign Steps/svg_Su_DayPickerNavigation_svg__horizontal DayPickerNavigation_svg__horizontal_1")): Object: 'Object Repository/Step 4,5/Page_AdRoot  Create Campaign Steps/svg_Su_DayPickerNavigation_svg__horizontal DayPickerNavigation_svg__horizontal_1' is clicked on

2022-03-24 10:45:20 - [MESSAGE][PASSED] - Object: 'Object Repository/Step 4,5/Page_AdRoot  Create Campaign Steps/svg_Su_DayPickerNavigation_svg__horizontal DayPickerNavigation_svg__horizontal_1' is clicked on

2022-03-24 10:45:20 - [TEST_STEP][PASSED] - click(findTestObject("Step 4,5/Page_AdRoot  Create Campaign Steps/svg_Su_DayPickerNavigation_svg__horizontal DayPickerNavigation_svg__horizontal_1")): Object: 'Object Repository/Step 4,5/Page_AdRoot  Create Campaign Steps/svg_Su_DayPickerNavigation_svg__horizontal DayPickerNavigation_svg__horizontal_1' is clicked on

2022-03-24 10:45:21 - [MESSAGE][PASSED] - Object: 'Object Repository/Step 4,5/Page_AdRoot  Create Campaign Steps/svg_Su_DayPickerNavigation_svg__horizontal DayPickerNavigation_svg__horizontal_1' is clicked on

2022-03-24 10:45:21 - [TEST_STEP][PASSED] - click(findTestObject("Step 4,5/Page_AdRoot  Create Campaign Steps/svg_Su_DayPickerNavigation_svg__horizontal DayPickerNavigation_svg__horizontal_1")): Object: 'Object Repository/Step 4,5/Page_AdRoot  Create Campaign Steps/svg_Su_DayPickerNavigation_svg__horizontal DayPickerNavigation_svg__horizontal_1' is clicked on

2022-03-24 10:45:21 - [MESSAGE][PASSED] - Object: 'Object Repository/Step 4,5/Page_AdRoot  Create Campaign Steps/svg_Su_DayPickerNavigation_svg__horizontal DayPickerNavigation_svg__horizontal_1' is clicked on

2022-03-24 10:45:21 - [TEST_STEP][PASSED] - click(findTestObject("Step 4,5/Page_AdRoot  Create Campaign Steps/svg_Su_DayPickerNavigation_svg__horizontal DayPickerNavigation_svg__horizontal_1")): Object: 'Object Repository/Step 4,5/Page_AdRoot  Create Campaign Steps/svg_Su_DayPickerNavigation_svg__horizontal DayPickerNavigation_svg__horizontal_1' is clicked on

2022-03-24 10:45:22 - [MESSAGE][PASSED] - Object: 'Object Repository/Step 4,5/Page_AdRoot  Create Campaign Steps/svg_Su_DayPickerNavigation_svg__horizontal DayPickerNavigation_svg__horizontal_1' is clicked on

2022-03-24 10:45:22 - [TEST_STEP][PASSED] - click(findTestObject("Step 4,5/Page_AdRoot  Create Campaign Steps/td_10")): Object: 'Object Repository/Step 4,5/Page_AdRoot  Create Campaign Steps/td_10' is clicked on

2022-03-24 10:45:22 - [MESSAGE][PASSED] - Object: 'Object Repository/Step 4,5/Page_AdRoot  Create Campaign Steps/td_10' is clicked on

2022-03-24 10:45:22 - [TEST_STEP][PASSED] - click(findTestObject("Object Repository/Step 4,5/Page_AdRoot  Create Campaign Steps/button_Finish")): Object: 'Object Repository/Step 4,5/Page_AdRoot  Create Campaign Steps/button_Finish' is clicked on

2022-03-24 10:45:23 - [MESSAGE][PASSED] - Object: 'Object Repository/Step 4,5/Page_AdRoot  Create Campaign Steps/button_Finish' is clicked on

2022-03-24 10:45:23 - [TEST_STEP][PASSED] - verifyElementPresent(findTestObject("Object Repository/Step 4,5/Page_AdRoot  Campaigns/div_PENDING"), 0): Object 'Object Repository/Step 4,5/Page_AdRoot  Campaigns/div_PENDING' is present

2022-03-24 10:45:23 - [MESSAGE][WARNING] - Timeout '0' is invalid. Using default page load timeout: '30'

2022-03-24 10:45:25 - [MESSAGE][PASSED] - Object 'Object Repository/Step 4,5/Page_AdRoot  Campaigns/div_PENDING' is present

2022-03-24 10:45:25 - [TEST_STEP][PASSED] - closeBrowser(): Browser is closed

2022-03-24 10:45:25 - [MESSAGE][PASSED] - Browser is closed]]></system-out>
         <system-err><![CDATA[]]></system-err>
      </testcase>
      <system-out><![CDATA[2022-03-24 10:44:32 - [TEST_SUITE][PASSED] - dev-create campaign suite: Test Cases/Campaign/Create campaign/dev-Create campaign/Dev-Brand campaign - with targeting]]></system-out>
      <system-err><![CDATA[]]></system-err>
   </testsuite>
</testsuites>
