<?xml version="1.0" encoding="UTF-8"?>
<testsuites name="Pause campaign-both" time="50.447" tests="2" failures="0" errors="0">
   <testsuite name="Pause campaign-both" tests="2" failures="0" errors="0" time="50.447" skipped="0" timestamp="2022-02-16 17:40:31" hostname="AdRoot_PC2 - GorsPC" id="Test Suites/Pause campaign-both">
      <properties>
         <property name="deviceName" value=""/>
         <property name="devicePlatform" value=""/>
         <property name="logFolder" value="C:\\Users\\AdRoot_PC2\\git\\KatalonAutomation1\\Reports\\20220216_174023\\Pause campaign-both\\20220216_174023"/>
         <property name="logFiles" value="C:\\Users\\AdRoot_PC2\\git\\KatalonAutomation1\\Reports\\20220216_174023\\Pause campaign-both\\20220216_174023\\execution0.log"/>
         <property name="attachments" value=""/>
         <property name="hostName" value="AdRoot_PC2 - GorsPC"/>
         <property name="os" value="Windows 10 64bit"/>
         <property name="katalonVersion" value="8.2.5.208"/>
         <property name="browser" value="Chrome 98.0.4758.82"/>
         <property name="hostAddress" value="192.168.0.104"/>
         <property name="sessionId" value="fcbfc144477a584fb4373b1c88037ab7"/>
         <property name="seleniumVersion" value="3.141.59"/>
         <property name="proxyInformation" value="ProxyInformation { proxyOption=NO_PROXY, proxyServerType=HTTP, username=, password=********, proxyServerAddress=, proxyServerPort=0, executionList=&quot;&quot;, isApplyToDesiredCapabilities=true }"/>
         <property name="platform" value="Windows 10"/>
      </properties>
      <testcase name="Test Cases/Everyday campaign pause/App-pause campaign" time="26.449" classname="Test Cases/Everyday campaign pause/App-pause campaign" status="PASSED">
         <system-out><![CDATA[2022-02-16 17:40:31 - [TEST_CASE][PASSED] - Test Cases/Everyday campaign pause/App-pause campaign: Test Cases/Everyday campaign pause/App-pause campaign

2022-02-16 17:40:32 - [TEST_STEP][PASSED] - openBrowser(""): Browser is opened with url: ''

2022-02-16 17:40:32 - [MESSAGE][INFO] - Starting 'Chrome' driver

2022-02-16 17:40:32 - [MESSAGE][INFO] - Action delay is set to 0 milliseconds

2022-02-16 17:40:35 - [MESSAGE][PASSED] - Browser is opened with url: ''

2022-02-16 17:40:35 - [TEST_STEP][PASSED] - navigateToUrl("https://app.adroot.io/auth/signin"): Navigate to 'https://app.adroot.io/auth/signin' successfully

2022-02-16 17:40:38 - [MESSAGE][PASSED] - Navigate to 'https://app.adroot.io/auth/signin' successfully

2022-02-16 17:40:38 - [TEST_STEP][PASSED] - setText(findTestObject("Object Repository/Pause dev campaign/Page_AdRoot  Login/input_E-mail_email"), "makronmanuel01@gmail.com"): Text 'makronmanuel01@gmail.com' is set on object 'Object Repository/Pause dev campaign/Page_AdRoot  Login/input_E-mail_email'

2022-02-16 17:40:39 - [MESSAGE][PASSED] - Text 'makronmanuel01@gmail.com' is set on object 'Object Repository/Pause dev campaign/Page_AdRoot  Login/input_E-mail_email'

2022-02-16 17:40:39 - [TEST_STEP][PASSED] - setEncryptedText(findTestObject("Object Repository/Pause dev campaign/Page_AdRoot  Login/input_Password_password"), "9juLMCYi8sYpY2Mrwe5diw=="): Text ****** has been set on object 'Object Repository/Pause dev campaign/Page_AdRoot  Login/input_Password_password'

2022-02-16 17:40:39 - [MESSAGE][PASSED] - Text ****** has been set on object 'Object Repository/Pause dev campaign/Page_AdRoot  Login/input_Password_password'

2022-02-16 17:40:39 - [TEST_STEP][PASSED] - sendKeys(findTestObject("Object Repository/Pause dev campaign/Page_AdRoot  Login/input_Password_password"), Keys.chord(ENTER)): Keys 'ENTER + ' sent to object: 'Object Repository/Pause dev campaign/Page_AdRoot  Login/input_Password_password'

2022-02-16 17:40:40 - [MESSAGE][PASSED] - Keys 'ENTER + ' sent to object: 'Object Repository/Pause dev campaign/Page_AdRoot  Login/input_Password_password'

2022-02-16 17:40:40 - [TEST_STEP][PASSED] - click(findTestObject("Object Repository/Pause dev campaign/Page_AdRoot  Campaigns/img")): Object: 'Object Repository/Pause dev campaign/Page_AdRoot  Campaigns/img' is clicked on

2022-02-16 17:40:42 - [MESSAGE][PASSED] - Object: 'Object Repository/Pause dev campaign/Page_AdRoot  Campaigns/img' is clicked on

2022-02-16 17:40:42 - [TEST_STEP][PASSED] - click(findTestObject("App-Create campaign/Page_AdRoot  Campaigns/div_By Ruzan (app)")): Object: 'Object Repository/App-Create campaign/Page_AdRoot  Campaigns/div_By Ruzan (app)' is clicked on

2022-02-16 17:40:42 - [MESSAGE][PASSED] - Object: 'Object Repository/App-Create campaign/Page_AdRoot  Campaigns/div_By Ruzan (app)' is clicked on

2022-02-16 17:40:42 - [TEST_STEP][PASSED] - click(findTestObject("Pause dev campaign/Page_AdRoot  Dashboard/a_Campaigns")): Object: 'Object Repository/Pause dev campaign/Page_AdRoot  Dashboard/a_Campaigns' is clicked on

2022-02-16 17:40:46 - [MESSAGE][PASSED] - Object: 'Object Repository/Pause dev campaign/Page_AdRoot  Dashboard/a_Campaigns' is clicked on

2022-02-16 17:40:46 - [TEST_STEP][PASSED] - click(findTestObject("Object Repository/Pause dev campaign/Page_AdRoot  Campaigns/div_Campaign View")): Object: 'Object Repository/Pause dev campaign/Page_AdRoot  Campaigns/div_Campaign View' is clicked on

2022-02-16 17:40:47 - [MESSAGE][PASSED] - Object: 'Object Repository/Pause dev campaign/Page_AdRoot  Campaigns/div_Campaign View' is clicked on

2022-02-16 17:40:47 - [TEST_STEP][PASSED] - click(findTestObject("Object Repository/Pause dev campaign/Page_AdRoot  Campaigns/div_PAUSED_tree-dots dots-blue")): Object: 'Object Repository/Pause dev campaign/Page_AdRoot  Campaigns/div_PAUSED_tree-dots dots-blue' is clicked on

2022-02-16 17:40:48 - [MESSAGE][PASSED] - Object: 'Object Repository/Pause dev campaign/Page_AdRoot  Campaigns/div_PAUSED_tree-dots dots-blue' is clicked on

2022-02-16 17:40:48 - [TEST_STEP][PASSED] - click(findTestObject("Object Repository/Pause dev campaign/Page_AdRoot  Campaigns/div_Pause")): Object: 'Object Repository/Pause dev campaign/Page_AdRoot  Campaigns/div_Pause' is clicked on

2022-02-16 17:40:49 - [MESSAGE][PASSED] - Object: 'Object Repository/Pause dev campaign/Page_AdRoot  Campaigns/div_Pause' is clicked on

2022-02-16 17:40:49 - [TEST_STEP][PASSED] - click(findTestObject("Object Repository/Pause dev campaign/Page_AdRoot  Campaigns/button_Pause")): Object: 'Object Repository/Pause dev campaign/Page_AdRoot  Campaigns/button_Pause' is clicked on

2022-02-16 17:40:49 - [MESSAGE][PASSED] - Object: 'Object Repository/Pause dev campaign/Page_AdRoot  Campaigns/button_Pause' is clicked on

2022-02-16 17:40:49 - [TEST_STEP][PASSED] - click(findTestObject("Object Repository/Pause dev campaign/Page_AdRoot  Campaigns/div_devadroot4428")): Object: 'Object Repository/Pause dev campaign/Page_AdRoot  Campaigns/div_devadroot4428' is clicked on

2022-02-16 17:40:50 - [MESSAGE][PASSED] - Object: 'Object Repository/Pause dev campaign/Page_AdRoot  Campaigns/div_devadroot4428' is clicked on

2022-02-16 17:40:50 - [TEST_STEP][PASSED] - click(findTestObject("Object Repository/Pause dev campaign/Page_AdRoot  Campaigns/div_PAUSED_tree-dots dots-blue_1")): Object: 'Object Repository/Pause dev campaign/Page_AdRoot  Campaigns/div_PAUSED_tree-dots dots-blue_1' is clicked on

2022-02-16 17:40:51 - [MESSAGE][PASSED] - Object: 'Object Repository/Pause dev campaign/Page_AdRoot  Campaigns/div_PAUSED_tree-dots dots-blue_1' is clicked on

2022-02-16 17:40:51 - [TEST_STEP][PASSED] - click(findTestObject("Object Repository/Pause dev campaign/Page_AdRoot  Campaigns/div_Pause")): Object: 'Object Repository/Pause dev campaign/Page_AdRoot  Campaigns/div_Pause' is clicked on

2022-02-16 17:40:51 - [MESSAGE][PASSED] - Object: 'Object Repository/Pause dev campaign/Page_AdRoot  Campaigns/div_Pause' is clicked on

2022-02-16 17:40:51 - [TEST_STEP][PASSED] - click(findTestObject("Object Repository/Pause dev campaign/Page_AdRoot  Campaigns/button_Pause")): Object: 'Object Repository/Pause dev campaign/Page_AdRoot  Campaigns/button_Pause' is clicked on

2022-02-16 17:40:52 - [MESSAGE][PASSED] - Object: 'Object Repository/Pause dev campaign/Page_AdRoot  Campaigns/button_Pause' is clicked on

2022-02-16 17:40:52 - [TEST_STEP][PASSED] - click(findTestObject("Object Repository/Pause dev campaign/Page_AdRoot  Campaigns/div_devadroot1390")): Object: 'Object Repository/Pause dev campaign/Page_AdRoot  Campaigns/div_devadroot1390' is clicked on

2022-02-16 17:40:52 - [MESSAGE][PASSED] - Object: 'Object Repository/Pause dev campaign/Page_AdRoot  Campaigns/div_devadroot1390' is clicked on

2022-02-16 17:40:52 - [TEST_STEP][PASSED] - click(findTestObject("Object Repository/Pause dev campaign/Page_AdRoot  Campaigns/div_PAUSED_tree-dots dots-blue")): Object: 'Object Repository/Pause dev campaign/Page_AdRoot  Campaigns/div_PAUSED_tree-dots dots-blue' is clicked on

2022-02-16 17:40:53 - [MESSAGE][PASSED] - Object: 'Object Repository/Pause dev campaign/Page_AdRoot  Campaigns/div_PAUSED_tree-dots dots-blue' is clicked on

2022-02-16 17:40:53 - [TEST_STEP][PASSED] - click(findTestObject("Object Repository/Pause dev campaign/Page_AdRoot  Campaigns/div_Pause")): Object: 'Object Repository/Pause dev campaign/Page_AdRoot  Campaigns/div_Pause' is clicked on

2022-02-16 17:40:53 - [MESSAGE][PASSED] - Object: 'Object Repository/Pause dev campaign/Page_AdRoot  Campaigns/div_Pause' is clicked on

2022-02-16 17:40:53 - [TEST_STEP][PASSED] - click(findTestObject("Object Repository/Pause dev campaign/Page_AdRoot  Campaigns/button_Pause")): Object: 'Object Repository/Pause dev campaign/Page_AdRoot  Campaigns/button_Pause' is clicked on

2022-02-16 17:40:54 - [MESSAGE][PASSED] - Object: 'Object Repository/Pause dev campaign/Page_AdRoot  Campaigns/button_Pause' is clicked on

2022-02-16 17:40:54 - [TEST_STEP][PASSED] - click(findTestObject("Object Repository/Pause dev campaign/Page_AdRoot  Campaigns/div_devadroot976")): Object: 'Object Repository/Pause dev campaign/Page_AdRoot  Campaigns/div_devadroot976' is clicked on

2022-02-16 17:40:55 - [MESSAGE][PASSED] - Object: 'Object Repository/Pause dev campaign/Page_AdRoot  Campaigns/div_devadroot976' is clicked on

2022-02-16 17:40:55 - [TEST_STEP][PASSED] - click(findTestObject("Object Repository/Pause dev campaign/Page_AdRoot  Campaigns/div_PAUSED_tree-dots dots-blue_1")): Object: 'Object Repository/Pause dev campaign/Page_AdRoot  Campaigns/div_PAUSED_tree-dots dots-blue_1' is clicked on

2022-02-16 17:40:55 - [MESSAGE][PASSED] - Object: 'Object Repository/Pause dev campaign/Page_AdRoot  Campaigns/div_PAUSED_tree-dots dots-blue_1' is clicked on

2022-02-16 17:40:55 - [TEST_STEP][PASSED] - click(findTestObject("Object Repository/Pause dev campaign/Page_AdRoot  Campaigns/div_Pause")): Object: 'Object Repository/Pause dev campaign/Page_AdRoot  Campaigns/div_Pause' is clicked on

2022-02-16 17:40:56 - [MESSAGE][PASSED] - Object: 'Object Repository/Pause dev campaign/Page_AdRoot  Campaigns/div_Pause' is clicked on

2022-02-16 17:40:56 - [TEST_STEP][PASSED] - click(findTestObject("Object Repository/Pause dev campaign/Page_AdRoot  Campaigns/button_Pause")): Object: 'Object Repository/Pause dev campaign/Page_AdRoot  Campaigns/button_Pause' is clicked on

2022-02-16 17:40:56 - [MESSAGE][PASSED] - Object: 'Object Repository/Pause dev campaign/Page_AdRoot  Campaigns/button_Pause' is clicked on

2022-02-16 17:40:56 - [TEST_STEP][PASSED] - click(findTestObject("Pause dev campaign/Page_AdRoot  Dashboard/a_Campaigns")): Object: 'Object Repository/Pause dev campaign/Page_AdRoot  Dashboard/a_Campaigns' is clicked on

2022-02-16 17:40:57 - [MESSAGE][PASSED] - Object: 'Object Repository/Pause dev campaign/Page_AdRoot  Dashboard/a_Campaigns' is clicked on

2022-02-16 17:40:57 - [TEST_STEP][PASSED] - closeBrowser(): Browser is closed

2022-02-16 17:40:58 - [MESSAGE][PASSED] - Browser is closed]]></system-out>
         <system-err><![CDATA[]]></system-err>
      </testcase>
      <testcase name="Test Cases/Everyday campaign pause/Dev-pause campaign 1" time="23.557" classname="Test Cases/Everyday campaign pause/Dev-pause campaign 1" status="PASSED">
         <system-out><![CDATA[2022-02-16 17:40:58 - [TEST_CASE][PASSED] - Test Cases/Everyday campaign pause/Dev-pause campaign 1: Test Cases/Everyday campaign pause/Dev-pause campaign 1

2022-02-16 17:40:58 - [TEST_STEP][PASSED] - openBrowser(""): Browser is opened with url: ''

2022-02-16 17:40:58 - [MESSAGE][INFO] - Starting 'Chrome' driver

2022-02-16 17:40:58 - [MESSAGE][INFO] - Action delay is set to 0 milliseconds

2022-02-16 17:41:00 - [MESSAGE][PASSED] - Browser is opened with url: ''

2022-02-16 17:41:00 - [TEST_STEP][PASSED] - navigateToUrl("https://dev.adroot.io/auth/signin"): Navigate to 'https://dev.adroot.io/auth/signin' successfully

2022-02-16 17:41:02 - [MESSAGE][PASSED] - Navigate to 'https://dev.adroot.io/auth/signin' successfully

2022-02-16 17:41:02 - [TEST_STEP][PASSED] - setText(findTestObject("Object Repository/Pause dev campaign/Page_AdRoot  Login/input_E-mail_email"), "makronmanuel01@gmail.com"): Text 'makronmanuel01@gmail.com' is set on object 'Object Repository/Pause dev campaign/Page_AdRoot  Login/input_E-mail_email'

2022-02-16 17:41:03 - [MESSAGE][PASSED] - Text 'makronmanuel01@gmail.com' is set on object 'Object Repository/Pause dev campaign/Page_AdRoot  Login/input_E-mail_email'

2022-02-16 17:41:03 - [TEST_STEP][PASSED] - setEncryptedText(findTestObject("Object Repository/Pause dev campaign/Page_AdRoot  Login/input_Password_password"), "9juLMCYi8sYpY2Mrwe5diw=="): Text ****** has been set on object 'Object Repository/Pause dev campaign/Page_AdRoot  Login/input_Password_password'

2022-02-16 17:41:04 - [MESSAGE][PASSED] - Text ****** has been set on object 'Object Repository/Pause dev campaign/Page_AdRoot  Login/input_Password_password'

2022-02-16 17:41:04 - [TEST_STEP][PASSED] - sendKeys(findTestObject("Object Repository/Pause dev campaign/Page_AdRoot  Login/input_Password_password"), Keys.chord(ENTER)): Keys 'ENTER + ' sent to object: 'Object Repository/Pause dev campaign/Page_AdRoot  Login/input_Password_password'

2022-02-16 17:41:04 - [MESSAGE][PASSED] - Keys 'ENTER + ' sent to object: 'Object Repository/Pause dev campaign/Page_AdRoot  Login/input_Password_password'

2022-02-16 17:41:04 - [TEST_STEP][PASSED] - click(findTestObject("Object Repository/Pause dev campaign/Page_AdRoot  Campaigns/img")): Object: 'Object Repository/Pause dev campaign/Page_AdRoot  Campaigns/img' is clicked on

2022-02-16 17:41:06 - [MESSAGE][PASSED] - Object: 'Object Repository/Pause dev campaign/Page_AdRoot  Campaigns/img' is clicked on

2022-02-16 17:41:06 - [TEST_STEP][PASSED] - click(findTestObject("Object Repository/Pause dev campaign/Page_AdRoot  Campaigns/div_By Ruzan (dev)")): Object: 'Object Repository/Pause dev campaign/Page_AdRoot  Campaigns/div_By Ruzan (dev)' is clicked on

2022-02-16 17:41:07 - [MESSAGE][PASSED] - Object: 'Object Repository/Pause dev campaign/Page_AdRoot  Campaigns/div_By Ruzan (dev)' is clicked on

2022-02-16 17:41:07 - [TEST_STEP][PASSED] - click(findTestObject("Pause dev campaign/Page_AdRoot  Dashboard/a_Campaigns")): Object: 'Object Repository/Pause dev campaign/Page_AdRoot  Dashboard/a_Campaigns' is clicked on

2022-02-16 17:41:09 - [MESSAGE][PASSED] - Object: 'Object Repository/Pause dev campaign/Page_AdRoot  Dashboard/a_Campaigns' is clicked on

2022-02-16 17:41:09 - [TEST_STEP][PASSED] - click(findTestObject("Object Repository/Pause dev campaign/Page_AdRoot  Campaigns/div_Campaign View")): Object: 'Object Repository/Pause dev campaign/Page_AdRoot  Campaigns/div_Campaign View' is clicked on

2022-02-16 17:41:11 - [MESSAGE][PASSED] - Object: 'Object Repository/Pause dev campaign/Page_AdRoot  Campaigns/div_Campaign View' is clicked on

2022-02-16 17:41:11 - [TEST_STEP][PASSED] - click(findTestObject("Object Repository/Pause dev campaign/Page_AdRoot  Campaigns/div_PAUSED_tree-dots dots-blue")): Object: 'Object Repository/Pause dev campaign/Page_AdRoot  Campaigns/div_PAUSED_tree-dots dots-blue' is clicked on

2022-02-16 17:41:12 - [MESSAGE][PASSED] - Object: 'Object Repository/Pause dev campaign/Page_AdRoot  Campaigns/div_PAUSED_tree-dots dots-blue' is clicked on

2022-02-16 17:41:12 - [TEST_STEP][PASSED] - click(findTestObject("Object Repository/Pause dev campaign/Page_AdRoot  Campaigns/div_Pause")): Object: 'Object Repository/Pause dev campaign/Page_AdRoot  Campaigns/div_Pause' is clicked on

2022-02-16 17:41:13 - [MESSAGE][PASSED] - Object: 'Object Repository/Pause dev campaign/Page_AdRoot  Campaigns/div_Pause' is clicked on

2022-02-16 17:41:13 - [TEST_STEP][PASSED] - click(findTestObject("Object Repository/Pause dev campaign/Page_AdRoot  Campaigns/button_Pause")): Object: 'Object Repository/Pause dev campaign/Page_AdRoot  Campaigns/button_Pause' is clicked on

2022-02-16 17:41:13 - [MESSAGE][PASSED] - Object: 'Object Repository/Pause dev campaign/Page_AdRoot  Campaigns/button_Pause' is clicked on

2022-02-16 17:41:13 - [TEST_STEP][PASSED] - click(findTestObject("Object Repository/Pause dev campaign/Page_AdRoot  Campaigns/div_devadroot4428")): Object: 'Object Repository/Pause dev campaign/Page_AdRoot  Campaigns/div_devadroot4428' is clicked on

2022-02-16 17:41:14 - [MESSAGE][PASSED] - Object: 'Object Repository/Pause dev campaign/Page_AdRoot  Campaigns/div_devadroot4428' is clicked on

2022-02-16 17:41:14 - [TEST_STEP][PASSED] - click(findTestObject("Object Repository/Pause dev campaign/Page_AdRoot  Campaigns/div_PAUSED_tree-dots dots-blue_1")): Object: 'Object Repository/Pause dev campaign/Page_AdRoot  Campaigns/div_PAUSED_tree-dots dots-blue_1' is clicked on

2022-02-16 17:41:14 - [MESSAGE][PASSED] - Object: 'Object Repository/Pause dev campaign/Page_AdRoot  Campaigns/div_PAUSED_tree-dots dots-blue_1' is clicked on

2022-02-16 17:41:14 - [TEST_STEP][PASSED] - click(findTestObject("Object Repository/Pause dev campaign/Page_AdRoot  Campaigns/div_Pause")): Object: 'Object Repository/Pause dev campaign/Page_AdRoot  Campaigns/div_Pause' is clicked on

2022-02-16 17:41:15 - [MESSAGE][PASSED] - Object: 'Object Repository/Pause dev campaign/Page_AdRoot  Campaigns/div_Pause' is clicked on

2022-02-16 17:41:15 - [TEST_STEP][PASSED] - click(findTestObject("Object Repository/Pause dev campaign/Page_AdRoot  Campaigns/button_Pause")): Object: 'Object Repository/Pause dev campaign/Page_AdRoot  Campaigns/button_Pause' is clicked on

2022-02-16 17:41:15 - [MESSAGE][PASSED] - Object: 'Object Repository/Pause dev campaign/Page_AdRoot  Campaigns/button_Pause' is clicked on

2022-02-16 17:41:15 - [TEST_STEP][PASSED] - click(findTestObject("Object Repository/Pause dev campaign/Page_AdRoot  Campaigns/div_devadroot1390")): Object: 'Object Repository/Pause dev campaign/Page_AdRoot  Campaigns/div_devadroot1390' is clicked on

2022-02-16 17:41:16 - [MESSAGE][PASSED] - Object: 'Object Repository/Pause dev campaign/Page_AdRoot  Campaigns/div_devadroot1390' is clicked on

2022-02-16 17:41:16 - [TEST_STEP][PASSED] - click(findTestObject("Object Repository/Pause dev campaign/Page_AdRoot  Campaigns/div_PAUSED_tree-dots dots-blue")): Object: 'Object Repository/Pause dev campaign/Page_AdRoot  Campaigns/div_PAUSED_tree-dots dots-blue' is clicked on

2022-02-16 17:41:17 - [MESSAGE][PASSED] - Object: 'Object Repository/Pause dev campaign/Page_AdRoot  Campaigns/div_PAUSED_tree-dots dots-blue' is clicked on

2022-02-16 17:41:17 - [TEST_STEP][PASSED] - click(findTestObject("Object Repository/Pause dev campaign/Page_AdRoot  Campaigns/div_Pause")): Object: 'Object Repository/Pause dev campaign/Page_AdRoot  Campaigns/div_Pause' is clicked on

2022-02-16 17:41:17 - [MESSAGE][PASSED] - Object: 'Object Repository/Pause dev campaign/Page_AdRoot  Campaigns/div_Pause' is clicked on

2022-02-16 17:41:17 - [TEST_STEP][PASSED] - click(findTestObject("Object Repository/Pause dev campaign/Page_AdRoot  Campaigns/button_Pause")): Object: 'Object Repository/Pause dev campaign/Page_AdRoot  Campaigns/button_Pause' is clicked on

2022-02-16 17:41:18 - [MESSAGE][PASSED] - Object: 'Object Repository/Pause dev campaign/Page_AdRoot  Campaigns/button_Pause' is clicked on

2022-02-16 17:41:18 - [TEST_STEP][PASSED] - click(findTestObject("Object Repository/Pause dev campaign/Page_AdRoot  Campaigns/div_devadroot976")): Object: 'Object Repository/Pause dev campaign/Page_AdRoot  Campaigns/div_devadroot976' is clicked on

2022-02-16 17:41:18 - [MESSAGE][PASSED] - Object: 'Object Repository/Pause dev campaign/Page_AdRoot  Campaigns/div_devadroot976' is clicked on

2022-02-16 17:41:18 - [TEST_STEP][PASSED] - click(findTestObject("Object Repository/Pause dev campaign/Page_AdRoot  Campaigns/div_PAUSED_tree-dots dots-blue_1")): Object: 'Object Repository/Pause dev campaign/Page_AdRoot  Campaigns/div_PAUSED_tree-dots dots-blue_1' is clicked on

2022-02-16 17:41:19 - [MESSAGE][PASSED] - Object: 'Object Repository/Pause dev campaign/Page_AdRoot  Campaigns/div_PAUSED_tree-dots dots-blue_1' is clicked on

2022-02-16 17:41:19 - [TEST_STEP][PASSED] - click(findTestObject("Object Repository/Pause dev campaign/Page_AdRoot  Campaigns/div_Pause")): Object: 'Object Repository/Pause dev campaign/Page_AdRoot  Campaigns/div_Pause' is clicked on

2022-02-16 17:41:20 - [MESSAGE][PASSED] - Object: 'Object Repository/Pause dev campaign/Page_AdRoot  Campaigns/div_Pause' is clicked on

2022-02-16 17:41:20 - [TEST_STEP][PASSED] - click(findTestObject("Object Repository/Pause dev campaign/Page_AdRoot  Campaigns/button_Pause")): Object: 'Object Repository/Pause dev campaign/Page_AdRoot  Campaigns/button_Pause' is clicked on

2022-02-16 17:41:20 - [MESSAGE][PASSED] - Object: 'Object Repository/Pause dev campaign/Page_AdRoot  Campaigns/button_Pause' is clicked on

2022-02-16 17:41:20 - [TEST_STEP][PASSED] - click(findTestObject("Pause dev campaign/Page_AdRoot  Dashboard/a_Campaigns")): Object: 'Object Repository/Pause dev campaign/Page_AdRoot  Dashboard/a_Campaigns' is clicked on

2022-02-16 17:41:21 - [MESSAGE][PASSED] - Object: 'Object Repository/Pause dev campaign/Page_AdRoot  Dashboard/a_Campaigns' is clicked on

2022-02-16 17:41:21 - [TEST_STEP][PASSED] - closeBrowser(): Browser is closed

2022-02-16 17:41:21 - [MESSAGE][PASSED] - Browser is closed]]></system-out>
         <system-err><![CDATA[]]></system-err>
      </testcase>
      <system-out><![CDATA[2022-02-16 17:40:31 - [TEST_SUITE][PASSED] - Pause campaign-both: Test Cases/Everyday campaign pause/Dev-pause campaign 1]]></system-out>
      <system-err><![CDATA[]]></system-err>
   </testsuite>
</testsuites>
