<?xml version="1.0" encoding="UTF-8"?>
<testsuites name="app-create campaign suite" time="383.605" tests="5" failures="0" errors="0">
   <testsuite name="app-create campaign suite" tests="5" failures="0" errors="0" time="383.605" skipped="0" timestamp="2022-03-22 11:38:48" hostname="AdRoot_PC2 - GorsPC" id="Test Suites/Suits/app-create campaign suite">
      <properties>
         <property name="deviceName" value=""/>
         <property name="devicePlatform" value=""/>
         <property name="logFolder" value="C:\\Users\\AdRoot_PC2\\git\\KatalonAutomation\\Reports\\20220322_113839\\Suits\\app-create campaign suite\\20220322_113839"/>
         <property name="logFiles" value="C:\\Users\\AdRoot_PC2\\git\\KatalonAutomation\\Reports\\20220322_113839\\Suits\\app-create campaign suite\\20220322_113839\\execution0.log"/>
         <property name="attachments" value="C:\\Users\\AdRoot_PC2\\git\\KatalonAutomation\\Reports\\20220322_113839\\Suits\\app-create campaign suite\\20220322_113839\\1647934768021.png, C:\\Users\\AdRoot_PC2\\git\\KatalonAutomation\\Reports\\20220322_113839\\Suits\\app-create campaign suite\\20220322_113839\\1647934896783.png, C:\\Users\\AdRoot_PC2\\git\\KatalonAutomation\\Reports\\20220322_113839\\Suits\\app-create campaign suite\\20220322_113839\\1647934974854.png, C:\\Users\\AdRoot_PC2\\git\\KatalonAutomation\\Reports\\20220322_113839\\Suits\\app-create campaign suite\\20220322_113839\\1647934975507.png"/>
         <property name="hostName" value="AdRoot_PC2 - GorsPC"/>
         <property name="os" value="Windows 10 64bit"/>
         <property name="katalonVersion" value="8.2.5.208"/>
         <property name="browser" value="Chrome 99.0.4844.82"/>
         <property name="hostAddress" value="192.168.0.106"/>
         <property name="sessionId" value="262a47af045f35e03969d549f749bd99"/>
         <property name="seleniumVersion" value="3.141.59"/>
         <property name="proxyInformation" value="ProxyInformation { proxyOption=NO_PROXY, proxyServerType=HTTP, username=, password=********, proxyServerAddress=, proxyServerPort=0, executionList=&quot;&quot;, isApplyToDesiredCapabilities=true }"/>
         <property name="platform" value="Windows 10"/>
      </properties>
      <testcase name="Test Cases/Campaign/Create campaign/App-Create campaign/App-Brand campaign" time="41.286" classname="Test Cases/Campaign/Create campaign/App-Create campaign/App-Brand campaign" status="PASSED">
         <system-out><![CDATA[2022-03-22 11:39:28 - [TEST_CASE][PASSED] - Test Cases/Campaign/Create campaign/App-Create campaign/App-Brand campaign: Test Cases/Campaign/Create campaign/App-Create campaign/App-Brand campaign

2022-03-22 11:39:28 - [TEST_STEP][PASSED] - openBrowser(""): Browser is opened with url: ''

2022-03-22 11:39:28 - [MESSAGE][WARNING] - A browser is already opened. Closing browser and opening a new one

2022-03-22 11:39:29 - [MESSAGE][INFO] - Starting 'Chrome' driver

2022-03-22 11:39:29 - [MESSAGE][INFO] - Action delay is set to 0 milliseconds

2022-03-22 11:39:30 - [MESSAGE][PASSED] - Browser is opened with url: ''

2022-03-22 11:39:30 - [TEST_STEP][PASSED] - setViewPortSize(1550, 900): Viewport is set to new size with width = 1550 and height = 900

2022-03-22 11:39:30 - [MESSAGE][PASSED] - Viewport is set to new size with width = 1550 and height = 900

2022-03-22 11:39:30 - [TEST_STEP][PASSED] - navigateToUrl("https://app.adroot.io/auth/signin"): Navigate to 'https://app.adroot.io/auth/signin' successfully

2022-03-22 11:39:32 - [MESSAGE][PASSED] - Navigate to 'https://app.adroot.io/auth/signin' successfully

2022-03-22 11:39:32 - [TEST_STEP][PASSED] - setText(findTestObject("Object Repository/Regular Create campaign/Page_AdRoot  Login/input_E-mail_email"), "makronmanuel01@gmail.com"): Text 'makronmanuel01@gmail.com' is set on object 'Object Repository/Regular Create campaign/Page_AdRoot  Login/input_E-mail_email'

2022-03-22 11:39:33 - [MESSAGE][PASSED] - Text 'makronmanuel01@gmail.com' is set on object 'Object Repository/Regular Create campaign/Page_AdRoot  Login/input_E-mail_email'

2022-03-22 11:39:33 - [TEST_STEP][PASSED] - setEncryptedText(findTestObject("Object Repository/Regular Create campaign/Page_AdRoot  Login/input_Password_password"), "9juLMCYi8sYpY2Mrwe5diw=="): Text ****** has been set on object 'Object Repository/Regular Create campaign/Page_AdRoot  Login/input_Password_password'

2022-03-22 11:39:34 - [MESSAGE][PASSED] - Text ****** has been set on object 'Object Repository/Regular Create campaign/Page_AdRoot  Login/input_Password_password'

2022-03-22 11:39:34 - [TEST_STEP][PASSED] - click(findTestObject("Object Repository/Regular Create campaign/Page_AdRoot  Login/button_Sign in")): Object: 'Object Repository/Regular Create campaign/Page_AdRoot  Login/button_Sign in' is clicked on

2022-03-22 11:39:34 - [MESSAGE][PASSED] - Object: 'Object Repository/Regular Create campaign/Page_AdRoot  Login/button_Sign in' is clicked on

2022-03-22 11:39:34 - [TEST_STEP][PASSED] - click(findTestObject("Page_AdRoot  Campaigns/img")): Object: 'Object Repository/Page_AdRoot  Campaigns/img' is clicked on

2022-03-22 11:39:36 - [MESSAGE][PASSED] - Object: 'Object Repository/Page_AdRoot  Campaigns/img' is clicked on

2022-03-22 11:39:36 - [TEST_STEP][PASSED] - click(findTestObject("Page_AdRoot  Campaigns/div_By Ruzan (app)")): Object: 'Object Repository/Page_AdRoot  Campaigns/div_By Ruzan (app)' is clicked on

2022-03-22 11:39:37 - [MESSAGE][PASSED] - Object: 'Object Repository/Page_AdRoot  Campaigns/div_By Ruzan (app)' is clicked on

2022-03-22 11:39:37 - [TEST_STEP][PASSED] - click(findTestObject("Campaign copy/Page_AdRoot  Dashboard/a_Campaigns")): Object: 'Object Repository/Campaign copy/Page_AdRoot  Dashboard/a_Campaigns' is clicked on

2022-03-22 11:39:40 - [MESSAGE][PASSED] - Object: 'Object Repository/Campaign copy/Page_AdRoot  Dashboard/a_Campaigns' is clicked on

2022-03-22 11:39:40 - [TEST_STEP][PASSED] - click(findTestObject("Regular Create campaign/Page_AdRoot  Campaigns/div_Campaign View")): Object: 'Object Repository/Regular Create campaign/Page_AdRoot  Campaigns/div_Campaign View' is clicked on

2022-03-22 11:39:41 - [MESSAGE][PASSED] - Object: 'Object Repository/Regular Create campaign/Page_AdRoot  Campaigns/div_Campaign View' is clicked on

2022-03-22 11:39:41 - [TEST_STEP][PASSED] - click(findTestObject("Regular Create campaign/Page_AdRoot  Campaigns/div_New Campaign")): Object: 'Object Repository/Regular Create campaign/Page_AdRoot  Campaigns/div_New Campaign' is clicked on

2022-03-22 11:39:42 - [MESSAGE][PASSED] - Object: 'Object Repository/Regular Create campaign/Page_AdRoot  Campaigns/div_New Campaign' is clicked on

2022-03-22 11:39:42 - [TEST_STEP][PASSED] - setText(findTestObject("Page_AdRoot  Create Campaign Steps/input_Campaign name_custom-input"), "appadroot1"): Text 'appadroot1' is set on object 'Object Repository/Page_AdRoot  Create Campaign Steps/input_Campaign name_custom-input'

2022-03-22 11:39:44 - [MESSAGE][PASSED] - Text 'appadroot1' is set on object 'Object Repository/Page_AdRoot  Create Campaign Steps/input_Campaign name_custom-input'

2022-03-22 11:39:44 - [TEST_STEP][PASSED] - click(findTestObject("Regular Create campaign/Page_AdRoot  Campaigns/Page_AdRoot  Create Campaign Steps/span_Name is taken")): Object: 'Object Repository/Regular Create campaign/Page_AdRoot  Campaigns/Page_AdRoot  Create Campaign Steps/span_Name is taken' is clicked on

2022-03-22 11:39:44 - [MESSAGE][PASSED] - Object: 'Object Repository/Regular Create campaign/Page_AdRoot  Campaigns/Page_AdRoot  Create Campaign Steps/span_Name is taken' is clicked on

2022-03-22 11:39:44 - [TEST_STEP][PASSED] - click(findTestObject("Goals/Goals/Page_AdRoot  Create Campaign Steps/div_Brand Awareness")): Object: 'Object Repository/Goals/Goals/Page_AdRoot  Create Campaign Steps/div_Brand Awareness' is clicked on

2022-03-22 11:39:45 - [MESSAGE][PASSED] - Object: 'Object Repository/Goals/Goals/Page_AdRoot  Create Campaign Steps/div_Brand Awareness' is clicked on

2022-03-22 11:39:45 - [TEST_STEP][PASSED] - Ms = verifyTextPresent("Name is taken", false): Text 'Name is taken' is present on page 

2022-03-22 11:39:45 - [MESSAGE][PASSED] - Text 'Name is taken' is present on page 

2022-03-22 11:39:45 - [TEST_STEP][PASSED] - if (Ms.equals("true")): Object: 'Object Repository/Regular Create campaign/Page_AdRoot  Campaigns/Page_AdRoot  Create Campaign Steps/button_Next Step' is clicked on

2022-03-22 11:39:45 - [TEST_STEP][PASSED] - RN = <not implemented yet for class: org.codehaus.groovy.ast.expr.EmptyExpression>: null

2022-03-22 11:39:45 - [TEST_STEP][PASSED] - RN = Math.random() * 5000: null

2022-03-22 11:39:45 - [TEST_STEP][PASSED] - setText(findTestObject("Object Repository/Regular Create campaign/Page_AdRoot  Create Campaign Steps/input_Campaign name_invalid custom-input"), "appadroot" + RN): Text 'appadroot2537' is set on object 'Object Repository/Regular Create campaign/Page_AdRoot  Create Campaign Steps/input_Campaign name_invalid custom-input'

2022-03-22 11:39:46 - [MESSAGE][PASSED] - Text 'appadroot2537' is set on object 'Object Repository/Regular Create campaign/Page_AdRoot  Create Campaign Steps/input_Campaign name_invalid custom-input'

2022-03-22 11:39:46 - [TEST_STEP][PASSED] - click(findTestObject("Object Repository/Regular Create campaign/Page_AdRoot  Campaigns/Page_AdRoot  Create Campaign Steps/button_Next Step")): Object: 'Object Repository/Regular Create campaign/Page_AdRoot  Campaigns/Page_AdRoot  Create Campaign Steps/button_Next Step' is clicked on

2022-03-22 11:39:46 - [MESSAGE][PASSED] - Object: 'Object Repository/Regular Create campaign/Page_AdRoot  Campaigns/Page_AdRoot  Create Campaign Steps/button_Next Step' is clicked on

2022-03-22 11:39:46 - [TEST_STEP][PASSED] - verifyElementPresent(findTestObject("Step2/Page_AdRoot  Create Campaign Steps/div_GS PubSense"), 0): Object 'Object Repository/Step2/Page_AdRoot  Create Campaign Steps/div_GS PubSense' is present

2022-03-22 11:39:47 - [MESSAGE][WARNING] - Timeout '0' is invalid. Using default page load timeout: '30'

2022-03-22 11:39:48 - [MESSAGE][PASSED] - Object 'Object Repository/Step2/Page_AdRoot  Create Campaign Steps/div_GS PubSense' is present

2022-03-22 11:39:48 - [TEST_STEP][PASSED] - verifyElementPresent(findTestObject("Step2/Page_AdRoot  Create Campaign Steps/div_Artashes Mxchyan"), 0): Object 'Object Repository/Step2/Page_AdRoot  Create Campaign Steps/div_Artashes Mxchyan' is present

2022-03-22 11:39:48 - [MESSAGE][WARNING] - Timeout '0' is invalid. Using default page load timeout: '30'

2022-03-22 11:39:48 - [MESSAGE][PASSED] - Object 'Object Repository/Step2/Page_AdRoot  Create Campaign Steps/div_Artashes Mxchyan' is present

2022-03-22 11:39:48 - [TEST_STEP][PASSED] - click(findTestObject("Step2/Page_AdRoot  Create Campaign Steps/button_Next Step")): Object: 'Object Repository/Step2/Page_AdRoot  Create Campaign Steps/button_Next Step' is clicked on

2022-03-22 11:39:48 - [MESSAGE][PASSED] - Object: 'Object Repository/Step2/Page_AdRoot  Create Campaign Steps/button_Next Step' is clicked on

2022-03-22 11:39:48 - [TEST_STEP][PASSED] - click(findTestObject("Object Repository/Step2/Page_AdRoot  Create Campaign Steps/Page_AdRoot  Create Campaign Steps/input_Primary Text_invalid custom-input")): Object: 'Object Repository/Step2/Page_AdRoot  Create Campaign Steps/Page_AdRoot  Create Campaign Steps/input_Primary Text_invalid custom-input' is clicked on

2022-03-22 11:39:49 - [MESSAGE][PASSED] - Object: 'Object Repository/Step2/Page_AdRoot  Create Campaign Steps/Page_AdRoot  Create Campaign Steps/input_Primary Text_invalid custom-input' is clicked on

2022-03-22 11:39:49 - [TEST_STEP][PASSED] - setText(findTestObject("Object Repository/Step2/Page_AdRoot  Create Campaign Steps/Page_AdRoot  Create Campaign Steps/input_Primary Text_invalid custom-input"), "Social media"): Text 'Social media' is set on object 'Object Repository/Step2/Page_AdRoot  Create Campaign Steps/Page_AdRoot  Create Campaign Steps/input_Primary Text_invalid custom-input'

2022-03-22 11:39:50 - [MESSAGE][PASSED] - Text 'Social media' is set on object 'Object Repository/Step2/Page_AdRoot  Create Campaign Steps/Page_AdRoot  Create Campaign Steps/input_Primary Text_invalid custom-input'

2022-03-22 11:39:50 - [TEST_STEP][PASSED] - setText(findTestObject("Step2/Page_AdRoot  Create Campaign Steps/Page_AdRoot  Create Campaign Steps/input_Headline_custom-input"), "Social media ads management "): Text 'Social media ads management ' is set on object 'Object Repository/Step2/Page_AdRoot  Create Campaign Steps/Page_AdRoot  Create Campaign Steps/input_Headline_custom-input'

2022-03-22 11:39:51 - [MESSAGE][PASSED] - Text 'Social media ads management ' is set on object 'Object Repository/Step2/Page_AdRoot  Create Campaign Steps/Page_AdRoot  Create Campaign Steps/input_Headline_custom-input'

2022-03-22 11:39:51 - [TEST_STEP][PASSED] - setText(findTestObject("Step2/Page_AdRoot  Create Campaign Steps/Page_AdRoot  Create Campaign Steps/input_Ad Description_custom-input"), "Our Mission is to create one place for all advertising needs"): Text 'Our Mission is to create one place for all advertising needs' is set on object 'Object Repository/Step2/Page_AdRoot  Create Campaign Steps/Page_AdRoot  Create Campaign Steps/input_Ad Description_custom-input'

2022-03-22 11:39:53 - [MESSAGE][PASSED] - Text 'Our Mission is to create one place for all advertising needs' is set on object 'Object Repository/Step2/Page_AdRoot  Create Campaign Steps/Page_AdRoot  Create Campaign Steps/input_Ad Description_custom-input'

2022-03-22 11:39:53 - [TEST_STEP][PASSED] - setText(findTestObject("Step2/Page_AdRoot  Create Campaign Steps/input_Website URL_custom-input"), "gsmediagroup.net"): Text 'gsmediagroup.net' is set on object 'Object Repository/Step2/Page_AdRoot  Create Campaign Steps/input_Website URL_custom-input'

2022-03-22 11:39:53 - [MESSAGE][PASSED] - Text 'gsmediagroup.net' is set on object 'Object Repository/Step2/Page_AdRoot  Create Campaign Steps/input_Website URL_custom-input'

2022-03-22 11:39:53 - [TEST_STEP][PASSED] - click(findTestObject("Step2/Page_AdRoot  Create Campaign Steps/div_Choose AD")): Object: 'Object Repository/Step2/Page_AdRoot  Create Campaign Steps/div_Choose AD' is clicked on

2022-03-22 11:39:54 - [MESSAGE][PASSED] - Object: 'Object Repository/Step2/Page_AdRoot  Create Campaign Steps/div_Choose AD' is clicked on

2022-03-22 11:39:54 - [TEST_STEP][PASSED] - click(findTestObject("Object Repository/App-Create campaign/Page_AdRoot  Create Campaign Steps/span_cropped-512adroot.jpg")): Object: 'Object Repository/App-Create campaign/Page_AdRoot  Create Campaign Steps/span_cropped-512adroot.jpg' is clicked on

2022-03-22 11:39:55 - [MESSAGE][PASSED] - Object: 'Object Repository/App-Create campaign/Page_AdRoot  Create Campaign Steps/span_cropped-512adroot.jpg' is clicked on

2022-03-22 11:39:55 - [TEST_STEP][PASSED] - click(findTestObject("Step3/Page_AdRoot  Create Campaign Steps/button_Select")): Object: 'Object Repository/Step3/Page_AdRoot  Create Campaign Steps/button_Select' is clicked on

2022-03-22 11:39:55 - [MESSAGE][PASSED] - Object: 'Object Repository/Step3/Page_AdRoot  Create Campaign Steps/button_Select' is clicked on

2022-03-22 11:39:55 - [TEST_STEP][PASSED] - mouseOver(findTestObject("Google display/Page_AdRoot  Create Campaign Steps/div_1052Business nameHeadlineChoose ADHeadlineAd DescriptionOpen"), STOP_ON_FAILURE): Object: 'Object Repository/Google display/Page_AdRoot  Create Campaign Steps/div_1052Business nameHeadlineChoose ADHeadlineAd DescriptionOpen' is hovered

2022-03-22 11:39:56 - [MESSAGE][PASSED] - Object: 'Object Repository/Google display/Page_AdRoot  Create Campaign Steps/div_1052Business nameHeadlineChoose ADHeadlineAd DescriptionOpen' is hovered

2022-03-22 11:39:56 - [TEST_STEP][PASSED] - click(findTestObject("Step3/Page_AdRoot  Create Campaign Steps/Page_AdRoot  Create Campaign Steps/div_Open_actions-mode")): Object: 'Object Repository/Step3/Page_AdRoot  Create Campaign Steps/Page_AdRoot  Create Campaign Steps/div_Open_actions-mode' is clicked on

2022-03-22 11:39:56 - [MESSAGE][PASSED] - Object: 'Object Repository/Step3/Page_AdRoot  Create Campaign Steps/Page_AdRoot  Create Campaign Steps/div_Open_actions-mode' is clicked on

2022-03-22 11:39:56 - [TEST_STEP][PASSED] - click(findTestObject("Step3/Page_AdRoot  Create Campaign Steps/div_Open_edit")): Object: 'Object Repository/Step3/Page_AdRoot  Create Campaign Steps/div_Open_edit' is clicked on

2022-03-22 11:39:57 - [MESSAGE][PASSED] - Object: 'Object Repository/Step3/Page_AdRoot  Create Campaign Steps/div_Open_edit' is clicked on

2022-03-22 11:39:57 - [TEST_STEP][PASSED] - setText(findTestObject("Step3/Page_AdRoot  Create Campaign Steps/input_Business Name_custom-input"), "GS media"): Text 'GS media' is set on object 'Object Repository/Step3/Page_AdRoot  Create Campaign Steps/input_Business Name_custom-input'

2022-03-22 11:39:58 - [MESSAGE][PASSED] - Text 'GS media' is set on object 'Object Repository/Step3/Page_AdRoot  Create Campaign Steps/input_Business Name_custom-input'

2022-03-22 11:39:58 - [TEST_STEP][PASSED] - setText(findTestObject("Step3/Page_AdRoot  Create Campaign Steps/input_Long headline_custom-input"), "Ad management system"): Text 'Ad management system' is set on object 'Object Repository/Step3/Page_AdRoot  Create Campaign Steps/input_Long headline_custom-input'

2022-03-22 11:39:59 - [MESSAGE][PASSED] - Text 'Ad management system' is set on object 'Object Repository/Step3/Page_AdRoot  Create Campaign Steps/input_Long headline_custom-input'

2022-03-22 11:39:59 - [TEST_STEP][PASSED] - click(findTestObject("Step3/Page_AdRoot  Create Campaign Steps/button_Save")): Object: 'Object Repository/Step3/Page_AdRoot  Create Campaign Steps/button_Save' is clicked on

2022-03-22 11:40:00 - [MESSAGE][PASSED] - Object: 'Object Repository/Step3/Page_AdRoot  Create Campaign Steps/button_Save' is clicked on

2022-03-22 11:40:00 - [TEST_STEP][PASSED] - click(findTestObject("Object Repository/Step 4,5/Page_AdRoot  Create Campaign Steps/button_Next Step (1)")): Object: 'Object Repository/Step 4,5/Page_AdRoot  Create Campaign Steps/button_Next Step (1)' is clicked on

2022-03-22 11:40:00 - [MESSAGE][PASSED] - Object: 'Object Repository/Step 4,5/Page_AdRoot  Create Campaign Steps/button_Next Step (1)' is clicked on

2022-03-22 11:40:00 - [TEST_STEP][PASSED] - click(findTestObject("Object Repository/Step 4,5/Page_AdRoot  Create Campaign Steps/button_Next Step (1)")): Object: 'Object Repository/Step 4,5/Page_AdRoot  Create Campaign Steps/button_Next Step (1)' is clicked on

2022-03-22 11:40:02 - [MESSAGE][PASSED] - Object: 'Object Repository/Step 4,5/Page_AdRoot  Create Campaign Steps/button_Next Step (1)' is clicked on

2022-03-22 11:40:02 - [TEST_STEP][PASSED] - setText(findTestObject("Object Repository/Step 4,5/Page_AdRoot  Create Campaign Steps/input_Daily_custom-input"), "$ 1"): Text '$ 1' is set on object 'Object Repository/Step 4,5/Page_AdRoot  Create Campaign Steps/input_Daily_custom-input'

2022-03-22 11:40:03 - [MESSAGE][PASSED] - Text '$ 1' is set on object 'Object Repository/Step 4,5/Page_AdRoot  Create Campaign Steps/input_Daily_custom-input'

2022-03-22 11:40:03 - [TEST_STEP][PASSED] - click(findTestObject("Step 4,5/Page_AdRoot  Create Campaign Steps/input_Start_single-date-picker-datepicker-y6DXOBYbq5i4SX3nAPEZ")): Object: 'Object Repository/Step 4,5/Page_AdRoot  Create Campaign Steps/input_Start_single-date-picker-datepicker-y6DXOBYbq5i4SX3nAPEZ' is clicked on

2022-03-22 11:40:04 - [MESSAGE][PASSED] - Object: 'Object Repository/Step 4,5/Page_AdRoot  Create Campaign Steps/input_Start_single-date-picker-datepicker-y6DXOBYbq5i4SX3nAPEZ' is clicked on

2022-03-22 11:40:04 - [TEST_STEP][PASSED] - click(findTestObject("Step 4,5/Page_AdRoot  Create Campaign Steps/svg_Su_DayPickerNavigation_svg__horizontal DayPickerNavigation_svg__horizontal_1")): Object: 'Object Repository/Step 4,5/Page_AdRoot  Create Campaign Steps/svg_Su_DayPickerNavigation_svg__horizontal DayPickerNavigation_svg__horizontal_1' is clicked on

2022-03-22 11:40:04 - [MESSAGE][PASSED] - Object: 'Object Repository/Step 4,5/Page_AdRoot  Create Campaign Steps/svg_Su_DayPickerNavigation_svg__horizontal DayPickerNavigation_svg__horizontal_1' is clicked on

2022-03-22 11:40:04 - [TEST_STEP][PASSED] - click(findTestObject("Step 4,5/Page_AdRoot  Create Campaign Steps/svg_Su_DayPickerNavigation_svg__horizontal DayPickerNavigation_svg__horizontal_1")): Object: 'Object Repository/Step 4,5/Page_AdRoot  Create Campaign Steps/svg_Su_DayPickerNavigation_svg__horizontal DayPickerNavigation_svg__horizontal_1' is clicked on

2022-03-22 11:40:05 - [MESSAGE][PASSED] - Object: 'Object Repository/Step 4,5/Page_AdRoot  Create Campaign Steps/svg_Su_DayPickerNavigation_svg__horizontal DayPickerNavigation_svg__horizontal_1' is clicked on

2022-03-22 11:40:05 - [TEST_STEP][PASSED] - click(findTestObject("Step 4,5/Page_AdRoot  Create Campaign Steps/svg_Su_DayPickerNavigation_svg__horizontal DayPickerNavigation_svg__horizontal_1")): Object: 'Object Repository/Step 4,5/Page_AdRoot  Create Campaign Steps/svg_Su_DayPickerNavigation_svg__horizontal DayPickerNavigation_svg__horizontal_1' is clicked on

2022-03-22 11:40:05 - [MESSAGE][PASSED] - Object: 'Object Repository/Step 4,5/Page_AdRoot  Create Campaign Steps/svg_Su_DayPickerNavigation_svg__horizontal DayPickerNavigation_svg__horizontal_1' is clicked on

2022-03-22 11:40:05 - [TEST_STEP][PASSED] - click(findTestObject("Step 4,5/Page_AdRoot  Create Campaign Steps/svg_Su_DayPickerNavigation_svg__horizontal DayPickerNavigation_svg__horizontal_1")): Object: 'Object Repository/Step 4,5/Page_AdRoot  Create Campaign Steps/svg_Su_DayPickerNavigation_svg__horizontal DayPickerNavigation_svg__horizontal_1' is clicked on

2022-03-22 11:40:06 - [MESSAGE][PASSED] - Object: 'Object Repository/Step 4,5/Page_AdRoot  Create Campaign Steps/svg_Su_DayPickerNavigation_svg__horizontal DayPickerNavigation_svg__horizontal_1' is clicked on

2022-03-22 11:40:06 - [TEST_STEP][PASSED] - click(findTestObject("Step 4,5/Page_AdRoot  Create Campaign Steps/td_10")): Object: 'Object Repository/Step 4,5/Page_AdRoot  Create Campaign Steps/td_10' is clicked on

2022-03-22 11:40:06 - [MESSAGE][PASSED] - Object: 'Object Repository/Step 4,5/Page_AdRoot  Create Campaign Steps/td_10' is clicked on

2022-03-22 11:40:06 - [TEST_STEP][PASSED] - click(findTestObject("Object Repository/Step 4,5/Page_AdRoot  Create Campaign Steps/button_Finish")): Object: 'Object Repository/Step 4,5/Page_AdRoot  Create Campaign Steps/button_Finish' is clicked on

2022-03-22 11:40:07 - [MESSAGE][PASSED] - Object: 'Object Repository/Step 4,5/Page_AdRoot  Create Campaign Steps/button_Finish' is clicked on

2022-03-22 11:40:07 - [TEST_STEP][PASSED] - verifyElementPresent(findTestObject("Object Repository/Step 4,5/Page_AdRoot  Campaigns/div_PENDING"), 0): Object 'Object Repository/Step 4,5/Page_AdRoot  Campaigns/div_PENDING' is present

2022-03-22 11:40:07 - [MESSAGE][WARNING] - Timeout '0' is invalid. Using default page load timeout: '30'

2022-03-22 11:40:09 - [MESSAGE][PASSED] - Object 'Object Repository/Step 4,5/Page_AdRoot  Campaigns/div_PENDING' is present

2022-03-22 11:40:09 - [TEST_STEP][PASSED] - closeBrowser(): Browser is closed

2022-03-22 11:40:09 - [MESSAGE][PASSED] - Browser is closed]]></system-out>
         <system-err><![CDATA[]]></system-err>
      </testcase>
      <testcase name="Test Cases/Campaign/Create campaign/App-Create campaign/App-Reach campaign" time="45.586" classname="Test Cases/Campaign/Create campaign/App-Create campaign/App-Reach campaign" status="PASSED">
         <system-out><![CDATA[2022-03-22 11:40:09 - [TEST_CASE][PASSED] - Test Cases/Campaign/Create campaign/App-Create campaign/App-Reach campaign: Test Cases/Campaign/Create campaign/App-Create campaign/App-Reach campaign

2022-03-22 11:40:10 - [TEST_STEP][PASSED] - openBrowser(""): Browser is opened with url: ''

2022-03-22 11:40:10 - [MESSAGE][INFO] - Starting 'Chrome' driver

2022-03-22 11:40:10 - [MESSAGE][INFO] - Action delay is set to 0 milliseconds

2022-03-22 11:40:11 - [MESSAGE][PASSED] - Browser is opened with url: ''

2022-03-22 11:40:11 - [TEST_STEP][PASSED] - setViewPortSize(1550, 900): Viewport is set to new size with width = 1550 and height = 900

2022-03-22 11:40:11 - [MESSAGE][PASSED] - Viewport is set to new size with width = 1550 and height = 900

2022-03-22 11:40:11 - [TEST_STEP][PASSED] - navigateToUrl("https://app.adroot.io/auth/signin"): Navigate to 'https://app.adroot.io/auth/signin' successfully

2022-03-22 11:40:13 - [MESSAGE][PASSED] - Navigate to 'https://app.adroot.io/auth/signin' successfully

2022-03-22 11:40:13 - [TEST_STEP][PASSED] - setText(findTestObject("Object Repository/Regular Create campaign/Page_AdRoot  Login/input_E-mail_email"), "makronmanuel01@gmail.com"): Text 'makronmanuel01@gmail.com' is set on object 'Object Repository/Regular Create campaign/Page_AdRoot  Login/input_E-mail_email'

2022-03-22 11:40:15 - [MESSAGE][PASSED] - Text 'makronmanuel01@gmail.com' is set on object 'Object Repository/Regular Create campaign/Page_AdRoot  Login/input_E-mail_email'

2022-03-22 11:40:15 - [TEST_STEP][PASSED] - setEncryptedText(findTestObject("Object Repository/Regular Create campaign/Page_AdRoot  Login/input_Password_password"), "9juLMCYi8sYpY2Mrwe5diw=="): Text ****** has been set on object 'Object Repository/Regular Create campaign/Page_AdRoot  Login/input_Password_password'

2022-03-22 11:40:15 - [MESSAGE][PASSED] - Text ****** has been set on object 'Object Repository/Regular Create campaign/Page_AdRoot  Login/input_Password_password'

2022-03-22 11:40:15 - [TEST_STEP][PASSED] - click(findTestObject("Object Repository/Regular Create campaign/Page_AdRoot  Login/button_Sign in")): Object: 'Object Repository/Regular Create campaign/Page_AdRoot  Login/button_Sign in' is clicked on

2022-03-22 11:40:16 - [MESSAGE][PASSED] - Object: 'Object Repository/Regular Create campaign/Page_AdRoot  Login/button_Sign in' is clicked on

2022-03-22 11:40:16 - [TEST_STEP][PASSED] - click(findTestObject("Page_AdRoot  Campaigns/img")): Object: 'Object Repository/Page_AdRoot  Campaigns/img' is clicked on

2022-03-22 11:40:18 - [MESSAGE][PASSED] - Object: 'Object Repository/Page_AdRoot  Campaigns/img' is clicked on

2022-03-22 11:40:18 - [TEST_STEP][PASSED] - click(findTestObject("Page_AdRoot  Campaigns/div_By Ruzan (app)")): Object: 'Object Repository/Page_AdRoot  Campaigns/div_By Ruzan (app)' is clicked on

2022-03-22 11:40:19 - [MESSAGE][PASSED] - Object: 'Object Repository/Page_AdRoot  Campaigns/div_By Ruzan (app)' is clicked on

2022-03-22 11:40:19 - [TEST_STEP][PASSED] - click(findTestObject("Campaign copy/Page_AdRoot  Dashboard/a_Campaigns")): Object: 'Object Repository/Campaign copy/Page_AdRoot  Dashboard/a_Campaigns' is clicked on

2022-03-22 11:40:22 - [MESSAGE][PASSED] - Object: 'Object Repository/Campaign copy/Page_AdRoot  Dashboard/a_Campaigns' is clicked on

2022-03-22 11:40:22 - [TEST_STEP][PASSED] - click(findTestObject("Regular Create campaign/Page_AdRoot  Campaigns/div_Campaign View")): Object: 'Object Repository/Regular Create campaign/Page_AdRoot  Campaigns/div_Campaign View' is clicked on

2022-03-22 11:40:23 - [MESSAGE][PASSED] - Object: 'Object Repository/Regular Create campaign/Page_AdRoot  Campaigns/div_Campaign View' is clicked on

2022-03-22 11:40:23 - [TEST_STEP][PASSED] - click(findTestObject("Regular Create campaign/Page_AdRoot  Campaigns/div_New Campaign")): Object: 'Object Repository/Regular Create campaign/Page_AdRoot  Campaigns/div_New Campaign' is clicked on

2022-03-22 11:40:25 - [MESSAGE][PASSED] - Object: 'Object Repository/Regular Create campaign/Page_AdRoot  Campaigns/div_New Campaign' is clicked on

2022-03-22 11:40:25 - [TEST_STEP][PASSED] - setText(findTestObject("Page_AdRoot  Create Campaign Steps/input_Campaign name_custom-input"), "appadroot1"): Text 'appadroot1' is set on object 'Object Repository/Page_AdRoot  Create Campaign Steps/input_Campaign name_custom-input'

2022-03-22 11:40:26 - [MESSAGE][PASSED] - Text 'appadroot1' is set on object 'Object Repository/Page_AdRoot  Create Campaign Steps/input_Campaign name_custom-input'

2022-03-22 11:40:26 - [TEST_STEP][PASSED] - click(findTestObject("Regular Create campaign/Page_AdRoot  Campaigns/Page_AdRoot  Create Campaign Steps/span_Name is taken")): Object: 'Object Repository/Regular Create campaign/Page_AdRoot  Campaigns/Page_AdRoot  Create Campaign Steps/span_Name is taken' is clicked on

2022-03-22 11:40:27 - [MESSAGE][PASSED] - Object: 'Object Repository/Regular Create campaign/Page_AdRoot  Campaigns/Page_AdRoot  Create Campaign Steps/span_Name is taken' is clicked on

2022-03-22 11:40:27 - [TEST_STEP][PASSED] - click(findTestObject("Goals/Goals/Page_AdRoot  Create Campaign Steps/div_Reach")): Object: 'Object Repository/Goals/Goals/Page_AdRoot  Create Campaign Steps/div_Reach' is clicked on

2022-03-22 11:40:28 - [MESSAGE][PASSED] - Object: 'Object Repository/Goals/Goals/Page_AdRoot  Create Campaign Steps/div_Reach' is clicked on

2022-03-22 11:40:28 - [TEST_STEP][PASSED] - Ms = verifyTextPresent("Name is taken", false): Text 'Name is taken' is present on page 

2022-03-22 11:40:28 - [MESSAGE][PASSED] - Text 'Name is taken' is present on page 

2022-03-22 11:40:28 - [TEST_STEP][PASSED] - if (Ms.equals("true")): Object: 'Object Repository/Regular Create campaign/Page_AdRoot  Campaigns/Page_AdRoot  Create Campaign Steps/button_Next Step' is clicked on

2022-03-22 11:40:28 - [TEST_STEP][PASSED] - RN = <not implemented yet for class: org.codehaus.groovy.ast.expr.EmptyExpression>: null

2022-03-22 11:40:28 - [TEST_STEP][PASSED] - RN = Math.random() * 5000: null

2022-03-22 11:40:28 - [TEST_STEP][PASSED] - setText(findTestObject("Object Repository/Regular Create campaign/Page_AdRoot  Create Campaign Steps/input_Campaign name_invalid custom-input"), "appadroot" + RN): Text 'appadroot2505' is set on object 'Object Repository/Regular Create campaign/Page_AdRoot  Create Campaign Steps/input_Campaign name_invalid custom-input'

2022-03-22 11:40:29 - [MESSAGE][PASSED] - Text 'appadroot2505' is set on object 'Object Repository/Regular Create campaign/Page_AdRoot  Create Campaign Steps/input_Campaign name_invalid custom-input'

2022-03-22 11:40:29 - [TEST_STEP][PASSED] - click(findTestObject("Object Repository/Regular Create campaign/Page_AdRoot  Campaigns/Page_AdRoot  Create Campaign Steps/button_Next Step")): Object: 'Object Repository/Regular Create campaign/Page_AdRoot  Campaigns/Page_AdRoot  Create Campaign Steps/button_Next Step' is clicked on

2022-03-22 11:40:30 - [MESSAGE][PASSED] - Object: 'Object Repository/Regular Create campaign/Page_AdRoot  Campaigns/Page_AdRoot  Create Campaign Steps/button_Next Step' is clicked on

2022-03-22 11:40:30 - [TEST_STEP][PASSED] - verifyElementPresent(findTestObject("Step2/Page_AdRoot  Create Campaign Steps/div_GS PubSense"), 0): Object 'Object Repository/Step2/Page_AdRoot  Create Campaign Steps/div_GS PubSense' is present

2022-03-22 11:40:30 - [MESSAGE][WARNING] - Timeout '0' is invalid. Using default page load timeout: '30'

2022-03-22 11:40:32 - [MESSAGE][PASSED] - Object 'Object Repository/Step2/Page_AdRoot  Create Campaign Steps/div_GS PubSense' is present

2022-03-22 11:40:32 - [TEST_STEP][PASSED] - verifyElementPresent(findTestObject("Step2/Page_AdRoot  Create Campaign Steps/div_Artashes Mxchyan"), 0): Object 'Object Repository/Step2/Page_AdRoot  Create Campaign Steps/div_Artashes Mxchyan' is present

2022-03-22 11:40:32 - [MESSAGE][WARNING] - Timeout '0' is invalid. Using default page load timeout: '30'

2022-03-22 11:40:32 - [MESSAGE][PASSED] - Object 'Object Repository/Step2/Page_AdRoot  Create Campaign Steps/div_Artashes Mxchyan' is present

2022-03-22 11:40:32 - [TEST_STEP][PASSED] - click(findTestObject("Step2/Page_AdRoot  Create Campaign Steps/button_Next Step")): Object: 'Object Repository/Step2/Page_AdRoot  Create Campaign Steps/button_Next Step' is clicked on

2022-03-22 11:40:33 - [MESSAGE][PASSED] - Object: 'Object Repository/Step2/Page_AdRoot  Create Campaign Steps/button_Next Step' is clicked on

2022-03-22 11:40:33 - [TEST_STEP][PASSED] - click(findTestObject("Object Repository/Step2/Page_AdRoot  Create Campaign Steps/Page_AdRoot  Create Campaign Steps/input_Primary Text_invalid custom-input")): Object: 'Object Repository/Step2/Page_AdRoot  Create Campaign Steps/Page_AdRoot  Create Campaign Steps/input_Primary Text_invalid custom-input' is clicked on

2022-03-22 11:40:34 - [MESSAGE][PASSED] - Object: 'Object Repository/Step2/Page_AdRoot  Create Campaign Steps/Page_AdRoot  Create Campaign Steps/input_Primary Text_invalid custom-input' is clicked on

2022-03-22 11:40:34 - [TEST_STEP][PASSED] - setText(findTestObject("Object Repository/Step2/Page_AdRoot  Create Campaign Steps/Page_AdRoot  Create Campaign Steps/input_Primary Text_invalid custom-input"), "Social media"): Text 'Social media' is set on object 'Object Repository/Step2/Page_AdRoot  Create Campaign Steps/Page_AdRoot  Create Campaign Steps/input_Primary Text_invalid custom-input'

2022-03-22 11:40:35 - [MESSAGE][PASSED] - Text 'Social media' is set on object 'Object Repository/Step2/Page_AdRoot  Create Campaign Steps/Page_AdRoot  Create Campaign Steps/input_Primary Text_invalid custom-input'

2022-03-22 11:40:35 - [TEST_STEP][PASSED] - setText(findTestObject("Step2/Page_AdRoot  Create Campaign Steps/Page_AdRoot  Create Campaign Steps/input_Headline_custom-input"), "Social media ads management "): Text 'Social media ads management ' is set on object 'Object Repository/Step2/Page_AdRoot  Create Campaign Steps/Page_AdRoot  Create Campaign Steps/input_Headline_custom-input'

2022-03-22 11:40:36 - [MESSAGE][PASSED] - Text 'Social media ads management ' is set on object 'Object Repository/Step2/Page_AdRoot  Create Campaign Steps/Page_AdRoot  Create Campaign Steps/input_Headline_custom-input'

2022-03-22 11:40:36 - [TEST_STEP][PASSED] - setText(findTestObject("Step2/Page_AdRoot  Create Campaign Steps/Page_AdRoot  Create Campaign Steps/input_Ad Description_custom-input"), "Our Mission is to create one place for all advertising needs"): Text 'Our Mission is to create one place for all advertising needs' is set on object 'Object Repository/Step2/Page_AdRoot  Create Campaign Steps/Page_AdRoot  Create Campaign Steps/input_Ad Description_custom-input'

2022-03-22 11:40:38 - [MESSAGE][PASSED] - Text 'Our Mission is to create one place for all advertising needs' is set on object 'Object Repository/Step2/Page_AdRoot  Create Campaign Steps/Page_AdRoot  Create Campaign Steps/input_Ad Description_custom-input'

2022-03-22 11:40:38 - [TEST_STEP][PASSED] - setText(findTestObject("Step2/Page_AdRoot  Create Campaign Steps/input_Website URL_custom-input"), "gsmediagroup.net"): Text 'gsmediagroup.net' is set on object 'Object Repository/Step2/Page_AdRoot  Create Campaign Steps/input_Website URL_custom-input'

2022-03-22 11:40:39 - [MESSAGE][PASSED] - Text 'gsmediagroup.net' is set on object 'Object Repository/Step2/Page_AdRoot  Create Campaign Steps/input_Website URL_custom-input'

2022-03-22 11:40:39 - [TEST_STEP][PASSED] - click(findTestObject("Step2/Page_AdRoot  Create Campaign Steps/div_Choose AD")): Object: 'Object Repository/Step2/Page_AdRoot  Create Campaign Steps/div_Choose AD' is clicked on

2022-03-22 11:40:39 - [MESSAGE][PASSED] - Object: 'Object Repository/Step2/Page_AdRoot  Create Campaign Steps/div_Choose AD' is clicked on

2022-03-22 11:40:39 - [TEST_STEP][PASSED] - click(findTestObject("Object Repository/App-Create campaign/Page_AdRoot  Create Campaign Steps/span_cropped-512adroot.jpg")): Object: 'Object Repository/App-Create campaign/Page_AdRoot  Create Campaign Steps/span_cropped-512adroot.jpg' is clicked on

2022-03-22 11:40:40 - [MESSAGE][PASSED] - Object: 'Object Repository/App-Create campaign/Page_AdRoot  Create Campaign Steps/span_cropped-512adroot.jpg' is clicked on

2022-03-22 11:40:40 - [TEST_STEP][PASSED] - click(findTestObject("Step3/Page_AdRoot  Create Campaign Steps/button_Select")): Object: 'Object Repository/Step3/Page_AdRoot  Create Campaign Steps/button_Select' is clicked on

2022-03-22 11:40:41 - [MESSAGE][PASSED] - Object: 'Object Repository/Step3/Page_AdRoot  Create Campaign Steps/button_Select' is clicked on

2022-03-22 11:40:41 - [TEST_STEP][PASSED] - mouseOver(findTestObject("Google display/Page_AdRoot  Create Campaign Steps/div_1052Business nameHeadlineChoose ADHeadlineAd DescriptionOpen"), STOP_ON_FAILURE): Object: 'Object Repository/Google display/Page_AdRoot  Create Campaign Steps/div_1052Business nameHeadlineChoose ADHeadlineAd DescriptionOpen' is hovered

2022-03-22 11:40:41 - [MESSAGE][PASSED] - Object: 'Object Repository/Google display/Page_AdRoot  Create Campaign Steps/div_1052Business nameHeadlineChoose ADHeadlineAd DescriptionOpen' is hovered

2022-03-22 11:40:41 - [TEST_STEP][PASSED] - click(findTestObject("Step3/Page_AdRoot  Create Campaign Steps/Page_AdRoot  Create Campaign Steps/div_Open_actions-mode")): Object: 'Object Repository/Step3/Page_AdRoot  Create Campaign Steps/Page_AdRoot  Create Campaign Steps/div_Open_actions-mode' is clicked on

2022-03-22 11:40:42 - [MESSAGE][PASSED] - Object: 'Object Repository/Step3/Page_AdRoot  Create Campaign Steps/Page_AdRoot  Create Campaign Steps/div_Open_actions-mode' is clicked on

2022-03-22 11:40:42 - [TEST_STEP][PASSED] - click(findTestObject("Step3/Page_AdRoot  Create Campaign Steps/div_Open_edit")): Object: 'Object Repository/Step3/Page_AdRoot  Create Campaign Steps/div_Open_edit' is clicked on

2022-03-22 11:40:42 - [MESSAGE][PASSED] - Object: 'Object Repository/Step3/Page_AdRoot  Create Campaign Steps/div_Open_edit' is clicked on

2022-03-22 11:40:42 - [TEST_STEP][PASSED] - setText(findTestObject("Step3/Page_AdRoot  Create Campaign Steps/input_Business Name_custom-input"), "GS media"): Text 'GS media' is set on object 'Object Repository/Step3/Page_AdRoot  Create Campaign Steps/input_Business Name_custom-input'

2022-03-22 11:40:44 - [MESSAGE][PASSED] - Text 'GS media' is set on object 'Object Repository/Step3/Page_AdRoot  Create Campaign Steps/input_Business Name_custom-input'

2022-03-22 11:40:44 - [TEST_STEP][PASSED] - setText(findTestObject("Step3/Page_AdRoot  Create Campaign Steps/input_Long headline_custom-input"), "Ad management system"): Text 'Ad management system' is set on object 'Object Repository/Step3/Page_AdRoot  Create Campaign Steps/input_Long headline_custom-input'

2022-03-22 11:40:45 - [MESSAGE][PASSED] - Text 'Ad management system' is set on object 'Object Repository/Step3/Page_AdRoot  Create Campaign Steps/input_Long headline_custom-input'

2022-03-22 11:40:45 - [TEST_STEP][PASSED] - click(findTestObject("Step3/Page_AdRoot  Create Campaign Steps/button_Save")): Object: 'Object Repository/Step3/Page_AdRoot  Create Campaign Steps/button_Save' is clicked on

2022-03-22 11:40:45 - [MESSAGE][PASSED] - Object: 'Object Repository/Step3/Page_AdRoot  Create Campaign Steps/button_Save' is clicked on

2022-03-22 11:40:45 - [TEST_STEP][PASSED] - click(findTestObject("Object Repository/Step 4,5/Page_AdRoot  Create Campaign Steps/button_Next Step (1)")): Object: 'Object Repository/Step 4,5/Page_AdRoot  Create Campaign Steps/button_Next Step (1)' is clicked on

2022-03-22 11:40:46 - [MESSAGE][PASSED] - Object: 'Object Repository/Step 4,5/Page_AdRoot  Create Campaign Steps/button_Next Step (1)' is clicked on

2022-03-22 11:40:46 - [TEST_STEP][PASSED] - click(findTestObject("Object Repository/Step 4,5/Page_AdRoot  Create Campaign Steps/button_Next Step (1)")): Object: 'Object Repository/Step 4,5/Page_AdRoot  Create Campaign Steps/button_Next Step (1)' is clicked on

2022-03-22 11:40:47 - [MESSAGE][PASSED] - Object: 'Object Repository/Step 4,5/Page_AdRoot  Create Campaign Steps/button_Next Step (1)' is clicked on

2022-03-22 11:40:47 - [TEST_STEP][PASSED] - setText(findTestObject("Object Repository/Step 4,5/Page_AdRoot  Create Campaign Steps/input_Daily_custom-input"), "$ 1"): Text '$ 1' is set on object 'Object Repository/Step 4,5/Page_AdRoot  Create Campaign Steps/input_Daily_custom-input'

2022-03-22 11:40:49 - [MESSAGE][PASSED] - Text '$ 1' is set on object 'Object Repository/Step 4,5/Page_AdRoot  Create Campaign Steps/input_Daily_custom-input'

2022-03-22 11:40:49 - [TEST_STEP][PASSED] - click(findTestObject("Step 4,5/Page_AdRoot  Create Campaign Steps/input_Start_single-date-picker-datepicker-y6DXOBYbq5i4SX3nAPEZ")): Object: 'Object Repository/Step 4,5/Page_AdRoot  Create Campaign Steps/input_Start_single-date-picker-datepicker-y6DXOBYbq5i4SX3nAPEZ' is clicked on

2022-03-22 11:40:49 - [MESSAGE][PASSED] - Object: 'Object Repository/Step 4,5/Page_AdRoot  Create Campaign Steps/input_Start_single-date-picker-datepicker-y6DXOBYbq5i4SX3nAPEZ' is clicked on

2022-03-22 11:40:49 - [TEST_STEP][PASSED] - click(findTestObject("Step 4,5/Page_AdRoot  Create Campaign Steps/svg_Su_DayPickerNavigation_svg__horizontal DayPickerNavigation_svg__horizontal_1")): Object: 'Object Repository/Step 4,5/Page_AdRoot  Create Campaign Steps/svg_Su_DayPickerNavigation_svg__horizontal DayPickerNavigation_svg__horizontal_1' is clicked on

2022-03-22 11:40:50 - [MESSAGE][PASSED] - Object: 'Object Repository/Step 4,5/Page_AdRoot  Create Campaign Steps/svg_Su_DayPickerNavigation_svg__horizontal DayPickerNavigation_svg__horizontal_1' is clicked on

2022-03-22 11:40:50 - [TEST_STEP][PASSED] - click(findTestObject("Step 4,5/Page_AdRoot  Create Campaign Steps/svg_Su_DayPickerNavigation_svg__horizontal DayPickerNavigation_svg__horizontal_1")): Object: 'Object Repository/Step 4,5/Page_AdRoot  Create Campaign Steps/svg_Su_DayPickerNavigation_svg__horizontal DayPickerNavigation_svg__horizontal_1' is clicked on

2022-03-22 11:40:50 - [MESSAGE][PASSED] - Object: 'Object Repository/Step 4,5/Page_AdRoot  Create Campaign Steps/svg_Su_DayPickerNavigation_svg__horizontal DayPickerNavigation_svg__horizontal_1' is clicked on

2022-03-22 11:40:50 - [TEST_STEP][PASSED] - click(findTestObject("Step 4,5/Page_AdRoot  Create Campaign Steps/svg_Su_DayPickerNavigation_svg__horizontal DayPickerNavigation_svg__horizontal_1")): Object: 'Object Repository/Step 4,5/Page_AdRoot  Create Campaign Steps/svg_Su_DayPickerNavigation_svg__horizontal DayPickerNavigation_svg__horizontal_1' is clicked on

2022-03-22 11:40:51 - [MESSAGE][PASSED] - Object: 'Object Repository/Step 4,5/Page_AdRoot  Create Campaign Steps/svg_Su_DayPickerNavigation_svg__horizontal DayPickerNavigation_svg__horizontal_1' is clicked on

2022-03-22 11:40:51 - [TEST_STEP][PASSED] - click(findTestObject("Step 4,5/Page_AdRoot  Create Campaign Steps/svg_Su_DayPickerNavigation_svg__horizontal DayPickerNavigation_svg__horizontal_1")): Object: 'Object Repository/Step 4,5/Page_AdRoot  Create Campaign Steps/svg_Su_DayPickerNavigation_svg__horizontal DayPickerNavigation_svg__horizontal_1' is clicked on

2022-03-22 11:40:51 - [MESSAGE][PASSED] - Object: 'Object Repository/Step 4,5/Page_AdRoot  Create Campaign Steps/svg_Su_DayPickerNavigation_svg__horizontal DayPickerNavigation_svg__horizontal_1' is clicked on

2022-03-22 11:40:51 - [TEST_STEP][PASSED] - click(findTestObject("Step 4,5/Page_AdRoot  Create Campaign Steps/td_10")): Object: 'Object Repository/Step 4,5/Page_AdRoot  Create Campaign Steps/td_10' is clicked on

2022-03-22 11:40:52 - [MESSAGE][PASSED] - Object: 'Object Repository/Step 4,5/Page_AdRoot  Create Campaign Steps/td_10' is clicked on

2022-03-22 11:40:52 - [TEST_STEP][PASSED] - click(findTestObject("Object Repository/Step 4,5/Page_AdRoot  Create Campaign Steps/button_Finish")): Object: 'Object Repository/Step 4,5/Page_AdRoot  Create Campaign Steps/button_Finish' is clicked on

2022-03-22 11:40:53 - [MESSAGE][PASSED] - Object: 'Object Repository/Step 4,5/Page_AdRoot  Create Campaign Steps/button_Finish' is clicked on

2022-03-22 11:40:53 - [TEST_STEP][PASSED] - verifyElementPresent(findTestObject("Object Repository/Step 4,5/Page_AdRoot  Campaigns/div_PENDING"), 0): Object 'Object Repository/Step 4,5/Page_AdRoot  Campaigns/div_PENDING' is present

2022-03-22 11:40:53 - [MESSAGE][WARNING] - Timeout '0' is invalid. Using default page load timeout: '30'

2022-03-22 11:40:54 - [MESSAGE][PASSED] - Object 'Object Repository/Step 4,5/Page_AdRoot  Campaigns/div_PENDING' is present

2022-03-22 11:40:54 - [TEST_STEP][PASSED] - closeBrowser(): Browser is closed

2022-03-22 11:40:55 - [MESSAGE][PASSED] - Browser is closed]]></system-out>
         <system-err><![CDATA[]]></system-err>
      </testcase>
      <testcase name="Test Cases/Campaign/Create campaign/App-Create campaign/App-Traffic campaign" time="47.099" classname="Test Cases/Campaign/Create campaign/App-Create campaign/App-Traffic campaign" status="PASSED">
         <system-out><![CDATA[2022-03-22 11:42:56 - [TEST_CASE][PASSED] - Test Cases/Campaign/Create campaign/App-Create campaign/App-Traffic campaign: Test Cases/Campaign/Create campaign/App-Create campaign/App-Traffic campaign

2022-03-22 11:42:56 - [TEST_STEP][PASSED] - openBrowser(""): Browser is opened with url: ''

2022-03-22 11:42:56 - [MESSAGE][WARNING] - A browser is already opened. Closing browser and opening a new one

2022-03-22 11:42:57 - [MESSAGE][INFO] - Starting 'Chrome' driver

2022-03-22 11:42:57 - [MESSAGE][INFO] - Action delay is set to 0 milliseconds

2022-03-22 11:42:58 - [MESSAGE][PASSED] - Browser is opened with url: ''

2022-03-22 11:42:58 - [TEST_STEP][PASSED] - setViewPortSize(1550, 900): Viewport is set to new size with width = 1550 and height = 900

2022-03-22 11:42:58 - [MESSAGE][PASSED] - Viewport is set to new size with width = 1550 and height = 900

2022-03-22 11:42:58 - [TEST_STEP][PASSED] - navigateToUrl("https://app.adroot.io/auth/signin"): Navigate to 'https://app.adroot.io/auth/signin' successfully

2022-03-22 11:43:00 - [MESSAGE][PASSED] - Navigate to 'https://app.adroot.io/auth/signin' successfully

2022-03-22 11:43:00 - [TEST_STEP][PASSED] - setText(findTestObject("Object Repository/Regular Create campaign/Page_AdRoot  Login/input_E-mail_email"), "makronmanuel01@gmail.com"): Text 'makronmanuel01@gmail.com' is set on object 'Object Repository/Regular Create campaign/Page_AdRoot  Login/input_E-mail_email'

2022-03-22 11:43:01 - [MESSAGE][PASSED] - Text 'makronmanuel01@gmail.com' is set on object 'Object Repository/Regular Create campaign/Page_AdRoot  Login/input_E-mail_email'

2022-03-22 11:43:01 - [TEST_STEP][PASSED] - setEncryptedText(findTestObject("Object Repository/Regular Create campaign/Page_AdRoot  Login/input_Password_password"), "9juLMCYi8sYpY2Mrwe5diw=="): Text ****** has been set on object 'Object Repository/Regular Create campaign/Page_AdRoot  Login/input_Password_password'

2022-03-22 11:43:02 - [MESSAGE][PASSED] - Text ****** has been set on object 'Object Repository/Regular Create campaign/Page_AdRoot  Login/input_Password_password'

2022-03-22 11:43:02 - [TEST_STEP][PASSED] - click(findTestObject("Object Repository/Regular Create campaign/Page_AdRoot  Login/button_Sign in")): Object: 'Object Repository/Regular Create campaign/Page_AdRoot  Login/button_Sign in' is clicked on

2022-03-22 11:43:02 - [MESSAGE][PASSED] - Object: 'Object Repository/Regular Create campaign/Page_AdRoot  Login/button_Sign in' is clicked on

2022-03-22 11:43:02 - [TEST_STEP][PASSED] - click(findTestObject("Page_AdRoot  Campaigns/img")): Object: 'Object Repository/Page_AdRoot  Campaigns/img' is clicked on

2022-03-22 11:43:04 - [MESSAGE][PASSED] - Object: 'Object Repository/Page_AdRoot  Campaigns/img' is clicked on

2022-03-22 11:43:04 - [TEST_STEP][PASSED] - click(findTestObject("Page_AdRoot  Campaigns/div_By Ruzan (app)")): Object: 'Object Repository/Page_AdRoot  Campaigns/div_By Ruzan (app)' is clicked on

2022-03-22 11:43:05 - [MESSAGE][PASSED] - Object: 'Object Repository/Page_AdRoot  Campaigns/div_By Ruzan (app)' is clicked on

2022-03-22 11:43:05 - [TEST_STEP][PASSED] - click(findTestObject("Campaign copy/Page_AdRoot  Dashboard/a_Campaigns")): Object: 'Object Repository/Campaign copy/Page_AdRoot  Dashboard/a_Campaigns' is clicked on

2022-03-22 11:43:08 - [MESSAGE][PASSED] - Object: 'Object Repository/Campaign copy/Page_AdRoot  Dashboard/a_Campaigns' is clicked on

2022-03-22 11:43:08 - [TEST_STEP][PASSED] - click(findTestObject("Regular Create campaign/Page_AdRoot  Campaigns/div_Campaign View")): Object: 'Object Repository/Regular Create campaign/Page_AdRoot  Campaigns/div_Campaign View' is clicked on

2022-03-22 11:43:09 - [MESSAGE][PASSED] - Object: 'Object Repository/Regular Create campaign/Page_AdRoot  Campaigns/div_Campaign View' is clicked on

2022-03-22 11:43:09 - [TEST_STEP][PASSED] - click(findTestObject("Regular Create campaign/Page_AdRoot  Campaigns/div_New Campaign")): Object: 'Object Repository/Regular Create campaign/Page_AdRoot  Campaigns/div_New Campaign' is clicked on

2022-03-22 11:43:10 - [MESSAGE][PASSED] - Object: 'Object Repository/Regular Create campaign/Page_AdRoot  Campaigns/div_New Campaign' is clicked on

2022-03-22 11:43:10 - [TEST_STEP][PASSED] - setText(findTestObject("Page_AdRoot  Create Campaign Steps/input_Campaign name_custom-input"), "appadroot1"): Text 'appadroot1' is set on object 'Object Repository/Page_AdRoot  Create Campaign Steps/input_Campaign name_custom-input'

2022-03-22 11:43:12 - [MESSAGE][PASSED] - Text 'appadroot1' is set on object 'Object Repository/Page_AdRoot  Create Campaign Steps/input_Campaign name_custom-input'

2022-03-22 11:43:12 - [TEST_STEP][PASSED] - click(findTestObject("Regular Create campaign/Page_AdRoot  Campaigns/Page_AdRoot  Create Campaign Steps/span_Name is taken")): Object: 'Object Repository/Regular Create campaign/Page_AdRoot  Campaigns/Page_AdRoot  Create Campaign Steps/span_Name is taken' is clicked on

2022-03-22 11:43:13 - [MESSAGE][PASSED] - Object: 'Object Repository/Regular Create campaign/Page_AdRoot  Campaigns/Page_AdRoot  Create Campaign Steps/span_Name is taken' is clicked on

2022-03-22 11:43:13 - [TEST_STEP][PASSED] - Ms = verifyTextPresent("Name is taken", false): Text 'Name is taken' is present on page 

2022-03-22 11:43:13 - [MESSAGE][PASSED] - Text 'Name is taken' is present on page 

2022-03-22 11:43:13 - [TEST_STEP][PASSED] - if (Ms.equals("true")): Object: 'Object Repository/Regular Create campaign/Page_AdRoot  Campaigns/Page_AdRoot  Create Campaign Steps/button_Next Step' is clicked on

2022-03-22 11:43:13 - [TEST_STEP][PASSED] - RN = <not implemented yet for class: org.codehaus.groovy.ast.expr.EmptyExpression>: null

2022-03-22 11:43:13 - [TEST_STEP][PASSED] - RN = Math.random() * 5000: null

2022-03-22 11:43:13 - [TEST_STEP][PASSED] - setText(findTestObject("Object Repository/Regular Create campaign/Page_AdRoot  Create Campaign Steps/input_Campaign name_invalid custom-input"), "appadroot" + RN): Text 'appadroot2442' is set on object 'Object Repository/Regular Create campaign/Page_AdRoot  Create Campaign Steps/input_Campaign name_invalid custom-input'

2022-03-22 11:43:14 - [MESSAGE][PASSED] - Text 'appadroot2442' is set on object 'Object Repository/Regular Create campaign/Page_AdRoot  Create Campaign Steps/input_Campaign name_invalid custom-input'

2022-03-22 11:43:14 - [TEST_STEP][PASSED] - click(findTestObject("Object Repository/Regular Create campaign/Page_AdRoot  Campaigns/Page_AdRoot  Create Campaign Steps/button_Next Step")): Object: 'Object Repository/Regular Create campaign/Page_AdRoot  Campaigns/Page_AdRoot  Create Campaign Steps/button_Next Step' is clicked on

2022-03-22 11:43:14 - [MESSAGE][PASSED] - Object: 'Object Repository/Regular Create campaign/Page_AdRoot  Campaigns/Page_AdRoot  Create Campaign Steps/button_Next Step' is clicked on

2022-03-22 11:43:14 - [TEST_STEP][PASSED] - verifyElementPresent(findTestObject("Step2/Page_AdRoot  Create Campaign Steps/div_GS PubSense"), 0): Object 'Object Repository/Step2/Page_AdRoot  Create Campaign Steps/div_GS PubSense' is present

2022-03-22 11:43:14 - [MESSAGE][WARNING] - Timeout '0' is invalid. Using default page load timeout: '30'

2022-03-22 11:43:15 - [MESSAGE][PASSED] - Object 'Object Repository/Step2/Page_AdRoot  Create Campaign Steps/div_GS PubSense' is present

2022-03-22 11:43:15 - [TEST_STEP][PASSED] - verifyElementPresent(findTestObject("Step2/Page_AdRoot  Create Campaign Steps/div_Artashes Mxchyan"), 0): Object 'Object Repository/Step2/Page_AdRoot  Create Campaign Steps/div_Artashes Mxchyan' is present

2022-03-22 11:43:15 - [MESSAGE][WARNING] - Timeout '0' is invalid. Using default page load timeout: '30'

2022-03-22 11:43:16 - [MESSAGE][PASSED] - Object 'Object Repository/Step2/Page_AdRoot  Create Campaign Steps/div_Artashes Mxchyan' is present

2022-03-22 11:43:16 - [TEST_STEP][PASSED] - click(findTestObject("Step2/Page_AdRoot  Create Campaign Steps/button_Next Step")): Object: 'Object Repository/Step2/Page_AdRoot  Create Campaign Steps/button_Next Step' is clicked on

2022-03-22 11:43:16 - [MESSAGE][PASSED] - Object: 'Object Repository/Step2/Page_AdRoot  Create Campaign Steps/button_Next Step' is clicked on

2022-03-22 11:43:16 - [TEST_STEP][PASSED] - click(findTestObject("Object Repository/Step2/Page_AdRoot  Create Campaign Steps/Page_AdRoot  Create Campaign Steps/input_Primary Text_invalid custom-input")): Object: 'Object Repository/Step2/Page_AdRoot  Create Campaign Steps/Page_AdRoot  Create Campaign Steps/input_Primary Text_invalid custom-input' is clicked on

2022-03-22 11:43:17 - [MESSAGE][PASSED] - Object: 'Object Repository/Step2/Page_AdRoot  Create Campaign Steps/Page_AdRoot  Create Campaign Steps/input_Primary Text_invalid custom-input' is clicked on

2022-03-22 11:43:17 - [TEST_STEP][PASSED] - setText(findTestObject("Object Repository/Step2/Page_AdRoot  Create Campaign Steps/Page_AdRoot  Create Campaign Steps/input_Primary Text_invalid custom-input"), "Social media"): Text 'Social media' is set on object 'Object Repository/Step2/Page_AdRoot  Create Campaign Steps/Page_AdRoot  Create Campaign Steps/input_Primary Text_invalid custom-input'

2022-03-22 11:43:18 - [MESSAGE][PASSED] - Text 'Social media' is set on object 'Object Repository/Step2/Page_AdRoot  Create Campaign Steps/Page_AdRoot  Create Campaign Steps/input_Primary Text_invalid custom-input'

2022-03-22 11:43:18 - [TEST_STEP][PASSED] - setText(findTestObject("Step2/Page_AdRoot  Create Campaign Steps/Page_AdRoot  Create Campaign Steps/input_Headline_custom-input"), "Social media ads management "): Text 'Social media ads management ' is set on object 'Object Repository/Step2/Page_AdRoot  Create Campaign Steps/Page_AdRoot  Create Campaign Steps/input_Headline_custom-input'

2022-03-22 11:43:19 - [MESSAGE][PASSED] - Text 'Social media ads management ' is set on object 'Object Repository/Step2/Page_AdRoot  Create Campaign Steps/Page_AdRoot  Create Campaign Steps/input_Headline_custom-input'

2022-03-22 11:43:19 - [TEST_STEP][PASSED] - setText(findTestObject("Step2/Page_AdRoot  Create Campaign Steps/Page_AdRoot  Create Campaign Steps/input_Ad Description_custom-input"), "Our Mission is to create one place for all advertising needs"): Text 'Our Mission is to create one place for all advertising needs' is set on object 'Object Repository/Step2/Page_AdRoot  Create Campaign Steps/Page_AdRoot  Create Campaign Steps/input_Ad Description_custom-input'

2022-03-22 11:43:21 - [MESSAGE][PASSED] - Text 'Our Mission is to create one place for all advertising needs' is set on object 'Object Repository/Step2/Page_AdRoot  Create Campaign Steps/Page_AdRoot  Create Campaign Steps/input_Ad Description_custom-input'

2022-03-22 11:43:21 - [TEST_STEP][PASSED] - setText(findTestObject("Step2/Page_AdRoot  Create Campaign Steps/input_Website URL_custom-input"), "gsmediagroup.net"): Text 'gsmediagroup.net' is set on object 'Object Repository/Step2/Page_AdRoot  Create Campaign Steps/input_Website URL_custom-input'

2022-03-22 11:43:22 - [MESSAGE][PASSED] - Text 'gsmediagroup.net' is set on object 'Object Repository/Step2/Page_AdRoot  Create Campaign Steps/input_Website URL_custom-input'

2022-03-22 11:43:22 - [TEST_STEP][PASSED] - click(findTestObject("Step2/Page_AdRoot  Create Campaign Steps/div_Choose AD")): Object: 'Object Repository/Step2/Page_AdRoot  Create Campaign Steps/div_Choose AD' is clicked on

2022-03-22 11:43:22 - [MESSAGE][PASSED] - Object: 'Object Repository/Step2/Page_AdRoot  Create Campaign Steps/div_Choose AD' is clicked on

2022-03-22 11:43:22 - [TEST_STEP][PASSED] - click(findTestObject("Object Repository/App-Create campaign/Page_AdRoot  Create Campaign Steps/span_cropped-512adroot.jpg")): Object: 'Object Repository/App-Create campaign/Page_AdRoot  Create Campaign Steps/span_cropped-512adroot.jpg' is clicked on

2022-03-22 11:43:23 - [MESSAGE][PASSED] - Object: 'Object Repository/App-Create campaign/Page_AdRoot  Create Campaign Steps/span_cropped-512adroot.jpg' is clicked on

2022-03-22 11:43:23 - [TEST_STEP][PASSED] - click(findTestObject("Step3/Page_AdRoot  Create Campaign Steps/button_Select")): Object: 'Object Repository/Step3/Page_AdRoot  Create Campaign Steps/button_Select' is clicked on

2022-03-22 11:43:23 - [MESSAGE][PASSED] - Object: 'Object Repository/Step3/Page_AdRoot  Create Campaign Steps/button_Select' is clicked on

2022-03-22 11:43:23 - [TEST_STEP][PASSED] - mouseOver(findTestObject("Google display/Page_AdRoot  Create Campaign Steps/div_1052Business nameHeadlineChoose ADHeadlineAd DescriptionOpen"), STOP_ON_FAILURE): Object: 'Object Repository/Google display/Page_AdRoot  Create Campaign Steps/div_1052Business nameHeadlineChoose ADHeadlineAd DescriptionOpen' is hovered

2022-03-22 11:43:24 - [MESSAGE][PASSED] - Object: 'Object Repository/Google display/Page_AdRoot  Create Campaign Steps/div_1052Business nameHeadlineChoose ADHeadlineAd DescriptionOpen' is hovered

2022-03-22 11:43:24 - [TEST_STEP][PASSED] - click(findTestObject("Object Repository/Step3/Page_AdRoot  Create Campaign Steps/Page_AdRoot  Create Campaign Steps/div_Open_actions-mode")): Object: 'Object Repository/Step3/Page_AdRoot  Create Campaign Steps/Page_AdRoot  Create Campaign Steps/div_Open_actions-mode' is clicked on

2022-03-22 11:43:24 - [MESSAGE][PASSED] - Object: 'Object Repository/Step3/Page_AdRoot  Create Campaign Steps/Page_AdRoot  Create Campaign Steps/div_Open_actions-mode' is clicked on

2022-03-22 11:43:24 - [TEST_STEP][PASSED] - click(findTestObject("Step3/Page_AdRoot  Create Campaign Steps/div_Open_edit")): Object: 'Object Repository/Step3/Page_AdRoot  Create Campaign Steps/div_Open_edit' is clicked on

2022-03-22 11:43:25 - [MESSAGE][PASSED] - Object: 'Object Repository/Step3/Page_AdRoot  Create Campaign Steps/div_Open_edit' is clicked on

2022-03-22 11:43:25 - [TEST_STEP][PASSED] - setText(findTestObject("Step3/Page_AdRoot  Create Campaign Steps/input_Business Name_custom-input"), "GS media"): Text 'GS media' is set on object 'Object Repository/Step3/Page_AdRoot  Create Campaign Steps/input_Business Name_custom-input'

2022-03-22 11:43:26 - [MESSAGE][PASSED] - Text 'GS media' is set on object 'Object Repository/Step3/Page_AdRoot  Create Campaign Steps/input_Business Name_custom-input'

2022-03-22 11:43:26 - [TEST_STEP][PASSED] - setText(findTestObject("Step3/Page_AdRoot  Create Campaign Steps/input_Long headline_custom-input"), "Ad management system"): Text 'Ad management system' is set on object 'Object Repository/Step3/Page_AdRoot  Create Campaign Steps/input_Long headline_custom-input'

2022-03-22 11:43:27 - [MESSAGE][PASSED] - Text 'Ad management system' is set on object 'Object Repository/Step3/Page_AdRoot  Create Campaign Steps/input_Long headline_custom-input'

2022-03-22 11:43:27 - [TEST_STEP][PASSED] - click(findTestObject("Step3/Page_AdRoot  Create Campaign Steps/button_Save")): Object: 'Object Repository/Step3/Page_AdRoot  Create Campaign Steps/button_Save' is clicked on

2022-03-22 11:43:28 - [MESSAGE][PASSED] - Object: 'Object Repository/Step3/Page_AdRoot  Create Campaign Steps/button_Save' is clicked on

2022-03-22 11:43:28 - [TEST_STEP][PASSED] - mouseOver(findTestObject("Object Repository/Step3/Step 3 Google search/Page_AdRoot  Create Campaign Steps/div_Ad_actions-mode")): Object: 'Object Repository/Step3/Step 3 Google search/Page_AdRoot  Create Campaign Steps/div_Ad_actions-mode' is hovered

2022-03-22 11:43:28 - [MESSAGE][PASSED] - Object: 'Object Repository/Step3/Step 3 Google search/Page_AdRoot  Create Campaign Steps/div_Ad_actions-mode' is hovered

2022-03-22 11:43:28 - [TEST_STEP][PASSED] - mouseOver(findTestObject("Object Repository/Step3/Step 3 Google search/Page_AdRoot  Create Campaign Steps/div_1052horAdhoem.comhoreAdAdAd")): Object: 'Object Repository/Step3/Step 3 Google search/Page_AdRoot  Create Campaign Steps/div_1052horAdhoem.comhoreAdAdAd' is hovered

2022-03-22 11:43:29 - [MESSAGE][PASSED] - Object: 'Object Repository/Step3/Step 3 Google search/Page_AdRoot  Create Campaign Steps/div_1052horAdhoem.comhoreAdAdAd' is hovered

2022-03-22 11:43:29 - [TEST_STEP][PASSED] - click(findTestObject("Object Repository/Step3/Step 3 Google search/Page_AdRoot  Create Campaign Steps/div_Ad_actions-mode")): Object: 'Object Repository/Step3/Step 3 Google search/Page_AdRoot  Create Campaign Steps/div_Ad_actions-mode' is clicked on

2022-03-22 11:43:29 - [MESSAGE][PASSED] - Object: 'Object Repository/Step3/Step 3 Google search/Page_AdRoot  Create Campaign Steps/div_Ad_actions-mode' is clicked on

2022-03-22 11:43:29 - [TEST_STEP][PASSED] - click(findTestObject("Object Repository/Step3/Step 3 Google search/Page_AdRoot  Create Campaign Steps/div_Ad_edit")): Object: 'Object Repository/Step3/Step 3 Google search/Page_AdRoot  Create Campaign Steps/div_Ad_edit' is clicked on

2022-03-22 11:43:30 - [MESSAGE][PASSED] - Object: 'Object Repository/Step3/Step 3 Google search/Page_AdRoot  Create Campaign Steps/div_Ad_edit' is clicked on

2022-03-22 11:43:30 - [TEST_STEP][PASSED] - setText(findTestObject("Object Repository/Step3/Step 3 Google search/Page_AdRoot  Create Campaign Steps/input_Prohibited_custom-input"), "Create ads"): Text 'Create ads' is set on object 'Object Repository/Step3/Step 3 Google search/Page_AdRoot  Create Campaign Steps/input_Prohibited_custom-input'

2022-03-22 11:43:31 - [MESSAGE][PASSED] - Text 'Create ads' is set on object 'Object Repository/Step3/Step 3 Google search/Page_AdRoot  Create Campaign Steps/input_Prohibited_custom-input'

2022-03-22 11:43:31 - [TEST_STEP][PASSED] - setText(findTestObject("Object Repository/Step3/Step 3 Google search/Page_AdRoot  Create Campaign Steps/input_Prohibited_custom-input_1"), "Create campaigns"): Text 'Create campaigns' is set on object 'Object Repository/Step3/Step 3 Google search/Page_AdRoot  Create Campaign Steps/input_Prohibited_custom-input_1'

2022-03-22 11:43:32 - [MESSAGE][PASSED] - Text 'Create campaigns' is set on object 'Object Repository/Step3/Step 3 Google search/Page_AdRoot  Create Campaign Steps/input_Prohibited_custom-input_1'

2022-03-22 11:43:32 - [TEST_STEP][PASSED] - setText(findTestObject("Object Repository/Step3/Step 3 Google search/Page_AdRoot  Create Campaign Steps/input_Prohibited_custom-input_1_2"), "Ad management system"): Text 'Ad management system' is set on object 'Object Repository/Step3/Step 3 Google search/Page_AdRoot  Create Campaign Steps/input_Prohibited_custom-input_1_2'

2022-03-22 11:43:33 - [MESSAGE][PASSED] - Text 'Ad management system' is set on object 'Object Repository/Step3/Step 3 Google search/Page_AdRoot  Create Campaign Steps/input_Prohibited_custom-input_1_2'

2022-03-22 11:43:33 - [TEST_STEP][PASSED] - click(findTestObject("Object Repository/Step3/Step 3 Google search/Page_AdRoot  Create Campaign Steps/button_Save")): Object: 'Object Repository/Step3/Step 3 Google search/Page_AdRoot  Create Campaign Steps/button_Save' is clicked on

2022-03-22 11:43:33 - [MESSAGE][PASSED] - Object: 'Object Repository/Step3/Step 3 Google search/Page_AdRoot  Create Campaign Steps/button_Save' is clicked on

2022-03-22 11:43:33 - [TEST_STEP][PASSED] - click(findTestObject("Object Repository/Step 4,5/Page_AdRoot  Create Campaign Steps/button_Next Step (1)")): Object: 'Object Repository/Step 4,5/Page_AdRoot  Create Campaign Steps/button_Next Step (1)' is clicked on

2022-03-22 11:43:34 - [MESSAGE][PASSED] - Object: 'Object Repository/Step 4,5/Page_AdRoot  Create Campaign Steps/button_Next Step (1)' is clicked on

2022-03-22 11:43:34 - [TEST_STEP][PASSED] - click(findTestObject("Object Repository/Step 4,5/Page_AdRoot  Create Campaign Steps/button_Next Step (1)")): Object: 'Object Repository/Step 4,5/Page_AdRoot  Create Campaign Steps/button_Next Step (1)' is clicked on

2022-03-22 11:43:36 - [MESSAGE][PASSED] - Object: 'Object Repository/Step 4,5/Page_AdRoot  Create Campaign Steps/button_Next Step (1)' is clicked on

2022-03-22 11:43:36 - [TEST_STEP][PASSED] - setText(findTestObject("Object Repository/Step 4,5/Page_AdRoot  Create Campaign Steps/input_Daily_custom-input"), "$ 1"): Text '$ 1' is set on object 'Object Repository/Step 4,5/Page_AdRoot  Create Campaign Steps/input_Daily_custom-input'

2022-03-22 11:43:37 - [MESSAGE][PASSED] - Text '$ 1' is set on object 'Object Repository/Step 4,5/Page_AdRoot  Create Campaign Steps/input_Daily_custom-input'

2022-03-22 11:43:37 - [TEST_STEP][PASSED] - click(findTestObject("Step 4,5/Page_AdRoot  Create Campaign Steps/input_Start_single-date-picker-datepicker-y6DXOBYbq5i4SX3nAPEZ")): Object: 'Object Repository/Step 4,5/Page_AdRoot  Create Campaign Steps/input_Start_single-date-picker-datepicker-y6DXOBYbq5i4SX3nAPEZ' is clicked on

2022-03-22 11:43:37 - [MESSAGE][PASSED] - Object: 'Object Repository/Step 4,5/Page_AdRoot  Create Campaign Steps/input_Start_single-date-picker-datepicker-y6DXOBYbq5i4SX3nAPEZ' is clicked on

2022-03-22 11:43:37 - [TEST_STEP][PASSED] - click(findTestObject("Step 4,5/Page_AdRoot  Create Campaign Steps/svg_Su_DayPickerNavigation_svg__horizontal DayPickerNavigation_svg__horizontal_1")): Object: 'Object Repository/Step 4,5/Page_AdRoot  Create Campaign Steps/svg_Su_DayPickerNavigation_svg__horizontal DayPickerNavigation_svg__horizontal_1' is clicked on

2022-03-22 11:43:38 - [MESSAGE][PASSED] - Object: 'Object Repository/Step 4,5/Page_AdRoot  Create Campaign Steps/svg_Su_DayPickerNavigation_svg__horizontal DayPickerNavigation_svg__horizontal_1' is clicked on

2022-03-22 11:43:38 - [TEST_STEP][PASSED] - click(findTestObject("Step 4,5/Page_AdRoot  Create Campaign Steps/svg_Su_DayPickerNavigation_svg__horizontal DayPickerNavigation_svg__horizontal_1")): Object: 'Object Repository/Step 4,5/Page_AdRoot  Create Campaign Steps/svg_Su_DayPickerNavigation_svg__horizontal DayPickerNavigation_svg__horizontal_1' is clicked on

2022-03-22 11:43:39 - [MESSAGE][PASSED] - Object: 'Object Repository/Step 4,5/Page_AdRoot  Create Campaign Steps/svg_Su_DayPickerNavigation_svg__horizontal DayPickerNavigation_svg__horizontal_1' is clicked on

2022-03-22 11:43:39 - [TEST_STEP][PASSED] - click(findTestObject("Step 4,5/Page_AdRoot  Create Campaign Steps/svg_Su_DayPickerNavigation_svg__horizontal DayPickerNavigation_svg__horizontal_1")): Object: 'Object Repository/Step 4,5/Page_AdRoot  Create Campaign Steps/svg_Su_DayPickerNavigation_svg__horizontal DayPickerNavigation_svg__horizontal_1' is clicked on

2022-03-22 11:43:39 - [MESSAGE][PASSED] - Object: 'Object Repository/Step 4,5/Page_AdRoot  Create Campaign Steps/svg_Su_DayPickerNavigation_svg__horizontal DayPickerNavigation_svg__horizontal_1' is clicked on

2022-03-22 11:43:39 - [TEST_STEP][PASSED] - click(findTestObject("Step 4,5/Page_AdRoot  Create Campaign Steps/svg_Su_DayPickerNavigation_svg__horizontal DayPickerNavigation_svg__horizontal_1")): Object: 'Object Repository/Step 4,5/Page_AdRoot  Create Campaign Steps/svg_Su_DayPickerNavigation_svg__horizontal DayPickerNavigation_svg__horizontal_1' is clicked on

2022-03-22 11:43:40 - [MESSAGE][PASSED] - Object: 'Object Repository/Step 4,5/Page_AdRoot  Create Campaign Steps/svg_Su_DayPickerNavigation_svg__horizontal DayPickerNavigation_svg__horizontal_1' is clicked on

2022-03-22 11:43:40 - [TEST_STEP][PASSED] - click(findTestObject("Step 4,5/Page_AdRoot  Create Campaign Steps/td_10")): Object: 'Object Repository/Step 4,5/Page_AdRoot  Create Campaign Steps/td_10' is clicked on

2022-03-22 11:43:40 - [MESSAGE][PASSED] - Object: 'Object Repository/Step 4,5/Page_AdRoot  Create Campaign Steps/td_10' is clicked on

2022-03-22 11:43:40 - [TEST_STEP][PASSED] - click(findTestObject("Object Repository/Step 4,5/Page_AdRoot  Create Campaign Steps/button_Finish")): Object: 'Object Repository/Step 4,5/Page_AdRoot  Create Campaign Steps/button_Finish' is clicked on

2022-03-22 11:43:41 - [MESSAGE][PASSED] - Object: 'Object Repository/Step 4,5/Page_AdRoot  Create Campaign Steps/button_Finish' is clicked on

2022-03-22 11:43:41 - [TEST_STEP][PASSED] - verifyElementPresent(findTestObject("Object Repository/Step 4,5/Page_AdRoot  Campaigns/div_PENDING"), 0): Object 'Object Repository/Step 4,5/Page_AdRoot  Campaigns/div_PENDING' is present

2022-03-22 11:43:41 - [MESSAGE][WARNING] - Timeout '0' is invalid. Using default page load timeout: '30'

2022-03-22 11:43:42 - [MESSAGE][PASSED] - Object 'Object Repository/Step 4,5/Page_AdRoot  Campaigns/div_PENDING' is present

2022-03-22 11:43:42 - [TEST_STEP][PASSED] - closeBrowser(STOP_ON_FAILURE): Browser is closed

2022-03-22 11:43:43 - [MESSAGE][PASSED] - Browser is closed]]></system-out>
         <system-err><![CDATA[]]></system-err>
      </testcase>
      <testcase name="Test Cases/Campaign/Create campaign/App-Create campaign/App-Video views" time="36.685" classname="Test Cases/Campaign/Create campaign/App-Create campaign/App-Video views" status="PASSED">
         <system-out><![CDATA[2022-03-22 11:43:43 - [TEST_CASE][PASSED] - Test Cases/Campaign/Create campaign/App-Create campaign/App-Video views: Test Cases/Campaign/Create campaign/App-Create campaign/App-Video views

2022-03-22 11:43:43 - [TEST_STEP][PASSED] - openBrowser(""): Browser is opened with url: ''

2022-03-22 11:43:43 - [MESSAGE][INFO] - Starting 'Chrome' driver

2022-03-22 11:43:43 - [MESSAGE][INFO] - Action delay is set to 0 milliseconds

2022-03-22 11:43:45 - [MESSAGE][PASSED] - Browser is opened with url: ''

2022-03-22 11:43:45 - [TEST_STEP][PASSED] - setViewPortSize(1550, 900): Viewport is set to new size with width = 1550 and height = 900

2022-03-22 11:43:45 - [MESSAGE][PASSED] - Viewport is set to new size with width = 1550 and height = 900

2022-03-22 11:43:45 - [TEST_STEP][PASSED] - navigateToUrl("https://app.adroot.io/auth/signin"): Navigate to 'https://app.adroot.io/auth/signin' successfully

2022-03-22 11:43:47 - [MESSAGE][PASSED] - Navigate to 'https://app.adroot.io/auth/signin' successfully

2022-03-22 11:43:47 - [TEST_STEP][PASSED] - setText(findTestObject("Object Repository/Regular Create campaign/Page_AdRoot  Login/input_E-mail_email"), "makronmanuel01@gmail.com"): Text 'makronmanuel01@gmail.com' is set on object 'Object Repository/Regular Create campaign/Page_AdRoot  Login/input_E-mail_email'

2022-03-22 11:43:48 - [MESSAGE][PASSED] - Text 'makronmanuel01@gmail.com' is set on object 'Object Repository/Regular Create campaign/Page_AdRoot  Login/input_E-mail_email'

2022-03-22 11:43:48 - [TEST_STEP][PASSED] - setEncryptedText(findTestObject("Object Repository/Regular Create campaign/Page_AdRoot  Login/input_Password_password"), "9juLMCYi8sYpY2Mrwe5diw=="): Text ****** has been set on object 'Object Repository/Regular Create campaign/Page_AdRoot  Login/input_Password_password'

2022-03-22 11:43:48 - [MESSAGE][PASSED] - Text ****** has been set on object 'Object Repository/Regular Create campaign/Page_AdRoot  Login/input_Password_password'

2022-03-22 11:43:48 - [TEST_STEP][PASSED] - click(findTestObject("Object Repository/Regular Create campaign/Page_AdRoot  Login/button_Sign in")): Object: 'Object Repository/Regular Create campaign/Page_AdRoot  Login/button_Sign in' is clicked on

2022-03-22 11:43:49 - [MESSAGE][PASSED] - Object: 'Object Repository/Regular Create campaign/Page_AdRoot  Login/button_Sign in' is clicked on

2022-03-22 11:43:49 - [TEST_STEP][PASSED] - click(findTestObject("Page_AdRoot  Campaigns/img")): Object: 'Object Repository/Page_AdRoot  Campaigns/img' is clicked on

2022-03-22 11:43:51 - [MESSAGE][PASSED] - Object: 'Object Repository/Page_AdRoot  Campaigns/img' is clicked on

2022-03-22 11:43:51 - [TEST_STEP][PASSED] - click(findTestObject("Page_AdRoot  Campaigns/div_By Ruzan (app)")): Object: 'Object Repository/Page_AdRoot  Campaigns/div_By Ruzan (app)' is clicked on

2022-03-22 11:43:51 - [MESSAGE][PASSED] - Object: 'Object Repository/Page_AdRoot  Campaigns/div_By Ruzan (app)' is clicked on

2022-03-22 11:43:51 - [TEST_STEP][PASSED] - click(findTestObject("Campaign copy/Page_AdRoot  Dashboard/a_Campaigns")): Object: 'Object Repository/Campaign copy/Page_AdRoot  Dashboard/a_Campaigns' is clicked on

2022-03-22 11:43:54 - [MESSAGE][PASSED] - Object: 'Object Repository/Campaign copy/Page_AdRoot  Dashboard/a_Campaigns' is clicked on

2022-03-22 11:43:54 - [TEST_STEP][PASSED] - click(findTestObject("Regular Create campaign/Page_AdRoot  Campaigns/div_Campaign View")): Object: 'Object Repository/Regular Create campaign/Page_AdRoot  Campaigns/div_Campaign View' is clicked on

2022-03-22 11:43:55 - [MESSAGE][PASSED] - Object: 'Object Repository/Regular Create campaign/Page_AdRoot  Campaigns/div_Campaign View' is clicked on

2022-03-22 11:43:55 - [TEST_STEP][PASSED] - click(findTestObject("Regular Create campaign/Page_AdRoot  Campaigns/div_New Campaign")): Object: 'Object Repository/Regular Create campaign/Page_AdRoot  Campaigns/div_New Campaign' is clicked on

2022-03-22 11:43:56 - [MESSAGE][PASSED] - Object: 'Object Repository/Regular Create campaign/Page_AdRoot  Campaigns/div_New Campaign' is clicked on

2022-03-22 11:43:56 - [TEST_STEP][PASSED] - setText(findTestObject("Page_AdRoot  Create Campaign Steps/input_Campaign name_custom-input"), "appadroot1"): Text 'appadroot1' is set on object 'Object Repository/Page_AdRoot  Create Campaign Steps/input_Campaign name_custom-input'

2022-03-22 11:43:58 - [MESSAGE][PASSED] - Text 'appadroot1' is set on object 'Object Repository/Page_AdRoot  Create Campaign Steps/input_Campaign name_custom-input'

2022-03-22 11:43:58 - [TEST_STEP][PASSED] - click(findTestObject("Regular Create campaign/Page_AdRoot  Campaigns/Page_AdRoot  Create Campaign Steps/span_Name is taken")): Object: 'Object Repository/Regular Create campaign/Page_AdRoot  Campaigns/Page_AdRoot  Create Campaign Steps/span_Name is taken' is clicked on

2022-03-22 11:43:59 - [MESSAGE][PASSED] - Object: 'Object Repository/Regular Create campaign/Page_AdRoot  Campaigns/Page_AdRoot  Create Campaign Steps/span_Name is taken' is clicked on

2022-03-22 11:43:59 - [TEST_STEP][PASSED] - click(findTestObject("Goals/Goals/Page_AdRoot  Create Campaign Steps/div_Video Views")): Object: 'Object Repository/Goals/Goals/Page_AdRoot  Create Campaign Steps/div_Video Views' is clicked on

2022-03-22 11:43:59 - [MESSAGE][PASSED] - Object: 'Object Repository/Goals/Goals/Page_AdRoot  Create Campaign Steps/div_Video Views' is clicked on

2022-03-22 11:43:59 - [TEST_STEP][PASSED] - Ms = verifyTextPresent("Name is taken", false): Text 'Name is taken' is present on page 

2022-03-22 11:44:00 - [MESSAGE][PASSED] - Text 'Name is taken' is present on page 

2022-03-22 11:44:00 - [TEST_STEP][PASSED] - if (Ms.equals("true")): Object: 'Object Repository/Regular Create campaign/Page_AdRoot  Campaigns/Page_AdRoot  Create Campaign Steps/button_Next Step' is clicked on

2022-03-22 11:44:00 - [TEST_STEP][PASSED] - RN = <not implemented yet for class: org.codehaus.groovy.ast.expr.EmptyExpression>: null

2022-03-22 11:44:00 - [TEST_STEP][PASSED] - RN = Math.random() * 5000: null

2022-03-22 11:44:00 - [TEST_STEP][PASSED] - setText(findTestObject("Object Repository/Regular Create campaign/Page_AdRoot  Create Campaign Steps/input_Campaign name_invalid custom-input"), "appadroot" + RN): Text 'appadroot4819' is set on object 'Object Repository/Regular Create campaign/Page_AdRoot  Create Campaign Steps/input_Campaign name_invalid custom-input'

2022-03-22 11:44:00 - [MESSAGE][PASSED] - Text 'appadroot4819' is set on object 'Object Repository/Regular Create campaign/Page_AdRoot  Create Campaign Steps/input_Campaign name_invalid custom-input'

2022-03-22 11:44:00 - [TEST_STEP][PASSED] - click(findTestObject("Object Repository/Regular Create campaign/Page_AdRoot  Campaigns/Page_AdRoot  Create Campaign Steps/button_Next Step")): Object: 'Object Repository/Regular Create campaign/Page_AdRoot  Campaigns/Page_AdRoot  Create Campaign Steps/button_Next Step' is clicked on

2022-03-22 11:44:01 - [MESSAGE][PASSED] - Object: 'Object Repository/Regular Create campaign/Page_AdRoot  Campaigns/Page_AdRoot  Create Campaign Steps/button_Next Step' is clicked on

2022-03-22 11:44:01 - [TEST_STEP][PASSED] - verifyElementPresent(findTestObject("Step2/Page_AdRoot  Create Campaign Steps/div_Artashes Mxchyan"), 0): Object 'Object Repository/Step2/Page_AdRoot  Create Campaign Steps/div_Artashes Mxchyan' is present

2022-03-22 11:44:01 - [MESSAGE][WARNING] - Timeout '0' is invalid. Using default page load timeout: '30'

2022-03-22 11:44:02 - [MESSAGE][PASSED] - Object 'Object Repository/Step2/Page_AdRoot  Create Campaign Steps/div_Artashes Mxchyan' is present

2022-03-22 11:44:02 - [TEST_STEP][PASSED] - click(findTestObject("Step2/Page_AdRoot  Create Campaign Steps/button_Next Step")): Object: 'Object Repository/Step2/Page_AdRoot  Create Campaign Steps/button_Next Step' is clicked on

2022-03-22 11:44:02 - [MESSAGE][PASSED] - Object: 'Object Repository/Step2/Page_AdRoot  Create Campaign Steps/button_Next Step' is clicked on

2022-03-22 11:44:02 - [TEST_STEP][PASSED] - click(findTestObject("Object Repository/Step2/Page_AdRoot  Create Campaign Steps/Page_AdRoot  Create Campaign Steps/input_Primary Text_invalid custom-input")): Object: 'Object Repository/Step2/Page_AdRoot  Create Campaign Steps/Page_AdRoot  Create Campaign Steps/input_Primary Text_invalid custom-input' is clicked on

2022-03-22 11:44:03 - [MESSAGE][PASSED] - Object: 'Object Repository/Step2/Page_AdRoot  Create Campaign Steps/Page_AdRoot  Create Campaign Steps/input_Primary Text_invalid custom-input' is clicked on

2022-03-22 11:44:03 - [TEST_STEP][PASSED] - setText(findTestObject("Object Repository/Step2/Page_AdRoot  Create Campaign Steps/Page_AdRoot  Create Campaign Steps/input_Primary Text_invalid custom-input"), "Social media"): Text 'Social media' is set on object 'Object Repository/Step2/Page_AdRoot  Create Campaign Steps/Page_AdRoot  Create Campaign Steps/input_Primary Text_invalid custom-input'

2022-03-22 11:44:04 - [MESSAGE][PASSED] - Text 'Social media' is set on object 'Object Repository/Step2/Page_AdRoot  Create Campaign Steps/Page_AdRoot  Create Campaign Steps/input_Primary Text_invalid custom-input'

2022-03-22 11:44:04 - [TEST_STEP][PASSED] - setText(findTestObject("Step2/Page_AdRoot  Create Campaign Steps/Page_AdRoot  Create Campaign Steps/input_Headline_custom-input"), "Social media ads management "): Text 'Social media ads management ' is set on object 'Object Repository/Step2/Page_AdRoot  Create Campaign Steps/Page_AdRoot  Create Campaign Steps/input_Headline_custom-input'

2022-03-22 11:44:05 - [MESSAGE][PASSED] - Text 'Social media ads management ' is set on object 'Object Repository/Step2/Page_AdRoot  Create Campaign Steps/Page_AdRoot  Create Campaign Steps/input_Headline_custom-input'

2022-03-22 11:44:05 - [TEST_STEP][PASSED] - setText(findTestObject("Step2/Page_AdRoot  Create Campaign Steps/Page_AdRoot  Create Campaign Steps/input_Ad Description_custom-input"), "Our Mission is to create one place for all advertising needs"): Text 'Our Mission is to create one place for all advertising needs' is set on object 'Object Repository/Step2/Page_AdRoot  Create Campaign Steps/Page_AdRoot  Create Campaign Steps/input_Ad Description_custom-input'

2022-03-22 11:44:06 - [MESSAGE][PASSED] - Text 'Our Mission is to create one place for all advertising needs' is set on object 'Object Repository/Step2/Page_AdRoot  Create Campaign Steps/Page_AdRoot  Create Campaign Steps/input_Ad Description_custom-input'

2022-03-22 11:44:06 - [TEST_STEP][PASSED] - setText(findTestObject("Step2/Page_AdRoot  Create Campaign Steps/input_Website URL_custom-input"), "gsmediagroup.net"): Text 'gsmediagroup.net' is set on object 'Object Repository/Step2/Page_AdRoot  Create Campaign Steps/input_Website URL_custom-input'

2022-03-22 11:44:07 - [MESSAGE][PASSED] - Text 'gsmediagroup.net' is set on object 'Object Repository/Step2/Page_AdRoot  Create Campaign Steps/input_Website URL_custom-input'

2022-03-22 11:44:07 - [TEST_STEP][PASSED] - click(findTestObject("Step2/Page_AdRoot  Create Campaign Steps/div_Choose AD")): Object: 'Object Repository/Step2/Page_AdRoot  Create Campaign Steps/div_Choose AD' is clicked on

2022-03-22 11:44:08 - [MESSAGE][PASSED] - Object: 'Object Repository/Step2/Page_AdRoot  Create Campaign Steps/div_Choose AD' is clicked on

2022-03-22 11:44:08 - [TEST_STEP][PASSED] - click(findTestObject("Object Repository/Goals/Page_AdRoot  Create Campaign Steps/div_Videos_image-cont video")): Object: 'Object Repository/Goals/Page_AdRoot  Create Campaign Steps/div_Videos_image-cont video' is clicked on

2022-03-22 11:44:09 - [MESSAGE][PASSED] - Object: 'Object Repository/Goals/Page_AdRoot  Create Campaign Steps/div_Videos_image-cont video' is clicked on

2022-03-22 11:44:09 - [TEST_STEP][PASSED] - click(findTestObject("Step3/Page_AdRoot  Create Campaign Steps/button_Select")): Object: 'Object Repository/Step3/Page_AdRoot  Create Campaign Steps/button_Select' is clicked on

2022-03-22 11:44:09 - [MESSAGE][PASSED] - Object: 'Object Repository/Step3/Page_AdRoot  Create Campaign Steps/button_Select' is clicked on

2022-03-22 11:44:09 - [TEST_STEP][PASSED] - click(findTestObject("Object Repository/Step 4,5/Page_AdRoot  Create Campaign Steps/button_Next Step (1)")): Object: 'Object Repository/Step 4,5/Page_AdRoot  Create Campaign Steps/button_Next Step (1)' is clicked on

2022-03-22 11:44:10 - [MESSAGE][PASSED] - Object: 'Object Repository/Step 4,5/Page_AdRoot  Create Campaign Steps/button_Next Step (1)' is clicked on

2022-03-22 11:44:10 - [TEST_STEP][PASSED] - click(findTestObject("Object Repository/Step 4,5/Page_AdRoot  Create Campaign Steps/button_Next Step (1)")): Object: 'Object Repository/Step 4,5/Page_AdRoot  Create Campaign Steps/button_Next Step (1)' is clicked on

2022-03-22 11:44:12 - [MESSAGE][PASSED] - Object: 'Object Repository/Step 4,5/Page_AdRoot  Create Campaign Steps/button_Next Step (1)' is clicked on

2022-03-22 11:44:12 - [TEST_STEP][PASSED] - setText(findTestObject("Object Repository/Step 4,5/Page_AdRoot  Create Campaign Steps/input_Daily_custom-input"), "$ 1"): Text '$ 1' is set on object 'Object Repository/Step 4,5/Page_AdRoot  Create Campaign Steps/input_Daily_custom-input'

2022-03-22 11:44:13 - [MESSAGE][PASSED] - Text '$ 1' is set on object 'Object Repository/Step 4,5/Page_AdRoot  Create Campaign Steps/input_Daily_custom-input'

2022-03-22 11:44:13 - [TEST_STEP][PASSED] - click(findTestObject("Step 4,5/Page_AdRoot  Create Campaign Steps/input_Start_single-date-picker-datepicker-y6DXOBYbq5i4SX3nAPEZ")): Object: 'Object Repository/Step 4,5/Page_AdRoot  Create Campaign Steps/input_Start_single-date-picker-datepicker-y6DXOBYbq5i4SX3nAPEZ' is clicked on

2022-03-22 11:44:14 - [MESSAGE][PASSED] - Object: 'Object Repository/Step 4,5/Page_AdRoot  Create Campaign Steps/input_Start_single-date-picker-datepicker-y6DXOBYbq5i4SX3nAPEZ' is clicked on

2022-03-22 11:44:14 - [TEST_STEP][PASSED] - click(findTestObject("Step 4,5/Page_AdRoot  Create Campaign Steps/svg_Su_DayPickerNavigation_svg__horizontal DayPickerNavigation_svg__horizontal_1")): Object: 'Object Repository/Step 4,5/Page_AdRoot  Create Campaign Steps/svg_Su_DayPickerNavigation_svg__horizontal DayPickerNavigation_svg__horizontal_1' is clicked on

2022-03-22 11:44:15 - [MESSAGE][PASSED] - Object: 'Object Repository/Step 4,5/Page_AdRoot  Create Campaign Steps/svg_Su_DayPickerNavigation_svg__horizontal DayPickerNavigation_svg__horizontal_1' is clicked on

2022-03-22 11:44:15 - [TEST_STEP][PASSED] - click(findTestObject("Step 4,5/Page_AdRoot  Create Campaign Steps/svg_Su_DayPickerNavigation_svg__horizontal DayPickerNavigation_svg__horizontal_1")): Object: 'Object Repository/Step 4,5/Page_AdRoot  Create Campaign Steps/svg_Su_DayPickerNavigation_svg__horizontal DayPickerNavigation_svg__horizontal_1' is clicked on

2022-03-22 11:44:15 - [MESSAGE][PASSED] - Object: 'Object Repository/Step 4,5/Page_AdRoot  Create Campaign Steps/svg_Su_DayPickerNavigation_svg__horizontal DayPickerNavigation_svg__horizontal_1' is clicked on

2022-03-22 11:44:15 - [TEST_STEP][PASSED] - click(findTestObject("Step 4,5/Page_AdRoot  Create Campaign Steps/svg_Su_DayPickerNavigation_svg__horizontal DayPickerNavigation_svg__horizontal_1")): Object: 'Object Repository/Step 4,5/Page_AdRoot  Create Campaign Steps/svg_Su_DayPickerNavigation_svg__horizontal DayPickerNavigation_svg__horizontal_1' is clicked on

2022-03-22 11:44:16 - [MESSAGE][PASSED] - Object: 'Object Repository/Step 4,5/Page_AdRoot  Create Campaign Steps/svg_Su_DayPickerNavigation_svg__horizontal DayPickerNavigation_svg__horizontal_1' is clicked on

2022-03-22 11:44:16 - [TEST_STEP][PASSED] - click(findTestObject("Step 4,5/Page_AdRoot  Create Campaign Steps/svg_Su_DayPickerNavigation_svg__horizontal DayPickerNavigation_svg__horizontal_1")): Object: 'Object Repository/Step 4,5/Page_AdRoot  Create Campaign Steps/svg_Su_DayPickerNavigation_svg__horizontal DayPickerNavigation_svg__horizontal_1' is clicked on

2022-03-22 11:44:16 - [MESSAGE][PASSED] - Object: 'Object Repository/Step 4,5/Page_AdRoot  Create Campaign Steps/svg_Su_DayPickerNavigation_svg__horizontal DayPickerNavigation_svg__horizontal_1' is clicked on

2022-03-22 11:44:16 - [TEST_STEP][PASSED] - click(findTestObject("Step 4,5/Page_AdRoot  Create Campaign Steps/td_10")): Object: 'Object Repository/Step 4,5/Page_AdRoot  Create Campaign Steps/td_10' is clicked on

2022-03-22 11:44:17 - [MESSAGE][PASSED] - Object: 'Object Repository/Step 4,5/Page_AdRoot  Create Campaign Steps/td_10' is clicked on

2022-03-22 11:44:17 - [TEST_STEP][PASSED] - click(findTestObject("Object Repository/Step 4,5/Page_AdRoot  Create Campaign Steps/button_Finish")): Object: 'Object Repository/Step 4,5/Page_AdRoot  Create Campaign Steps/button_Finish' is clicked on

2022-03-22 11:44:17 - [MESSAGE][PASSED] - Object: 'Object Repository/Step 4,5/Page_AdRoot  Create Campaign Steps/button_Finish' is clicked on

2022-03-22 11:44:17 - [TEST_STEP][PASSED] - verifyElementPresent(findTestObject("Object Repository/Step 4,5/Page_AdRoot  Campaigns/div_PENDING"), 0): Object 'Object Repository/Step 4,5/Page_AdRoot  Campaigns/div_PENDING' is present

2022-03-22 11:44:17 - [MESSAGE][WARNING] - Timeout '0' is invalid. Using default page load timeout: '30'

2022-03-22 11:44:19 - [MESSAGE][PASSED] - Object 'Object Repository/Step 4,5/Page_AdRoot  Campaigns/div_PENDING' is present

2022-03-22 11:44:19 - [TEST_STEP][PASSED] - closeBrowser(): Browser is closed

2022-03-22 11:44:20 - [MESSAGE][PASSED] - Browser is closed]]></system-out>
         <system-err><![CDATA[]]></system-err>
      </testcase>
      <testcase name="Test Cases/Campaign/Create campaign/App-Create campaign/App-Brand campaign - with targeting" time="51.547" classname="Test Cases/Campaign/Create campaign/App-Create campaign/App-Brand campaign - with targeting" status="PASSED">
         <system-out><![CDATA[2022-03-22 11:44:20 - [TEST_CASE][PASSED] - Test Cases/Campaign/Create campaign/App-Create campaign/App-Brand campaign - with targeting: Test Cases/Campaign/Create campaign/App-Create campaign/App-Brand campaign - with targeting

2022-03-22 11:44:20 - [TEST_STEP][PASSED] - openBrowser(""): Browser is opened with url: ''

2022-03-22 11:44:20 - [MESSAGE][INFO] - Starting 'Chrome' driver

2022-03-22 11:44:20 - [MESSAGE][INFO] - Action delay is set to 0 milliseconds

2022-03-22 11:44:21 - [MESSAGE][PASSED] - Browser is opened with url: ''

2022-03-22 11:44:21 - [TEST_STEP][PASSED] - setViewPortSize(1550, 900): Viewport is set to new size with width = 1550 and height = 900

2022-03-22 11:44:21 - [MESSAGE][PASSED] - Viewport is set to new size with width = 1550 and height = 900

2022-03-22 11:44:21 - [TEST_STEP][PASSED] - navigateToUrl("https://app.adroot.io/auth/signin"): Navigate to 'https://app.adroot.io/auth/signin' successfully

2022-03-22 11:44:23 - [MESSAGE][PASSED] - Navigate to 'https://app.adroot.io/auth/signin' successfully

2022-03-22 11:44:23 - [TEST_STEP][PASSED] - setText(findTestObject("Object Repository/Regular Create campaign/Page_AdRoot  Login/input_E-mail_email"), "makronmanuel01@gmail.com"): Text 'makronmanuel01@gmail.com' is set on object 'Object Repository/Regular Create campaign/Page_AdRoot  Login/input_E-mail_email'

2022-03-22 11:44:25 - [MESSAGE][PASSED] - Text 'makronmanuel01@gmail.com' is set on object 'Object Repository/Regular Create campaign/Page_AdRoot  Login/input_E-mail_email'

2022-03-22 11:44:25 - [TEST_STEP][PASSED] - setEncryptedText(findTestObject("Object Repository/Regular Create campaign/Page_AdRoot  Login/input_Password_password"), "9juLMCYi8sYpY2Mrwe5diw=="): Text ****** has been set on object 'Object Repository/Regular Create campaign/Page_AdRoot  Login/input_Password_password'

2022-03-22 11:44:25 - [MESSAGE][PASSED] - Text ****** has been set on object 'Object Repository/Regular Create campaign/Page_AdRoot  Login/input_Password_password'

2022-03-22 11:44:25 - [TEST_STEP][PASSED] - click(findTestObject("Object Repository/Regular Create campaign/Page_AdRoot  Login/button_Sign in")): Object: 'Object Repository/Regular Create campaign/Page_AdRoot  Login/button_Sign in' is clicked on

2022-03-22 11:44:26 - [MESSAGE][PASSED] - Object: 'Object Repository/Regular Create campaign/Page_AdRoot  Login/button_Sign in' is clicked on

2022-03-22 11:44:26 - [TEST_STEP][PASSED] - click(findTestObject("Page_AdRoot  Campaigns/img")): Object: 'Object Repository/Page_AdRoot  Campaigns/img' is clicked on

2022-03-22 11:44:28 - [MESSAGE][PASSED] - Object: 'Object Repository/Page_AdRoot  Campaigns/img' is clicked on

2022-03-22 11:44:28 - [TEST_STEP][PASSED] - click(findTestObject("Page_AdRoot  Campaigns/div_By Ruzan (app)")): Object: 'Object Repository/Page_AdRoot  Campaigns/div_By Ruzan (app)' is clicked on

2022-03-22 11:44:29 - [MESSAGE][PASSED] - Object: 'Object Repository/Page_AdRoot  Campaigns/div_By Ruzan (app)' is clicked on

2022-03-22 11:44:29 - [TEST_STEP][PASSED] - click(findTestObject("Campaign copy/Page_AdRoot  Dashboard/a_Campaigns")): Object: 'Object Repository/Campaign copy/Page_AdRoot  Dashboard/a_Campaigns' is clicked on

2022-03-22 11:44:32 - [MESSAGE][PASSED] - Object: 'Object Repository/Campaign copy/Page_AdRoot  Dashboard/a_Campaigns' is clicked on

2022-03-22 11:44:32 - [TEST_STEP][PASSED] - click(findTestObject("Regular Create campaign/Page_AdRoot  Campaigns/div_Campaign View")): Object: 'Object Repository/Regular Create campaign/Page_AdRoot  Campaigns/div_Campaign View' is clicked on

2022-03-22 11:44:34 - [MESSAGE][PASSED] - Object: 'Object Repository/Regular Create campaign/Page_AdRoot  Campaigns/div_Campaign View' is clicked on

2022-03-22 11:44:34 - [TEST_STEP][PASSED] - click(findTestObject("Regular Create campaign/Page_AdRoot  Campaigns/div_New Campaign")): Object: 'Object Repository/Regular Create campaign/Page_AdRoot  Campaigns/div_New Campaign' is clicked on

2022-03-22 11:44:35 - [MESSAGE][PASSED] - Object: 'Object Repository/Regular Create campaign/Page_AdRoot  Campaigns/div_New Campaign' is clicked on

2022-03-22 11:44:35 - [TEST_STEP][PASSED] - setText(findTestObject("Page_AdRoot  Create Campaign Steps/input_Campaign name_custom-input"), "appadroot1"): Text 'appadroot1' is set on object 'Object Repository/Page_AdRoot  Create Campaign Steps/input_Campaign name_custom-input'

2022-03-22 11:44:37 - [MESSAGE][PASSED] - Text 'appadroot1' is set on object 'Object Repository/Page_AdRoot  Create Campaign Steps/input_Campaign name_custom-input'

2022-03-22 11:44:37 - [TEST_STEP][PASSED] - click(findTestObject("Regular Create campaign/Page_AdRoot  Campaigns/Page_AdRoot  Create Campaign Steps/span_Name is taken")): Object: 'Object Repository/Regular Create campaign/Page_AdRoot  Campaigns/Page_AdRoot  Create Campaign Steps/span_Name is taken' is clicked on

2022-03-22 11:44:38 - [MESSAGE][PASSED] - Object: 'Object Repository/Regular Create campaign/Page_AdRoot  Campaigns/Page_AdRoot  Create Campaign Steps/span_Name is taken' is clicked on

2022-03-22 11:44:38 - [TEST_STEP][PASSED] - click(findTestObject("Goals/Goals/Page_AdRoot  Create Campaign Steps/div_Brand Awareness")): Object: 'Object Repository/Goals/Goals/Page_AdRoot  Create Campaign Steps/div_Brand Awareness' is clicked on

2022-03-22 11:44:39 - [MESSAGE][PASSED] - Object: 'Object Repository/Goals/Goals/Page_AdRoot  Create Campaign Steps/div_Brand Awareness' is clicked on

2022-03-22 11:44:39 - [TEST_STEP][PASSED] - Ms = verifyTextPresent("Name is taken", false): Text 'Name is taken' is present on page 

2022-03-22 11:44:39 - [MESSAGE][PASSED] - Text 'Name is taken' is present on page 

2022-03-22 11:44:39 - [TEST_STEP][PASSED] - if (Ms.equals("true")): Object: 'Object Repository/Regular Create campaign/Page_AdRoot  Campaigns/Page_AdRoot  Create Campaign Steps/button_Next Step' is clicked on

2022-03-22 11:44:39 - [TEST_STEP][PASSED] - RN = <not implemented yet for class: org.codehaus.groovy.ast.expr.EmptyExpression>: null

2022-03-22 11:44:39 - [TEST_STEP][PASSED] - RN = Math.random() * 5000: null

2022-03-22 11:44:39 - [TEST_STEP][PASSED] - setText(findTestObject("Object Repository/Regular Create campaign/Page_AdRoot  Create Campaign Steps/input_Campaign name_invalid custom-input"), "devadroot" + RN): Text 'devadroot4420' is set on object 'Object Repository/Regular Create campaign/Page_AdRoot  Create Campaign Steps/input_Campaign name_invalid custom-input'

2022-03-22 11:44:40 - [MESSAGE][PASSED] - Text 'devadroot4420' is set on object 'Object Repository/Regular Create campaign/Page_AdRoot  Create Campaign Steps/input_Campaign name_invalid custom-input'

2022-03-22 11:44:40 - [TEST_STEP][PASSED] - click(findTestObject("Object Repository/Regular Create campaign/Page_AdRoot  Campaigns/Page_AdRoot  Create Campaign Steps/button_Next Step")): Object: 'Object Repository/Regular Create campaign/Page_AdRoot  Campaigns/Page_AdRoot  Create Campaign Steps/button_Next Step' is clicked on

2022-03-22 11:44:40 - [MESSAGE][PASSED] - Object: 'Object Repository/Regular Create campaign/Page_AdRoot  Campaigns/Page_AdRoot  Create Campaign Steps/button_Next Step' is clicked on

2022-03-22 11:44:40 - [TEST_STEP][PASSED] - verifyElementPresent(findTestObject("Step2/Page_AdRoot  Create Campaign Steps/div_GS PubSense"), 0): Object 'Object Repository/Step2/Page_AdRoot  Create Campaign Steps/div_GS PubSense' is present

2022-03-22 11:44:40 - [MESSAGE][WARNING] - Timeout '0' is invalid. Using default page load timeout: '30'

2022-03-22 11:44:41 - [MESSAGE][PASSED] - Object 'Object Repository/Step2/Page_AdRoot  Create Campaign Steps/div_GS PubSense' is present

2022-03-22 11:44:41 - [TEST_STEP][PASSED] - verifyElementPresent(findTestObject("Step2/Page_AdRoot  Create Campaign Steps/div_Artashes Mxchyan"), 0): Object 'Object Repository/Step2/Page_AdRoot  Create Campaign Steps/div_Artashes Mxchyan' is present

2022-03-22 11:44:42 - [MESSAGE][WARNING] - Timeout '0' is invalid. Using default page load timeout: '30'

2022-03-22 11:44:42 - [MESSAGE][PASSED] - Object 'Object Repository/Step2/Page_AdRoot  Create Campaign Steps/div_Artashes Mxchyan' is present

2022-03-22 11:44:42 - [TEST_STEP][PASSED] - click(findTestObject("Step2/Page_AdRoot  Create Campaign Steps/button_Next Step")): Object: 'Object Repository/Step2/Page_AdRoot  Create Campaign Steps/button_Next Step' is clicked on

2022-03-22 11:44:42 - [MESSAGE][PASSED] - Object: 'Object Repository/Step2/Page_AdRoot  Create Campaign Steps/button_Next Step' is clicked on

2022-03-22 11:44:42 - [TEST_STEP][PASSED] - click(findTestObject("Object Repository/Step2/Page_AdRoot  Create Campaign Steps/Page_AdRoot  Create Campaign Steps/input_Primary Text_invalid custom-input")): Object: 'Object Repository/Step2/Page_AdRoot  Create Campaign Steps/Page_AdRoot  Create Campaign Steps/input_Primary Text_invalid custom-input' is clicked on

2022-03-22 11:44:43 - [MESSAGE][PASSED] - Object: 'Object Repository/Step2/Page_AdRoot  Create Campaign Steps/Page_AdRoot  Create Campaign Steps/input_Primary Text_invalid custom-input' is clicked on

2022-03-22 11:44:43 - [TEST_STEP][PASSED] - setText(findTestObject("Object Repository/Step2/Page_AdRoot  Create Campaign Steps/Page_AdRoot  Create Campaign Steps/input_Primary Text_invalid custom-input"), "Social media"): Text 'Social media' is set on object 'Object Repository/Step2/Page_AdRoot  Create Campaign Steps/Page_AdRoot  Create Campaign Steps/input_Primary Text_invalid custom-input'

2022-03-22 11:44:44 - [MESSAGE][PASSED] - Text 'Social media' is set on object 'Object Repository/Step2/Page_AdRoot  Create Campaign Steps/Page_AdRoot  Create Campaign Steps/input_Primary Text_invalid custom-input'

2022-03-22 11:44:44 - [TEST_STEP][PASSED] - setText(findTestObject("Step2/Page_AdRoot  Create Campaign Steps/Page_AdRoot  Create Campaign Steps/input_Headline_custom-input"), "Social media ads management "): Text 'Social media ads management ' is set on object 'Object Repository/Step2/Page_AdRoot  Create Campaign Steps/Page_AdRoot  Create Campaign Steps/input_Headline_custom-input'

2022-03-22 11:44:45 - [MESSAGE][PASSED] - Text 'Social media ads management ' is set on object 'Object Repository/Step2/Page_AdRoot  Create Campaign Steps/Page_AdRoot  Create Campaign Steps/input_Headline_custom-input'

2022-03-22 11:44:45 - [TEST_STEP][PASSED] - setText(findTestObject("Step2/Page_AdRoot  Create Campaign Steps/Page_AdRoot  Create Campaign Steps/input_Ad Description_custom-input"), "Our Mission is to create one place for all advertising needs"): Text 'Our Mission is to create one place for all advertising needs' is set on object 'Object Repository/Step2/Page_AdRoot  Create Campaign Steps/Page_AdRoot  Create Campaign Steps/input_Ad Description_custom-input'

2022-03-22 11:44:47 - [MESSAGE][PASSED] - Text 'Our Mission is to create one place for all advertising needs' is set on object 'Object Repository/Step2/Page_AdRoot  Create Campaign Steps/Page_AdRoot  Create Campaign Steps/input_Ad Description_custom-input'

2022-03-22 11:44:47 - [TEST_STEP][PASSED] - setText(findTestObject("Step2/Page_AdRoot  Create Campaign Steps/input_Website URL_custom-input"), "gsmediagroup.net"): Text 'gsmediagroup.net' is set on object 'Object Repository/Step2/Page_AdRoot  Create Campaign Steps/input_Website URL_custom-input'

2022-03-22 11:44:48 - [MESSAGE][PASSED] - Text 'gsmediagroup.net' is set on object 'Object Repository/Step2/Page_AdRoot  Create Campaign Steps/input_Website URL_custom-input'

2022-03-22 11:44:48 - [TEST_STEP][PASSED] - click(findTestObject("Step2/Page_AdRoot  Create Campaign Steps/div_Choose AD")): Object: 'Object Repository/Step2/Page_AdRoot  Create Campaign Steps/div_Choose AD' is clicked on

2022-03-22 11:44:48 - [MESSAGE][PASSED] - Object: 'Object Repository/Step2/Page_AdRoot  Create Campaign Steps/div_Choose AD' is clicked on

2022-03-22 11:44:48 - [TEST_STEP][PASSED] - click(findTestObject("Object Repository/App-Create campaign/Page_AdRoot  Create Campaign Steps/span_cropped-512adroot.jpg")): Object: 'Object Repository/App-Create campaign/Page_AdRoot  Create Campaign Steps/span_cropped-512adroot.jpg' is clicked on

2022-03-22 11:44:49 - [MESSAGE][PASSED] - Object: 'Object Repository/App-Create campaign/Page_AdRoot  Create Campaign Steps/span_cropped-512adroot.jpg' is clicked on

2022-03-22 11:44:49 - [TEST_STEP][PASSED] - click(findTestObject("Step3/Page_AdRoot  Create Campaign Steps/button_Select")): Object: 'Object Repository/Step3/Page_AdRoot  Create Campaign Steps/button_Select' is clicked on

2022-03-22 11:44:50 - [MESSAGE][PASSED] - Object: 'Object Repository/Step3/Page_AdRoot  Create Campaign Steps/button_Select' is clicked on

2022-03-22 11:44:50 - [TEST_STEP][PASSED] - mouseOver(findTestObject("Google display/Page_AdRoot  Create Campaign Steps/div_1052Business nameHeadlineChoose ADHeadlineAd DescriptionOpen"), STOP_ON_FAILURE): Object: 'Object Repository/Google display/Page_AdRoot  Create Campaign Steps/div_1052Business nameHeadlineChoose ADHeadlineAd DescriptionOpen' is hovered

2022-03-22 11:44:50 - [MESSAGE][PASSED] - Object: 'Object Repository/Google display/Page_AdRoot  Create Campaign Steps/div_1052Business nameHeadlineChoose ADHeadlineAd DescriptionOpen' is hovered

2022-03-22 11:44:50 - [TEST_STEP][PASSED] - click(findTestObject("Step3/Page_AdRoot  Create Campaign Steps/Page_AdRoot  Create Campaign Steps/div_Open_actions-mode")): Object: 'Object Repository/Step3/Page_AdRoot  Create Campaign Steps/Page_AdRoot  Create Campaign Steps/div_Open_actions-mode' is clicked on

2022-03-22 11:44:51 - [MESSAGE][PASSED] - Object: 'Object Repository/Step3/Page_AdRoot  Create Campaign Steps/Page_AdRoot  Create Campaign Steps/div_Open_actions-mode' is clicked on

2022-03-22 11:44:51 - [TEST_STEP][PASSED] - click(findTestObject("Step3/Page_AdRoot  Create Campaign Steps/div_Open_edit")): Object: 'Object Repository/Step3/Page_AdRoot  Create Campaign Steps/div_Open_edit' is clicked on

2022-03-22 11:44:51 - [MESSAGE][PASSED] - Object: 'Object Repository/Step3/Page_AdRoot  Create Campaign Steps/div_Open_edit' is clicked on

2022-03-22 11:44:51 - [TEST_STEP][PASSED] - setText(findTestObject("Step3/Page_AdRoot  Create Campaign Steps/input_Business Name_custom-input"), "GS media"): Text 'GS media' is set on object 'Object Repository/Step3/Page_AdRoot  Create Campaign Steps/input_Business Name_custom-input'

2022-03-22 11:44:53 - [MESSAGE][PASSED] - Text 'GS media' is set on object 'Object Repository/Step3/Page_AdRoot  Create Campaign Steps/input_Business Name_custom-input'

2022-03-22 11:44:53 - [TEST_STEP][PASSED] - setText(findTestObject("Step3/Page_AdRoot  Create Campaign Steps/input_Long headline_custom-input"), "Ad management system"): Text 'Ad management system' is set on object 'Object Repository/Step3/Page_AdRoot  Create Campaign Steps/input_Long headline_custom-input'

2022-03-22 11:44:54 - [MESSAGE][PASSED] - Text 'Ad management system' is set on object 'Object Repository/Step3/Page_AdRoot  Create Campaign Steps/input_Long headline_custom-input'

2022-03-22 11:44:54 - [TEST_STEP][PASSED] - click(findTestObject("Step3/Page_AdRoot  Create Campaign Steps/button_Save")): Object: 'Object Repository/Step3/Page_AdRoot  Create Campaign Steps/button_Save' is clicked on

2022-03-22 11:44:54 - [MESSAGE][PASSED] - Object: 'Object Repository/Step3/Page_AdRoot  Create Campaign Steps/button_Save' is clicked on

2022-03-22 11:44:54 - [TEST_STEP][PASSED] - click(findTestObject("Object Repository/Step 4,5/Page_AdRoot  Create Campaign Steps/button_Next Step (1)")): Object: 'Object Repository/Step 4,5/Page_AdRoot  Create Campaign Steps/button_Next Step (1)' is clicked on

2022-03-22 11:44:55 - [MESSAGE][PASSED] - Object: 'Object Repository/Step 4,5/Page_AdRoot  Create Campaign Steps/button_Next Step (1)' is clicked on

2022-03-22 11:44:55 - [TEST_STEP][PASSED] - click(findTestObject("Targeting/Page_AdRoot  Create Campaign Steps/div_English")): Object: 'Object Repository/Targeting/Page_AdRoot  Create Campaign Steps/div_English' is clicked on

2022-03-22 11:44:57 - [MESSAGE][PASSED] - Object: 'Object Repository/Targeting/Page_AdRoot  Create Campaign Steps/div_English' is clicked on

2022-03-22 11:44:57 - [TEST_STEP][PASSED] - click(findTestObject("Targeting/Page_AdRoot  Create Campaign Steps/li_All")): Object: 'Object Repository/Targeting/Page_AdRoot  Create Campaign Steps/li_All' is clicked on

2022-03-22 11:44:57 - [MESSAGE][PASSED] - Object: 'Object Repository/Targeting/Page_AdRoot  Create Campaign Steps/li_All' is clicked on

2022-03-22 11:44:57 - [TEST_STEP][PASSED] - doubleClick(findTestObject("Targeting/Page_AdRoot  Create Campaign Steps/div_Antigua and Barbuda")): Object: 'Object Repository/Targeting/Page_AdRoot  Create Campaign Steps/div_Antigua and Barbuda' is double clicked on

2022-03-22 11:44:58 - [MESSAGE][PASSED] - Object: 'Object Repository/Targeting/Page_AdRoot  Create Campaign Steps/div_Antigua and Barbuda' is double clicked on

2022-03-22 11:44:58 - [TEST_STEP][PASSED] - click(findTestObject("Targeting/Page_AdRoot  Create Campaign Steps/div_Antigua and Barbuda")): Object: 'Object Repository/Targeting/Page_AdRoot  Create Campaign Steps/div_Antigua and Barbuda' is clicked on

2022-03-22 11:44:59 - [MESSAGE][PASSED] - Object: 'Object Repository/Targeting/Page_AdRoot  Create Campaign Steps/div_Antigua and Barbuda' is clicked on

2022-03-22 11:44:59 - [TEST_STEP][PASSED] - click(findTestObject("Targeting/Page_AdRoot  Create Campaign Steps/label_All")): Object: 'Object Repository/Targeting/Page_AdRoot  Create Campaign Steps/label_All' is clicked on

2022-03-22 11:45:00 - [MESSAGE][PASSED] - Object: 'Object Repository/Targeting/Page_AdRoot  Create Campaign Steps/label_All' is clicked on

2022-03-22 11:45:00 - [TEST_STEP][PASSED] - doubleClick(findTestObject("Targeting/Page_AdRoot  Create Campaign Steps/div_From_arrow")): Object: 'Object Repository/Targeting/Page_AdRoot  Create Campaign Steps/div_From_arrow' is double clicked on

2022-03-22 11:45:01 - [MESSAGE][PASSED] - Object: 'Object Repository/Targeting/Page_AdRoot  Create Campaign Steps/div_From_arrow' is double clicked on

2022-03-22 11:45:01 - [TEST_STEP][PASSED] - click(findTestObject("Targeting/Page_AdRoot  Create Campaign Steps/div_From_arrow")): Object: 'Object Repository/Targeting/Page_AdRoot  Create Campaign Steps/div_From_arrow' is clicked on

2022-03-22 11:45:02 - [MESSAGE][PASSED] - Object: 'Object Repository/Targeting/Page_AdRoot  Create Campaign Steps/div_From_arrow' is clicked on

2022-03-22 11:45:02 - [TEST_STEP][PASSED] - click(findTestObject("Targeting/Page_AdRoot  Create Campaign Steps/div_23")): Object: 'Object Repository/Targeting/Page_AdRoot  Create Campaign Steps/div_23' is clicked on

2022-03-22 11:45:02 - [MESSAGE][PASSED] - Object: 'Object Repository/Targeting/Page_AdRoot  Create Campaign Steps/div_23' is clicked on

2022-03-22 11:45:02 - [TEST_STEP][PASSED] - doubleClick(findTestObject("Targeting/Page_AdRoot  Create Campaign Steps/div_To_arrow")): Object: 'Object Repository/Targeting/Page_AdRoot  Create Campaign Steps/div_To_arrow' is double clicked on

2022-03-22 11:45:03 - [MESSAGE][PASSED] - Object: 'Object Repository/Targeting/Page_AdRoot  Create Campaign Steps/div_To_arrow' is double clicked on

2022-03-22 11:45:03 - [TEST_STEP][PASSED] - click(findTestObject("Targeting/Page_AdRoot  Create Campaign Steps/div_64")): Object: 'Object Repository/Targeting/Page_AdRoot  Create Campaign Steps/div_64' is clicked on

2022-03-22 11:45:03 - [MESSAGE][PASSED] - Object: 'Object Repository/Targeting/Page_AdRoot  Create Campaign Steps/div_64' is clicked on

2022-03-22 11:45:03 - [TEST_STEP][PASSED] - click(findTestObject("Object Repository/Step 4,5/Page_AdRoot  Create Campaign Steps/button_Next Step (1)")): Object: 'Object Repository/Step 4,5/Page_AdRoot  Create Campaign Steps/button_Next Step (1)' is clicked on

2022-03-22 11:45:04 - [MESSAGE][PASSED] - Object: 'Object Repository/Step 4,5/Page_AdRoot  Create Campaign Steps/button_Next Step (1)' is clicked on

2022-03-22 11:45:04 - [TEST_STEP][PASSED] - setText(findTestObject("Object Repository/Step 4,5/Page_AdRoot  Create Campaign Steps/input_Daily_custom-input"), "$ 1"): Text '$ 1' is set on object 'Object Repository/Step 4,5/Page_AdRoot  Create Campaign Steps/input_Daily_custom-input'

2022-03-22 11:45:05 - [MESSAGE][PASSED] - Text '$ 1' is set on object 'Object Repository/Step 4,5/Page_AdRoot  Create Campaign Steps/input_Daily_custom-input'

2022-03-22 11:45:05 - [TEST_STEP][PASSED] - click(findTestObject("Step 4,5/Page_AdRoot  Create Campaign Steps/input_Start_single-date-picker-datepicker-y6DXOBYbq5i4SX3nAPEZ")): Object: 'Object Repository/Step 4,5/Page_AdRoot  Create Campaign Steps/input_Start_single-date-picker-datepicker-y6DXOBYbq5i4SX3nAPEZ' is clicked on

2022-03-22 11:45:05 - [MESSAGE][PASSED] - Object: 'Object Repository/Step 4,5/Page_AdRoot  Create Campaign Steps/input_Start_single-date-picker-datepicker-y6DXOBYbq5i4SX3nAPEZ' is clicked on

2022-03-22 11:45:05 - [TEST_STEP][PASSED] - click(findTestObject("Step 4,5/Page_AdRoot  Create Campaign Steps/svg_Su_DayPickerNavigation_svg__horizontal DayPickerNavigation_svg__horizontal_1")): Object: 'Object Repository/Step 4,5/Page_AdRoot  Create Campaign Steps/svg_Su_DayPickerNavigation_svg__horizontal DayPickerNavigation_svg__horizontal_1' is clicked on

2022-03-22 11:45:06 - [MESSAGE][PASSED] - Object: 'Object Repository/Step 4,5/Page_AdRoot  Create Campaign Steps/svg_Su_DayPickerNavigation_svg__horizontal DayPickerNavigation_svg__horizontal_1' is clicked on

2022-03-22 11:45:06 - [TEST_STEP][PASSED] - click(findTestObject("Step 4,5/Page_AdRoot  Create Campaign Steps/svg_Su_DayPickerNavigation_svg__horizontal DayPickerNavigation_svg__horizontal_1")): Object: 'Object Repository/Step 4,5/Page_AdRoot  Create Campaign Steps/svg_Su_DayPickerNavigation_svg__horizontal DayPickerNavigation_svg__horizontal_1' is clicked on

2022-03-22 11:45:07 - [MESSAGE][PASSED] - Object: 'Object Repository/Step 4,5/Page_AdRoot  Create Campaign Steps/svg_Su_DayPickerNavigation_svg__horizontal DayPickerNavigation_svg__horizontal_1' is clicked on

2022-03-22 11:45:07 - [TEST_STEP][PASSED] - click(findTestObject("Step 4,5/Page_AdRoot  Create Campaign Steps/svg_Su_DayPickerNavigation_svg__horizontal DayPickerNavigation_svg__horizontal_1")): Object: 'Object Repository/Step 4,5/Page_AdRoot  Create Campaign Steps/svg_Su_DayPickerNavigation_svg__horizontal DayPickerNavigation_svg__horizontal_1' is clicked on

2022-03-22 11:45:07 - [MESSAGE][PASSED] - Object: 'Object Repository/Step 4,5/Page_AdRoot  Create Campaign Steps/svg_Su_DayPickerNavigation_svg__horizontal DayPickerNavigation_svg__horizontal_1' is clicked on

2022-03-22 11:45:07 - [TEST_STEP][PASSED] - click(findTestObject("Step 4,5/Page_AdRoot  Create Campaign Steps/svg_Su_DayPickerNavigation_svg__horizontal DayPickerNavigation_svg__horizontal_1")): Object: 'Object Repository/Step 4,5/Page_AdRoot  Create Campaign Steps/svg_Su_DayPickerNavigation_svg__horizontal DayPickerNavigation_svg__horizontal_1' is clicked on

2022-03-22 11:45:08 - [MESSAGE][PASSED] - Object: 'Object Repository/Step 4,5/Page_AdRoot  Create Campaign Steps/svg_Su_DayPickerNavigation_svg__horizontal DayPickerNavigation_svg__horizontal_1' is clicked on

2022-03-22 11:45:08 - [TEST_STEP][PASSED] - click(findTestObject("Step 4,5/Page_AdRoot  Create Campaign Steps/td_10")): Object: 'Object Repository/Step 4,5/Page_AdRoot  Create Campaign Steps/td_10' is clicked on

2022-03-22 11:45:08 - [MESSAGE][PASSED] - Object: 'Object Repository/Step 4,5/Page_AdRoot  Create Campaign Steps/td_10' is clicked on

2022-03-22 11:45:08 - [TEST_STEP][PASSED] - click(findTestObject("Object Repository/Step 4,5/Page_AdRoot  Create Campaign Steps/button_Finish")): Object: 'Object Repository/Step 4,5/Page_AdRoot  Create Campaign Steps/button_Finish' is clicked on

2022-03-22 11:45:09 - [MESSAGE][PASSED] - Object: 'Object Repository/Step 4,5/Page_AdRoot  Create Campaign Steps/button_Finish' is clicked on

2022-03-22 11:45:09 - [TEST_STEP][PASSED] - verifyElementPresent(findTestObject("Object Repository/Step 4,5/Page_AdRoot  Campaigns/div_PENDING"), 0): Object 'Object Repository/Step 4,5/Page_AdRoot  Campaigns/div_PENDING' is present

2022-03-22 11:45:09 - [MESSAGE][WARNING] - Timeout '0' is invalid. Using default page load timeout: '30'

2022-03-22 11:45:11 - [MESSAGE][PASSED] - Object 'Object Repository/Step 4,5/Page_AdRoot  Campaigns/div_PENDING' is present

2022-03-22 11:45:11 - [TEST_STEP][PASSED] - closeBrowser(): Browser is closed

2022-03-22 11:45:11 - [MESSAGE][PASSED] - Browser is closed]]></system-out>
         <system-err><![CDATA[]]></system-err>
      </testcase>
      <system-out><![CDATA[2022-03-22 11:38:48 - [TEST_SUITE][FAILED] - app-create campaign suite: Test Cases/Campaign/Create campaign/App-Create campaign/App-Brand campaign FAILED.
Reason:
com.kms.katalon.core.exception.StepFailedException: Unable to set text '$ 1' of object 'Object Repository/Step 4,5/Page_AdRoot  Create Campaign Steps/input_Daily_custom-input'
	at com.kms.katalon.core.webui.keyword.internal.WebUIKeywordMain.stepFailed(WebUIKeywordMain.groovy:64)
	at com.kms.katalon.core.webui.keyword.internal.WebUIKeywordMain.runKeyword(WebUIKeywordMain.groovy:26)
	at com.kms.katalon.core.webui.keyword.builtin.SetTextKeyword.setText(SetTextKeyword.groovy:66)
	at com.kms.katalon.core.webui.keyword.builtin.SetTextKeyword.execute(SetTextKeyword.groovy:37)
	at com.kms.katalon.core.keyword.internal.KeywordExecutor.executeKeywordForPlatform(KeywordExecutor.groovy:74)
	at com.kms.katalon.core.webui.keyword.WebUiBuiltInKeywords.setText(WebUiBuiltInKeywords.groovy:980)
	at com.kms.katalon.core.webui.keyword.WebUiBuiltInKeywords$setText$2.call(Unknown Source)
	at App-Brand campaign.run(App-Brand campaign:106)
	at com.kms.katalon.core.main.ScriptEngine.run(ScriptEngine.java:194)
	at com.kms.katalon.core.main.ScriptEngine.runScriptAsRawText(ScriptEngine.java:119)
	at com.kms.katalon.core.main.TestCaseExecutor.runScript(TestCaseExecutor.java:442)
	at com.kms.katalon.core.main.TestCaseExecutor.doExecute(TestCaseExecutor.java:433)
	at com.kms.katalon.core.main.TestCaseExecutor.processExecutionPhase(TestCaseExecutor.java:412)
	at com.kms.katalon.core.main.TestCaseExecutor.accessMainPhase(TestCaseExecutor.java:404)
	at com.kms.katalon.core.main.TestCaseExecutor.execute(TestCaseExecutor.java:281)
	at com.kms.katalon.core.main.TestSuiteExecutor.accessTestCaseMainPhase(TestSuiteExecutor.java:202)
	at com.kms.katalon.core.main.TestSuiteExecutor.accessTestSuiteMainPhase(TestSuiteExecutor.java:164)
	at com.kms.katalon.core.main.TestSuiteExecutor.execute(TestSuiteExecutor.java:105)
	at com.kms.katalon.core.main.TestCaseMain.startTestSuite(TestCaseMain.java:185)
	at com.kms.katalon.core.main.TestCaseMain$startTestSuite$0.call(Unknown Source)
	at TempTestSuite1647934719112.run(TempTestSuite1647934719112.groovy:36)
Caused by: org.openqa.selenium.InvalidElementStateException: invalid element state: Element is not currently interactable and may not be manipulated
  (Session info: chrome=99.0.4844.82)
Build info: version: '3.141.59', revision: 'e82be7d358', time: '2018-11-14T08:25:53'
System info: host: 'GORSPC', ip: '192.168.0.106', os.name: 'Windows 10', os.arch: 'amd64', os.version: '10.0', java.version: '1.8.0_282'
Driver info: com.kms.katalon.selenium.driver.CChromeDriver
Capabilities {acceptInsecureCerts: false, browserName: chrome, browserVersion: 99.0.4844.82, chrome: {chromedriverVersion: 99.0.4844.51 (d537ec02474b5..., userDataDir: C:\Users\AdRoot_PC2\AppData...}, goog:chromeOptions: {debuggerAddress: localhost:55327}, javascriptEnabled: true, networkConnectionEnabled: false, pageLoadStrategy: normal, platform: WINDOWS, platformName: WINDOWS, proxy: Proxy(), setWindowRect: true, strictFileInteractability: false, timeouts: {implicit: 0, pageLoad: 300000, script: 30000}, unhandledPromptBehavior: dismiss and notify, webauthn:extension:credBlob: true, webauthn:extension:largeBlob: true, webauthn:virtualAuthenticators: true}
Session ID: c57d78b620362b8e1d395c26313333c4
	at org.openqa.selenium.remote.http.W3CHttpResponseCodec.createException(W3CHttpResponseCodec.java:187)
	at org.openqa.selenium.remote.http.W3CHttpResponseCodec.decode(W3CHttpResponseCodec.java:122)
	at org.openqa.selenium.remote.http.W3CHttpResponseCodec.decode(W3CHttpResponseCodec.java:49)
	at org.openqa.selenium.remote.HttpCommandExecutor.execute(HttpCommandExecutor.java:158)
	at org.openqa.selenium.remote.service.DriverCommandExecutor.execute(DriverCommandExecutor.java:83)
	at org.openqa.selenium.remote.RemoteWebDriver.execute(RemoteWebDriver.java:552)
	at com.kms.katalon.selenium.driver.CChromeDriver.execute(CChromeDriver.java:19)
	at org.openqa.selenium.remote.RemoteWebElement.execute(RemoteWebElement.java:285)
	at org.openqa.selenium.remote.RemoteWebElement.clear(RemoteWebElement.java:124)
	at org.openqa.selenium.support.events.EventFiringWebDriver$EventFiringWebElement.lambda$new$0(EventFiringWebDriver.java:404)
	at com.sun.proxy.$Proxy11.clear(Unknown Source)
	at org.openqa.selenium.support.events.EventFiringWebDriver$EventFiringWebElement.clear(EventFiringWebDriver.java:436)
	at com.kms.katalon.core.webui.keyword.builtin.SetTextKeyword$_setText_closure1.doCall(SetTextKeyword.groovy:53)
	at com.kms.katalon.core.webui.keyword.builtin.SetTextKeyword$_setText_closure1.call(SetTextKeyword.groovy)
	at com.kms.katalon.core.webui.keyword.internal.WebUIKeywordMain.runKeyword(WebUIKeywordMain.groovy:20)
	... 19 more]]></system-out>
      <system-err><![CDATA[2022-03-22 11:38:48 - [TEST_SUITE][FAILED] - app-create campaign suite: Test Cases/Campaign/Create campaign/App-Create campaign/App-Brand campaign FAILED.
Reason:
com.kms.katalon.core.exception.StepFailedException: Unable to set text '$ 1' of object 'Object Repository/Step 4,5/Page_AdRoot  Create Campaign Steps/input_Daily_custom-input'
	at com.kms.katalon.core.webui.keyword.internal.WebUIKeywordMain.stepFailed(WebUIKeywordMain.groovy:64)
	at com.kms.katalon.core.webui.keyword.internal.WebUIKeywordMain.runKeyword(WebUIKeywordMain.groovy:26)
	at com.kms.katalon.core.webui.keyword.builtin.SetTextKeyword.setText(SetTextKeyword.groovy:66)
	at com.kms.katalon.core.webui.keyword.builtin.SetTextKeyword.execute(SetTextKeyword.groovy:37)
	at com.kms.katalon.core.keyword.internal.KeywordExecutor.executeKeywordForPlatform(KeywordExecutor.groovy:74)
	at com.kms.katalon.core.webui.keyword.WebUiBuiltInKeywords.setText(WebUiBuiltInKeywords.groovy:980)
	at com.kms.katalon.core.webui.keyword.WebUiBuiltInKeywords$setText$2.call(Unknown Source)
	at App-Brand campaign.run(App-Brand campaign:106)
	at com.kms.katalon.core.main.ScriptEngine.run(ScriptEngine.java:194)
	at com.kms.katalon.core.main.ScriptEngine.runScriptAsRawText(ScriptEngine.java:119)
	at com.kms.katalon.core.main.TestCaseExecutor.runScript(TestCaseExecutor.java:442)
	at com.kms.katalon.core.main.TestCaseExecutor.doExecute(TestCaseExecutor.java:433)
	at com.kms.katalon.core.main.TestCaseExecutor.processExecutionPhase(TestCaseExecutor.java:412)
	at com.kms.katalon.core.main.TestCaseExecutor.accessMainPhase(TestCaseExecutor.java:404)
	at com.kms.katalon.core.main.TestCaseExecutor.execute(TestCaseExecutor.java:281)
	at com.kms.katalon.core.main.TestSuiteExecutor.accessTestCaseMainPhase(TestSuiteExecutor.java:202)
	at com.kms.katalon.core.main.TestSuiteExecutor.accessTestSuiteMainPhase(TestSuiteExecutor.java:164)
	at com.kms.katalon.core.main.TestSuiteExecutor.execute(TestSuiteExecutor.java:105)
	at com.kms.katalon.core.main.TestCaseMain.startTestSuite(TestCaseMain.java:185)
	at com.kms.katalon.core.main.TestCaseMain$startTestSuite$0.call(Unknown Source)
	at TempTestSuite1647934719112.run(TempTestSuite1647934719112.groovy:36)
Caused by: org.openqa.selenium.InvalidElementStateException: invalid element state: Element is not currently interactable and may not be manipulated
  (Session info: chrome=99.0.4844.82)
Build info: version: '3.141.59', revision: 'e82be7d358', time: '2018-11-14T08:25:53'
System info: host: 'GORSPC', ip: '192.168.0.106', os.name: 'Windows 10', os.arch: 'amd64', os.version: '10.0', java.version: '1.8.0_282'
Driver info: com.kms.katalon.selenium.driver.CChromeDriver
Capabilities {acceptInsecureCerts: false, browserName: chrome, browserVersion: 99.0.4844.82, chrome: {chromedriverVersion: 99.0.4844.51 (d537ec02474b5..., userDataDir: C:\Users\AdRoot_PC2\AppData...}, goog:chromeOptions: {debuggerAddress: localhost:55327}, javascriptEnabled: true, networkConnectionEnabled: false, pageLoadStrategy: normal, platform: WINDOWS, platformName: WINDOWS, proxy: Proxy(), setWindowRect: true, strictFileInteractability: false, timeouts: {implicit: 0, pageLoad: 300000, script: 30000}, unhandledPromptBehavior: dismiss and notify, webauthn:extension:credBlob: true, webauthn:extension:largeBlob: true, webauthn:virtualAuthenticators: true}
Session ID: c57d78b620362b8e1d395c26313333c4
	at org.openqa.selenium.remote.http.W3CHttpResponseCodec.createException(W3CHttpResponseCodec.java:187)
	at org.openqa.selenium.remote.http.W3CHttpResponseCodec.decode(W3CHttpResponseCodec.java:122)
	at org.openqa.selenium.remote.http.W3CHttpResponseCodec.decode(W3CHttpResponseCodec.java:49)
	at org.openqa.selenium.remote.HttpCommandExecutor.execute(HttpCommandExecutor.java:158)
	at org.openqa.selenium.remote.service.DriverCommandExecutor.execute(DriverCommandExecutor.java:83)
	at org.openqa.selenium.remote.RemoteWebDriver.execute(RemoteWebDriver.java:552)
	at com.kms.katalon.selenium.driver.CChromeDriver.execute(CChromeDriver.java:19)
	at org.openqa.selenium.remote.RemoteWebElement.execute(RemoteWebElement.java:285)
	at org.openqa.selenium.remote.RemoteWebElement.clear(RemoteWebElement.java:124)
	at org.openqa.selenium.support.events.EventFiringWebDriver$EventFiringWebElement.lambda$new$0(EventFiringWebDriver.java:404)
	at com.sun.proxy.$Proxy11.clear(Unknown Source)
	at org.openqa.selenium.support.events.EventFiringWebDriver$EventFiringWebElement.clear(EventFiringWebDriver.java:436)
	at com.kms.katalon.core.webui.keyword.builtin.SetTextKeyword$_setText_closure1.doCall(SetTextKeyword.groovy:53)
	at com.kms.katalon.core.webui.keyword.builtin.SetTextKeyword$_setText_closure1.call(SetTextKeyword.groovy)
	at com.kms.katalon.core.webui.keyword.internal.WebUIKeywordMain.runKeyword(WebUIKeywordMain.groovy:20)
	... 19 more]]></system-err>
   </testsuite>
</testsuites>
