<?xml version="1.0" encoding="UTF-8"?>
<testsuites name="dev-create campaign not makronmanuel" time="224.906" tests="5" failures="0" errors="0">
   <testsuite name="dev-create campaign not makronmanuel" tests="5" failures="0" errors="0" time="224.906" skipped="0" timestamp="2022-03-28 17:24:53" hostname="AdRoot_PC2 - GorsPC" id="Test Suites/Suits/dev-create campaign not makronmanuel">
      <properties>
         <property name="deviceName" value=""/>
         <property name="devicePlatform" value=""/>
         <property name="logFolder" value="C:\\Users\\AdRoot_PC2\\git\\KatalonAutomation\\Reports\\20220328_172445\\Suits\\dev-create campaign not makronmanuel\\20220328_172446"/>
         <property name="logFiles" value="C:\\Users\\AdRoot_PC2\\git\\KatalonAutomation\\Reports\\20220328_172445\\Suits\\dev-create campaign not makronmanuel\\20220328_172446\\execution0.log"/>
         <property name="attachments" value=""/>
         <property name="hostName" value="AdRoot_PC2 - GorsPC"/>
         <property name="os" value="Windows 10 64bit"/>
         <property name="katalonVersion" value="8.2.5.208"/>
         <property name="browser" value="Chrome 99.0.4844.84"/>
         <property name="hostAddress" value="192.168.0.106"/>
         <property name="sessionId" value="2827272476d3c274f4866e34872ab57d"/>
         <property name="seleniumVersion" value="3.141.59"/>
         <property name="proxyInformation" value="ProxyInformation { proxyOption=NO_PROXY, proxyServerType=HTTP, username=, password=********, proxyServerAddress=, proxyServerPort=0, executionList=&quot;&quot;, isApplyToDesiredCapabilities=true }"/>
         <property name="platform" value="Windows 10"/>
      </properties>
      <testcase name="Test Cases/Campaign/Create campaign/dev-Create campaign - not makronmanuel/Dev-Brand campaign - with targeting" time="50.496" classname="Test Cases/Campaign/Create campaign/dev-Create campaign - not makronmanuel/Dev-Brand campaign - with targeting" status="PASSED">
         <system-out><![CDATA[2022-03-28 17:24:54 - [TEST_CASE][PASSED] - Test Cases/Campaign/Create campaign/dev-Create campaign - not makronmanuel/Dev-Brand campaign - with targeting: Test Cases/Campaign/Create campaign/dev-Create campaign - not makronmanuel/Dev-Brand campaign - with targeting

2022-03-28 17:24:54 - [TEST_STEP][PASSED] - openBrowser(""): Browser is opened with url: ''

2022-03-28 17:24:54 - [MESSAGE][INFO] - Starting 'Chrome' driver

2022-03-28 17:24:54 - [MESSAGE][INFO] - Action delay is set to 0 milliseconds

2022-03-28 17:24:56 - [MESSAGE][PASSED] - Browser is opened with url: ''

2022-03-28 17:24:56 - [TEST_STEP][PASSED] - setViewPortSize(1550, 900): Viewport is set to new size with width = 1550 and height = 900

2022-03-28 17:24:57 - [MESSAGE][PASSED] - Viewport is set to new size with width = 1550 and height = 900

2022-03-28 17:24:57 - [TEST_STEP][PASSED] - navigateToUrl("https://dev.adroot.io/auth/signin"): Navigate to 'https://dev.adroot.io/auth/signin' successfully

2022-03-28 17:25:02 - [MESSAGE][PASSED] - Navigate to 'https://dev.adroot.io/auth/signin' successfully

2022-03-28 17:25:02 - [TEST_STEP][PASSED] - setText(findTestObject("Object Repository/Regular Create campaign/Page_AdRoot  Login/input_E-mail_email"), "rutest@gmail.com"): Text 'rutest@gmail.com' is set on object 'Object Repository/Regular Create campaign/Page_AdRoot  Login/input_E-mail_email'

2022-03-28 17:25:03 - [MESSAGE][PASSED] - Text 'rutest@gmail.com' is set on object 'Object Repository/Regular Create campaign/Page_AdRoot  Login/input_E-mail_email'

2022-03-28 17:25:03 - [TEST_STEP][PASSED] - setEncryptedText(findTestObject("Object Repository/Regular Create campaign/Page_AdRoot  Login/input_Password_password"), "9juLMCYi8sYpY2Mrwe5diw=="): Text ****** has been set on object 'Object Repository/Regular Create campaign/Page_AdRoot  Login/input_Password_password'

2022-03-28 17:25:03 - [MESSAGE][PASSED] - Text ****** has been set on object 'Object Repository/Regular Create campaign/Page_AdRoot  Login/input_Password_password'

2022-03-28 17:25:03 - [TEST_STEP][PASSED] - click(findTestObject("Object Repository/Regular Create campaign/Page_AdRoot  Login/button_Sign in")): Object: 'Object Repository/Regular Create campaign/Page_AdRoot  Login/button_Sign in' is clicked on

2022-03-28 17:25:04 - [MESSAGE][PASSED] - Object: 'Object Repository/Regular Create campaign/Page_AdRoot  Login/button_Sign in' is clicked on

2022-03-28 17:25:04 - [TEST_STEP][PASSED] - click(findTestObject("Campaign copy/Page_AdRoot  Dashboard/a_Campaigns")): Object: 'Object Repository/Campaign copy/Page_AdRoot  Dashboard/a_Campaigns' is clicked on

2022-03-28 17:25:07 - [MESSAGE][PASSED] - Object: 'Object Repository/Campaign copy/Page_AdRoot  Dashboard/a_Campaigns' is clicked on

2022-03-28 17:25:07 - [TEST_STEP][PASSED] - click(findTestObject("Regular Create campaign/Page_AdRoot  Campaigns/div_Campaign View")): Object: 'Object Repository/Regular Create campaign/Page_AdRoot  Campaigns/div_Campaign View' is clicked on

2022-03-28 17:25:08 - [MESSAGE][PASSED] - Object: 'Object Repository/Regular Create campaign/Page_AdRoot  Campaigns/div_Campaign View' is clicked on

2022-03-28 17:25:08 - [TEST_STEP][PASSED] - click(findTestObject("Regular Create campaign/Page_AdRoot  Campaigns/div_New Campaign")): Object: 'Object Repository/Regular Create campaign/Page_AdRoot  Campaigns/div_New Campaign' is clicked on

2022-03-28 17:25:09 - [MESSAGE][PASSED] - Object: 'Object Repository/Regular Create campaign/Page_AdRoot  Campaigns/div_New Campaign' is clicked on

2022-03-28 17:25:09 - [TEST_STEP][PASSED] - setText(findTestObject("Page_AdRoot  Create Campaign Steps/input_Campaign name_custom-input"), "devadroot1"): Text 'devadroot1' is set on object 'Object Repository/Page_AdRoot  Create Campaign Steps/input_Campaign name_custom-input'

2022-03-28 17:25:11 - [MESSAGE][PASSED] - Text 'devadroot1' is set on object 'Object Repository/Page_AdRoot  Create Campaign Steps/input_Campaign name_custom-input'

2022-03-28 17:25:11 - [TEST_STEP][PASSED] - click(findTestObject("Regular Create campaign/Page_AdRoot  Campaigns/Page_AdRoot  Create Campaign Steps/span_Name is taken")): Object: 'Object Repository/Regular Create campaign/Page_AdRoot  Campaigns/Page_AdRoot  Create Campaign Steps/span_Name is taken' is clicked on

2022-03-28 17:25:12 - [MESSAGE][PASSED] - Object: 'Object Repository/Regular Create campaign/Page_AdRoot  Campaigns/Page_AdRoot  Create Campaign Steps/span_Name is taken' is clicked on

2022-03-28 17:25:12 - [TEST_STEP][PASSED] - click(findTestObject("Goals/Goals/Page_AdRoot  Create Campaign Steps/div_Brand Awareness")): Object: 'Object Repository/Goals/Goals/Page_AdRoot  Create Campaign Steps/div_Brand Awareness' is clicked on

2022-03-28 17:25:12 - [MESSAGE][PASSED] - Object: 'Object Repository/Goals/Goals/Page_AdRoot  Create Campaign Steps/div_Brand Awareness' is clicked on

2022-03-28 17:25:12 - [TEST_STEP][PASSED] - Ms = verifyTextPresent("Name is taken", false): Text 'Name is taken' is present on page 

2022-03-28 17:25:12 - [MESSAGE][PASSED] - Text 'Name is taken' is present on page 

2022-03-28 17:25:12 - [TEST_STEP][PASSED] - if (Ms.equals("true")): Object: 'Object Repository/Regular Create campaign/Page_AdRoot  Campaigns/Page_AdRoot  Create Campaign Steps/button_Next Step' is clicked on

2022-03-28 17:25:12 - [TEST_STEP][PASSED] - RN = <not implemented yet for class: org.codehaus.groovy.ast.expr.EmptyExpression>: null

2022-03-28 17:25:12 - [TEST_STEP][PASSED] - RN = Math.random() * 5000: null

2022-03-28 17:25:12 - [TEST_STEP][PASSED] - setText(findTestObject("Object Repository/Regular Create campaign/Page_AdRoot  Create Campaign Steps/input_Campaign name_invalid custom-input"), "devadroot" + RN): Text 'devadroot308' is set on object 'Object Repository/Regular Create campaign/Page_AdRoot  Create Campaign Steps/input_Campaign name_invalid custom-input'

2022-03-28 17:25:13 - [MESSAGE][PASSED] - Text 'devadroot308' is set on object 'Object Repository/Regular Create campaign/Page_AdRoot  Create Campaign Steps/input_Campaign name_invalid custom-input'

2022-03-28 17:25:13 - [TEST_STEP][PASSED] - click(findTestObject("Object Repository/Regular Create campaign/Page_AdRoot  Campaigns/Page_AdRoot  Create Campaign Steps/button_Next Step")): Object: 'Object Repository/Regular Create campaign/Page_AdRoot  Campaigns/Page_AdRoot  Create Campaign Steps/button_Next Step' is clicked on

2022-03-28 17:25:14 - [MESSAGE][PASSED] - Object: 'Object Repository/Regular Create campaign/Page_AdRoot  Campaigns/Page_AdRoot  Create Campaign Steps/button_Next Step' is clicked on

2022-03-28 17:25:14 - [TEST_STEP][PASSED] - verifyElementPresent(findTestObject("Step2/Page_AdRoot  Create Campaign Steps/div_GS PubSense"), 0): Object 'Object Repository/Step2/Page_AdRoot  Create Campaign Steps/div_GS PubSense' is present

2022-03-28 17:25:14 - [MESSAGE][WARNING] - Timeout '0' is invalid. Using default page load timeout: '30'

2022-03-28 17:25:15 - [MESSAGE][PASSED] - Object 'Object Repository/Step2/Page_AdRoot  Create Campaign Steps/div_GS PubSense' is present

2022-03-28 17:25:15 - [TEST_STEP][PASSED] - verifyElementPresent(findTestObject("Step2/Page_AdRoot  Create Campaign Steps/div_Artashes Mxchyan"), 0): Object 'Object Repository/Step2/Page_AdRoot  Create Campaign Steps/div_Artashes Mxchyan' is present

2022-03-28 17:25:15 - [MESSAGE][WARNING] - Timeout '0' is invalid. Using default page load timeout: '30'

2022-03-28 17:25:15 - [MESSAGE][PASSED] - Object 'Object Repository/Step2/Page_AdRoot  Create Campaign Steps/div_Artashes Mxchyan' is present

2022-03-28 17:25:15 - [TEST_STEP][PASSED] - click(findTestObject("Step2/Page_AdRoot  Create Campaign Steps/button_Next Step")): Object: 'Object Repository/Step2/Page_AdRoot  Create Campaign Steps/button_Next Step' is clicked on

2022-03-28 17:25:16 - [MESSAGE][PASSED] - Object: 'Object Repository/Step2/Page_AdRoot  Create Campaign Steps/button_Next Step' is clicked on

2022-03-28 17:25:16 - [TEST_STEP][PASSED] - click(findTestObject("Object Repository/Step2/Page_AdRoot  Create Campaign Steps/Page_AdRoot  Create Campaign Steps/input_Primary Text_invalid custom-input")): Object: 'Object Repository/Step2/Page_AdRoot  Create Campaign Steps/Page_AdRoot  Create Campaign Steps/input_Primary Text_invalid custom-input' is clicked on

2022-03-28 17:25:17 - [MESSAGE][PASSED] - Object: 'Object Repository/Step2/Page_AdRoot  Create Campaign Steps/Page_AdRoot  Create Campaign Steps/input_Primary Text_invalid custom-input' is clicked on

2022-03-28 17:25:17 - [TEST_STEP][PASSED] - setText(findTestObject("Object Repository/Step2/Page_AdRoot  Create Campaign Steps/Page_AdRoot  Create Campaign Steps/input_Primary Text_invalid custom-input"), "Social media"): Text 'Social media' is set on object 'Object Repository/Step2/Page_AdRoot  Create Campaign Steps/Page_AdRoot  Create Campaign Steps/input_Primary Text_invalid custom-input'

2022-03-28 17:25:18 - [MESSAGE][PASSED] - Text 'Social media' is set on object 'Object Repository/Step2/Page_AdRoot  Create Campaign Steps/Page_AdRoot  Create Campaign Steps/input_Primary Text_invalid custom-input'

2022-03-28 17:25:18 - [TEST_STEP][PASSED] - setText(findTestObject("Step2/Page_AdRoot  Create Campaign Steps/Page_AdRoot  Create Campaign Steps/input_Headline_custom-input"), "Social media ads management "): Text 'Social media ads management ' is set on object 'Object Repository/Step2/Page_AdRoot  Create Campaign Steps/Page_AdRoot  Create Campaign Steps/input_Headline_custom-input'

2022-03-28 17:25:19 - [MESSAGE][PASSED] - Text 'Social media ads management ' is set on object 'Object Repository/Step2/Page_AdRoot  Create Campaign Steps/Page_AdRoot  Create Campaign Steps/input_Headline_custom-input'

2022-03-28 17:25:19 - [TEST_STEP][PASSED] - setText(findTestObject("Step2/Page_AdRoot  Create Campaign Steps/Page_AdRoot  Create Campaign Steps/input_Ad Description_custom-input"), "Our Mission is to create one place for all advertising needs"): Text 'Our Mission is to create one place for all advertising needs' is set on object 'Object Repository/Step2/Page_AdRoot  Create Campaign Steps/Page_AdRoot  Create Campaign Steps/input_Ad Description_custom-input'

2022-03-28 17:25:20 - [MESSAGE][PASSED] - Text 'Our Mission is to create one place for all advertising needs' is set on object 'Object Repository/Step2/Page_AdRoot  Create Campaign Steps/Page_AdRoot  Create Campaign Steps/input_Ad Description_custom-input'

2022-03-28 17:25:20 - [TEST_STEP][PASSED] - setText(findTestObject("Step2/Page_AdRoot  Create Campaign Steps/input_Website URL_custom-input"), "gsmediagroup.net"): Text 'gsmediagroup.net' is set on object 'Object Repository/Step2/Page_AdRoot  Create Campaign Steps/input_Website URL_custom-input'

2022-03-28 17:25:21 - [MESSAGE][PASSED] - Text 'gsmediagroup.net' is set on object 'Object Repository/Step2/Page_AdRoot  Create Campaign Steps/input_Website URL_custom-input'

2022-03-28 17:25:21 - [TEST_STEP][PASSED] - click(findTestObject("Step2/Page_AdRoot  Create Campaign Steps/div_Choose AD")): Object: 'Object Repository/Step2/Page_AdRoot  Create Campaign Steps/div_Choose AD' is clicked on

2022-03-28 17:25:22 - [MESSAGE][PASSED] - Object: 'Object Repository/Step2/Page_AdRoot  Create Campaign Steps/div_Choose AD' is clicked on

2022-03-28 17:25:22 - [TEST_STEP][PASSED] - click(findTestObject("Step2/Page_AdRoot  Create Campaign Steps/div_cropped-512adroot.jpg_image-cont image")): Object: 'Object Repository/Step2/Page_AdRoot  Create Campaign Steps/div_cropped-512adroot.jpg_image-cont image' is clicked on

2022-03-28 17:25:22 - [MESSAGE][PASSED] - Object: 'Object Repository/Step2/Page_AdRoot  Create Campaign Steps/div_cropped-512adroot.jpg_image-cont image' is clicked on

2022-03-28 17:25:22 - [TEST_STEP][PASSED] - click(findTestObject("Step3/Page_AdRoot  Create Campaign Steps/button_Select")): Object: 'Object Repository/Step3/Page_AdRoot  Create Campaign Steps/button_Select' is clicked on

2022-03-28 17:25:23 - [MESSAGE][PASSED] - Object: 'Object Repository/Step3/Page_AdRoot  Create Campaign Steps/button_Select' is clicked on

2022-03-28 17:25:23 - [TEST_STEP][PASSED] - mouseOver(findTestObject("Google display/Page_AdRoot  Create Campaign Steps/div_1052Business nameHeadlineChoose ADHeadlineAd DescriptionOpen"), STOP_ON_FAILURE): Object: 'Object Repository/Google display/Page_AdRoot  Create Campaign Steps/div_1052Business nameHeadlineChoose ADHeadlineAd DescriptionOpen' is hovered

2022-03-28 17:25:24 - [MESSAGE][PASSED] - Object: 'Object Repository/Google display/Page_AdRoot  Create Campaign Steps/div_1052Business nameHeadlineChoose ADHeadlineAd DescriptionOpen' is hovered

2022-03-28 17:25:24 - [TEST_STEP][PASSED] - click(findTestObject("Step3/Page_AdRoot  Create Campaign Steps/Page_AdRoot  Create Campaign Steps/div_Open_actions-mode")): Object: 'Object Repository/Step3/Page_AdRoot  Create Campaign Steps/Page_AdRoot  Create Campaign Steps/div_Open_actions-mode' is clicked on

2022-03-28 17:25:24 - [MESSAGE][PASSED] - Object: 'Object Repository/Step3/Page_AdRoot  Create Campaign Steps/Page_AdRoot  Create Campaign Steps/div_Open_actions-mode' is clicked on

2022-03-28 17:25:24 - [TEST_STEP][PASSED] - click(findTestObject("Step3/Page_AdRoot  Create Campaign Steps/div_Open_edit")): Object: 'Object Repository/Step3/Page_AdRoot  Create Campaign Steps/div_Open_edit' is clicked on

2022-03-28 17:25:24 - [MESSAGE][PASSED] - Object: 'Object Repository/Step3/Page_AdRoot  Create Campaign Steps/div_Open_edit' is clicked on

2022-03-28 17:25:24 - [TEST_STEP][PASSED] - setText(findTestObject("Step3/Page_AdRoot  Create Campaign Steps/input_Business Name_custom-input"), "GS media"): Text 'GS media' is set on object 'Object Repository/Step3/Page_AdRoot  Create Campaign Steps/input_Business Name_custom-input'

2022-03-28 17:25:26 - [MESSAGE][PASSED] - Text 'GS media' is set on object 'Object Repository/Step3/Page_AdRoot  Create Campaign Steps/input_Business Name_custom-input'

2022-03-28 17:25:26 - [TEST_STEP][PASSED] - setText(findTestObject("Step3/Page_AdRoot  Create Campaign Steps/input_Long headline_custom-input"), "Ad management system"): Text 'Ad management system' is set on object 'Object Repository/Step3/Page_AdRoot  Create Campaign Steps/input_Long headline_custom-input'

2022-03-28 17:25:27 - [MESSAGE][PASSED] - Text 'Ad management system' is set on object 'Object Repository/Step3/Page_AdRoot  Create Campaign Steps/input_Long headline_custom-input'

2022-03-28 17:25:27 - [TEST_STEP][PASSED] - click(findTestObject("Step3/Page_AdRoot  Create Campaign Steps/button_Save")): Object: 'Object Repository/Step3/Page_AdRoot  Create Campaign Steps/button_Save' is clicked on

2022-03-28 17:25:27 - [MESSAGE][PASSED] - Object: 'Object Repository/Step3/Page_AdRoot  Create Campaign Steps/button_Save' is clicked on

2022-03-28 17:25:27 - [TEST_STEP][PASSED] - click(findTestObject("Object Repository/Step 4,5/Page_AdRoot  Create Campaign Steps/button_Next Step (1)")): Object: 'Object Repository/Step 4,5/Page_AdRoot  Create Campaign Steps/button_Next Step (1)' is clicked on

2022-03-28 17:25:28 - [MESSAGE][PASSED] - Object: 'Object Repository/Step 4,5/Page_AdRoot  Create Campaign Steps/button_Next Step (1)' is clicked on

2022-03-28 17:25:28 - [TEST_STEP][PASSED] - click(findTestObject("Targeting/Page_AdRoot  Create Campaign Steps/div_English")): Object: 'Object Repository/Targeting/Page_AdRoot  Create Campaign Steps/div_English' is clicked on

2022-03-28 17:25:30 - [MESSAGE][PASSED] - Object: 'Object Repository/Targeting/Page_AdRoot  Create Campaign Steps/div_English' is clicked on

2022-03-28 17:25:30 - [TEST_STEP][PASSED] - click(findTestObject("Targeting/Page_AdRoot  Create Campaign Steps/li_All")): Object: 'Object Repository/Targeting/Page_AdRoot  Create Campaign Steps/li_All' is clicked on

2022-03-28 17:25:30 - [MESSAGE][PASSED] - Object: 'Object Repository/Targeting/Page_AdRoot  Create Campaign Steps/li_All' is clicked on

2022-03-28 17:25:30 - [TEST_STEP][PASSED] - doubleClick(findTestObject("Targeting/Page_AdRoot  Create Campaign Steps/div_Antigua and Barbuda")): Object: 'Object Repository/Targeting/Page_AdRoot  Create Campaign Steps/div_Antigua and Barbuda' is double clicked on

2022-03-28 17:25:31 - [MESSAGE][PASSED] - Object: 'Object Repository/Targeting/Page_AdRoot  Create Campaign Steps/div_Antigua and Barbuda' is double clicked on

2022-03-28 17:25:31 - [TEST_STEP][PASSED] - click(findTestObject("Targeting/Page_AdRoot  Create Campaign Steps/div_Antigua and Barbuda")): Object: 'Object Repository/Targeting/Page_AdRoot  Create Campaign Steps/div_Antigua and Barbuda' is clicked on

2022-03-28 17:25:32 - [MESSAGE][PASSED] - Object: 'Object Repository/Targeting/Page_AdRoot  Create Campaign Steps/div_Antigua and Barbuda' is clicked on

2022-03-28 17:25:32 - [TEST_STEP][PASSED] - click(findTestObject("Targeting/Page_AdRoot  Create Campaign Steps/label_All")): Object: 'Object Repository/Targeting/Page_AdRoot  Create Campaign Steps/label_All' is clicked on

2022-03-28 17:25:33 - [MESSAGE][PASSED] - Object: 'Object Repository/Targeting/Page_AdRoot  Create Campaign Steps/label_All' is clicked on

2022-03-28 17:25:33 - [TEST_STEP][PASSED] - doubleClick(findTestObject("Targeting/Page_AdRoot  Create Campaign Steps/div_From_arrow")): Object: 'Object Repository/Targeting/Page_AdRoot  Create Campaign Steps/div_From_arrow' is double clicked on

2022-03-28 17:25:34 - [MESSAGE][PASSED] - Object: 'Object Repository/Targeting/Page_AdRoot  Create Campaign Steps/div_From_arrow' is double clicked on

2022-03-28 17:25:34 - [TEST_STEP][PASSED] - click(findTestObject("Targeting/Page_AdRoot  Create Campaign Steps/div_From_arrow")): Object: 'Object Repository/Targeting/Page_AdRoot  Create Campaign Steps/div_From_arrow' is clicked on

2022-03-28 17:25:35 - [MESSAGE][PASSED] - Object: 'Object Repository/Targeting/Page_AdRoot  Create Campaign Steps/div_From_arrow' is clicked on

2022-03-28 17:25:35 - [TEST_STEP][PASSED] - click(findTestObject("Targeting/Page_AdRoot  Create Campaign Steps/div_23")): Object: 'Object Repository/Targeting/Page_AdRoot  Create Campaign Steps/div_23' is clicked on

2022-03-28 17:25:35 - [MESSAGE][PASSED] - Object: 'Object Repository/Targeting/Page_AdRoot  Create Campaign Steps/div_23' is clicked on

2022-03-28 17:25:35 - [TEST_STEP][PASSED] - doubleClick(findTestObject("Targeting/Page_AdRoot  Create Campaign Steps/div_To_arrow")): Object: 'Object Repository/Targeting/Page_AdRoot  Create Campaign Steps/div_To_arrow' is double clicked on

2022-03-28 17:25:36 - [MESSAGE][PASSED] - Object: 'Object Repository/Targeting/Page_AdRoot  Create Campaign Steps/div_To_arrow' is double clicked on

2022-03-28 17:25:36 - [TEST_STEP][PASSED] - click(findTestObject("Targeting/Page_AdRoot  Create Campaign Steps/div_64")): Object: 'Object Repository/Targeting/Page_AdRoot  Create Campaign Steps/div_64' is clicked on

2022-03-28 17:25:36 - [MESSAGE][PASSED] - Object: 'Object Repository/Targeting/Page_AdRoot  Create Campaign Steps/div_64' is clicked on

2022-03-28 17:25:36 - [TEST_STEP][PASSED] - click(findTestObject("Object Repository/Step 4,5/Page_AdRoot  Create Campaign Steps/button_Next Step (1)")): Object: 'Object Repository/Step 4,5/Page_AdRoot  Create Campaign Steps/button_Next Step (1)' is clicked on

2022-03-28 17:25:37 - [MESSAGE][PASSED] - Object: 'Object Repository/Step 4,5/Page_AdRoot  Create Campaign Steps/button_Next Step (1)' is clicked on

2022-03-28 17:25:37 - [TEST_STEP][PASSED] - setText(findTestObject("Object Repository/Step 4,5/Page_AdRoot  Create Campaign Steps/input_Daily_custom-input"), "$ 1"): Text '$ 1' is set on object 'Object Repository/Step 4,5/Page_AdRoot  Create Campaign Steps/input_Daily_custom-input'

2022-03-28 17:25:38 - [MESSAGE][PASSED] - Text '$ 1' is set on object 'Object Repository/Step 4,5/Page_AdRoot  Create Campaign Steps/input_Daily_custom-input'

2022-03-28 17:25:38 - [TEST_STEP][PASSED] - click(findTestObject("Step 4,5/Page_AdRoot  Create Campaign Steps/input_Start_single-date-picker-datepicker-y6DXOBYbq5i4SX3nAPEZ")): Object: 'Object Repository/Step 4,5/Page_AdRoot  Create Campaign Steps/input_Start_single-date-picker-datepicker-y6DXOBYbq5i4SX3nAPEZ' is clicked on

2022-03-28 17:25:39 - [MESSAGE][PASSED] - Object: 'Object Repository/Step 4,5/Page_AdRoot  Create Campaign Steps/input_Start_single-date-picker-datepicker-y6DXOBYbq5i4SX3nAPEZ' is clicked on

2022-03-28 17:25:39 - [TEST_STEP][PASSED] - click(findTestObject("Step 4,5/Page_AdRoot  Create Campaign Steps/svg_Su_DayPickerNavigation_svg__horizontal DayPickerNavigation_svg__horizontal_1")): Object: 'Object Repository/Step 4,5/Page_AdRoot  Create Campaign Steps/svg_Su_DayPickerNavigation_svg__horizontal DayPickerNavigation_svg__horizontal_1' is clicked on

2022-03-28 17:25:39 - [MESSAGE][PASSED] - Object: 'Object Repository/Step 4,5/Page_AdRoot  Create Campaign Steps/svg_Su_DayPickerNavigation_svg__horizontal DayPickerNavigation_svg__horizontal_1' is clicked on

2022-03-28 17:25:39 - [TEST_STEP][PASSED] - click(findTestObject("Step 4,5/Page_AdRoot  Create Campaign Steps/svg_Su_DayPickerNavigation_svg__horizontal DayPickerNavigation_svg__horizontal_1")): Object: 'Object Repository/Step 4,5/Page_AdRoot  Create Campaign Steps/svg_Su_DayPickerNavigation_svg__horizontal DayPickerNavigation_svg__horizontal_1' is clicked on

2022-03-28 17:25:40 - [MESSAGE][PASSED] - Object: 'Object Repository/Step 4,5/Page_AdRoot  Create Campaign Steps/svg_Su_DayPickerNavigation_svg__horizontal DayPickerNavigation_svg__horizontal_1' is clicked on

2022-03-28 17:25:40 - [TEST_STEP][PASSED] - click(findTestObject("Step 4,5/Page_AdRoot  Create Campaign Steps/svg_Su_DayPickerNavigation_svg__horizontal DayPickerNavigation_svg__horizontal_1")): Object: 'Object Repository/Step 4,5/Page_AdRoot  Create Campaign Steps/svg_Su_DayPickerNavigation_svg__horizontal DayPickerNavigation_svg__horizontal_1' is clicked on

2022-03-28 17:25:40 - [MESSAGE][PASSED] - Object: 'Object Repository/Step 4,5/Page_AdRoot  Create Campaign Steps/svg_Su_DayPickerNavigation_svg__horizontal DayPickerNavigation_svg__horizontal_1' is clicked on

2022-03-28 17:25:40 - [TEST_STEP][PASSED] - click(findTestObject("Step 4,5/Page_AdRoot  Create Campaign Steps/svg_Su_DayPickerNavigation_svg__horizontal DayPickerNavigation_svg__horizontal_1")): Object: 'Object Repository/Step 4,5/Page_AdRoot  Create Campaign Steps/svg_Su_DayPickerNavigation_svg__horizontal DayPickerNavigation_svg__horizontal_1' is clicked on

2022-03-28 17:25:41 - [MESSAGE][PASSED] - Object: 'Object Repository/Step 4,5/Page_AdRoot  Create Campaign Steps/svg_Su_DayPickerNavigation_svg__horizontal DayPickerNavigation_svg__horizontal_1' is clicked on

2022-03-28 17:25:41 - [TEST_STEP][PASSED] - click(findTestObject("Step 4,5/Page_AdRoot  Create Campaign Steps/td_10")): Object: 'Object Repository/Step 4,5/Page_AdRoot  Create Campaign Steps/td_10' is clicked on

2022-03-28 17:25:41 - [MESSAGE][PASSED] - Object: 'Object Repository/Step 4,5/Page_AdRoot  Create Campaign Steps/td_10' is clicked on

2022-03-28 17:25:41 - [TEST_STEP][PASSED] - click(findTestObject("Object Repository/Step 4,5/Page_AdRoot  Create Campaign Steps/button_Finish")): Object: 'Object Repository/Step 4,5/Page_AdRoot  Create Campaign Steps/button_Finish' is clicked on

2022-03-28 17:25:42 - [MESSAGE][PASSED] - Object: 'Object Repository/Step 4,5/Page_AdRoot  Create Campaign Steps/button_Finish' is clicked on

2022-03-28 17:25:42 - [TEST_STEP][PASSED] - verifyElementPresent(findTestObject("Object Repository/Step 4,5/Page_AdRoot  Campaigns/div_PENDING"), 0): Object 'Object Repository/Step 4,5/Page_AdRoot  Campaigns/div_PENDING' is present

2022-03-28 17:25:42 - [MESSAGE][WARNING] - Timeout '0' is invalid. Using default page load timeout: '30'

2022-03-28 17:25:44 - [MESSAGE][PASSED] - Object 'Object Repository/Step 4,5/Page_AdRoot  Campaigns/div_PENDING' is present

2022-03-28 17:25:44 - [TEST_STEP][PASSED] - closeBrowser(): Browser is closed

2022-03-28 17:25:44 - [MESSAGE][PASSED] - Browser is closed]]></system-out>
         <system-err><![CDATA[]]></system-err>
      </testcase>
      <testcase name="Test Cases/Campaign/Create campaign/dev-Create campaign - not makronmanuel/Dev-Brand campaign" time="44.3" classname="Test Cases/Campaign/Create campaign/dev-Create campaign - not makronmanuel/Dev-Brand campaign" status="PASSED">
         <system-out><![CDATA[2022-03-28 17:25:44 - [TEST_CASE][PASSED] - Test Cases/Campaign/Create campaign/dev-Create campaign - not makronmanuel/Dev-Brand campaign: Test Cases/Campaign/Create campaign/dev-Create campaign - not makronmanuel/Dev-Brand campaign

2022-03-28 17:25:45 - [TEST_STEP][PASSED] - openBrowser(""): Browser is opened with url: ''

2022-03-28 17:25:45 - [MESSAGE][INFO] - Starting 'Chrome' driver

2022-03-28 17:25:45 - [MESSAGE][INFO] - Action delay is set to 0 milliseconds

2022-03-28 17:25:46 - [MESSAGE][PASSED] - Browser is opened with url: ''

2022-03-28 17:25:46 - [TEST_STEP][PASSED] - setViewPortSize(1550, 900): Viewport is set to new size with width = 1550 and height = 900

2022-03-28 17:25:46 - [MESSAGE][PASSED] - Viewport is set to new size with width = 1550 and height = 900

2022-03-28 17:25:46 - [TEST_STEP][PASSED] - navigateToUrl("https://dev.adroot.io/auth/signin"): Navigate to 'https://dev.adroot.io/auth/signin' successfully

2022-03-28 17:25:53 - [MESSAGE][PASSED] - Navigate to 'https://dev.adroot.io/auth/signin' successfully

2022-03-28 17:25:53 - [TEST_STEP][PASSED] - setText(findTestObject("Object Repository/Regular Create campaign/Page_AdRoot  Login/input_E-mail_email"), "rutest@gmail.com"): Text 'rutest@gmail.com' is set on object 'Object Repository/Regular Create campaign/Page_AdRoot  Login/input_E-mail_email'

2022-03-28 17:25:54 - [MESSAGE][PASSED] - Text 'rutest@gmail.com' is set on object 'Object Repository/Regular Create campaign/Page_AdRoot  Login/input_E-mail_email'

2022-03-28 17:25:54 - [TEST_STEP][PASSED] - setEncryptedText(findTestObject("Object Repository/Regular Create campaign/Page_AdRoot  Login/input_Password_password"), "9juLMCYi8sYpY2Mrwe5diw=="): Text ****** has been set on object 'Object Repository/Regular Create campaign/Page_AdRoot  Login/input_Password_password'

2022-03-28 17:25:54 - [MESSAGE][PASSED] - Text ****** has been set on object 'Object Repository/Regular Create campaign/Page_AdRoot  Login/input_Password_password'

2022-03-28 17:25:54 - [TEST_STEP][PASSED] - click(findTestObject("Object Repository/Regular Create campaign/Page_AdRoot  Login/button_Sign in")): Object: 'Object Repository/Regular Create campaign/Page_AdRoot  Login/button_Sign in' is clicked on

2022-03-28 17:25:55 - [MESSAGE][PASSED] - Object: 'Object Repository/Regular Create campaign/Page_AdRoot  Login/button_Sign in' is clicked on

2022-03-28 17:25:55 - [TEST_STEP][PASSED] - click(findTestObject("Campaign copy/Page_AdRoot  Dashboard/a_Campaigns")): Object: 'Object Repository/Campaign copy/Page_AdRoot  Dashboard/a_Campaigns' is clicked on

2022-03-28 17:25:57 - [MESSAGE][PASSED] - Object: 'Object Repository/Campaign copy/Page_AdRoot  Dashboard/a_Campaigns' is clicked on

2022-03-28 17:25:57 - [TEST_STEP][PASSED] - click(findTestObject("Regular Create campaign/Page_AdRoot  Campaigns/div_Campaign View")): Object: 'Object Repository/Regular Create campaign/Page_AdRoot  Campaigns/div_Campaign View' is clicked on

2022-03-28 17:25:59 - [MESSAGE][PASSED] - Object: 'Object Repository/Regular Create campaign/Page_AdRoot  Campaigns/div_Campaign View' is clicked on

2022-03-28 17:25:59 - [TEST_STEP][PASSED] - click(findTestObject("Regular Create campaign/Page_AdRoot  Campaigns/div_New Campaign")): Object: 'Object Repository/Regular Create campaign/Page_AdRoot  Campaigns/div_New Campaign' is clicked on

2022-03-28 17:26:01 - [MESSAGE][PASSED] - Object: 'Object Repository/Regular Create campaign/Page_AdRoot  Campaigns/div_New Campaign' is clicked on

2022-03-28 17:26:01 - [TEST_STEP][PASSED] - setText(findTestObject("Page_AdRoot  Create Campaign Steps/input_Campaign name_custom-input"), "devadroot1"): Text 'devadroot1' is set on object 'Object Repository/Page_AdRoot  Create Campaign Steps/input_Campaign name_custom-input'

2022-03-28 17:26:03 - [MESSAGE][PASSED] - Text 'devadroot1' is set on object 'Object Repository/Page_AdRoot  Create Campaign Steps/input_Campaign name_custom-input'

2022-03-28 17:26:03 - [TEST_STEP][PASSED] - click(findTestObject("Regular Create campaign/Page_AdRoot  Campaigns/Page_AdRoot  Create Campaign Steps/span_Name is taken")): Object: 'Object Repository/Regular Create campaign/Page_AdRoot  Campaigns/Page_AdRoot  Create Campaign Steps/span_Name is taken' is clicked on

2022-03-28 17:26:03 - [MESSAGE][PASSED] - Object: 'Object Repository/Regular Create campaign/Page_AdRoot  Campaigns/Page_AdRoot  Create Campaign Steps/span_Name is taken' is clicked on

2022-03-28 17:26:03 - [TEST_STEP][PASSED] - click(findTestObject("Goals/Goals/Page_AdRoot  Create Campaign Steps/div_Brand Awareness")): Object: 'Object Repository/Goals/Goals/Page_AdRoot  Create Campaign Steps/div_Brand Awareness' is clicked on

2022-03-28 17:26:03 - [MESSAGE][PASSED] - Object: 'Object Repository/Goals/Goals/Page_AdRoot  Create Campaign Steps/div_Brand Awareness' is clicked on

2022-03-28 17:26:03 - [TEST_STEP][PASSED] - Ms = verifyTextPresent("Name is taken", false): Text 'Name is taken' is present on page 

2022-03-28 17:26:04 - [MESSAGE][PASSED] - Text 'Name is taken' is present on page 

2022-03-28 17:26:04 - [TEST_STEP][PASSED] - if (Ms.equals("true")): Object: 'Object Repository/Regular Create campaign/Page_AdRoot  Campaigns/Page_AdRoot  Create Campaign Steps/button_Next Step' is clicked on

2022-03-28 17:26:04 - [TEST_STEP][PASSED] - RN = <not implemented yet for class: org.codehaus.groovy.ast.expr.EmptyExpression>: null

2022-03-28 17:26:04 - [TEST_STEP][PASSED] - RN = Math.random() * 5000: null

2022-03-28 17:26:04 - [TEST_STEP][PASSED] - setText(findTestObject("Object Repository/Regular Create campaign/Page_AdRoot  Create Campaign Steps/input_Campaign name_invalid custom-input"), "devadroot" + RN): Text 'devadroot4278' is set on object 'Object Repository/Regular Create campaign/Page_AdRoot  Create Campaign Steps/input_Campaign name_invalid custom-input'

2022-03-28 17:26:05 - [MESSAGE][PASSED] - Text 'devadroot4278' is set on object 'Object Repository/Regular Create campaign/Page_AdRoot  Create Campaign Steps/input_Campaign name_invalid custom-input'

2022-03-28 17:26:05 - [TEST_STEP][PASSED] - click(findTestObject("Object Repository/Regular Create campaign/Page_AdRoot  Campaigns/Page_AdRoot  Create Campaign Steps/button_Next Step")): Object: 'Object Repository/Regular Create campaign/Page_AdRoot  Campaigns/Page_AdRoot  Create Campaign Steps/button_Next Step' is clicked on

2022-03-28 17:26:05 - [MESSAGE][PASSED] - Object: 'Object Repository/Regular Create campaign/Page_AdRoot  Campaigns/Page_AdRoot  Create Campaign Steps/button_Next Step' is clicked on

2022-03-28 17:26:05 - [TEST_STEP][PASSED] - verifyElementPresent(findTestObject("Step2/Page_AdRoot  Create Campaign Steps/div_GS PubSense"), 0): Object 'Object Repository/Step2/Page_AdRoot  Create Campaign Steps/div_GS PubSense' is present

2022-03-28 17:26:05 - [MESSAGE][WARNING] - Timeout '0' is invalid. Using default page load timeout: '30'

2022-03-28 17:26:06 - [MESSAGE][PASSED] - Object 'Object Repository/Step2/Page_AdRoot  Create Campaign Steps/div_GS PubSense' is present

2022-03-28 17:26:06 - [TEST_STEP][PASSED] - verifyElementPresent(findTestObject("Step2/Page_AdRoot  Create Campaign Steps/div_Artashes Mxchyan"), 0): Object 'Object Repository/Step2/Page_AdRoot  Create Campaign Steps/div_Artashes Mxchyan' is present

2022-03-28 17:26:06 - [MESSAGE][WARNING] - Timeout '0' is invalid. Using default page load timeout: '30'

2022-03-28 17:26:07 - [MESSAGE][PASSED] - Object 'Object Repository/Step2/Page_AdRoot  Create Campaign Steps/div_Artashes Mxchyan' is present

2022-03-28 17:26:07 - [TEST_STEP][PASSED] - click(findTestObject("Step2/Page_AdRoot  Create Campaign Steps/button_Next Step")): Object: 'Object Repository/Step2/Page_AdRoot  Create Campaign Steps/button_Next Step' is clicked on

2022-03-28 17:26:07 - [MESSAGE][PASSED] - Object: 'Object Repository/Step2/Page_AdRoot  Create Campaign Steps/button_Next Step' is clicked on

2022-03-28 17:26:07 - [TEST_STEP][PASSED] - click(findTestObject("Object Repository/Step2/Page_AdRoot  Create Campaign Steps/Page_AdRoot  Create Campaign Steps/input_Primary Text_invalid custom-input")): Object: 'Object Repository/Step2/Page_AdRoot  Create Campaign Steps/Page_AdRoot  Create Campaign Steps/input_Primary Text_invalid custom-input' is clicked on

2022-03-28 17:26:08 - [MESSAGE][PASSED] - Object: 'Object Repository/Step2/Page_AdRoot  Create Campaign Steps/Page_AdRoot  Create Campaign Steps/input_Primary Text_invalid custom-input' is clicked on

2022-03-28 17:26:08 - [TEST_STEP][PASSED] - setText(findTestObject("Object Repository/Step2/Page_AdRoot  Create Campaign Steps/Page_AdRoot  Create Campaign Steps/input_Primary Text_invalid custom-input"), "Social media"): Text 'Social media' is set on object 'Object Repository/Step2/Page_AdRoot  Create Campaign Steps/Page_AdRoot  Create Campaign Steps/input_Primary Text_invalid custom-input'

2022-03-28 17:26:09 - [MESSAGE][PASSED] - Text 'Social media' is set on object 'Object Repository/Step2/Page_AdRoot  Create Campaign Steps/Page_AdRoot  Create Campaign Steps/input_Primary Text_invalid custom-input'

2022-03-28 17:26:09 - [TEST_STEP][PASSED] - setText(findTestObject("Step2/Page_AdRoot  Create Campaign Steps/Page_AdRoot  Create Campaign Steps/input_Headline_custom-input"), "Social media ads management "): Text 'Social media ads management ' is set on object 'Object Repository/Step2/Page_AdRoot  Create Campaign Steps/Page_AdRoot  Create Campaign Steps/input_Headline_custom-input'

2022-03-28 17:26:10 - [MESSAGE][PASSED] - Text 'Social media ads management ' is set on object 'Object Repository/Step2/Page_AdRoot  Create Campaign Steps/Page_AdRoot  Create Campaign Steps/input_Headline_custom-input'

2022-03-28 17:26:10 - [TEST_STEP][PASSED] - setText(findTestObject("Step2/Page_AdRoot  Create Campaign Steps/Page_AdRoot  Create Campaign Steps/input_Ad Description_custom-input"), "Our Mission is to create one place for all advertising needs"): Text 'Our Mission is to create one place for all advertising needs' is set on object 'Object Repository/Step2/Page_AdRoot  Create Campaign Steps/Page_AdRoot  Create Campaign Steps/input_Ad Description_custom-input'

2022-03-28 17:26:11 - [MESSAGE][PASSED] - Text 'Our Mission is to create one place for all advertising needs' is set on object 'Object Repository/Step2/Page_AdRoot  Create Campaign Steps/Page_AdRoot  Create Campaign Steps/input_Ad Description_custom-input'

2022-03-28 17:26:11 - [TEST_STEP][PASSED] - setText(findTestObject("Step2/Page_AdRoot  Create Campaign Steps/input_Website URL_custom-input"), "gsmediagroup.net"): Text 'gsmediagroup.net' is set on object 'Object Repository/Step2/Page_AdRoot  Create Campaign Steps/input_Website URL_custom-input'

2022-03-28 17:26:12 - [MESSAGE][PASSED] - Text 'gsmediagroup.net' is set on object 'Object Repository/Step2/Page_AdRoot  Create Campaign Steps/input_Website URL_custom-input'

2022-03-28 17:26:12 - [TEST_STEP][PASSED] - click(findTestObject("Step2/Page_AdRoot  Create Campaign Steps/div_Choose AD")): Object: 'Object Repository/Step2/Page_AdRoot  Create Campaign Steps/div_Choose AD' is clicked on

2022-03-28 17:26:13 - [MESSAGE][PASSED] - Object: 'Object Repository/Step2/Page_AdRoot  Create Campaign Steps/div_Choose AD' is clicked on

2022-03-28 17:26:13 - [TEST_STEP][PASSED] - click(findTestObject("Step2/Page_AdRoot  Create Campaign Steps/div_cropped-512adroot.jpg_image-cont image")): Object: 'Object Repository/Step2/Page_AdRoot  Create Campaign Steps/div_cropped-512adroot.jpg_image-cont image' is clicked on

2022-03-28 17:26:14 - [MESSAGE][PASSED] - Object: 'Object Repository/Step2/Page_AdRoot  Create Campaign Steps/div_cropped-512adroot.jpg_image-cont image' is clicked on

2022-03-28 17:26:14 - [TEST_STEP][PASSED] - click(findTestObject("Step3/Page_AdRoot  Create Campaign Steps/button_Select")): Object: 'Object Repository/Step3/Page_AdRoot  Create Campaign Steps/button_Select' is clicked on

2022-03-28 17:26:14 - [MESSAGE][PASSED] - Object: 'Object Repository/Step3/Page_AdRoot  Create Campaign Steps/button_Select' is clicked on

2022-03-28 17:26:14 - [TEST_STEP][PASSED] - mouseOver(findTestObject("Google display/Page_AdRoot  Create Campaign Steps/div_1052Business nameHeadlineChoose ADHeadlineAd DescriptionOpen"), STOP_ON_FAILURE): Object: 'Object Repository/Google display/Page_AdRoot  Create Campaign Steps/div_1052Business nameHeadlineChoose ADHeadlineAd DescriptionOpen' is hovered

2022-03-28 17:26:15 - [MESSAGE][PASSED] - Object: 'Object Repository/Google display/Page_AdRoot  Create Campaign Steps/div_1052Business nameHeadlineChoose ADHeadlineAd DescriptionOpen' is hovered

2022-03-28 17:26:15 - [TEST_STEP][PASSED] - click(findTestObject("Step3/Page_AdRoot  Create Campaign Steps/Page_AdRoot  Create Campaign Steps/div_Open_actions-mode")): Object: 'Object Repository/Step3/Page_AdRoot  Create Campaign Steps/Page_AdRoot  Create Campaign Steps/div_Open_actions-mode' is clicked on

2022-03-28 17:26:16 - [MESSAGE][PASSED] - Object: 'Object Repository/Step3/Page_AdRoot  Create Campaign Steps/Page_AdRoot  Create Campaign Steps/div_Open_actions-mode' is clicked on

2022-03-28 17:26:16 - [TEST_STEP][PASSED] - click(findTestObject("Step3/Page_AdRoot  Create Campaign Steps/div_Open_edit")): Object: 'Object Repository/Step3/Page_AdRoot  Create Campaign Steps/div_Open_edit' is clicked on

2022-03-28 17:26:16 - [MESSAGE][PASSED] - Object: 'Object Repository/Step3/Page_AdRoot  Create Campaign Steps/div_Open_edit' is clicked on

2022-03-28 17:26:16 - [TEST_STEP][PASSED] - setText(findTestObject("Step3/Page_AdRoot  Create Campaign Steps/input_Business Name_custom-input"), "GS media"): Text 'GS media' is set on object 'Object Repository/Step3/Page_AdRoot  Create Campaign Steps/input_Business Name_custom-input'

2022-03-28 17:26:17 - [MESSAGE][PASSED] - Text 'GS media' is set on object 'Object Repository/Step3/Page_AdRoot  Create Campaign Steps/input_Business Name_custom-input'

2022-03-28 17:26:17 - [TEST_STEP][PASSED] - setText(findTestObject("Step3/Page_AdRoot  Create Campaign Steps/input_Long headline_custom-input"), "Ad management system"): Text 'Ad management system' is set on object 'Object Repository/Step3/Page_AdRoot  Create Campaign Steps/input_Long headline_custom-input'

2022-03-28 17:26:19 - [MESSAGE][PASSED] - Text 'Ad management system' is set on object 'Object Repository/Step3/Page_AdRoot  Create Campaign Steps/input_Long headline_custom-input'

2022-03-28 17:26:19 - [TEST_STEP][PASSED] - click(findTestObject("Step3/Page_AdRoot  Create Campaign Steps/button_Save")): Object: 'Object Repository/Step3/Page_AdRoot  Create Campaign Steps/button_Save' is clicked on

2022-03-28 17:26:19 - [MESSAGE][PASSED] - Object: 'Object Repository/Step3/Page_AdRoot  Create Campaign Steps/button_Save' is clicked on

2022-03-28 17:26:19 - [TEST_STEP][PASSED] - click(findTestObject("Object Repository/Step 4,5/Page_AdRoot  Create Campaign Steps/button_Next Step (1)")): Object: 'Object Repository/Step 4,5/Page_AdRoot  Create Campaign Steps/button_Next Step (1)' is clicked on

2022-03-28 17:26:20 - [MESSAGE][PASSED] - Object: 'Object Repository/Step 4,5/Page_AdRoot  Create Campaign Steps/button_Next Step (1)' is clicked on

2022-03-28 17:26:20 - [TEST_STEP][PASSED] - click(findTestObject("Object Repository/Step 4,5/Page_AdRoot  Create Campaign Steps/button_Next Step (1)")): Object: 'Object Repository/Step 4,5/Page_AdRoot  Create Campaign Steps/button_Next Step (1)' is clicked on

2022-03-28 17:26:21 - [MESSAGE][PASSED] - Object: 'Object Repository/Step 4,5/Page_AdRoot  Create Campaign Steps/button_Next Step (1)' is clicked on

2022-03-28 17:26:21 - [TEST_STEP][PASSED] - setText(findTestObject("Object Repository/Step 4,5/Page_AdRoot  Create Campaign Steps/input_Daily_custom-input"), "$ 1"): Text '$ 1' is set on object 'Object Repository/Step 4,5/Page_AdRoot  Create Campaign Steps/input_Daily_custom-input'

2022-03-28 17:26:23 - [MESSAGE][PASSED] - Text '$ 1' is set on object 'Object Repository/Step 4,5/Page_AdRoot  Create Campaign Steps/input_Daily_custom-input'

2022-03-28 17:26:23 - [TEST_STEP][PASSED] - click(findTestObject("Step 4,5/Page_AdRoot  Create Campaign Steps/input_Start_single-date-picker-datepicker-y6DXOBYbq5i4SX3nAPEZ")): Object: 'Object Repository/Step 4,5/Page_AdRoot  Create Campaign Steps/input_Start_single-date-picker-datepicker-y6DXOBYbq5i4SX3nAPEZ' is clicked on

2022-03-28 17:26:23 - [MESSAGE][PASSED] - Object: 'Object Repository/Step 4,5/Page_AdRoot  Create Campaign Steps/input_Start_single-date-picker-datepicker-y6DXOBYbq5i4SX3nAPEZ' is clicked on

2022-03-28 17:26:23 - [TEST_STEP][PASSED] - click(findTestObject("Step 4,5/Page_AdRoot  Create Campaign Steps/svg_Su_DayPickerNavigation_svg__horizontal DayPickerNavigation_svg__horizontal_1")): Object: 'Object Repository/Step 4,5/Page_AdRoot  Create Campaign Steps/svg_Su_DayPickerNavigation_svg__horizontal DayPickerNavigation_svg__horizontal_1' is clicked on

2022-03-28 17:26:24 - [MESSAGE][PASSED] - Object: 'Object Repository/Step 4,5/Page_AdRoot  Create Campaign Steps/svg_Su_DayPickerNavigation_svg__horizontal DayPickerNavigation_svg__horizontal_1' is clicked on

2022-03-28 17:26:24 - [TEST_STEP][PASSED] - click(findTestObject("Step 4,5/Page_AdRoot  Create Campaign Steps/svg_Su_DayPickerNavigation_svg__horizontal DayPickerNavigation_svg__horizontal_1")): Object: 'Object Repository/Step 4,5/Page_AdRoot  Create Campaign Steps/svg_Su_DayPickerNavigation_svg__horizontal DayPickerNavigation_svg__horizontal_1' is clicked on

2022-03-28 17:26:24 - [MESSAGE][PASSED] - Object: 'Object Repository/Step 4,5/Page_AdRoot  Create Campaign Steps/svg_Su_DayPickerNavigation_svg__horizontal DayPickerNavigation_svg__horizontal_1' is clicked on

2022-03-28 17:26:24 - [TEST_STEP][PASSED] - click(findTestObject("Step 4,5/Page_AdRoot  Create Campaign Steps/svg_Su_DayPickerNavigation_svg__horizontal DayPickerNavigation_svg__horizontal_1")): Object: 'Object Repository/Step 4,5/Page_AdRoot  Create Campaign Steps/svg_Su_DayPickerNavigation_svg__horizontal DayPickerNavigation_svg__horizontal_1' is clicked on

2022-03-28 17:26:25 - [MESSAGE][PASSED] - Object: 'Object Repository/Step 4,5/Page_AdRoot  Create Campaign Steps/svg_Su_DayPickerNavigation_svg__horizontal DayPickerNavigation_svg__horizontal_1' is clicked on

2022-03-28 17:26:25 - [TEST_STEP][PASSED] - click(findTestObject("Step 4,5/Page_AdRoot  Create Campaign Steps/svg_Su_DayPickerNavigation_svg__horizontal DayPickerNavigation_svg__horizontal_1")): Object: 'Object Repository/Step 4,5/Page_AdRoot  Create Campaign Steps/svg_Su_DayPickerNavigation_svg__horizontal DayPickerNavigation_svg__horizontal_1' is clicked on

2022-03-28 17:26:25 - [MESSAGE][PASSED] - Object: 'Object Repository/Step 4,5/Page_AdRoot  Create Campaign Steps/svg_Su_DayPickerNavigation_svg__horizontal DayPickerNavigation_svg__horizontal_1' is clicked on

2022-03-28 17:26:25 - [TEST_STEP][PASSED] - click(findTestObject("Step 4,5/Page_AdRoot  Create Campaign Steps/td_10")): Object: 'Object Repository/Step 4,5/Page_AdRoot  Create Campaign Steps/td_10' is clicked on

2022-03-28 17:26:26 - [MESSAGE][PASSED] - Object: 'Object Repository/Step 4,5/Page_AdRoot  Create Campaign Steps/td_10' is clicked on

2022-03-28 17:26:26 - [TEST_STEP][PASSED] - click(findTestObject("Object Repository/Step 4,5/Page_AdRoot  Create Campaign Steps/button_Finish")): Object: 'Object Repository/Step 4,5/Page_AdRoot  Create Campaign Steps/button_Finish' is clicked on

2022-03-28 17:26:27 - [MESSAGE][PASSED] - Object: 'Object Repository/Step 4,5/Page_AdRoot  Create Campaign Steps/button_Finish' is clicked on

2022-03-28 17:26:27 - [TEST_STEP][PASSED] - verifyElementPresent(findTestObject("Object Repository/Step 4,5/Page_AdRoot  Campaigns/div_PENDING"), 0): Object 'Object Repository/Step 4,5/Page_AdRoot  Campaigns/div_PENDING' is present

2022-03-28 17:26:27 - [MESSAGE][WARNING] - Timeout '0' is invalid. Using default page load timeout: '30'

2022-03-28 17:26:28 - [MESSAGE][PASSED] - Object 'Object Repository/Step 4,5/Page_AdRoot  Campaigns/div_PENDING' is present

2022-03-28 17:26:28 - [TEST_STEP][PASSED] - closeBrowser(): Browser is closed

2022-03-28 17:26:29 - [MESSAGE][PASSED] - Browser is closed]]></system-out>
         <system-err><![CDATA[]]></system-err>
      </testcase>
      <testcase name="Test Cases/Campaign/Create campaign/dev-Create campaign - not makronmanuel/Dev-Reach campaign" time="40.106" classname="Test Cases/Campaign/Create campaign/dev-Create campaign - not makronmanuel/Dev-Reach campaign" status="PASSED">
         <system-out><![CDATA[2022-03-28 17:26:29 - [TEST_CASE][PASSED] - Test Cases/Campaign/Create campaign/dev-Create campaign - not makronmanuel/Dev-Reach campaign: Test Cases/Campaign/Create campaign/dev-Create campaign - not makronmanuel/Dev-Reach campaign

2022-03-28 17:26:29 - [TEST_STEP][PASSED] - openBrowser(""): Browser is opened with url: ''

2022-03-28 17:26:29 - [MESSAGE][INFO] - Starting 'Chrome' driver

2022-03-28 17:26:29 - [MESSAGE][INFO] - Action delay is set to 0 milliseconds

2022-03-28 17:26:30 - [MESSAGE][PASSED] - Browser is opened with url: ''

2022-03-28 17:26:30 - [TEST_STEP][PASSED] - setViewPortSize(1550, 900): Viewport is set to new size with width = 1550 and height = 900

2022-03-28 17:26:30 - [MESSAGE][PASSED] - Viewport is set to new size with width = 1550 and height = 900

2022-03-28 17:26:30 - [TEST_STEP][PASSED] - navigateToUrl("https://dev.adroot.io/auth/signin"): Navigate to 'https://dev.adroot.io/auth/signin' successfully

2022-03-28 17:26:35 - [MESSAGE][PASSED] - Navigate to 'https://dev.adroot.io/auth/signin' successfully

2022-03-28 17:26:35 - [TEST_STEP][PASSED] - setText(findTestObject("Object Repository/Regular Create campaign/Page_AdRoot  Login/input_E-mail_email"), "rutest@gmail.com"): Text 'rutest@gmail.com' is set on object 'Object Repository/Regular Create campaign/Page_AdRoot  Login/input_E-mail_email'

2022-03-28 17:26:36 - [MESSAGE][PASSED] - Text 'rutest@gmail.com' is set on object 'Object Repository/Regular Create campaign/Page_AdRoot  Login/input_E-mail_email'

2022-03-28 17:26:36 - [TEST_STEP][PASSED] - setEncryptedText(findTestObject("Object Repository/Regular Create campaign/Page_AdRoot  Login/input_Password_password"), "9juLMCYi8sYpY2Mrwe5diw=="): Text ****** has been set on object 'Object Repository/Regular Create campaign/Page_AdRoot  Login/input_Password_password'

2022-03-28 17:26:36 - [MESSAGE][PASSED] - Text ****** has been set on object 'Object Repository/Regular Create campaign/Page_AdRoot  Login/input_Password_password'

2022-03-28 17:26:36 - [TEST_STEP][PASSED] - click(findTestObject("Object Repository/Regular Create campaign/Page_AdRoot  Login/button_Sign in")): Object: 'Object Repository/Regular Create campaign/Page_AdRoot  Login/button_Sign in' is clicked on

2022-03-28 17:26:37 - [MESSAGE][PASSED] - Object: 'Object Repository/Regular Create campaign/Page_AdRoot  Login/button_Sign in' is clicked on

2022-03-28 17:26:37 - [TEST_STEP][PASSED] - click(findTestObject("Campaign copy/Page_AdRoot  Dashboard/a_Campaigns")): Object: 'Object Repository/Campaign copy/Page_AdRoot  Dashboard/a_Campaigns' is clicked on

2022-03-28 17:26:39 - [MESSAGE][PASSED] - Object: 'Object Repository/Campaign copy/Page_AdRoot  Dashboard/a_Campaigns' is clicked on

2022-03-28 17:26:39 - [TEST_STEP][PASSED] - click(findTestObject("Regular Create campaign/Page_AdRoot  Campaigns/div_Campaign View")): Object: 'Object Repository/Regular Create campaign/Page_AdRoot  Campaigns/div_Campaign View' is clicked on

2022-03-28 17:26:41 - [MESSAGE][PASSED] - Object: 'Object Repository/Regular Create campaign/Page_AdRoot  Campaigns/div_Campaign View' is clicked on

2022-03-28 17:26:41 - [TEST_STEP][PASSED] - click(findTestObject("Regular Create campaign/Page_AdRoot  Campaigns/div_New Campaign")): Object: 'Object Repository/Regular Create campaign/Page_AdRoot  Campaigns/div_New Campaign' is clicked on

2022-03-28 17:26:42 - [MESSAGE][PASSED] - Object: 'Object Repository/Regular Create campaign/Page_AdRoot  Campaigns/div_New Campaign' is clicked on

2022-03-28 17:26:42 - [TEST_STEP][PASSED] - setText(findTestObject("Page_AdRoot  Create Campaign Steps/input_Campaign name_custom-input"), "devadroot1"): Text 'devadroot1' is set on object 'Object Repository/Page_AdRoot  Create Campaign Steps/input_Campaign name_custom-input'

2022-03-28 17:26:43 - [MESSAGE][PASSED] - Text 'devadroot1' is set on object 'Object Repository/Page_AdRoot  Create Campaign Steps/input_Campaign name_custom-input'

2022-03-28 17:26:43 - [TEST_STEP][PASSED] - click(findTestObject("Regular Create campaign/Page_AdRoot  Campaigns/Page_AdRoot  Create Campaign Steps/span_Name is taken")): Object: 'Object Repository/Regular Create campaign/Page_AdRoot  Campaigns/Page_AdRoot  Create Campaign Steps/span_Name is taken' is clicked on

2022-03-28 17:26:44 - [MESSAGE][PASSED] - Object: 'Object Repository/Regular Create campaign/Page_AdRoot  Campaigns/Page_AdRoot  Create Campaign Steps/span_Name is taken' is clicked on

2022-03-28 17:26:44 - [TEST_STEP][PASSED] - click(findTestObject("Goals/Goals/Page_AdRoot  Create Campaign Steps/div_Reach")): Object: 'Object Repository/Goals/Goals/Page_AdRoot  Create Campaign Steps/div_Reach' is clicked on

2022-03-28 17:26:44 - [MESSAGE][PASSED] - Object: 'Object Repository/Goals/Goals/Page_AdRoot  Create Campaign Steps/div_Reach' is clicked on

2022-03-28 17:26:44 - [TEST_STEP][PASSED] - Ms = verifyTextPresent("Name is taken", false): Text 'Name is taken' is present on page 

2022-03-28 17:26:45 - [MESSAGE][PASSED] - Text 'Name is taken' is present on page 

2022-03-28 17:26:45 - [TEST_STEP][PASSED] - if (Ms.equals("true")): Object: 'Object Repository/Regular Create campaign/Page_AdRoot  Campaigns/Page_AdRoot  Create Campaign Steps/button_Next Step' is clicked on

2022-03-28 17:26:45 - [TEST_STEP][PASSED] - RN = <not implemented yet for class: org.codehaus.groovy.ast.expr.EmptyExpression>: null

2022-03-28 17:26:45 - [TEST_STEP][PASSED] - RN = Math.random() * 5000: null

2022-03-28 17:26:45 - [TEST_STEP][PASSED] - setText(findTestObject("Object Repository/Regular Create campaign/Page_AdRoot  Create Campaign Steps/input_Campaign name_invalid custom-input"), "devadroot" + RN): Text 'devadroot2825' is set on object 'Object Repository/Regular Create campaign/Page_AdRoot  Create Campaign Steps/input_Campaign name_invalid custom-input'

2022-03-28 17:26:45 - [MESSAGE][PASSED] - Text 'devadroot2825' is set on object 'Object Repository/Regular Create campaign/Page_AdRoot  Create Campaign Steps/input_Campaign name_invalid custom-input'

2022-03-28 17:26:45 - [TEST_STEP][PASSED] - click(findTestObject("Object Repository/Regular Create campaign/Page_AdRoot  Campaigns/Page_AdRoot  Create Campaign Steps/button_Next Step")): Object: 'Object Repository/Regular Create campaign/Page_AdRoot  Campaigns/Page_AdRoot  Create Campaign Steps/button_Next Step' is clicked on

2022-03-28 17:26:46 - [MESSAGE][PASSED] - Object: 'Object Repository/Regular Create campaign/Page_AdRoot  Campaigns/Page_AdRoot  Create Campaign Steps/button_Next Step' is clicked on

2022-03-28 17:26:46 - [TEST_STEP][PASSED] - verifyElementPresent(findTestObject("Step2/Page_AdRoot  Create Campaign Steps/div_GS PubSense"), 0): Object 'Object Repository/Step2/Page_AdRoot  Create Campaign Steps/div_GS PubSense' is present

2022-03-28 17:26:46 - [MESSAGE][WARNING] - Timeout '0' is invalid. Using default page load timeout: '30'

2022-03-28 17:26:47 - [MESSAGE][PASSED] - Object 'Object Repository/Step2/Page_AdRoot  Create Campaign Steps/div_GS PubSense' is present

2022-03-28 17:26:47 - [TEST_STEP][PASSED] - verifyElementPresent(findTestObject("Step2/Page_AdRoot  Create Campaign Steps/div_Artashes Mxchyan"), 0): Object 'Object Repository/Step2/Page_AdRoot  Create Campaign Steps/div_Artashes Mxchyan' is present

2022-03-28 17:26:47 - [MESSAGE][WARNING] - Timeout '0' is invalid. Using default page load timeout: '30'

2022-03-28 17:26:47 - [MESSAGE][PASSED] - Object 'Object Repository/Step2/Page_AdRoot  Create Campaign Steps/div_Artashes Mxchyan' is present

2022-03-28 17:26:47 - [TEST_STEP][PASSED] - click(findTestObject("Step2/Page_AdRoot  Create Campaign Steps/button_Next Step")): Object: 'Object Repository/Step2/Page_AdRoot  Create Campaign Steps/button_Next Step' is clicked on

2022-03-28 17:26:48 - [MESSAGE][PASSED] - Object: 'Object Repository/Step2/Page_AdRoot  Create Campaign Steps/button_Next Step' is clicked on

2022-03-28 17:26:48 - [TEST_STEP][PASSED] - click(findTestObject("Object Repository/Step2/Page_AdRoot  Create Campaign Steps/Page_AdRoot  Create Campaign Steps/input_Primary Text_invalid custom-input")): Object: 'Object Repository/Step2/Page_AdRoot  Create Campaign Steps/Page_AdRoot  Create Campaign Steps/input_Primary Text_invalid custom-input' is clicked on

2022-03-28 17:26:49 - [MESSAGE][PASSED] - Object: 'Object Repository/Step2/Page_AdRoot  Create Campaign Steps/Page_AdRoot  Create Campaign Steps/input_Primary Text_invalid custom-input' is clicked on

2022-03-28 17:26:49 - [TEST_STEP][PASSED] - setText(findTestObject("Object Repository/Step2/Page_AdRoot  Create Campaign Steps/Page_AdRoot  Create Campaign Steps/input_Primary Text_invalid custom-input"), "Social media"): Text 'Social media' is set on object 'Object Repository/Step2/Page_AdRoot  Create Campaign Steps/Page_AdRoot  Create Campaign Steps/input_Primary Text_invalid custom-input'

2022-03-28 17:26:50 - [MESSAGE][PASSED] - Text 'Social media' is set on object 'Object Repository/Step2/Page_AdRoot  Create Campaign Steps/Page_AdRoot  Create Campaign Steps/input_Primary Text_invalid custom-input'

2022-03-28 17:26:50 - [TEST_STEP][PASSED] - setText(findTestObject("Step2/Page_AdRoot  Create Campaign Steps/Page_AdRoot  Create Campaign Steps/input_Headline_custom-input"), "Social media ads management "): Text 'Social media ads management ' is set on object 'Object Repository/Step2/Page_AdRoot  Create Campaign Steps/Page_AdRoot  Create Campaign Steps/input_Headline_custom-input'

2022-03-28 17:26:51 - [MESSAGE][PASSED] - Text 'Social media ads management ' is set on object 'Object Repository/Step2/Page_AdRoot  Create Campaign Steps/Page_AdRoot  Create Campaign Steps/input_Headline_custom-input'

2022-03-28 17:26:51 - [TEST_STEP][PASSED] - setText(findTestObject("Step2/Page_AdRoot  Create Campaign Steps/Page_AdRoot  Create Campaign Steps/input_Ad Description_custom-input"), "Our Mission is to create one place for all advertising needs"): Text 'Our Mission is to create one place for all advertising needs' is set on object 'Object Repository/Step2/Page_AdRoot  Create Campaign Steps/Page_AdRoot  Create Campaign Steps/input_Ad Description_custom-input'

2022-03-28 17:26:52 - [MESSAGE][PASSED] - Text 'Our Mission is to create one place for all advertising needs' is set on object 'Object Repository/Step2/Page_AdRoot  Create Campaign Steps/Page_AdRoot  Create Campaign Steps/input_Ad Description_custom-input'

2022-03-28 17:26:52 - [TEST_STEP][PASSED] - setText(findTestObject("Step2/Page_AdRoot  Create Campaign Steps/input_Website URL_custom-input"), "gsmediagroup.net"): Text 'gsmediagroup.net' is set on object 'Object Repository/Step2/Page_AdRoot  Create Campaign Steps/input_Website URL_custom-input'

2022-03-28 17:26:53 - [MESSAGE][PASSED] - Text 'gsmediagroup.net' is set on object 'Object Repository/Step2/Page_AdRoot  Create Campaign Steps/input_Website URL_custom-input'

2022-03-28 17:26:53 - [TEST_STEP][PASSED] - click(findTestObject("Step2/Page_AdRoot  Create Campaign Steps/div_Choose AD")): Object: 'Object Repository/Step2/Page_AdRoot  Create Campaign Steps/div_Choose AD' is clicked on

2022-03-28 17:26:53 - [MESSAGE][PASSED] - Object: 'Object Repository/Step2/Page_AdRoot  Create Campaign Steps/div_Choose AD' is clicked on

2022-03-28 17:26:53 - [TEST_STEP][PASSED] - click(findTestObject("Step2/Page_AdRoot  Create Campaign Steps/div_cropped-512adroot.jpg_image-cont image")): Object: 'Object Repository/Step2/Page_AdRoot  Create Campaign Steps/div_cropped-512adroot.jpg_image-cont image' is clicked on

2022-03-28 17:26:54 - [MESSAGE][PASSED] - Object: 'Object Repository/Step2/Page_AdRoot  Create Campaign Steps/div_cropped-512adroot.jpg_image-cont image' is clicked on

2022-03-28 17:26:54 - [TEST_STEP][PASSED] - click(findTestObject("Step3/Page_AdRoot  Create Campaign Steps/button_Select")): Object: 'Object Repository/Step3/Page_AdRoot  Create Campaign Steps/button_Select' is clicked on

2022-03-28 17:26:55 - [MESSAGE][PASSED] - Object: 'Object Repository/Step3/Page_AdRoot  Create Campaign Steps/button_Select' is clicked on

2022-03-28 17:26:55 - [TEST_STEP][PASSED] - mouseOver(findTestObject("Google display/Page_AdRoot  Create Campaign Steps/div_1052Business nameHeadlineChoose ADHeadlineAd DescriptionOpen"), STOP_ON_FAILURE): Object: 'Object Repository/Google display/Page_AdRoot  Create Campaign Steps/div_1052Business nameHeadlineChoose ADHeadlineAd DescriptionOpen' is hovered

2022-03-28 17:26:55 - [MESSAGE][PASSED] - Object: 'Object Repository/Google display/Page_AdRoot  Create Campaign Steps/div_1052Business nameHeadlineChoose ADHeadlineAd DescriptionOpen' is hovered

2022-03-28 17:26:55 - [TEST_STEP][PASSED] - click(findTestObject("Step3/Page_AdRoot  Create Campaign Steps/Page_AdRoot  Create Campaign Steps/div_Open_actions-mode")): Object: 'Object Repository/Step3/Page_AdRoot  Create Campaign Steps/Page_AdRoot  Create Campaign Steps/div_Open_actions-mode' is clicked on

2022-03-28 17:26:56 - [MESSAGE][PASSED] - Object: 'Object Repository/Step3/Page_AdRoot  Create Campaign Steps/Page_AdRoot  Create Campaign Steps/div_Open_actions-mode' is clicked on

2022-03-28 17:26:56 - [TEST_STEP][PASSED] - click(findTestObject("Step3/Page_AdRoot  Create Campaign Steps/div_Open_edit")): Object: 'Object Repository/Step3/Page_AdRoot  Create Campaign Steps/div_Open_edit' is clicked on

2022-03-28 17:26:56 - [MESSAGE][PASSED] - Object: 'Object Repository/Step3/Page_AdRoot  Create Campaign Steps/div_Open_edit' is clicked on

2022-03-28 17:26:56 - [TEST_STEP][PASSED] - setText(findTestObject("Step3/Page_AdRoot  Create Campaign Steps/input_Business Name_custom-input"), "GS media"): Text 'GS media' is set on object 'Object Repository/Step3/Page_AdRoot  Create Campaign Steps/input_Business Name_custom-input'

2022-03-28 17:26:57 - [MESSAGE][PASSED] - Text 'GS media' is set on object 'Object Repository/Step3/Page_AdRoot  Create Campaign Steps/input_Business Name_custom-input'

2022-03-28 17:26:57 - [TEST_STEP][PASSED] - setText(findTestObject("Step3/Page_AdRoot  Create Campaign Steps/input_Long headline_custom-input"), "Ad management system"): Text 'Ad management system' is set on object 'Object Repository/Step3/Page_AdRoot  Create Campaign Steps/input_Long headline_custom-input'

2022-03-28 17:26:59 - [MESSAGE][PASSED] - Text 'Ad management system' is set on object 'Object Repository/Step3/Page_AdRoot  Create Campaign Steps/input_Long headline_custom-input'

2022-03-28 17:26:59 - [TEST_STEP][PASSED] - click(findTestObject("Step3/Page_AdRoot  Create Campaign Steps/button_Save")): Object: 'Object Repository/Step3/Page_AdRoot  Create Campaign Steps/button_Save' is clicked on

2022-03-28 17:26:59 - [MESSAGE][PASSED] - Object: 'Object Repository/Step3/Page_AdRoot  Create Campaign Steps/button_Save' is clicked on

2022-03-28 17:26:59 - [TEST_STEP][PASSED] - click(findTestObject("Object Repository/Step 4,5/Page_AdRoot  Create Campaign Steps/button_Next Step (1)")): Object: 'Object Repository/Step 4,5/Page_AdRoot  Create Campaign Steps/button_Next Step (1)' is clicked on

2022-03-28 17:26:59 - [MESSAGE][PASSED] - Object: 'Object Repository/Step 4,5/Page_AdRoot  Create Campaign Steps/button_Next Step (1)' is clicked on

2022-03-28 17:26:59 - [TEST_STEP][PASSED] - click(findTestObject("Object Repository/Step 4,5/Page_AdRoot  Create Campaign Steps/button_Next Step (1)")): Object: 'Object Repository/Step 4,5/Page_AdRoot  Create Campaign Steps/button_Next Step (1)' is clicked on

2022-03-28 17:27:01 - [MESSAGE][PASSED] - Object: 'Object Repository/Step 4,5/Page_AdRoot  Create Campaign Steps/button_Next Step (1)' is clicked on

2022-03-28 17:27:01 - [TEST_STEP][PASSED] - setText(findTestObject("Object Repository/Step 4,5/Page_AdRoot  Create Campaign Steps/input_Daily_custom-input"), "$ 1"): Text '$ 1' is set on object 'Object Repository/Step 4,5/Page_AdRoot  Create Campaign Steps/input_Daily_custom-input'

2022-03-28 17:27:03 - [MESSAGE][PASSED] - Text '$ 1' is set on object 'Object Repository/Step 4,5/Page_AdRoot  Create Campaign Steps/input_Daily_custom-input'

2022-03-28 17:27:03 - [TEST_STEP][PASSED] - click(findTestObject("Step 4,5/Page_AdRoot  Create Campaign Steps/input_Start_single-date-picker-datepicker-y6DXOBYbq5i4SX3nAPEZ")): Object: 'Object Repository/Step 4,5/Page_AdRoot  Create Campaign Steps/input_Start_single-date-picker-datepicker-y6DXOBYbq5i4SX3nAPEZ' is clicked on

2022-03-28 17:27:03 - [MESSAGE][PASSED] - Object: 'Object Repository/Step 4,5/Page_AdRoot  Create Campaign Steps/input_Start_single-date-picker-datepicker-y6DXOBYbq5i4SX3nAPEZ' is clicked on

2022-03-28 17:27:03 - [TEST_STEP][PASSED] - click(findTestObject("Step 4,5/Page_AdRoot  Create Campaign Steps/svg_Su_DayPickerNavigation_svg__horizontal DayPickerNavigation_svg__horizontal_1")): Object: 'Object Repository/Step 4,5/Page_AdRoot  Create Campaign Steps/svg_Su_DayPickerNavigation_svg__horizontal DayPickerNavigation_svg__horizontal_1' is clicked on

2022-03-28 17:27:04 - [MESSAGE][PASSED] - Object: 'Object Repository/Step 4,5/Page_AdRoot  Create Campaign Steps/svg_Su_DayPickerNavigation_svg__horizontal DayPickerNavigation_svg__horizontal_1' is clicked on

2022-03-28 17:27:04 - [TEST_STEP][PASSED] - click(findTestObject("Step 4,5/Page_AdRoot  Create Campaign Steps/svg_Su_DayPickerNavigation_svg__horizontal DayPickerNavigation_svg__horizontal_1")): Object: 'Object Repository/Step 4,5/Page_AdRoot  Create Campaign Steps/svg_Su_DayPickerNavigation_svg__horizontal DayPickerNavigation_svg__horizontal_1' is clicked on

2022-03-28 17:27:04 - [MESSAGE][PASSED] - Object: 'Object Repository/Step 4,5/Page_AdRoot  Create Campaign Steps/svg_Su_DayPickerNavigation_svg__horizontal DayPickerNavigation_svg__horizontal_1' is clicked on

2022-03-28 17:27:04 - [TEST_STEP][PASSED] - click(findTestObject("Step 4,5/Page_AdRoot  Create Campaign Steps/svg_Su_DayPickerNavigation_svg__horizontal DayPickerNavigation_svg__horizontal_1")): Object: 'Object Repository/Step 4,5/Page_AdRoot  Create Campaign Steps/svg_Su_DayPickerNavigation_svg__horizontal DayPickerNavigation_svg__horizontal_1' is clicked on

2022-03-28 17:27:05 - [MESSAGE][PASSED] - Object: 'Object Repository/Step 4,5/Page_AdRoot  Create Campaign Steps/svg_Su_DayPickerNavigation_svg__horizontal DayPickerNavigation_svg__horizontal_1' is clicked on

2022-03-28 17:27:05 - [TEST_STEP][PASSED] - click(findTestObject("Step 4,5/Page_AdRoot  Create Campaign Steps/svg_Su_DayPickerNavigation_svg__horizontal DayPickerNavigation_svg__horizontal_1")): Object: 'Object Repository/Step 4,5/Page_AdRoot  Create Campaign Steps/svg_Su_DayPickerNavigation_svg__horizontal DayPickerNavigation_svg__horizontal_1' is clicked on

2022-03-28 17:27:06 - [MESSAGE][PASSED] - Object: 'Object Repository/Step 4,5/Page_AdRoot  Create Campaign Steps/svg_Su_DayPickerNavigation_svg__horizontal DayPickerNavigation_svg__horizontal_1' is clicked on

2022-03-28 17:27:06 - [TEST_STEP][PASSED] - click(findTestObject("Step 4,5/Page_AdRoot  Create Campaign Steps/td_10")): Object: 'Object Repository/Step 4,5/Page_AdRoot  Create Campaign Steps/td_10' is clicked on

2022-03-28 17:27:06 - [MESSAGE][PASSED] - Object: 'Object Repository/Step 4,5/Page_AdRoot  Create Campaign Steps/td_10' is clicked on

2022-03-28 17:27:06 - [TEST_STEP][PASSED] - click(findTestObject("Object Repository/Step 4,5/Page_AdRoot  Create Campaign Steps/button_Finish")): Object: 'Object Repository/Step 4,5/Page_AdRoot  Create Campaign Steps/button_Finish' is clicked on

2022-03-28 17:27:07 - [MESSAGE][PASSED] - Object: 'Object Repository/Step 4,5/Page_AdRoot  Create Campaign Steps/button_Finish' is clicked on

2022-03-28 17:27:07 - [TEST_STEP][PASSED] - verifyElementPresent(findTestObject("Object Repository/Step 4,5/Page_AdRoot  Campaigns/div_PENDING"), 0): Object 'Object Repository/Step 4,5/Page_AdRoot  Campaigns/div_PENDING' is present

2022-03-28 17:27:07 - [MESSAGE][WARNING] - Timeout '0' is invalid. Using default page load timeout: '30'

2022-03-28 17:27:08 - [MESSAGE][PASSED] - Object 'Object Repository/Step 4,5/Page_AdRoot  Campaigns/div_PENDING' is present

2022-03-28 17:27:08 - [TEST_STEP][PASSED] - closeBrowser(): Browser is closed

2022-03-28 17:27:09 - [MESSAGE][PASSED] - Browser is closed]]></system-out>
         <system-err><![CDATA[]]></system-err>
      </testcase>
      <testcase name="Test Cases/Campaign/Create campaign/dev-Create campaign - not makronmanuel/Dev-Traffic campaign" time="51.372" classname="Test Cases/Campaign/Create campaign/dev-Create campaign - not makronmanuel/Dev-Traffic campaign" status="PASSED">
         <system-out><![CDATA[2022-03-28 17:27:09 - [TEST_CASE][PASSED] - Test Cases/Campaign/Create campaign/dev-Create campaign - not makronmanuel/Dev-Traffic campaign: Test Cases/Campaign/Create campaign/dev-Create campaign - not makronmanuel/Dev-Traffic campaign

2022-03-28 17:27:09 - [TEST_STEP][PASSED] - openBrowser(""): Browser is opened with url: ''

2022-03-28 17:27:09 - [MESSAGE][INFO] - Starting 'Chrome' driver

2022-03-28 17:27:09 - [MESSAGE][INFO] - Action delay is set to 0 milliseconds

2022-03-28 17:27:10 - [MESSAGE][PASSED] - Browser is opened with url: ''

2022-03-28 17:27:10 - [TEST_STEP][PASSED] - setViewPortSize(1550, 900): Viewport is set to new size with width = 1550 and height = 900

2022-03-28 17:27:10 - [MESSAGE][PASSED] - Viewport is set to new size with width = 1550 and height = 900

2022-03-28 17:27:10 - [TEST_STEP][PASSED] - navigateToUrl("https://dev.adroot.io/auth/signin"): Navigate to 'https://dev.adroot.io/auth/signin' successfully

2022-03-28 17:27:16 - [MESSAGE][PASSED] - Navigate to 'https://dev.adroot.io/auth/signin' successfully

2022-03-28 17:27:16 - [TEST_STEP][PASSED] - setText(findTestObject("Object Repository/Regular Create campaign/Page_AdRoot  Login/input_E-mail_email"), "rutest@gmail.com"): Text 'rutest@gmail.com' is set on object 'Object Repository/Regular Create campaign/Page_AdRoot  Login/input_E-mail_email'

2022-03-28 17:27:17 - [MESSAGE][PASSED] - Text 'rutest@gmail.com' is set on object 'Object Repository/Regular Create campaign/Page_AdRoot  Login/input_E-mail_email'

2022-03-28 17:27:17 - [TEST_STEP][PASSED] - setEncryptedText(findTestObject("Object Repository/Regular Create campaign/Page_AdRoot  Login/input_Password_password"), "9juLMCYi8sYpY2Mrwe5diw=="): Text ****** has been set on object 'Object Repository/Regular Create campaign/Page_AdRoot  Login/input_Password_password'

2022-03-28 17:27:18 - [MESSAGE][PASSED] - Text ****** has been set on object 'Object Repository/Regular Create campaign/Page_AdRoot  Login/input_Password_password'

2022-03-28 17:27:18 - [TEST_STEP][PASSED] - click(findTestObject("Object Repository/Regular Create campaign/Page_AdRoot  Login/button_Sign in")): Object: 'Object Repository/Regular Create campaign/Page_AdRoot  Login/button_Sign in' is clicked on

2022-03-28 17:27:18 - [MESSAGE][PASSED] - Object: 'Object Repository/Regular Create campaign/Page_AdRoot  Login/button_Sign in' is clicked on

2022-03-28 17:27:18 - [TEST_STEP][PASSED] - click(findTestObject("Campaign copy/Page_AdRoot  Dashboard/a_Campaigns")): Object: 'Object Repository/Campaign copy/Page_AdRoot  Dashboard/a_Campaigns' is clicked on

2022-03-28 17:27:21 - [MESSAGE][PASSED] - Object: 'Object Repository/Campaign copy/Page_AdRoot  Dashboard/a_Campaigns' is clicked on

2022-03-28 17:27:21 - [TEST_STEP][PASSED] - click(findTestObject("Regular Create campaign/Page_AdRoot  Campaigns/div_Campaign View")): Object: 'Object Repository/Regular Create campaign/Page_AdRoot  Campaigns/div_Campaign View' is clicked on

2022-03-28 17:27:22 - [MESSAGE][PASSED] - Object: 'Object Repository/Regular Create campaign/Page_AdRoot  Campaigns/div_Campaign View' is clicked on

2022-03-28 17:27:22 - [TEST_STEP][PASSED] - click(findTestObject("Regular Create campaign/Page_AdRoot  Campaigns/div_New Campaign")): Object: 'Object Repository/Regular Create campaign/Page_AdRoot  Campaigns/div_New Campaign' is clicked on

2022-03-28 17:27:24 - [MESSAGE][PASSED] - Object: 'Object Repository/Regular Create campaign/Page_AdRoot  Campaigns/div_New Campaign' is clicked on

2022-03-28 17:27:24 - [TEST_STEP][PASSED] - setText(findTestObject("Page_AdRoot  Create Campaign Steps/input_Campaign name_custom-input"), "devadroot1"): Text 'devadroot1' is set on object 'Object Repository/Page_AdRoot  Create Campaign Steps/input_Campaign name_custom-input'

2022-03-28 17:27:25 - [MESSAGE][PASSED] - Text 'devadroot1' is set on object 'Object Repository/Page_AdRoot  Create Campaign Steps/input_Campaign name_custom-input'

2022-03-28 17:27:25 - [TEST_STEP][PASSED] - click(findTestObject("Regular Create campaign/Page_AdRoot  Campaigns/Page_AdRoot  Create Campaign Steps/span_Name is taken")): Object: 'Object Repository/Regular Create campaign/Page_AdRoot  Campaigns/Page_AdRoot  Create Campaign Steps/span_Name is taken' is clicked on

2022-03-28 17:27:26 - [MESSAGE][PASSED] - Object: 'Object Repository/Regular Create campaign/Page_AdRoot  Campaigns/Page_AdRoot  Create Campaign Steps/span_Name is taken' is clicked on

2022-03-28 17:27:26 - [TEST_STEP][PASSED] - Ms = verifyTextPresent("Name is taken", false): Text 'Name is taken' is present on page 

2022-03-28 17:27:27 - [MESSAGE][PASSED] - Text 'Name is taken' is present on page 

2022-03-28 17:27:27 - [TEST_STEP][PASSED] - if (Ms.equals("true")): Object: 'Object Repository/Regular Create campaign/Page_AdRoot  Campaigns/Page_AdRoot  Create Campaign Steps/button_Next Step' is clicked on

2022-03-28 17:27:27 - [TEST_STEP][PASSED] - RN = <not implemented yet for class: org.codehaus.groovy.ast.expr.EmptyExpression>: null

2022-03-28 17:27:27 - [TEST_STEP][PASSED] - RN = Math.random() * 5000: null

2022-03-28 17:27:27 - [TEST_STEP][PASSED] - setText(findTestObject("Object Repository/Regular Create campaign/Page_AdRoot  Create Campaign Steps/input_Campaign name_invalid custom-input"), "devadroot" + RN): Text 'devadroot3314' is set on object 'Object Repository/Regular Create campaign/Page_AdRoot  Create Campaign Steps/input_Campaign name_invalid custom-input'

2022-03-28 17:27:28 - [MESSAGE][PASSED] - Text 'devadroot3314' is set on object 'Object Repository/Regular Create campaign/Page_AdRoot  Create Campaign Steps/input_Campaign name_invalid custom-input'

2022-03-28 17:27:28 - [TEST_STEP][PASSED] - click(findTestObject("Object Repository/Regular Create campaign/Page_AdRoot  Campaigns/Page_AdRoot  Create Campaign Steps/button_Next Step")): Object: 'Object Repository/Regular Create campaign/Page_AdRoot  Campaigns/Page_AdRoot  Create Campaign Steps/button_Next Step' is clicked on

2022-03-28 17:27:28 - [MESSAGE][PASSED] - Object: 'Object Repository/Regular Create campaign/Page_AdRoot  Campaigns/Page_AdRoot  Create Campaign Steps/button_Next Step' is clicked on

2022-03-28 17:27:28 - [TEST_STEP][PASSED] - verifyElementPresent(findTestObject("Step2/Page_AdRoot  Create Campaign Steps/div_GS PubSense"), 0): Object 'Object Repository/Step2/Page_AdRoot  Create Campaign Steps/div_GS PubSense' is present

2022-03-28 17:27:28 - [MESSAGE][WARNING] - Timeout '0' is invalid. Using default page load timeout: '30'

2022-03-28 17:27:29 - [MESSAGE][PASSED] - Object 'Object Repository/Step2/Page_AdRoot  Create Campaign Steps/div_GS PubSense' is present

2022-03-28 17:27:29 - [TEST_STEP][PASSED] - verifyElementPresent(findTestObject("Step2/Page_AdRoot  Create Campaign Steps/div_Artashes Mxchyan"), 0): Object 'Object Repository/Step2/Page_AdRoot  Create Campaign Steps/div_Artashes Mxchyan' is present

2022-03-28 17:27:30 - [MESSAGE][WARNING] - Timeout '0' is invalid. Using default page load timeout: '30'

2022-03-28 17:27:30 - [MESSAGE][PASSED] - Object 'Object Repository/Step2/Page_AdRoot  Create Campaign Steps/div_Artashes Mxchyan' is present

2022-03-28 17:27:30 - [TEST_STEP][PASSED] - click(findTestObject("Step2/Page_AdRoot  Create Campaign Steps/button_Next Step")): Object: 'Object Repository/Step2/Page_AdRoot  Create Campaign Steps/button_Next Step' is clicked on

2022-03-28 17:27:30 - [MESSAGE][PASSED] - Object: 'Object Repository/Step2/Page_AdRoot  Create Campaign Steps/button_Next Step' is clicked on

2022-03-28 17:27:30 - [TEST_STEP][PASSED] - click(findTestObject("Object Repository/Step2/Page_AdRoot  Create Campaign Steps/Page_AdRoot  Create Campaign Steps/input_Primary Text_invalid custom-input")): Object: 'Object Repository/Step2/Page_AdRoot  Create Campaign Steps/Page_AdRoot  Create Campaign Steps/input_Primary Text_invalid custom-input' is clicked on

2022-03-28 17:27:32 - [MESSAGE][PASSED] - Object: 'Object Repository/Step2/Page_AdRoot  Create Campaign Steps/Page_AdRoot  Create Campaign Steps/input_Primary Text_invalid custom-input' is clicked on

2022-03-28 17:27:32 - [TEST_STEP][PASSED] - setText(findTestObject("Object Repository/Step2/Page_AdRoot  Create Campaign Steps/Page_AdRoot  Create Campaign Steps/input_Primary Text_invalid custom-input"), "Social media"): Text 'Social media' is set on object 'Object Repository/Step2/Page_AdRoot  Create Campaign Steps/Page_AdRoot  Create Campaign Steps/input_Primary Text_invalid custom-input'

2022-03-28 17:27:33 - [MESSAGE][PASSED] - Text 'Social media' is set on object 'Object Repository/Step2/Page_AdRoot  Create Campaign Steps/Page_AdRoot  Create Campaign Steps/input_Primary Text_invalid custom-input'

2022-03-28 17:27:33 - [TEST_STEP][PASSED] - setText(findTestObject("Step2/Page_AdRoot  Create Campaign Steps/Page_AdRoot  Create Campaign Steps/input_Headline_custom-input"), "Social media ads management "): Text 'Social media ads management ' is set on object 'Object Repository/Step2/Page_AdRoot  Create Campaign Steps/Page_AdRoot  Create Campaign Steps/input_Headline_custom-input'

2022-03-28 17:27:34 - [MESSAGE][PASSED] - Text 'Social media ads management ' is set on object 'Object Repository/Step2/Page_AdRoot  Create Campaign Steps/Page_AdRoot  Create Campaign Steps/input_Headline_custom-input'

2022-03-28 17:27:34 - [TEST_STEP][PASSED] - setText(findTestObject("Step2/Page_AdRoot  Create Campaign Steps/Page_AdRoot  Create Campaign Steps/input_Ad Description_custom-input"), "Our Mission is to create one place for all advertising needs"): Text 'Our Mission is to create one place for all advertising needs' is set on object 'Object Repository/Step2/Page_AdRoot  Create Campaign Steps/Page_AdRoot  Create Campaign Steps/input_Ad Description_custom-input'

2022-03-28 17:27:35 - [MESSAGE][PASSED] - Text 'Our Mission is to create one place for all advertising needs' is set on object 'Object Repository/Step2/Page_AdRoot  Create Campaign Steps/Page_AdRoot  Create Campaign Steps/input_Ad Description_custom-input'

2022-03-28 17:27:35 - [TEST_STEP][PASSED] - setText(findTestObject("Step2/Page_AdRoot  Create Campaign Steps/input_Website URL_custom-input"), "gsmediagroup.net"): Text 'gsmediagroup.net' is set on object 'Object Repository/Step2/Page_AdRoot  Create Campaign Steps/input_Website URL_custom-input'

2022-03-28 17:27:36 - [MESSAGE][PASSED] - Text 'gsmediagroup.net' is set on object 'Object Repository/Step2/Page_AdRoot  Create Campaign Steps/input_Website URL_custom-input'

2022-03-28 17:27:36 - [TEST_STEP][PASSED] - click(findTestObject("Step2/Page_AdRoot  Create Campaign Steps/div_Choose AD")): Object: 'Object Repository/Step2/Page_AdRoot  Create Campaign Steps/div_Choose AD' is clicked on

2022-03-28 17:27:37 - [MESSAGE][PASSED] - Object: 'Object Repository/Step2/Page_AdRoot  Create Campaign Steps/div_Choose AD' is clicked on

2022-03-28 17:27:37 - [TEST_STEP][PASSED] - click(findTestObject("Step2/Page_AdRoot  Create Campaign Steps/div_cropped-512adroot.jpg_image-cont image")): Object: 'Object Repository/Step2/Page_AdRoot  Create Campaign Steps/div_cropped-512adroot.jpg_image-cont image' is clicked on

2022-03-28 17:27:37 - [MESSAGE][PASSED] - Object: 'Object Repository/Step2/Page_AdRoot  Create Campaign Steps/div_cropped-512adroot.jpg_image-cont image' is clicked on

2022-03-28 17:27:37 - [TEST_STEP][PASSED] - click(findTestObject("Step3/Page_AdRoot  Create Campaign Steps/button_Select")): Object: 'Object Repository/Step3/Page_AdRoot  Create Campaign Steps/button_Select' is clicked on

2022-03-28 17:27:38 - [MESSAGE][PASSED] - Object: 'Object Repository/Step3/Page_AdRoot  Create Campaign Steps/button_Select' is clicked on

2022-03-28 17:27:38 - [TEST_STEP][PASSED] - mouseOver(findTestObject("Google display/Page_AdRoot  Create Campaign Steps/div_1052Business nameHeadlineChoose ADHeadlineAd DescriptionOpen"), STOP_ON_FAILURE): Object: 'Object Repository/Google display/Page_AdRoot  Create Campaign Steps/div_1052Business nameHeadlineChoose ADHeadlineAd DescriptionOpen' is hovered

2022-03-28 17:27:39 - [MESSAGE][PASSED] - Object: 'Object Repository/Google display/Page_AdRoot  Create Campaign Steps/div_1052Business nameHeadlineChoose ADHeadlineAd DescriptionOpen' is hovered

2022-03-28 17:27:39 - [TEST_STEP][PASSED] - click(findTestObject("Object Repository/Step3/Page_AdRoot  Create Campaign Steps/Page_AdRoot  Create Campaign Steps/div_Open_actions-mode")): Object: 'Object Repository/Step3/Page_AdRoot  Create Campaign Steps/Page_AdRoot  Create Campaign Steps/div_Open_actions-mode' is clicked on

2022-03-28 17:27:39 - [MESSAGE][PASSED] - Object: 'Object Repository/Step3/Page_AdRoot  Create Campaign Steps/Page_AdRoot  Create Campaign Steps/div_Open_actions-mode' is clicked on

2022-03-28 17:27:39 - [TEST_STEP][PASSED] - click(findTestObject("Step3/Page_AdRoot  Create Campaign Steps/div_Open_edit")): Object: 'Object Repository/Step3/Page_AdRoot  Create Campaign Steps/div_Open_edit' is clicked on

2022-03-28 17:27:39 - [MESSAGE][PASSED] - Object: 'Object Repository/Step3/Page_AdRoot  Create Campaign Steps/div_Open_edit' is clicked on

2022-03-28 17:27:39 - [TEST_STEP][PASSED] - setText(findTestObject("Step3/Page_AdRoot  Create Campaign Steps/input_Business Name_custom-input"), "GS media"): Text 'GS media' is set on object 'Object Repository/Step3/Page_AdRoot  Create Campaign Steps/input_Business Name_custom-input'

2022-03-28 17:27:41 - [MESSAGE][PASSED] - Text 'GS media' is set on object 'Object Repository/Step3/Page_AdRoot  Create Campaign Steps/input_Business Name_custom-input'

2022-03-28 17:27:41 - [TEST_STEP][PASSED] - setText(findTestObject("Step3/Page_AdRoot  Create Campaign Steps/input_Long headline_custom-input"), "Ad management system"): Text 'Ad management system' is set on object 'Object Repository/Step3/Page_AdRoot  Create Campaign Steps/input_Long headline_custom-input'

2022-03-28 17:27:42 - [MESSAGE][PASSED] - Text 'Ad management system' is set on object 'Object Repository/Step3/Page_AdRoot  Create Campaign Steps/input_Long headline_custom-input'

2022-03-28 17:27:42 - [TEST_STEP][PASSED] - click(findTestObject("Step3/Page_AdRoot  Create Campaign Steps/button_Save")): Object: 'Object Repository/Step3/Page_AdRoot  Create Campaign Steps/button_Save' is clicked on

2022-03-28 17:27:43 - [MESSAGE][PASSED] - Object: 'Object Repository/Step3/Page_AdRoot  Create Campaign Steps/button_Save' is clicked on

2022-03-28 17:27:43 - [TEST_STEP][PASSED] - mouseOver(findTestObject("Object Repository/Step3/Step 3 Google search/Page_AdRoot  Create Campaign Steps/div_Ad_actions-mode")): Object: 'Object Repository/Step3/Step 3 Google search/Page_AdRoot  Create Campaign Steps/div_Ad_actions-mode' is hovered

2022-03-28 17:27:44 - [MESSAGE][PASSED] - Object: 'Object Repository/Step3/Step 3 Google search/Page_AdRoot  Create Campaign Steps/div_Ad_actions-mode' is hovered

2022-03-28 17:27:44 - [TEST_STEP][PASSED] - mouseOver(findTestObject("Object Repository/Step3/Step 3 Google search/Page_AdRoot  Create Campaign Steps/div_1052horAdhoem.comhoreAdAdAd")): Object: 'Object Repository/Step3/Step 3 Google search/Page_AdRoot  Create Campaign Steps/div_1052horAdhoem.comhoreAdAdAd' is hovered

2022-03-28 17:27:44 - [MESSAGE][PASSED] - Object: 'Object Repository/Step3/Step 3 Google search/Page_AdRoot  Create Campaign Steps/div_1052horAdhoem.comhoreAdAdAd' is hovered

2022-03-28 17:27:44 - [TEST_STEP][PASSED] - click(findTestObject("Object Repository/Step3/Step 3 Google search/Page_AdRoot  Create Campaign Steps/div_Ad_actions-mode")): Object: 'Object Repository/Step3/Step 3 Google search/Page_AdRoot  Create Campaign Steps/div_Ad_actions-mode' is clicked on

2022-03-28 17:27:45 - [MESSAGE][PASSED] - Object: 'Object Repository/Step3/Step 3 Google search/Page_AdRoot  Create Campaign Steps/div_Ad_actions-mode' is clicked on

2022-03-28 17:27:45 - [TEST_STEP][PASSED] - click(findTestObject("Object Repository/Step3/Step 3 Google search/Page_AdRoot  Create Campaign Steps/div_Ad_edit")): Object: 'Object Repository/Step3/Step 3 Google search/Page_AdRoot  Create Campaign Steps/div_Ad_edit' is clicked on

2022-03-28 17:27:45 - [MESSAGE][PASSED] - Object: 'Object Repository/Step3/Step 3 Google search/Page_AdRoot  Create Campaign Steps/div_Ad_edit' is clicked on

2022-03-28 17:27:45 - [TEST_STEP][PASSED] - setText(findTestObject("Object Repository/Step3/Step 3 Google search/Page_AdRoot  Create Campaign Steps/input_Prohibited_custom-input"), "Create ads"): Text 'Create ads' is set on object 'Object Repository/Step3/Step 3 Google search/Page_AdRoot  Create Campaign Steps/input_Prohibited_custom-input'

2022-03-28 17:27:46 - [MESSAGE][PASSED] - Text 'Create ads' is set on object 'Object Repository/Step3/Step 3 Google search/Page_AdRoot  Create Campaign Steps/input_Prohibited_custom-input'

2022-03-28 17:27:46 - [TEST_STEP][PASSED] - setText(findTestObject("Object Repository/Step3/Step 3 Google search/Page_AdRoot  Create Campaign Steps/input_Prohibited_custom-input_1"), "Create campaigns"): Text 'Create campaigns' is set on object 'Object Repository/Step3/Step 3 Google search/Page_AdRoot  Create Campaign Steps/input_Prohibited_custom-input_1'

2022-03-28 17:27:47 - [MESSAGE][PASSED] - Text 'Create campaigns' is set on object 'Object Repository/Step3/Step 3 Google search/Page_AdRoot  Create Campaign Steps/input_Prohibited_custom-input_1'

2022-03-28 17:27:47 - [TEST_STEP][PASSED] - setText(findTestObject("Object Repository/Step3/Step 3 Google search/Page_AdRoot  Create Campaign Steps/input_Prohibited_custom-input_1_2"), "Ad management system"): Text 'Ad management system' is set on object 'Object Repository/Step3/Step 3 Google search/Page_AdRoot  Create Campaign Steps/input_Prohibited_custom-input_1_2'

2022-03-28 17:27:48 - [MESSAGE][PASSED] - Text 'Ad management system' is set on object 'Object Repository/Step3/Step 3 Google search/Page_AdRoot  Create Campaign Steps/input_Prohibited_custom-input_1_2'

2022-03-28 17:27:48 - [TEST_STEP][PASSED] - doubleClick(findTestObject("Regular Create campaign/Page_AdRoot  Create Campaign Steps/input_Keywords_custom-input")): Object: 'Object Repository/Regular Create campaign/Page_AdRoot  Create Campaign Steps/input_Keywords_custom-input' is double clicked on

2022-03-28 17:27:49 - [MESSAGE][PASSED] - Object: 'Object Repository/Regular Create campaign/Page_AdRoot  Create Campaign Steps/input_Keywords_custom-input' is double clicked on

2022-03-28 17:27:49 - [TEST_STEP][PASSED] - setText(findTestObject("Regular Create campaign/Page_AdRoot  Create Campaign Steps/input_Keywords_custom-input"), "campaign"): Text 'campaign' is set on object 'Object Repository/Regular Create campaign/Page_AdRoot  Create Campaign Steps/input_Keywords_custom-input'

2022-03-28 17:27:50 - [MESSAGE][PASSED] - Text 'campaign' is set on object 'Object Repository/Regular Create campaign/Page_AdRoot  Create Campaign Steps/input_Keywords_custom-input'

2022-03-28 17:27:50 - [TEST_STEP][PASSED] - click(findTestObject("Object Repository/Step3/Step 3 Google search/Page_AdRoot  Create Campaign Steps/button_Save")): Object: 'Object Repository/Step3/Step 3 Google search/Page_AdRoot  Create Campaign Steps/button_Save' is clicked on

2022-03-28 17:27:50 - [MESSAGE][PASSED] - Object: 'Object Repository/Step3/Step 3 Google search/Page_AdRoot  Create Campaign Steps/button_Save' is clicked on

2022-03-28 17:27:50 - [TEST_STEP][PASSED] - click(findTestObject("Object Repository/Step 4,5/Page_AdRoot  Create Campaign Steps/button_Next Step (1)")): Object: 'Object Repository/Step 4,5/Page_AdRoot  Create Campaign Steps/button_Next Step (1)' is clicked on

2022-03-28 17:27:51 - [MESSAGE][PASSED] - Object: 'Object Repository/Step 4,5/Page_AdRoot  Create Campaign Steps/button_Next Step (1)' is clicked on

2022-03-28 17:27:51 - [TEST_STEP][PASSED] - click(findTestObject("Object Repository/Step 4,5/Page_AdRoot  Create Campaign Steps/button_Next Step (1)")): Object: 'Object Repository/Step 4,5/Page_AdRoot  Create Campaign Steps/button_Next Step (1)' is clicked on

2022-03-28 17:27:53 - [MESSAGE][PASSED] - Object: 'Object Repository/Step 4,5/Page_AdRoot  Create Campaign Steps/button_Next Step (1)' is clicked on

2022-03-28 17:27:53 - [TEST_STEP][PASSED] - setText(findTestObject("Object Repository/Step 4,5/Page_AdRoot  Create Campaign Steps/input_Daily_custom-input"), "$ 1"): Text '$ 1' is set on object 'Object Repository/Step 4,5/Page_AdRoot  Create Campaign Steps/input_Daily_custom-input'

2022-03-28 17:27:54 - [MESSAGE][PASSED] - Text '$ 1' is set on object 'Object Repository/Step 4,5/Page_AdRoot  Create Campaign Steps/input_Daily_custom-input'

2022-03-28 17:27:54 - [TEST_STEP][PASSED] - click(findTestObject("Step 4,5/Page_AdRoot  Create Campaign Steps/input_Start_single-date-picker-datepicker-y6DXOBYbq5i4SX3nAPEZ")): Object: 'Object Repository/Step 4,5/Page_AdRoot  Create Campaign Steps/input_Start_single-date-picker-datepicker-y6DXOBYbq5i4SX3nAPEZ' is clicked on

2022-03-28 17:27:55 - [MESSAGE][PASSED] - Object: 'Object Repository/Step 4,5/Page_AdRoot  Create Campaign Steps/input_Start_single-date-picker-datepicker-y6DXOBYbq5i4SX3nAPEZ' is clicked on

2022-03-28 17:27:55 - [TEST_STEP][PASSED] - click(findTestObject("Step 4,5/Page_AdRoot  Create Campaign Steps/svg_Su_DayPickerNavigation_svg__horizontal DayPickerNavigation_svg__horizontal_1")): Object: 'Object Repository/Step 4,5/Page_AdRoot  Create Campaign Steps/svg_Su_DayPickerNavigation_svg__horizontal DayPickerNavigation_svg__horizontal_1' is clicked on

2022-03-28 17:27:55 - [MESSAGE][PASSED] - Object: 'Object Repository/Step 4,5/Page_AdRoot  Create Campaign Steps/svg_Su_DayPickerNavigation_svg__horizontal DayPickerNavigation_svg__horizontal_1' is clicked on

2022-03-28 17:27:55 - [TEST_STEP][PASSED] - click(findTestObject("Step 4,5/Page_AdRoot  Create Campaign Steps/svg_Su_DayPickerNavigation_svg__horizontal DayPickerNavigation_svg__horizontal_1")): Object: 'Object Repository/Step 4,5/Page_AdRoot  Create Campaign Steps/svg_Su_DayPickerNavigation_svg__horizontal DayPickerNavigation_svg__horizontal_1' is clicked on

2022-03-28 17:27:56 - [MESSAGE][PASSED] - Object: 'Object Repository/Step 4,5/Page_AdRoot  Create Campaign Steps/svg_Su_DayPickerNavigation_svg__horizontal DayPickerNavigation_svg__horizontal_1' is clicked on

2022-03-28 17:27:56 - [TEST_STEP][PASSED] - click(findTestObject("Step 4,5/Page_AdRoot  Create Campaign Steps/svg_Su_DayPickerNavigation_svg__horizontal DayPickerNavigation_svg__horizontal_1")): Object: 'Object Repository/Step 4,5/Page_AdRoot  Create Campaign Steps/svg_Su_DayPickerNavigation_svg__horizontal DayPickerNavigation_svg__horizontal_1' is clicked on

2022-03-28 17:27:56 - [MESSAGE][PASSED] - Object: 'Object Repository/Step 4,5/Page_AdRoot  Create Campaign Steps/svg_Su_DayPickerNavigation_svg__horizontal DayPickerNavigation_svg__horizontal_1' is clicked on

2022-03-28 17:27:56 - [TEST_STEP][PASSED] - click(findTestObject("Step 4,5/Page_AdRoot  Create Campaign Steps/svg_Su_DayPickerNavigation_svg__horizontal DayPickerNavigation_svg__horizontal_1")): Object: 'Object Repository/Step 4,5/Page_AdRoot  Create Campaign Steps/svg_Su_DayPickerNavigation_svg__horizontal DayPickerNavigation_svg__horizontal_1' is clicked on

2022-03-28 17:27:57 - [MESSAGE][PASSED] - Object: 'Object Repository/Step 4,5/Page_AdRoot  Create Campaign Steps/svg_Su_DayPickerNavigation_svg__horizontal DayPickerNavigation_svg__horizontal_1' is clicked on

2022-03-28 17:27:57 - [TEST_STEP][PASSED] - click(findTestObject("Step 4,5/Page_AdRoot  Create Campaign Steps/td_10")): Object: 'Object Repository/Step 4,5/Page_AdRoot  Create Campaign Steps/td_10' is clicked on

2022-03-28 17:27:57 - [MESSAGE][PASSED] - Object: 'Object Repository/Step 4,5/Page_AdRoot  Create Campaign Steps/td_10' is clicked on

2022-03-28 17:27:57 - [TEST_STEP][PASSED] - click(findTestObject("Object Repository/Step 4,5/Page_AdRoot  Create Campaign Steps/button_Finish")): Object: 'Object Repository/Step 4,5/Page_AdRoot  Create Campaign Steps/button_Finish' is clicked on

2022-03-28 17:27:58 - [MESSAGE][PASSED] - Object: 'Object Repository/Step 4,5/Page_AdRoot  Create Campaign Steps/button_Finish' is clicked on

2022-03-28 17:27:58 - [TEST_STEP][PASSED] - verifyElementPresent(findTestObject("Object Repository/Step 4,5/Page_AdRoot  Campaigns/div_PENDING"), 0): Object 'Object Repository/Step 4,5/Page_AdRoot  Campaigns/div_PENDING' is present

2022-03-28 17:27:58 - [MESSAGE][WARNING] - Timeout '0' is invalid. Using default page load timeout: '30'

2022-03-28 17:27:59 - [MESSAGE][PASSED] - Object 'Object Repository/Step 4,5/Page_AdRoot  Campaigns/div_PENDING' is present

2022-03-28 17:27:59 - [TEST_STEP][PASSED] - closeBrowser(STOP_ON_FAILURE): Browser is closed

2022-03-28 17:28:00 - [MESSAGE][PASSED] - Browser is closed]]></system-out>
         <system-err><![CDATA[]]></system-err>
      </testcase>
      <testcase name="Test Cases/Campaign/Create campaign/dev-Create campaign - not makronmanuel/Dev-Video views campaign" time="38.371" classname="Test Cases/Campaign/Create campaign/dev-Create campaign - not makronmanuel/Dev-Video views campaign" status="PASSED">
         <system-out><![CDATA[2022-03-28 17:28:00 - [TEST_CASE][PASSED] - Test Cases/Campaign/Create campaign/dev-Create campaign - not makronmanuel/Dev-Video views campaign: Test Cases/Campaign/Create campaign/dev-Create campaign - not makronmanuel/Dev-Video views campaign

2022-03-28 17:28:00 - [TEST_STEP][PASSED] - openBrowser(""): Browser is opened with url: ''

2022-03-28 17:28:00 - [MESSAGE][INFO] - Starting 'Chrome' driver

2022-03-28 17:28:00 - [MESSAGE][INFO] - Action delay is set to 0 milliseconds

2022-03-28 17:28:01 - [MESSAGE][PASSED] - Browser is opened with url: ''

2022-03-28 17:28:01 - [TEST_STEP][PASSED] - setViewPortSize(1550, 900): Viewport is set to new size with width = 1550 and height = 900

2022-03-28 17:28:02 - [MESSAGE][PASSED] - Viewport is set to new size with width = 1550 and height = 900

2022-03-28 17:28:02 - [TEST_STEP][PASSED] - navigateToUrl("https://dev.adroot.io/auth/signin"): Navigate to 'https://dev.adroot.io/auth/signin' successfully

2022-03-28 17:28:07 - [MESSAGE][PASSED] - Navigate to 'https://dev.adroot.io/auth/signin' successfully

2022-03-28 17:28:07 - [TEST_STEP][PASSED] - setText(findTestObject("Object Repository/Regular Create campaign/Page_AdRoot  Login/input_E-mail_email"), "rutest@gmail.com"): Text 'rutest@gmail.com' is set on object 'Object Repository/Regular Create campaign/Page_AdRoot  Login/input_E-mail_email'

2022-03-28 17:28:08 - [MESSAGE][PASSED] - Text 'rutest@gmail.com' is set on object 'Object Repository/Regular Create campaign/Page_AdRoot  Login/input_E-mail_email'

2022-03-28 17:28:08 - [TEST_STEP][PASSED] - setEncryptedText(findTestObject("Object Repository/Regular Create campaign/Page_AdRoot  Login/input_Password_password"), "9juLMCYi8sYpY2Mrwe5diw=="): Text ****** has been set on object 'Object Repository/Regular Create campaign/Page_AdRoot  Login/input_Password_password'

2022-03-28 17:28:08 - [MESSAGE][PASSED] - Text ****** has been set on object 'Object Repository/Regular Create campaign/Page_AdRoot  Login/input_Password_password'

2022-03-28 17:28:08 - [TEST_STEP][PASSED] - click(findTestObject("Object Repository/Regular Create campaign/Page_AdRoot  Login/button_Sign in")): Object: 'Object Repository/Regular Create campaign/Page_AdRoot  Login/button_Sign in' is clicked on

2022-03-28 17:28:09 - [MESSAGE][PASSED] - Object: 'Object Repository/Regular Create campaign/Page_AdRoot  Login/button_Sign in' is clicked on

2022-03-28 17:28:09 - [TEST_STEP][PASSED] - click(findTestObject("Campaign copy/Page_AdRoot  Dashboard/a_Campaigns")): Object: 'Object Repository/Campaign copy/Page_AdRoot  Dashboard/a_Campaigns' is clicked on

2022-03-28 17:28:11 - [MESSAGE][PASSED] - Object: 'Object Repository/Campaign copy/Page_AdRoot  Dashboard/a_Campaigns' is clicked on

2022-03-28 17:28:11 - [TEST_STEP][PASSED] - click(findTestObject("Regular Create campaign/Page_AdRoot  Campaigns/div_Campaign View")): Object: 'Object Repository/Regular Create campaign/Page_AdRoot  Campaigns/div_Campaign View' is clicked on

2022-03-28 17:28:13 - [MESSAGE][PASSED] - Object: 'Object Repository/Regular Create campaign/Page_AdRoot  Campaigns/div_Campaign View' is clicked on

2022-03-28 17:28:13 - [TEST_STEP][PASSED] - click(findTestObject("Regular Create campaign/Page_AdRoot  Campaigns/div_New Campaign")): Object: 'Object Repository/Regular Create campaign/Page_AdRoot  Campaigns/div_New Campaign' is clicked on

2022-03-28 17:28:14 - [MESSAGE][PASSED] - Object: 'Object Repository/Regular Create campaign/Page_AdRoot  Campaigns/div_New Campaign' is clicked on

2022-03-28 17:28:14 - [TEST_STEP][PASSED] - setText(findTestObject("Page_AdRoot  Create Campaign Steps/input_Campaign name_custom-input"), "devadroot1"): Text 'devadroot1' is set on object 'Object Repository/Page_AdRoot  Create Campaign Steps/input_Campaign name_custom-input'

2022-03-28 17:28:15 - [MESSAGE][PASSED] - Text 'devadroot1' is set on object 'Object Repository/Page_AdRoot  Create Campaign Steps/input_Campaign name_custom-input'

2022-03-28 17:28:15 - [TEST_STEP][PASSED] - click(findTestObject("Regular Create campaign/Page_AdRoot  Campaigns/Page_AdRoot  Create Campaign Steps/span_Name is taken")): Object: 'Object Repository/Regular Create campaign/Page_AdRoot  Campaigns/Page_AdRoot  Create Campaign Steps/span_Name is taken' is clicked on

2022-03-28 17:28:16 - [MESSAGE][PASSED] - Object: 'Object Repository/Regular Create campaign/Page_AdRoot  Campaigns/Page_AdRoot  Create Campaign Steps/span_Name is taken' is clicked on

2022-03-28 17:28:16 - [TEST_STEP][PASSED] - click(findTestObject("Goals/Goals/Page_AdRoot  Create Campaign Steps/div_Video Views")): Object: 'Object Repository/Goals/Goals/Page_AdRoot  Create Campaign Steps/div_Video Views' is clicked on

2022-03-28 17:28:17 - [MESSAGE][PASSED] - Object: 'Object Repository/Goals/Goals/Page_AdRoot  Create Campaign Steps/div_Video Views' is clicked on

2022-03-28 17:28:17 - [TEST_STEP][PASSED] - Ms = verifyTextPresent("Name is taken", false): Text 'Name is taken' is present on page 

2022-03-28 17:28:17 - [MESSAGE][PASSED] - Text 'Name is taken' is present on page 

2022-03-28 17:28:17 - [TEST_STEP][PASSED] - if (Ms.equals("true")): Object: 'Object Repository/Regular Create campaign/Page_AdRoot  Campaigns/Page_AdRoot  Create Campaign Steps/button_Next Step' is clicked on

2022-03-28 17:28:17 - [TEST_STEP][PASSED] - RN = <not implemented yet for class: org.codehaus.groovy.ast.expr.EmptyExpression>: null

2022-03-28 17:28:17 - [TEST_STEP][PASSED] - RN = Math.random() * 5000: null

2022-03-28 17:28:17 - [TEST_STEP][PASSED] - setText(findTestObject("Regular Create campaign/Page_AdRoot Ad Manager - One Place To Manag_7de57e/Page_AdRoot  Create Campaign Steps/input_Campaign name_custom-input"), "devadroot" + RN): Text 'devadroot1503' is set on object 'Object Repository/Regular Create campaign/Page_AdRoot Ad Manager - One Place To Manag_7de57e/Page_AdRoot  Create Campaign Steps/input_Campaign name_custom-input'

2022-03-28 17:28:18 - [MESSAGE][PASSED] - Text 'devadroot1503' is set on object 'Object Repository/Regular Create campaign/Page_AdRoot Ad Manager - One Place To Manag_7de57e/Page_AdRoot  Create Campaign Steps/input_Campaign name_custom-input'

2022-03-28 17:28:18 - [TEST_STEP][PASSED] - click(findTestObject("Object Repository/Regular Create campaign/Page_AdRoot  Campaigns/Page_AdRoot  Create Campaign Steps/button_Next Step")): Object: 'Object Repository/Regular Create campaign/Page_AdRoot  Campaigns/Page_AdRoot  Create Campaign Steps/button_Next Step' is clicked on

2022-03-28 17:28:18 - [MESSAGE][PASSED] - Object: 'Object Repository/Regular Create campaign/Page_AdRoot  Campaigns/Page_AdRoot  Create Campaign Steps/button_Next Step' is clicked on

2022-03-28 17:28:18 - [TEST_STEP][PASSED] - verifyElementPresent(findTestObject("Step2/Page_AdRoot  Create Campaign Steps/div_Artashes Mxchyan"), 0): Object 'Object Repository/Step2/Page_AdRoot  Create Campaign Steps/div_Artashes Mxchyan' is present

2022-03-28 17:28:18 - [MESSAGE][WARNING] - Timeout '0' is invalid. Using default page load timeout: '30'

2022-03-28 17:28:19 - [MESSAGE][PASSED] - Object 'Object Repository/Step2/Page_AdRoot  Create Campaign Steps/div_Artashes Mxchyan' is present

2022-03-28 17:28:19 - [TEST_STEP][PASSED] - click(findTestObject("Step2/Page_AdRoot  Create Campaign Steps/button_Next Step")): Object: 'Object Repository/Step2/Page_AdRoot  Create Campaign Steps/button_Next Step' is clicked on

2022-03-28 17:28:20 - [MESSAGE][PASSED] - Object: 'Object Repository/Step2/Page_AdRoot  Create Campaign Steps/button_Next Step' is clicked on

2022-03-28 17:28:20 - [TEST_STEP][PASSED] - click(findTestObject("Object Repository/Step2/Page_AdRoot  Create Campaign Steps/Page_AdRoot  Create Campaign Steps/input_Primary Text_invalid custom-input")): Object: 'Object Repository/Step2/Page_AdRoot  Create Campaign Steps/Page_AdRoot  Create Campaign Steps/input_Primary Text_invalid custom-input' is clicked on

2022-03-28 17:28:21 - [MESSAGE][PASSED] - Object: 'Object Repository/Step2/Page_AdRoot  Create Campaign Steps/Page_AdRoot  Create Campaign Steps/input_Primary Text_invalid custom-input' is clicked on

2022-03-28 17:28:21 - [TEST_STEP][PASSED] - setText(findTestObject("Object Repository/Step2/Page_AdRoot  Create Campaign Steps/Page_AdRoot  Create Campaign Steps/input_Primary Text_invalid custom-input"), "Social media"): Text 'Social media' is set on object 'Object Repository/Step2/Page_AdRoot  Create Campaign Steps/Page_AdRoot  Create Campaign Steps/input_Primary Text_invalid custom-input'

2022-03-28 17:28:22 - [MESSAGE][PASSED] - Text 'Social media' is set on object 'Object Repository/Step2/Page_AdRoot  Create Campaign Steps/Page_AdRoot  Create Campaign Steps/input_Primary Text_invalid custom-input'

2022-03-28 17:28:22 - [TEST_STEP][PASSED] - setText(findTestObject("Step2/Page_AdRoot  Create Campaign Steps/Page_AdRoot  Create Campaign Steps/input_Headline_custom-input"), "Social media ads management "): Text 'Social media ads management ' is set on object 'Object Repository/Step2/Page_AdRoot  Create Campaign Steps/Page_AdRoot  Create Campaign Steps/input_Headline_custom-input'

2022-03-28 17:28:23 - [MESSAGE][PASSED] - Text 'Social media ads management ' is set on object 'Object Repository/Step2/Page_AdRoot  Create Campaign Steps/Page_AdRoot  Create Campaign Steps/input_Headline_custom-input'

2022-03-28 17:28:23 - [TEST_STEP][PASSED] - setText(findTestObject("Step2/Page_AdRoot  Create Campaign Steps/Page_AdRoot  Create Campaign Steps/input_Ad Description_custom-input"), "Our Mission is to create one place for all advertising needs"): Text 'Our Mission is to create one place for all advertising needs' is set on object 'Object Repository/Step2/Page_AdRoot  Create Campaign Steps/Page_AdRoot  Create Campaign Steps/input_Ad Description_custom-input'

2022-03-28 17:28:24 - [MESSAGE][PASSED] - Text 'Our Mission is to create one place for all advertising needs' is set on object 'Object Repository/Step2/Page_AdRoot  Create Campaign Steps/Page_AdRoot  Create Campaign Steps/input_Ad Description_custom-input'

2022-03-28 17:28:24 - [TEST_STEP][PASSED] - setText(findTestObject("Step2/Page_AdRoot  Create Campaign Steps/input_Website URL_custom-input"), "gsmediagroup.net"): Text 'gsmediagroup.net' is set on object 'Object Repository/Step2/Page_AdRoot  Create Campaign Steps/input_Website URL_custom-input'

2022-03-28 17:28:25 - [MESSAGE][PASSED] - Text 'gsmediagroup.net' is set on object 'Object Repository/Step2/Page_AdRoot  Create Campaign Steps/input_Website URL_custom-input'

2022-03-28 17:28:25 - [TEST_STEP][PASSED] - click(findTestObject("Step2/Page_AdRoot  Create Campaign Steps/div_Choose AD")): Object: 'Object Repository/Step2/Page_AdRoot  Create Campaign Steps/div_Choose AD' is clicked on

2022-03-28 17:28:25 - [MESSAGE][PASSED] - Object: 'Object Repository/Step2/Page_AdRoot  Create Campaign Steps/div_Choose AD' is clicked on

2022-03-28 17:28:25 - [TEST_STEP][PASSED] - click(findTestObject("Object Repository/Goals/Page_AdRoot  Create Campaign Steps/div_Videos_image-cont video")): Object: 'Object Repository/Goals/Page_AdRoot  Create Campaign Steps/div_Videos_image-cont video' is clicked on

2022-03-28 17:28:26 - [MESSAGE][PASSED] - Object: 'Object Repository/Goals/Page_AdRoot  Create Campaign Steps/div_Videos_image-cont video' is clicked on

2022-03-28 17:28:26 - [TEST_STEP][PASSED] - click(findTestObject("Step3/Page_AdRoot  Create Campaign Steps/button_Select")): Object: 'Object Repository/Step3/Page_AdRoot  Create Campaign Steps/button_Select' is clicked on

2022-03-28 17:28:27 - [MESSAGE][PASSED] - Object: 'Object Repository/Step3/Page_AdRoot  Create Campaign Steps/button_Select' is clicked on

2022-03-28 17:28:27 - [TEST_STEP][PASSED] - click(findTestObject("Object Repository/Step 4,5/Page_AdRoot  Create Campaign Steps/button_Next Step (1)")): Object: 'Object Repository/Step 4,5/Page_AdRoot  Create Campaign Steps/button_Next Step (1)' is clicked on

2022-03-28 17:28:27 - [MESSAGE][PASSED] - Object: 'Object Repository/Step 4,5/Page_AdRoot  Create Campaign Steps/button_Next Step (1)' is clicked on

2022-03-28 17:28:27 - [TEST_STEP][PASSED] - click(findTestObject("Object Repository/Step 4,5/Page_AdRoot  Create Campaign Steps/button_Next Step (1)")): Object: 'Object Repository/Step 4,5/Page_AdRoot  Create Campaign Steps/button_Next Step (1)' is clicked on

2022-03-28 17:28:31 - [MESSAGE][PASSED] - Object: 'Object Repository/Step 4,5/Page_AdRoot  Create Campaign Steps/button_Next Step (1)' is clicked on

2022-03-28 17:28:31 - [TEST_STEP][PASSED] - setText(findTestObject("Object Repository/Step 4,5/Page_AdRoot  Create Campaign Steps/input_Daily_custom-input"), "$ 1"): Text '$ 1' is set on object 'Object Repository/Step 4,5/Page_AdRoot  Create Campaign Steps/input_Daily_custom-input'

2022-03-28 17:28:32 - [MESSAGE][PASSED] - Text '$ 1' is set on object 'Object Repository/Step 4,5/Page_AdRoot  Create Campaign Steps/input_Daily_custom-input'

2022-03-28 17:28:32 - [TEST_STEP][PASSED] - click(findTestObject("Step 4,5/Page_AdRoot  Create Campaign Steps/input_Start_single-date-picker-datepicker-y6DXOBYbq5i4SX3nAPEZ")): Object: 'Object Repository/Step 4,5/Page_AdRoot  Create Campaign Steps/input_Start_single-date-picker-datepicker-y6DXOBYbq5i4SX3nAPEZ' is clicked on

2022-03-28 17:28:33 - [MESSAGE][PASSED] - Object: 'Object Repository/Step 4,5/Page_AdRoot  Create Campaign Steps/input_Start_single-date-picker-datepicker-y6DXOBYbq5i4SX3nAPEZ' is clicked on

2022-03-28 17:28:33 - [TEST_STEP][PASSED] - click(findTestObject("Step 4,5/Page_AdRoot  Create Campaign Steps/svg_Su_DayPickerNavigation_svg__horizontal DayPickerNavigation_svg__horizontal_1")): Object: 'Object Repository/Step 4,5/Page_AdRoot  Create Campaign Steps/svg_Su_DayPickerNavigation_svg__horizontal DayPickerNavigation_svg__horizontal_1' is clicked on

2022-03-28 17:28:34 - [MESSAGE][PASSED] - Object: 'Object Repository/Step 4,5/Page_AdRoot  Create Campaign Steps/svg_Su_DayPickerNavigation_svg__horizontal DayPickerNavigation_svg__horizontal_1' is clicked on

2022-03-28 17:28:34 - [TEST_STEP][PASSED] - click(findTestObject("Step 4,5/Page_AdRoot  Create Campaign Steps/svg_Su_DayPickerNavigation_svg__horizontal DayPickerNavigation_svg__horizontal_1")): Object: 'Object Repository/Step 4,5/Page_AdRoot  Create Campaign Steps/svg_Su_DayPickerNavigation_svg__horizontal DayPickerNavigation_svg__horizontal_1' is clicked on

2022-03-28 17:28:34 - [MESSAGE][PASSED] - Object: 'Object Repository/Step 4,5/Page_AdRoot  Create Campaign Steps/svg_Su_DayPickerNavigation_svg__horizontal DayPickerNavigation_svg__horizontal_1' is clicked on

2022-03-28 17:28:34 - [TEST_STEP][PASSED] - click(findTestObject("Step 4,5/Page_AdRoot  Create Campaign Steps/svg_Su_DayPickerNavigation_svg__horizontal DayPickerNavigation_svg__horizontal_1")): Object: 'Object Repository/Step 4,5/Page_AdRoot  Create Campaign Steps/svg_Su_DayPickerNavigation_svg__horizontal DayPickerNavigation_svg__horizontal_1' is clicked on

2022-03-28 17:28:35 - [MESSAGE][PASSED] - Object: 'Object Repository/Step 4,5/Page_AdRoot  Create Campaign Steps/svg_Su_DayPickerNavigation_svg__horizontal DayPickerNavigation_svg__horizontal_1' is clicked on

2022-03-28 17:28:35 - [TEST_STEP][PASSED] - click(findTestObject("Step 4,5/Page_AdRoot  Create Campaign Steps/svg_Su_DayPickerNavigation_svg__horizontal DayPickerNavigation_svg__horizontal_1")): Object: 'Object Repository/Step 4,5/Page_AdRoot  Create Campaign Steps/svg_Su_DayPickerNavigation_svg__horizontal DayPickerNavigation_svg__horizontal_1' is clicked on

2022-03-28 17:28:35 - [MESSAGE][PASSED] - Object: 'Object Repository/Step 4,5/Page_AdRoot  Create Campaign Steps/svg_Su_DayPickerNavigation_svg__horizontal DayPickerNavigation_svg__horizontal_1' is clicked on

2022-03-28 17:28:35 - [TEST_STEP][PASSED] - click(findTestObject("Step 4,5/Page_AdRoot  Create Campaign Steps/td_10")): Object: 'Object Repository/Step 4,5/Page_AdRoot  Create Campaign Steps/td_10' is clicked on

2022-03-28 17:28:36 - [MESSAGE][PASSED] - Object: 'Object Repository/Step 4,5/Page_AdRoot  Create Campaign Steps/td_10' is clicked on

2022-03-28 17:28:36 - [TEST_STEP][PASSED] - click(findTestObject("Object Repository/Step 4,5/Page_AdRoot  Create Campaign Steps/button_Finish")): Object: 'Object Repository/Step 4,5/Page_AdRoot  Create Campaign Steps/button_Finish' is clicked on

2022-03-28 17:28:36 - [MESSAGE][PASSED] - Object: 'Object Repository/Step 4,5/Page_AdRoot  Create Campaign Steps/button_Finish' is clicked on

2022-03-28 17:28:36 - [TEST_STEP][PASSED] - verifyElementPresent(findTestObject("Object Repository/Step 4,5/Page_AdRoot  Campaigns/div_PENDING"), 0): Object 'Object Repository/Step 4,5/Page_AdRoot  Campaigns/div_PENDING' is present

2022-03-28 17:28:36 - [MESSAGE][WARNING] - Timeout '0' is invalid. Using default page load timeout: '30'

2022-03-28 17:28:38 - [MESSAGE][PASSED] - Object 'Object Repository/Step 4,5/Page_AdRoot  Campaigns/div_PENDING' is present

2022-03-28 17:28:38 - [TEST_STEP][PASSED] - closeBrowser(): Browser is closed

2022-03-28 17:28:38 - [MESSAGE][PASSED] - Browser is closed]]></system-out>
         <system-err><![CDATA[]]></system-err>
      </testcase>
      <system-out><![CDATA[2022-03-28 17:24:53 - [TEST_SUITE][PASSED] - dev-create campaign not makronmanuel: Test Cases/Campaign/Create campaign/dev-Create campaign - not makronmanuel/Dev-Video views campaign]]></system-out>
      <system-err><![CDATA[]]></system-err>
   </testsuite>
</testsuites>
