<?xml version="1.0" encoding="UTF-8"?>
<testsuites name="Pause app" time="24.075" tests="1" failures="0" errors="0">
   <testsuite name="Pause app" tests="1" failures="0" errors="0" time="24.075" skipped="0" timestamp="2022-03-21 10:41:36" hostname="AdRoot_PC2 - GorsPC" id="Test Suites/Suits/Pause app">
      <properties>
         <property name="deviceName" value=""/>
         <property name="devicePlatform" value=""/>
         <property name="logFolder" value="C:\\Users\\AdRoot_PC2\\git\\KatalonAutomation\\Reports\\20220321_104126\\Suits\\Pause app\\20220321_104127"/>
         <property name="logFiles" value="C:\\Users\\AdRoot_PC2\\git\\KatalonAutomation\\Reports\\20220321_104126\\Suits\\Pause app\\20220321_104127\\execution0.log"/>
         <property name="attachments" value=""/>
         <property name="hostName" value="AdRoot_PC2 - GorsPC"/>
         <property name="os" value="Windows 10 64bit"/>
         <property name="katalonVersion" value="8.2.5.208"/>
         <property name="browser" value="Chrome 99.0.4844.74"/>
         <property name="hostAddress" value="192.168.0.106"/>
         <property name="sessionId" value="97df93c6e811b24a11ab40f5eec91eb8"/>
         <property name="seleniumVersion" value="3.141.59"/>
         <property name="proxyInformation" value="ProxyInformation { proxyOption=NO_PROXY, proxyServerType=HTTP, username=, password=********, proxyServerAddress=, proxyServerPort=0, executionList=&quot;&quot;, isApplyToDesiredCapabilities=true }"/>
         <property name="platform" value="Windows 10"/>
      </properties>
      <testcase name="Test Cases/Everyday campaign pause/App-pause campaign" time="23.797" classname="Test Cases/Everyday campaign pause/App-pause campaign" status="PASSED">
         <system-out><![CDATA[2022-03-21 10:41:36 - [TEST_CASE][PASSED] - Test Cases/Everyday campaign pause/App-pause campaign: Test Cases/Everyday campaign pause/App-pause campaign

2022-03-21 10:41:36 - [TEST_STEP][PASSED] - openBrowser(""): Browser is opened with url: ''

2022-03-21 10:41:37 - [MESSAGE][INFO] - Starting 'Chrome' driver

2022-03-21 10:41:37 - [MESSAGE][INFO] - Action delay is set to 0 milliseconds

2022-03-21 10:41:39 - [MESSAGE][PASSED] - Browser is opened with url: ''

2022-03-21 10:41:39 - [TEST_STEP][PASSED] - setViewPortSize(1700, 900): Viewport is set to new size with width = 1700 and height = 900

2022-03-21 10:41:39 - [MESSAGE][PASSED] - Viewport is set to new size with width = 1700 and height = 900

2022-03-21 10:41:39 - [TEST_STEP][PASSED] - navigateToUrl("https://app.adroot.io/auth/signin"): Navigate to 'https://app.adroot.io/auth/signin' successfully

2022-03-21 10:41:41 - [MESSAGE][PASSED] - Navigate to 'https://app.adroot.io/auth/signin' successfully

2022-03-21 10:41:41 - [TEST_STEP][PASSED] - setText(findTestObject("Object Repository/Pause dev campaign/Page_AdRoot  Login/input_E-mail_email"), "makronmanuel01@gmail.com"): Text 'makronmanuel01@gmail.com' is set on object 'Object Repository/Pause dev campaign/Page_AdRoot  Login/input_E-mail_email'

2022-03-21 10:41:42 - [MESSAGE][PASSED] - Text 'makronmanuel01@gmail.com' is set on object 'Object Repository/Pause dev campaign/Page_AdRoot  Login/input_E-mail_email'

2022-03-21 10:41:42 - [TEST_STEP][PASSED] - setEncryptedText(findTestObject("Object Repository/Pause dev campaign/Page_AdRoot  Login/input_Password_password"), "9juLMCYi8sYpY2Mrwe5diw=="): Text ****** has been set on object 'Object Repository/Pause dev campaign/Page_AdRoot  Login/input_Password_password'

2022-03-21 10:41:43 - [MESSAGE][PASSED] - Text ****** has been set on object 'Object Repository/Pause dev campaign/Page_AdRoot  Login/input_Password_password'

2022-03-21 10:41:43 - [TEST_STEP][PASSED] - sendKeys(findTestObject("Object Repository/Pause dev campaign/Page_AdRoot  Login/input_Password_password"), Keys.chord(ENTER)): Keys 'ENTER + ' sent to object: 'Object Repository/Pause dev campaign/Page_AdRoot  Login/input_Password_password'

2022-03-21 10:41:43 - [MESSAGE][PASSED] - Keys 'ENTER + ' sent to object: 'Object Repository/Pause dev campaign/Page_AdRoot  Login/input_Password_password'

2022-03-21 10:41:43 - [TEST_STEP][PASSED] - click(findTestObject("Page_AdRoot  Campaigns/img")): Object: 'Object Repository/Page_AdRoot  Campaigns/img' is clicked on

2022-03-21 10:41:46 - [MESSAGE][PASSED] - Object: 'Object Repository/Page_AdRoot  Campaigns/img' is clicked on

2022-03-21 10:41:46 - [TEST_STEP][PASSED] - click(findTestObject("Page_AdRoot  Campaigns/div_By Ruzan (app)")): Object: 'Object Repository/Page_AdRoot  Campaigns/div_By Ruzan (app)' is clicked on

2022-03-21 10:41:46 - [MESSAGE][PASSED] - Object: 'Object Repository/Page_AdRoot  Campaigns/div_By Ruzan (app)' is clicked on

2022-03-21 10:41:46 - [TEST_STEP][PASSED] - click(findTestObject("Campaign copy/Page_AdRoot  Dashboard/a_Campaigns")): Object: 'Object Repository/Campaign copy/Page_AdRoot  Dashboard/a_Campaigns' is clicked on

2022-03-21 10:41:49 - [MESSAGE][PASSED] - Object: 'Object Repository/Campaign copy/Page_AdRoot  Dashboard/a_Campaigns' is clicked on

2022-03-21 10:41:49 - [TEST_STEP][PASSED] - click(findTestObject("Regular Create campaign/Page_AdRoot  Campaigns/div_Campaign View")): Object: 'Object Repository/Regular Create campaign/Page_AdRoot  Campaigns/div_Campaign View' is clicked on

2022-03-21 10:41:50 - [MESSAGE][PASSED] - Object: 'Object Repository/Regular Create campaign/Page_AdRoot  Campaigns/div_Campaign View' is clicked on

2022-03-21 10:41:50 - [TEST_STEP][PASSED] - click(findTestObject("Object Repository/Pause dev campaign/Page_AdRoot  Campaigns/div_PAUSED_tree-dots dots-blue")): Object: 'Object Repository/Pause dev campaign/Page_AdRoot  Campaigns/div_PAUSED_tree-dots dots-blue' is clicked on

2022-03-21 10:41:51 - [MESSAGE][PASSED] - Object: 'Object Repository/Pause dev campaign/Page_AdRoot  Campaigns/div_PAUSED_tree-dots dots-blue' is clicked on

2022-03-21 10:41:51 - [TEST_STEP][PASSED] - click(findTestObject("Object Repository/Pause dev campaign/Page_AdRoot  Campaigns/div_Pause")): Object: 'Object Repository/Pause dev campaign/Page_AdRoot  Campaigns/div_Pause' is clicked on

2022-03-21 10:41:51 - [MESSAGE][PASSED] - Object: 'Object Repository/Pause dev campaign/Page_AdRoot  Campaigns/div_Pause' is clicked on

2022-03-21 10:41:51 - [TEST_STEP][PASSED] - click(findTestObject("Object Repository/Pause dev campaign/Page_AdRoot  Campaigns/button_Pause")): Object: 'Object Repository/Pause dev campaign/Page_AdRoot  Campaigns/button_Pause' is clicked on

2022-03-21 10:41:52 - [MESSAGE][PASSED] - Object: 'Object Repository/Pause dev campaign/Page_AdRoot  Campaigns/button_Pause' is clicked on

2022-03-21 10:41:52 - [TEST_STEP][PASSED] - click(findTestObject("Object Repository/Pause dev campaign/Page_AdRoot  Campaigns/div_devadroot4428")): Object: 'Object Repository/Pause dev campaign/Page_AdRoot  Campaigns/div_devadroot4428' is clicked on

2022-03-21 10:41:53 - [MESSAGE][PASSED] - Object: 'Object Repository/Pause dev campaign/Page_AdRoot  Campaigns/div_devadroot4428' is clicked on

2022-03-21 10:41:53 - [TEST_STEP][PASSED] - click(findTestObject("Object Repository/Pause dev campaign/Page_AdRoot  Campaigns/div_PAUSED_tree-dots dots-blue_1")): Object: 'Object Repository/Pause dev campaign/Page_AdRoot  Campaigns/div_PAUSED_tree-dots dots-blue_1' is clicked on

2022-03-21 10:41:53 - [MESSAGE][PASSED] - Object: 'Object Repository/Pause dev campaign/Page_AdRoot  Campaigns/div_PAUSED_tree-dots dots-blue_1' is clicked on

2022-03-21 10:41:53 - [TEST_STEP][PASSED] - click(findTestObject("Object Repository/Pause dev campaign/Page_AdRoot  Campaigns/div_Pause")): Object: 'Object Repository/Pause dev campaign/Page_AdRoot  Campaigns/div_Pause' is clicked on

2022-03-21 10:41:54 - [MESSAGE][PASSED] - Object: 'Object Repository/Pause dev campaign/Page_AdRoot  Campaigns/div_Pause' is clicked on

2022-03-21 10:41:54 - [TEST_STEP][PASSED] - click(findTestObject("Object Repository/Pause dev campaign/Page_AdRoot  Campaigns/button_Pause")): Object: 'Object Repository/Pause dev campaign/Page_AdRoot  Campaigns/button_Pause' is clicked on

2022-03-21 10:41:54 - [MESSAGE][PASSED] - Object: 'Object Repository/Pause dev campaign/Page_AdRoot  Campaigns/button_Pause' is clicked on

2022-03-21 10:41:54 - [TEST_STEP][PASSED] - click(findTestObject("Object Repository/Pause dev campaign/Page_AdRoot  Campaigns/div_devadroot1390")): Object: 'Object Repository/Pause dev campaign/Page_AdRoot  Campaigns/div_devadroot1390' is clicked on

2022-03-21 10:41:55 - [MESSAGE][PASSED] - Object: 'Object Repository/Pause dev campaign/Page_AdRoot  Campaigns/div_devadroot1390' is clicked on

2022-03-21 10:41:55 - [TEST_STEP][PASSED] - click(findTestObject("Object Repository/Pause dev campaign/Page_AdRoot  Campaigns/div_PAUSED_tree-dots dots-blue")): Object: 'Object Repository/Pause dev campaign/Page_AdRoot  Campaigns/div_PAUSED_tree-dots dots-blue' is clicked on

2022-03-21 10:41:56 - [MESSAGE][PASSED] - Object: 'Object Repository/Pause dev campaign/Page_AdRoot  Campaigns/div_PAUSED_tree-dots dots-blue' is clicked on

2022-03-21 10:41:56 - [TEST_STEP][PASSED] - click(findTestObject("Object Repository/Pause dev campaign/Page_AdRoot  Campaigns/div_Pause")): Object: 'Object Repository/Pause dev campaign/Page_AdRoot  Campaigns/div_Pause' is clicked on

2022-03-21 10:41:56 - [MESSAGE][PASSED] - Object: 'Object Repository/Pause dev campaign/Page_AdRoot  Campaigns/div_Pause' is clicked on

2022-03-21 10:41:56 - [TEST_STEP][PASSED] - click(findTestObject("Object Repository/Pause dev campaign/Page_AdRoot  Campaigns/button_Pause")): Object: 'Object Repository/Pause dev campaign/Page_AdRoot  Campaigns/button_Pause' is clicked on

2022-03-21 10:41:57 - [MESSAGE][PASSED] - Object: 'Object Repository/Pause dev campaign/Page_AdRoot  Campaigns/button_Pause' is clicked on

2022-03-21 10:41:57 - [TEST_STEP][PASSED] - click(findTestObject("Object Repository/Pause dev campaign/Page_AdRoot  Campaigns/div_devadroot976")): Object: 'Object Repository/Pause dev campaign/Page_AdRoot  Campaigns/div_devadroot976' is clicked on

2022-03-21 10:41:57 - [MESSAGE][PASSED] - Object: 'Object Repository/Pause dev campaign/Page_AdRoot  Campaigns/div_devadroot976' is clicked on

2022-03-21 10:41:57 - [TEST_STEP][PASSED] - click(findTestObject("Object Repository/Pause dev campaign/Page_AdRoot  Campaigns/div_PAUSED_tree-dots dots-blue_1")): Object: 'Object Repository/Pause dev campaign/Page_AdRoot  Campaigns/div_PAUSED_tree-dots dots-blue_1' is clicked on

2022-03-21 10:41:58 - [MESSAGE][PASSED] - Object: 'Object Repository/Pause dev campaign/Page_AdRoot  Campaigns/div_PAUSED_tree-dots dots-blue_1' is clicked on

2022-03-21 10:41:58 - [TEST_STEP][PASSED] - click(findTestObject("Object Repository/Pause dev campaign/Page_AdRoot  Campaigns/div_Pause")): Object: 'Object Repository/Pause dev campaign/Page_AdRoot  Campaigns/div_Pause' is clicked on

2022-03-21 10:41:58 - [MESSAGE][PASSED] - Object: 'Object Repository/Pause dev campaign/Page_AdRoot  Campaigns/div_Pause' is clicked on

2022-03-21 10:41:58 - [TEST_STEP][PASSED] - click(findTestObject("Object Repository/Pause dev campaign/Page_AdRoot  Campaigns/button_Pause")): Object: 'Object Repository/Pause dev campaign/Page_AdRoot  Campaigns/button_Pause' is clicked on

2022-03-21 10:41:59 - [MESSAGE][PASSED] - Object: 'Object Repository/Pause dev campaign/Page_AdRoot  Campaigns/button_Pause' is clicked on

2022-03-21 10:41:59 - [TEST_STEP][PASSED] - click(findTestObject("Campaign copy/Page_AdRoot  Dashboard/a_Campaigns")): Object: 'Object Repository/Campaign copy/Page_AdRoot  Dashboard/a_Campaigns' is clicked on

2022-03-21 10:41:59 - [MESSAGE][PASSED] - Object: 'Object Repository/Campaign copy/Page_AdRoot  Dashboard/a_Campaigns' is clicked on

2022-03-21 10:41:59 - [TEST_STEP][PASSED] - closeBrowser(): Browser is closed

2022-03-21 10:42:00 - [MESSAGE][PASSED] - Browser is closed]]></system-out>
         <system-err><![CDATA[]]></system-err>
      </testcase>
      <system-out><![CDATA[2022-03-21 10:41:36 - [TEST_SUITE][PASSED] - Pause app: Test Cases/Everyday campaign pause/App-pause campaign]]></system-out>
      <system-err><![CDATA[]]></system-err>
   </testsuite>
</testsuites>
