<?xml version="1.0" encoding="UTF-8"?>
<testsuites name="Login" time="118.913" tests="7" failures="0" errors="0">
   <testsuite name="Login" tests="7" failures="0" errors="0" time="118.913" skipped="0" timestamp="2022-03-01 10:36:04" hostname="AdRoot_PC2 - GorsPC" id="Test Suites/Login">
      <properties>
         <property name="deviceName" value=""/>
         <property name="devicePlatform" value=""/>
         <property name="logFolder" value="C:\\Users\\AdRoot_PC2\\git\\KatalonAutomation1\\Reports\\20220301_103559\\Login\\20220301_103559"/>
         <property name="logFiles" value="C:\\Users\\AdRoot_PC2\\git\\KatalonAutomation1\\Reports\\20220301_103559\\Login\\20220301_103559\\execution0.log"/>
         <property name="attachments" value=""/>
         <property name="hostName" value="AdRoot_PC2 - GorsPC"/>
         <property name="os" value="Windows 10 64bit"/>
         <property name="katalonVersion" value="8.2.5.208"/>
         <property name="browser" value="Chrome 98.0.4758.102"/>
         <property name="hostAddress" value="192.168.0.106"/>
         <property name="sessionId" value="4544315347ad3dcb4b784caa0a9334c6"/>
         <property name="seleniumVersion" value="3.141.59"/>
         <property name="proxyInformation" value="ProxyInformation { proxyOption=NO_PROXY, proxyServerType=HTTP, username=, password=********, proxyServerAddress=, proxyServerPort=0, executionList=&quot;&quot;, isApplyToDesiredCapabilities=true }"/>
         <property name="platform" value="Windows 10"/>
      </properties>
      <testcase name="Test Cases/Login/Login with email" time="34.51" classname="Test Cases/Login/Login with email" status="PASSED">
         <system-out><![CDATA[2022-03-01 10:36:04 - [TEST_CASE][PASSED] - Test Cases/Login/Login with email: Test Cases/Login/Login with email

2022-03-01 10:36:04 - [TEST_STEP][PASSED] - openBrowser(""): Browser is opened with url: ''

2022-03-01 10:36:05 - [MESSAGE][INFO] - Starting 'Chrome' driver

2022-03-01 10:36:05 - [MESSAGE][INFO] - Action delay is set to 0 milliseconds

2022-03-01 10:36:07 - [MESSAGE][PASSED] - Browser is opened with url: ''

2022-03-01 10:36:07 - [TEST_STEP][PASSED] - setViewPortSize(1200, 1000): Viewport is set to new size with width = 1200 and height = 1000

2022-03-01 10:36:07 - [MESSAGE][PASSED] - Viewport is set to new size with width = 1200 and height = 1000

2022-03-01 10:36:07 - [TEST_STEP][PASSED] - navigateToUrl("https://dev.adroot.io/auth/signin"): Navigate to 'https://dev.adroot.io/auth/signin' successfully

2022-03-01 10:36:09 - [MESSAGE][PASSED] - Navigate to 'https://dev.adroot.io/auth/signin' successfully

2022-03-01 10:36:09 - [TEST_STEP][PASSED] - setText(findTestObject("Object Repository/Login/Page_AdRoot  Login/input_E-mail_email"), "makronmanuel01@gmail.com"): Text 'makronmanuel01@gmail.com' is set on object 'Object Repository/Login/Page_AdRoot  Login/input_E-mail_email'

2022-03-01 10:36:10 - [MESSAGE][PASSED] - Text 'makronmanuel01@gmail.com' is set on object 'Object Repository/Login/Page_AdRoot  Login/input_E-mail_email'

2022-03-01 10:36:10 - [TEST_STEP][PASSED] - setEncryptedText(findTestObject("Object Repository/Login/Page_AdRoot  Login/input_Password_password"), "9juLMCYi8sYpY2Mrwe5diw=="): Text ****** has been set on object 'Object Repository/Login/Page_AdRoot  Login/input_Password_password'

2022-03-01 10:36:10 - [MESSAGE][PASSED] - Text ****** has been set on object 'Object Repository/Login/Page_AdRoot  Login/input_Password_password'

2022-03-01 10:36:10 - [TEST_STEP][PASSED] - click(findTestObject("Login/Page_AdRoot  Login/button_Sign in")): Object: 'Object Repository/Login/Page_AdRoot  Login/button_Sign in' is clicked on

2022-03-01 10:36:11 - [MESSAGE][PASSED] - Object: 'Object Repository/Login/Page_AdRoot  Login/button_Sign in' is clicked on

2022-03-01 10:36:11 - [TEST_STEP][PASSED] - click(findTestObject("Login/Page_AdRoot  Dashboard/a_Campaigns")): Object: 'Object Repository/Login/Page_AdRoot  Dashboard/a_Campaigns' is clicked on

2022-03-01 10:36:39 - [MESSAGE][PASSED] - Object: 'Object Repository/Login/Page_AdRoot  Dashboard/a_Campaigns' is clicked on]]></system-out>
         <system-err><![CDATA[]]></system-err>
      </testcase>
      <testcase name="Test Cases/Login/Login with Facebook and close" time="9.081" classname="Test Cases/Login/Login with Facebook and close" status="PASSED">
         <system-out><![CDATA[2022-03-01 10:36:39 - [TEST_CASE][PASSED] - Test Cases/Login/Login with Facebook and close: Test Cases/Login/Login with Facebook and close

2022-03-01 10:36:39 - [TEST_STEP][PASSED] - openBrowser(""): Browser is opened with url: ''

2022-03-01 10:36:39 - [MESSAGE][WARNING] - A browser is already opened. Closing browser and opening a new one

2022-03-01 10:36:39 - [MESSAGE][INFO] - Starting 'Chrome' driver

2022-03-01 10:36:39 - [MESSAGE][INFO] - Action delay is set to 0 milliseconds

2022-03-01 10:36:41 - [MESSAGE][PASSED] - Browser is opened with url: ''

2022-03-01 10:36:41 - [TEST_STEP][PASSED] - setViewPortSize(1200, 1000): Viewport is set to new size with width = 1200 and height = 1000

2022-03-01 10:36:41 - [MESSAGE][PASSED] - Viewport is set to new size with width = 1200 and height = 1000

2022-03-01 10:36:41 - [TEST_STEP][PASSED] - navigateToUrl("https://dev.adroot.io/auth/signin"): Navigate to 'https://dev.adroot.io/auth/signin' successfully

2022-03-01 10:36:43 - [MESSAGE][PASSED] - Navigate to 'https://dev.adroot.io/auth/signin' successfully

2022-03-01 10:36:43 - [TEST_STEP][PASSED] - click(findTestObject("Object Repository/Login/Page_AdRoot  Login/div_Sign In_login-icon")): Object: 'Object Repository/Login/Page_AdRoot  Login/div_Sign In_login-icon' is clicked on

2022-03-01 10:36:44 - [MESSAGE][PASSED] - Object: 'Object Repository/Login/Page_AdRoot  Login/div_Sign In_login-icon' is clicked on

2022-03-01 10:36:44 - [TEST_STEP][PASSED] - switchToWindowTitle("Facebook"): Switched to window with title: 'Facebook'

2022-03-01 10:36:45 - [MESSAGE][PASSED] - Switched to window with title: 'Facebook'

2022-03-01 10:36:45 - [TEST_STEP][PASSED] - setText(findTestObject("Object Repository/Login/Page_Facebook/input_Email or phone_email"), "makronmanuel01@gmail.com"): Text 'makronmanuel01@gmail.com' is set on object 'Object Repository/Login/Page_Facebook/input_Email or phone_email'

2022-03-01 10:36:46 - [MESSAGE][PASSED] - Text 'makronmanuel01@gmail.com' is set on object 'Object Repository/Login/Page_Facebook/input_Email or phone_email'

2022-03-01 10:36:46 - [TEST_STEP][PASSED] - setEncryptedText(findTestObject("Object Repository/Login/Page_Facebook/input_Password_pass"), "3Hxlzrj8FMHjaK0NqqRDzw=="): Text ****** has been set on object 'Object Repository/Login/Page_Facebook/input_Password_pass'

2022-03-01 10:36:46 - [MESSAGE][PASSED] - Text ****** has been set on object 'Object Repository/Login/Page_Facebook/input_Password_pass'

2022-03-01 10:36:46 - [TEST_STEP][PASSED] - switchToWindowTitle("AdRoot ‒ Login"): Switched to window with title: 'AdRoot ‒ Login'

2022-03-01 10:36:46 - [MESSAGE][PASSED] - Switched to window with title: 'AdRoot ‒ Login'

2022-03-01 10:36:47 - [TEST_STEP][PASSED] - verifyTextPresent("Login into your account", false): Text 'Login into your account' is present on page 

2022-03-01 10:36:47 - [MESSAGE][PASSED] - Text 'Login into your account' is present on page 

2022-03-01 10:36:47 - [TEST_STEP][PASSED] - closeBrowser(): Browser is closed

2022-03-01 10:36:48 - [MESSAGE][PASSED] - Browser is closed]]></system-out>
         <system-err><![CDATA[]]></system-err>
      </testcase>
      <testcase name="Test Cases/Login/Login with Facebook" time="16.034" classname="Test Cases/Login/Login with Facebook" status="PASSED">
         <system-out><![CDATA[2022-03-01 10:36:48 - [TEST_CASE][PASSED] - Test Cases/Login/Login with Facebook: Test Cases/Login/Login with Facebook

2022-03-01 10:36:48 - [TEST_STEP][PASSED] - openBrowser(""): Browser is opened with url: ''

2022-03-01 10:36:48 - [MESSAGE][INFO] - Starting 'Chrome' driver

2022-03-01 10:36:48 - [MESSAGE][INFO] - Action delay is set to 0 milliseconds

2022-03-01 10:36:49 - [MESSAGE][PASSED] - Browser is opened with url: ''

2022-03-01 10:36:49 - [TEST_STEP][PASSED] - setViewPortSize(1200, 1000): Viewport is set to new size with width = 1200 and height = 1000

2022-03-01 10:36:49 - [MESSAGE][PASSED] - Viewport is set to new size with width = 1200 and height = 1000

2022-03-01 10:36:49 - [TEST_STEP][PASSED] - navigateToUrl("https://dev.adroot.io/auth/signin"): Navigate to 'https://dev.adroot.io/auth/signin' successfully

2022-03-01 10:36:51 - [MESSAGE][PASSED] - Navigate to 'https://dev.adroot.io/auth/signin' successfully

2022-03-01 10:36:51 - [TEST_STEP][PASSED] - click(findTestObject("Login wtih Facebook/Page_AdRoot  Login/div_Sign In_login-icon")): Object: 'Object Repository/Login wtih Facebook/Page_AdRoot  Login/div_Sign In_login-icon' is clicked on

2022-03-01 10:36:52 - [MESSAGE][PASSED] - Object: 'Object Repository/Login wtih Facebook/Page_AdRoot  Login/div_Sign In_login-icon' is clicked on

2022-03-01 10:36:52 - [TEST_STEP][PASSED] - switchToWindowTitle("Facebook"): Switched to window with title: 'Facebook'

2022-03-01 10:36:54 - [MESSAGE][PASSED] - Switched to window with title: 'Facebook'

2022-03-01 10:36:54 - [TEST_STEP][PASSED] - setText(findTestObject("Object Repository/Login/Page_Facebook/input_Email or phone_email"), "makronmanuel01@gmail.com"): Text 'makronmanuel01@gmail.com' is set on object 'Object Repository/Login/Page_Facebook/input_Email or phone_email'

2022-03-01 10:36:55 - [MESSAGE][PASSED] - Text 'makronmanuel01@gmail.com' is set on object 'Object Repository/Login/Page_Facebook/input_Email or phone_email'

2022-03-01 10:36:55 - [TEST_STEP][PASSED] - setEncryptedText(findTestObject("Object Repository/Login/Page_Facebook/input_Password_pass"), "sdVWhQOwjgjxxHejC0ycFw=="): Text ****** has been set on object 'Object Repository/Login/Page_Facebook/input_Password_pass'

2022-03-01 10:36:55 - [MESSAGE][PASSED] - Text ****** has been set on object 'Object Repository/Login/Page_Facebook/input_Password_pass'

2022-03-01 10:36:55 - [TEST_STEP][PASSED] - sendKeys(findTestObject("Object Repository/Login wtih Facebook/Page_Facebook/input_Password_pass"), Keys.chord(ENTER)): Keys 'ENTER + ' sent to object: 'Object Repository/Login wtih Facebook/Page_Facebook/input_Password_pass'

2022-03-01 10:36:56 - [MESSAGE][PASSED] - Keys 'ENTER + ' sent to object: 'Object Repository/Login wtih Facebook/Page_Facebook/input_Password_pass'

2022-03-01 10:36:56 - [TEST_STEP][PASSED] - switchToWindowTitle("AdRoot ‒ Dashboard"): Switched to window with title: 'AdRoot ‒ Dashboard'

2022-03-01 10:37:01 - [MESSAGE][PASSED] - Switched to window with title: 'AdRoot ‒ Dashboard'

2022-03-01 10:37:01 - [TEST_STEP][PASSED] - click(findTestObject("Object Repository/Login/Page_AdRoot  Dashboard/a_Campaigns")): Object: 'Object Repository/Login/Page_AdRoot  Dashboard/a_Campaigns' is clicked on

2022-03-01 10:37:03 - [MESSAGE][PASSED] - Object: 'Object Repository/Login/Page_AdRoot  Dashboard/a_Campaigns' is clicked on

2022-03-01 10:37:03 - [TEST_STEP][PASSED] - closeBrowser(): Browser is closed

2022-03-01 10:37:04 - [MESSAGE][PASSED] - Browser is closed]]></system-out>
         <system-err><![CDATA[]]></system-err>
      </testcase>
      <testcase name="Test Cases/Login/Login with Google and close" time="11.528" classname="Test Cases/Login/Login with Google and close" status="PASSED">
         <system-out><![CDATA[2022-03-01 10:37:04 - [TEST_CASE][PASSED] - Test Cases/Login/Login with Google and close: Test Cases/Login/Login with Google and close

2022-03-01 10:37:04 - [TEST_STEP][PASSED] - openBrowser(""): Browser is opened with url: ''

2022-03-01 10:37:04 - [MESSAGE][INFO] - Starting 'Chrome' driver

2022-03-01 10:37:04 - [MESSAGE][INFO] - Action delay is set to 0 milliseconds

2022-03-01 10:37:05 - [MESSAGE][PASSED] - Browser is opened with url: ''

2022-03-01 10:37:05 - [TEST_STEP][PASSED] - setViewPortSize(1200, 1000): Viewport is set to new size with width = 1200 and height = 1000

2022-03-01 10:37:05 - [MESSAGE][PASSED] - Viewport is set to new size with width = 1200 and height = 1000

2022-03-01 10:37:05 - [TEST_STEP][PASSED] - navigateToUrl("https://dev.adroot.io/auth/signin"): Navigate to 'https://dev.adroot.io/auth/signin' successfully

2022-03-01 10:37:08 - [MESSAGE][PASSED] - Navigate to 'https://dev.adroot.io/auth/signin' successfully

2022-03-01 10:37:08 - [TEST_STEP][PASSED] - click(findTestObject("Object Repository/Login/Page_AdRoot  Login/span_Sign In")): Object: 'Object Repository/Login/Page_AdRoot  Login/span_Sign In' is clicked on

2022-03-01 10:37:08 - [MESSAGE][PASSED] - Object: 'Object Repository/Login/Page_AdRoot  Login/span_Sign In' is clicked on

2022-03-01 10:37:08 - [TEST_STEP][PASSED] - switchToWindowTitle("Մտնել Google հաշիվներ"): Switched to window with title: 'Մտնել Google հաշիվներ'

2022-03-01 10:37:10 - [MESSAGE][PASSED] - Switched to window with title: 'Մտնել Google հաշիվներ'

2022-03-01 10:37:10 - [TEST_STEP][PASSED] - setText(findTestObject("Object Repository/Login/Page_Google/input_adroot.io_identifier"), "ruzan.a@adroot.io"): Text 'ruzan.a@adroot.io' is set on object 'Object Repository/Login/Page_Google/input_adroot.io_identifier'

2022-03-01 10:37:12 - [MESSAGE][PASSED] - Text 'ruzan.a@adroot.io' is set on object 'Object Repository/Login/Page_Google/input_adroot.io_identifier'

2022-03-01 10:37:12 - [TEST_STEP][PASSED] - sendKeys(findTestObject("Object Repository/Login/Page_Google/input_adroot.io_identifier"), Keys.chord(ENTER)): Keys 'ENTER + ' sent to object: 'Object Repository/Login/Page_Google/input_adroot.io_identifier'

2022-03-01 10:37:12 - [MESSAGE][PASSED] - Keys 'ENTER + ' sent to object: 'Object Repository/Login/Page_Google/input_adroot.io_identifier'

2022-03-01 10:37:12 - [TEST_STEP][PASSED] - setEncryptedText(findTestObject("Object Repository/Login/Page_Google/input__password"), "sdVWhQOwjgjxxHejC0ycFw=="): Text ****** has been set on object 'Object Repository/Login/Page_Google/input__password'

2022-03-01 10:37:14 - [MESSAGE][PASSED] - Text ****** has been set on object 'Object Repository/Login/Page_Google/input__password'

2022-03-01 10:37:14 - [TEST_STEP][PASSED] - switchToWindowTitle("AdRoot ‒ Login"): Switched to window with title: 'AdRoot ‒ Login'

2022-03-01 10:37:14 - [MESSAGE][PASSED] - Switched to window with title: 'AdRoot ‒ Login'

2022-03-01 10:37:14 - [TEST_STEP][PASSED] - verifyTextPresent("Login into your account", false): Text 'Login into your account' is present on page 

2022-03-01 10:37:15 - [MESSAGE][PASSED] - Text 'Login into your account' is present on page 

2022-03-01 10:37:15 - [TEST_STEP][PASSED] - closeBrowser(): Browser is closed

2022-03-01 10:37:15 - [MESSAGE][PASSED] - Browser is closed]]></system-out>
         <system-err><![CDATA[]]></system-err>
      </testcase>
      <testcase name="Test Cases/Login/Login with google" time="33.377" classname="Test Cases/Login/Login with google" status="PASSED">
         <system-out><![CDATA[2022-03-01 10:37:15 - [TEST_CASE][PASSED] - Test Cases/Login/Login with google: Test Cases/Login/Login with google

2022-03-01 10:37:16 - [TEST_STEP][PASSED] - openBrowser(""): Browser is opened with url: ''

2022-03-01 10:37:16 - [MESSAGE][INFO] - Starting 'Chrome' driver

2022-03-01 10:37:16 - [MESSAGE][INFO] - Action delay is set to 0 milliseconds

2022-03-01 10:37:17 - [MESSAGE][PASSED] - Browser is opened with url: ''

2022-03-01 10:37:17 - [TEST_STEP][PASSED] - setViewPortSize(1200, 1000): Viewport is set to new size with width = 1200 and height = 1000

2022-03-01 10:37:17 - [MESSAGE][PASSED] - Viewport is set to new size with width = 1200 and height = 1000

2022-03-01 10:37:17 - [TEST_STEP][PASSED] - navigateToUrl("https://dev.adroot.io/auth/signin"): Navigate to 'https://dev.adroot.io/auth/signin' successfully

2022-03-01 10:37:19 - [MESSAGE][PASSED] - Navigate to 'https://dev.adroot.io/auth/signin' successfully

2022-03-01 10:37:19 - [TEST_STEP][PASSED] - click(findTestObject("Object Repository/Login/Page_AdRoot  Login/span_Sign In")): Object: 'Object Repository/Login/Page_AdRoot  Login/span_Sign In' is clicked on

2022-03-01 10:37:20 - [MESSAGE][PASSED] - Object: 'Object Repository/Login/Page_AdRoot  Login/span_Sign In' is clicked on

2022-03-01 10:37:20 - [TEST_STEP][PASSED] - switchToWindowTitle("Մտնել Google հաշիվներ"): Switched to window with title: 'Մտնել Google հաշիվներ'

2022-03-01 10:37:21 - [MESSAGE][PASSED] - Switched to window with title: 'Մտնել Google հաշիվներ'

2022-03-01 10:37:21 - [TEST_STEP][PASSED] - setText(findTestObject("Object Repository/Login/Page_Google/input_adroot.io_identifier"), "ruzan.a@adroot.io"): Text 'ruzan.a@adroot.io' is set on object 'Object Repository/Login/Page_Google/input_adroot.io_identifier'

2022-03-01 10:37:22 - [MESSAGE][PASSED] - Text 'ruzan.a@adroot.io' is set on object 'Object Repository/Login/Page_Google/input_adroot.io_identifier'

2022-03-01 10:37:22 - [TEST_STEP][PASSED] - sendKeys(findTestObject("Object Repository/Login/Page_Google/input_adroot.io_identifier"), Keys.chord(ENTER)): Keys 'ENTER + ' sent to object: 'Object Repository/Login/Page_Google/input_adroot.io_identifier'

2022-03-01 10:37:22 - [MESSAGE][PASSED] - Keys 'ENTER + ' sent to object: 'Object Repository/Login/Page_Google/input_adroot.io_identifier'

2022-03-01 10:37:22 - [TEST_STEP][PASSED] - setEncryptedText(findTestObject("Object Repository/Login/Page_Google/input__password"), "sdVWhQOwjgjxxHejC0ycFw=="): Text ****** has been set on object 'Object Repository/Login/Page_Google/input__password'

2022-03-01 10:37:24 - [MESSAGE][PASSED] - Text ****** has been set on object 'Object Repository/Login/Page_Google/input__password'

2022-03-01 10:37:24 - [TEST_STEP][PASSED] - sendKeys(findTestObject("Object Repository/Login/Page_Google/input__password"), Keys.chord(ENTER)): Keys 'ENTER + ' sent to object: 'Object Repository/Login/Page_Google/input__password'

2022-03-01 10:37:24 - [MESSAGE][PASSED] - Keys 'ENTER + ' sent to object: 'Object Repository/Login/Page_Google/input__password'

2022-03-01 10:37:24 - [TEST_STEP][PASSED] - switchToWindowTitle("AdRoot ‒ Dashboard"): Switched to window with title: 'AdRoot ‒ Dashboard'

2022-03-01 10:37:46 - [MESSAGE][PASSED] - Switched to window with title: 'AdRoot ‒ Dashboard'

2022-03-01 10:37:46 - [TEST_STEP][PASSED] - click(findTestObject("Object Repository/Login/Page_AdRoot  Dashboard/a_Campaigns")): Object: 'Object Repository/Login/Page_AdRoot  Dashboard/a_Campaigns' is clicked on

2022-03-01 10:37:48 - [MESSAGE][PASSED] - Object: 'Object Repository/Login/Page_AdRoot  Dashboard/a_Campaigns' is clicked on

2022-03-01 10:37:48 - [TEST_STEP][PASSED] - closeBrowser(): Browser is closed

2022-03-01 10:37:49 - [MESSAGE][PASSED] - Browser is closed]]></system-out>
         <system-err><![CDATA[]]></system-err>
      </testcase>
      <testcase name="Test Cases/Login/Login with invalid email" time="6.898" classname="Test Cases/Login/Login with invalid email" status="PASSED">
         <system-out><![CDATA[2022-03-01 10:37:49 - [TEST_CASE][PASSED] - Test Cases/Login/Login with invalid email: Test Cases/Login/Login with invalid email

2022-03-01 10:37:49 - [TEST_STEP][PASSED] - openBrowser(""): Browser is opened with url: ''

2022-03-01 10:37:49 - [MESSAGE][INFO] - Starting 'Chrome' driver

2022-03-01 10:37:49 - [MESSAGE][INFO] - Action delay is set to 0 milliseconds

2022-03-01 10:37:50 - [MESSAGE][PASSED] - Browser is opened with url: ''

2022-03-01 10:37:50 - [TEST_STEP][PASSED] - setViewPortSize(1200, 1000): Viewport is set to new size with width = 1200 and height = 1000

2022-03-01 10:37:50 - [MESSAGE][PASSED] - Viewport is set to new size with width = 1200 and height = 1000

2022-03-01 10:37:50 - [TEST_STEP][PASSED] - navigateToUrl("https://dev.adroot.io/auth/signin"): Navigate to 'https://dev.adroot.io/auth/signin' successfully

2022-03-01 10:37:52 - [MESSAGE][PASSED] - Navigate to 'https://dev.adroot.io/auth/signin' successfully

2022-03-01 10:37:52 - [TEST_STEP][PASSED] - setText(findTestObject("Object Repository/Login/Page_AdRoot  Login/input_E-mail_email"), "makronmanuel@gmail.com"): Text 'makronmanuel@gmail.com' is set on object 'Object Repository/Login/Page_AdRoot  Login/input_E-mail_email'

2022-03-01 10:37:53 - [MESSAGE][PASSED] - Text 'makronmanuel@gmail.com' is set on object 'Object Repository/Login/Page_AdRoot  Login/input_E-mail_email'

2022-03-01 10:37:53 - [TEST_STEP][PASSED] - setEncryptedText(findTestObject("Object Repository/Login/Page_AdRoot  Login/input_Password_password"), "p6SfaQ7mi9I0hsJfWzeJOA=="): Text ****** has been set on object 'Object Repository/Login/Page_AdRoot  Login/input_Password_password'

2022-03-01 10:37:54 - [MESSAGE][PASSED] - Text ****** has been set on object 'Object Repository/Login/Page_AdRoot  Login/input_Password_password'

2022-03-01 10:37:54 - [TEST_STEP][PASSED] - click(findTestObject("Object Repository/Login/Page_AdRoot  Login/button_Sign in")): Object: 'Object Repository/Login/Page_AdRoot  Login/button_Sign in' is clicked on

2022-03-01 10:37:54 - [MESSAGE][PASSED] - Object: 'Object Repository/Login/Page_AdRoot  Login/button_Sign in' is clicked on

2022-03-01 10:37:54 - [TEST_STEP][PASSED] - verifyTextPresent("Incorrect e-mail or password.", false): Text 'Incorrect e-mail or password.' is present on page 

2022-03-01 10:37:55 - [MESSAGE][PASSED] - Text 'Incorrect e-mail or password.' is present on page 

2022-03-01 10:37:55 - [TEST_STEP][PASSED] - closeBrowser(): Browser is closed

2022-03-01 10:37:55 - [MESSAGE][PASSED] - Browser is closed]]></system-out>
         <system-err><![CDATA[]]></system-err>
      </testcase>
      <testcase name="Test Cases/Login/Login with wrong password" time="7.213" classname="Test Cases/Login/Login with wrong password" status="PASSED">
         <system-out><![CDATA[2022-03-01 10:37:55 - [TEST_CASE][PASSED] - Test Cases/Login/Login with wrong password: Test Cases/Login/Login with wrong password

2022-03-01 10:37:56 - [TEST_STEP][PASSED] - openBrowser(""): Browser is opened with url: ''

2022-03-01 10:37:56 - [MESSAGE][INFO] - Starting 'Chrome' driver

2022-03-01 10:37:56 - [MESSAGE][INFO] - Action delay is set to 0 milliseconds

2022-03-01 10:37:57 - [MESSAGE][PASSED] - Browser is opened with url: ''

2022-03-01 10:37:57 - [TEST_STEP][PASSED] - setViewPortSize(1200, 1000): Viewport is set to new size with width = 1200 and height = 1000

2022-03-01 10:37:57 - [MESSAGE][PASSED] - Viewport is set to new size with width = 1200 and height = 1000

2022-03-01 10:37:57 - [TEST_STEP][PASSED] - navigateToUrl("https://dev.adroot.io/auth/signin"): Navigate to 'https://dev.adroot.io/auth/signin' successfully

2022-03-01 10:37:59 - [MESSAGE][PASSED] - Navigate to 'https://dev.adroot.io/auth/signin' successfully

2022-03-01 10:37:59 - [TEST_STEP][PASSED] - setText(findTestObject("Object Repository/Login/Page_AdRoot  Login/input_E-mail_email"), "makronmanuel01@gmail.com"): Text 'makronmanuel01@gmail.com' is set on object 'Object Repository/Login/Page_AdRoot  Login/input_E-mail_email'

2022-03-01 10:38:00 - [MESSAGE][PASSED] - Text 'makronmanuel01@gmail.com' is set on object 'Object Repository/Login/Page_AdRoot  Login/input_E-mail_email'

2022-03-01 10:38:00 - [TEST_STEP][PASSED] - setEncryptedText(findTestObject("Object Repository/Login/Page_AdRoot  Login/input_Password_password"), "p6SfaQ7mi9I0hsJfWzeJOA=="): Text ****** has been set on object 'Object Repository/Login/Page_AdRoot  Login/input_Password_password'

2022-03-01 10:38:01 - [MESSAGE][PASSED] - Text ****** has been set on object 'Object Repository/Login/Page_AdRoot  Login/input_Password_password'

2022-03-01 10:38:01 - [TEST_STEP][PASSED] - click(findTestObject("Object Repository/Login/Page_AdRoot  Login/button_Sign in")): Object: 'Object Repository/Login/Page_AdRoot  Login/button_Sign in' is clicked on

2022-03-01 10:38:01 - [MESSAGE][PASSED] - Object: 'Object Repository/Login/Page_AdRoot  Login/button_Sign in' is clicked on

2022-03-01 10:38:01 - [TEST_STEP][PASSED] - verifyTextPresent("Incorrect e-mail or password.", false): Text 'Incorrect e-mail or password.' is present on page 

2022-03-01 10:38:02 - [MESSAGE][PASSED] - Text 'Incorrect e-mail or password.' is present on page 

2022-03-01 10:38:02 - [TEST_STEP][PASSED] - closeBrowser(): Browser is closed

2022-03-01 10:38:03 - [MESSAGE][PASSED] - Browser is closed]]></system-out>
         <system-err><![CDATA[]]></system-err>
      </testcase>
      <system-out><![CDATA[2022-03-01 10:36:04 - [TEST_SUITE][PASSED] - Login: Test Cases/Login/Login with wrong password]]></system-out>
      <system-err><![CDATA[]]></system-err>
   </testsuite>
</testsuites>
