<?xml version="1.0" encoding="UTF-8"?>
<testsuites name="Pause app" time="24.401" tests="1" failures="0" errors="0">
   <testsuite name="Pause app" tests="1" failures="0" errors="0" time="24.401" skipped="0" timestamp="2022-02-21 10:48:13" hostname="AdRoot_PC2 - GorsPC" id="Test Suites/Pause app">
      <properties>
         <property name="deviceName" value=""/>
         <property name="devicePlatform" value=""/>
         <property name="logFolder" value="C:\\Users\\AdRoot_PC2\\git\\KatalonAutomation1\\Reports\\20220221_104802\\Pause app\\20220221_104803"/>
         <property name="logFiles" value="C:\\Users\\AdRoot_PC2\\git\\KatalonAutomation1\\Reports\\20220221_104802\\Pause app\\20220221_104803\\execution0.log"/>
         <property name="attachments" value=""/>
         <property name="hostName" value="AdRoot_PC2 - GorsPC"/>
         <property name="os" value="Windows 10 64bit"/>
         <property name="katalonVersion" value="8.2.5.208"/>
         <property name="browser" value="Chrome 98.0.4758.102"/>
         <property name="hostAddress" value="192.168.0.104"/>
         <property name="sessionId" value="83424e054fed09abeedc3d088da9213e"/>
         <property name="seleniumVersion" value="3.141.59"/>
         <property name="proxyInformation" value="ProxyInformation { proxyOption=NO_PROXY, proxyServerType=HTTP, username=, password=********, proxyServerAddress=, proxyServerPort=0, executionList=&quot;&quot;, isApplyToDesiredCapabilities=true }"/>
         <property name="platform" value="Windows 10"/>
      </properties>
      <testcase name="Test Cases/Everyday campaign pause/App-pause campaign" time="24.121" classname="Test Cases/Everyday campaign pause/App-pause campaign" status="PASSED">
         <system-out><![CDATA[2022-02-21 10:48:13 - [TEST_CASE][PASSED] - Test Cases/Everyday campaign pause/App-pause campaign: Test Cases/Everyday campaign pause/App-pause campaign

2022-02-21 10:48:14 - [TEST_STEP][PASSED] - openBrowser(""): Browser is opened with url: ''

2022-02-21 10:48:14 - [MESSAGE][INFO] - Starting 'Chrome' driver

2022-02-21 10:48:14 - [MESSAGE][INFO] - Action delay is set to 0 milliseconds

2022-02-21 10:48:16 - [MESSAGE][PASSED] - Browser is opened with url: ''

2022-02-21 10:48:16 - [TEST_STEP][PASSED] - navigateToUrl("https://app.adroot.io/auth/signin"): Navigate to 'https://app.adroot.io/auth/signin' successfully

2022-02-21 10:48:18 - [MESSAGE][PASSED] - Navigate to 'https://app.adroot.io/auth/signin' successfully

2022-02-21 10:48:18 - [TEST_STEP][PASSED] - setText(findTestObject("Object Repository/Pause dev campaign/Page_AdRoot  Login/input_E-mail_email"), "makronmanuel01@gmail.com"): Text 'makronmanuel01@gmail.com' is set on object 'Object Repository/Pause dev campaign/Page_AdRoot  Login/input_E-mail_email'

2022-02-21 10:48:19 - [MESSAGE][PASSED] - Text 'makronmanuel01@gmail.com' is set on object 'Object Repository/Pause dev campaign/Page_AdRoot  Login/input_E-mail_email'

2022-02-21 10:48:19 - [TEST_STEP][PASSED] - setEncryptedText(findTestObject("Object Repository/Pause dev campaign/Page_AdRoot  Login/input_Password_password"), "9juLMCYi8sYpY2Mrwe5diw=="): Text ****** has been set on object 'Object Repository/Pause dev campaign/Page_AdRoot  Login/input_Password_password'

2022-02-21 10:48:20 - [MESSAGE][PASSED] - Text ****** has been set on object 'Object Repository/Pause dev campaign/Page_AdRoot  Login/input_Password_password'

2022-02-21 10:48:20 - [TEST_STEP][PASSED] - sendKeys(findTestObject("Object Repository/Pause dev campaign/Page_AdRoot  Login/input_Password_password"), Keys.chord(ENTER)): Keys 'ENTER + ' sent to object: 'Object Repository/Pause dev campaign/Page_AdRoot  Login/input_Password_password'

2022-02-21 10:48:20 - [MESSAGE][PASSED] - Keys 'ENTER + ' sent to object: 'Object Repository/Pause dev campaign/Page_AdRoot  Login/input_Password_password'

2022-02-21 10:48:20 - [TEST_STEP][PASSED] - click(findTestObject("Object Repository/Pause dev campaign/Page_AdRoot  Campaigns/img")): Object: 'Object Repository/Pause dev campaign/Page_AdRoot  Campaigns/img' is clicked on

2022-02-21 10:48:22 - [MESSAGE][PASSED] - Object: 'Object Repository/Pause dev campaign/Page_AdRoot  Campaigns/img' is clicked on

2022-02-21 10:48:22 - [TEST_STEP][PASSED] - click(findTestObject("App-Create campaign/Page_AdRoot  Campaigns/div_By Ruzan (app)")): Object: 'Object Repository/App-Create campaign/Page_AdRoot  Campaigns/div_By Ruzan (app)' is clicked on

2022-02-21 10:48:23 - [MESSAGE][PASSED] - Object: 'Object Repository/App-Create campaign/Page_AdRoot  Campaigns/div_By Ruzan (app)' is clicked on

2022-02-21 10:48:23 - [TEST_STEP][PASSED] - click(findTestObject("Pause dev campaign/Page_AdRoot  Dashboard/a_Campaigns")): Object: 'Object Repository/Pause dev campaign/Page_AdRoot  Dashboard/a_Campaigns' is clicked on

2022-02-21 10:48:26 - [MESSAGE][PASSED] - Object: 'Object Repository/Pause dev campaign/Page_AdRoot  Dashboard/a_Campaigns' is clicked on

2022-02-21 10:48:26 - [TEST_STEP][PASSED] - click(findTestObject("Object Repository/Pause dev campaign/Page_AdRoot  Campaigns/div_Campaign View")): Object: 'Object Repository/Pause dev campaign/Page_AdRoot  Campaigns/div_Campaign View' is clicked on

2022-02-21 10:48:27 - [MESSAGE][PASSED] - Object: 'Object Repository/Pause dev campaign/Page_AdRoot  Campaigns/div_Campaign View' is clicked on

2022-02-21 10:48:27 - [TEST_STEP][PASSED] - click(findTestObject("Object Repository/Pause dev campaign/Page_AdRoot  Campaigns/div_PAUSED_tree-dots dots-blue")): Object: 'Object Repository/Pause dev campaign/Page_AdRoot  Campaigns/div_PAUSED_tree-dots dots-blue' is clicked on

2022-02-21 10:48:28 - [MESSAGE][PASSED] - Object: 'Object Repository/Pause dev campaign/Page_AdRoot  Campaigns/div_PAUSED_tree-dots dots-blue' is clicked on

2022-02-21 10:48:28 - [TEST_STEP][PASSED] - click(findTestObject("Object Repository/Pause dev campaign/Page_AdRoot  Campaigns/div_Pause")): Object: 'Object Repository/Pause dev campaign/Page_AdRoot  Campaigns/div_Pause' is clicked on

2022-02-21 10:48:29 - [MESSAGE][PASSED] - Object: 'Object Repository/Pause dev campaign/Page_AdRoot  Campaigns/div_Pause' is clicked on

2022-02-21 10:48:29 - [TEST_STEP][PASSED] - click(findTestObject("Object Repository/Pause dev campaign/Page_AdRoot  Campaigns/button_Pause")): Object: 'Object Repository/Pause dev campaign/Page_AdRoot  Campaigns/button_Pause' is clicked on

2022-02-21 10:48:29 - [MESSAGE][PASSED] - Object: 'Object Repository/Pause dev campaign/Page_AdRoot  Campaigns/button_Pause' is clicked on

2022-02-21 10:48:29 - [TEST_STEP][PASSED] - click(findTestObject("Object Repository/Pause dev campaign/Page_AdRoot  Campaigns/div_devadroot4428")): Object: 'Object Repository/Pause dev campaign/Page_AdRoot  Campaigns/div_devadroot4428' is clicked on

2022-02-21 10:48:30 - [MESSAGE][PASSED] - Object: 'Object Repository/Pause dev campaign/Page_AdRoot  Campaigns/div_devadroot4428' is clicked on

2022-02-21 10:48:30 - [TEST_STEP][PASSED] - click(findTestObject("Object Repository/Pause dev campaign/Page_AdRoot  Campaigns/div_PAUSED_tree-dots dots-blue_1")): Object: 'Object Repository/Pause dev campaign/Page_AdRoot  Campaigns/div_PAUSED_tree-dots dots-blue_1' is clicked on

2022-02-21 10:48:31 - [MESSAGE][PASSED] - Object: 'Object Repository/Pause dev campaign/Page_AdRoot  Campaigns/div_PAUSED_tree-dots dots-blue_1' is clicked on

2022-02-21 10:48:31 - [TEST_STEP][PASSED] - click(findTestObject("Object Repository/Pause dev campaign/Page_AdRoot  Campaigns/div_Pause")): Object: 'Object Repository/Pause dev campaign/Page_AdRoot  Campaigns/div_Pause' is clicked on

2022-02-21 10:48:31 - [MESSAGE][PASSED] - Object: 'Object Repository/Pause dev campaign/Page_AdRoot  Campaigns/div_Pause' is clicked on

2022-02-21 10:48:31 - [TEST_STEP][PASSED] - click(findTestObject("Object Repository/Pause dev campaign/Page_AdRoot  Campaigns/button_Pause")): Object: 'Object Repository/Pause dev campaign/Page_AdRoot  Campaigns/button_Pause' is clicked on

2022-02-21 10:48:32 - [MESSAGE][PASSED] - Object: 'Object Repository/Pause dev campaign/Page_AdRoot  Campaigns/button_Pause' is clicked on

2022-02-21 10:48:32 - [TEST_STEP][PASSED] - click(findTestObject("Object Repository/Pause dev campaign/Page_AdRoot  Campaigns/div_devadroot1390")): Object: 'Object Repository/Pause dev campaign/Page_AdRoot  Campaigns/div_devadroot1390' is clicked on

2022-02-21 10:48:32 - [MESSAGE][PASSED] - Object: 'Object Repository/Pause dev campaign/Page_AdRoot  Campaigns/div_devadroot1390' is clicked on

2022-02-21 10:48:32 - [TEST_STEP][PASSED] - click(findTestObject("Object Repository/Pause dev campaign/Page_AdRoot  Campaigns/div_PAUSED_tree-dots dots-blue")): Object: 'Object Repository/Pause dev campaign/Page_AdRoot  Campaigns/div_PAUSED_tree-dots dots-blue' is clicked on

2022-02-21 10:48:33 - [MESSAGE][PASSED] - Object: 'Object Repository/Pause dev campaign/Page_AdRoot  Campaigns/div_PAUSED_tree-dots dots-blue' is clicked on

2022-02-21 10:48:33 - [TEST_STEP][PASSED] - click(findTestObject("Object Repository/Pause dev campaign/Page_AdRoot  Campaigns/div_Pause")): Object: 'Object Repository/Pause dev campaign/Page_AdRoot  Campaigns/div_Pause' is clicked on

2022-02-21 10:48:33 - [MESSAGE][PASSED] - Object: 'Object Repository/Pause dev campaign/Page_AdRoot  Campaigns/div_Pause' is clicked on

2022-02-21 10:48:33 - [TEST_STEP][PASSED] - click(findTestObject("Object Repository/Pause dev campaign/Page_AdRoot  Campaigns/button_Pause")): Object: 'Object Repository/Pause dev campaign/Page_AdRoot  Campaigns/button_Pause' is clicked on

2022-02-21 10:48:34 - [MESSAGE][PASSED] - Object: 'Object Repository/Pause dev campaign/Page_AdRoot  Campaigns/button_Pause' is clicked on

2022-02-21 10:48:34 - [TEST_STEP][PASSED] - click(findTestObject("Object Repository/Pause dev campaign/Page_AdRoot  Campaigns/div_devadroot976")): Object: 'Object Repository/Pause dev campaign/Page_AdRoot  Campaigns/div_devadroot976' is clicked on

2022-02-21 10:48:34 - [MESSAGE][PASSED] - Object: 'Object Repository/Pause dev campaign/Page_AdRoot  Campaigns/div_devadroot976' is clicked on

2022-02-21 10:48:34 - [TEST_STEP][PASSED] - click(findTestObject("Object Repository/Pause dev campaign/Page_AdRoot  Campaigns/div_PAUSED_tree-dots dots-blue_1")): Object: 'Object Repository/Pause dev campaign/Page_AdRoot  Campaigns/div_PAUSED_tree-dots dots-blue_1' is clicked on

2022-02-21 10:48:35 - [MESSAGE][PASSED] - Object: 'Object Repository/Pause dev campaign/Page_AdRoot  Campaigns/div_PAUSED_tree-dots dots-blue_1' is clicked on

2022-02-21 10:48:35 - [TEST_STEP][PASSED] - click(findTestObject("Object Repository/Pause dev campaign/Page_AdRoot  Campaigns/div_Pause")): Object: 'Object Repository/Pause dev campaign/Page_AdRoot  Campaigns/div_Pause' is clicked on

2022-02-21 10:48:36 - [MESSAGE][PASSED] - Object: 'Object Repository/Pause dev campaign/Page_AdRoot  Campaigns/div_Pause' is clicked on

2022-02-21 10:48:36 - [TEST_STEP][PASSED] - click(findTestObject("Object Repository/Pause dev campaign/Page_AdRoot  Campaigns/button_Pause")): Object: 'Object Repository/Pause dev campaign/Page_AdRoot  Campaigns/button_Pause' is clicked on

2022-02-21 10:48:36 - [MESSAGE][PASSED] - Object: 'Object Repository/Pause dev campaign/Page_AdRoot  Campaigns/button_Pause' is clicked on

2022-02-21 10:48:36 - [TEST_STEP][PASSED] - click(findTestObject("Pause dev campaign/Page_AdRoot  Dashboard/a_Campaigns")): Object: 'Object Repository/Pause dev campaign/Page_AdRoot  Dashboard/a_Campaigns' is clicked on

2022-02-21 10:48:37 - [MESSAGE][PASSED] - Object: 'Object Repository/Pause dev campaign/Page_AdRoot  Dashboard/a_Campaigns' is clicked on

2022-02-21 10:48:37 - [TEST_STEP][PASSED] - closeBrowser(): Browser is closed

2022-02-21 10:48:37 - [MESSAGE][PASSED] - Browser is closed]]></system-out>
         <system-err><![CDATA[]]></system-err>
      </testcase>
      <system-out><![CDATA[2022-02-21 10:48:13 - [TEST_SUITE][PASSED] - Pause app: Test Cases/Everyday campaign pause/App-pause campaign]]></system-out>
      <system-err><![CDATA[]]></system-err>
   </testsuite>
</testsuites>
