<?xml version="1.0" encoding="UTF-8"?>
<testsuites name="Pause dev" time="13.52" tests="1" failures="0" errors="0">
   <testsuite name="Pause dev" tests="1" failures="0" errors="0" time="13.52" skipped="0" timestamp="2022-02-21 10:48:51" hostname="AdRoot_PC2 - GorsPC" id="Test Suites/Pause dev">
      <properties>
         <property name="deviceName" value=""/>
         <property name="devicePlatform" value=""/>
         <property name="logFolder" value="C:\\Users\\AdRoot_PC2\\git\\KatalonAutomation1\\Reports\\20220221_104802\\Pause dev\\20220221_104805"/>
         <property name="logFiles" value="C:\\Users\\AdRoot_PC2\\git\\KatalonAutomation1\\Reports\\20220221_104802\\Pause dev\\20220221_104805\\execution0.log"/>
         <property name="attachments" value=""/>
         <property name="hostName" value="AdRoot_PC2 - GorsPC"/>
         <property name="os" value="Windows 10 64bit"/>
         <property name="katalonVersion" value="8.2.5.208"/>
         <property name="browser" value="Chrome 98.0.4758.102"/>
         <property name="hostAddress" value="192.168.0.104"/>
         <property name="sessionId" value="e8b4f47abab51f373b635e046a9ce877"/>
         <property name="seleniumVersion" value="3.141.59"/>
         <property name="proxyInformation" value="ProxyInformation { proxyOption=NO_PROXY, proxyServerType=HTTP, username=, password=********, proxyServerAddress=, proxyServerPort=0, executionList=&quot;&quot;, isApplyToDesiredCapabilities=true }"/>
         <property name="platform" value="Windows 10"/>
      </properties>
      <testcase name="Test Cases/Everyday campaign pause/Dev-pause campaign 2" time="13.261" classname="Test Cases/Everyday campaign pause/Dev-pause campaign 2" status="PASSED">
         <system-out><![CDATA[2022-02-21 10:48:52 - [TEST_CASE][PASSED] - Test Cases/Everyday campaign pause/Dev-pause campaign 2: Test Cases/Everyday campaign pause/Dev-pause campaign 2

2022-02-21 10:48:52 - [TEST_STEP][PASSED] - openBrowser(""): Browser is opened with url: ''

2022-02-21 10:48:52 - [MESSAGE][INFO] - Starting 'Chrome' driver

2022-02-21 10:48:52 - [MESSAGE][INFO] - Action delay is set to 0 milliseconds

2022-02-21 10:48:54 - [MESSAGE][PASSED] - Browser is opened with url: ''

2022-02-21 10:48:54 - [TEST_STEP][PASSED] - navigateToUrl("https://dev.adroot.io/auth/signin"): Navigate to 'https://dev.adroot.io/auth/signin' successfully

2022-02-21 10:48:56 - [MESSAGE][PASSED] - Navigate to 'https://dev.adroot.io/auth/signin' successfully

2022-02-21 10:48:56 - [TEST_STEP][PASSED] - setText(findTestObject("Object Repository/Pause dev campaign/Page_AdRoot  Login/input_E-mail_email"), "makronmanuel01@gmail.com"): Text 'makronmanuel01@gmail.com' is set on object 'Object Repository/Pause dev campaign/Page_AdRoot  Login/input_E-mail_email'

2022-02-21 10:48:57 - [MESSAGE][PASSED] - Text 'makronmanuel01@gmail.com' is set on object 'Object Repository/Pause dev campaign/Page_AdRoot  Login/input_E-mail_email'

2022-02-21 10:48:57 - [TEST_STEP][PASSED] - setEncryptedText(findTestObject("Object Repository/Pause dev campaign/Page_AdRoot  Login/input_Password_password"), "9juLMCYi8sYpY2Mrwe5diw=="): Text ****** has been set on object 'Object Repository/Pause dev campaign/Page_AdRoot  Login/input_Password_password'

2022-02-21 10:48:58 - [MESSAGE][PASSED] - Text ****** has been set on object 'Object Repository/Pause dev campaign/Page_AdRoot  Login/input_Password_password'

2022-02-21 10:48:58 - [TEST_STEP][PASSED] - sendKeys(findTestObject("Object Repository/Pause dev campaign/Page_AdRoot  Login/input_Password_password"), Keys.chord(ENTER)): Keys 'ENTER + ' sent to object: 'Object Repository/Pause dev campaign/Page_AdRoot  Login/input_Password_password'

2022-02-21 10:48:58 - [MESSAGE][PASSED] - Keys 'ENTER + ' sent to object: 'Object Repository/Pause dev campaign/Page_AdRoot  Login/input_Password_password'

2022-02-21 10:48:58 - [TEST_STEP][PASSED] - click(findTestObject("Object Repository/Pause dev campaign/Page_AdRoot  Dashboard/div_MMakronOwner")): Object: 'Object Repository/Pause dev campaign/Page_AdRoot  Dashboard/div_MMakronOwner' is clicked on

2022-02-21 10:49:00 - [MESSAGE][PASSED] - Object: 'Object Repository/Pause dev campaign/Page_AdRoot  Dashboard/div_MMakronOwner' is clicked on

2022-02-21 10:49:00 - [TEST_STEP][PASSED] - click(findTestObject("Object Repository/Pause dev campaign/Page_AdRoot  Dashboard/div_By Ruzan (dev)")): Object: 'Object Repository/Pause dev campaign/Page_AdRoot  Dashboard/div_By Ruzan (dev)' is clicked on

2022-02-21 10:49:01 - [MESSAGE][PASSED] - Object: 'Object Repository/Pause dev campaign/Page_AdRoot  Dashboard/div_By Ruzan (dev)' is clicked on

2022-02-21 10:49:01 - [TEST_STEP][PASSED] - click(findTestObject("Object Repository/Pause dev campaign/Page_AdRoot  Dashboard/a_Campaigns")): Object: 'Object Repository/Pause dev campaign/Page_AdRoot  Dashboard/a_Campaigns' is clicked on

2022-02-21 10:49:03 - [MESSAGE][PASSED] - Object: 'Object Repository/Pause dev campaign/Page_AdRoot  Dashboard/a_Campaigns' is clicked on

2022-02-21 10:49:03 - [TEST_STEP][PASSED] - click(findTestObject("Object Repository/Pause dev campaign/Page_AdRoot  Campaigns/div_IN REVIEW")): Object: 'Object Repository/Pause dev campaign/Page_AdRoot  Campaigns/div_IN REVIEW' is clicked on

2022-02-21 10:49:05 - [MESSAGE][PASSED] - Object: 'Object Repository/Pause dev campaign/Page_AdRoot  Campaigns/div_IN REVIEW' is clicked on

2022-02-21 10:49:05 - [TEST_STEP][PASSED] - click(findTestObject("Pause dev campaign/Page_AdRoot  Login/Page_AdRoot  Campaigns/span")): Object: 'Object Repository/Pause dev campaign/Page_AdRoot  Login/Page_AdRoot  Campaigns/span' is clicked on

2022-02-21 10:49:05 - [MESSAGE][PASSED] - Object: 'Object Repository/Pause dev campaign/Page_AdRoot  Login/Page_AdRoot  Campaigns/span' is clicked on]]></system-out>
         <system-err><![CDATA[]]></system-err>
      </testcase>
      <system-out><![CDATA[2022-02-21 10:48:51 - [TEST_SUITE][PASSED] - Pause dev: Test Cases/Everyday campaign pause/Dev-pause campaign 2]]></system-out>
      <system-err><![CDATA[]]></system-err>
   </testsuite>
</testsuites>
