<?xml version="1.0" encoding="UTF-8"?>
<testsuites name="Login" time="102.914" tests="7" failures="0" errors="0">
   <testsuite name="Login" tests="7" failures="0" errors="0" time="102.914" skipped="0" timestamp="2022-02-28 12:10:40" hostname="AdRoot_PC2 - GorsPC" id="Test Suites/Login">
      <properties>
         <property name="deviceName" value=""/>
         <property name="devicePlatform" value=""/>
         <property name="logFolder" value="C:\\Users\\AdRoot_PC2\\git\\KatalonAutomation1\\Reports\\20220228_121031\\Login\\20220228_121032"/>
         <property name="logFiles" value="C:\\Users\\AdRoot_PC2\\git\\KatalonAutomation1\\Reports\\20220228_121031\\Login\\20220228_121032\\execution0.log"/>
         <property name="attachments" value=""/>
         <property name="hostName" value="AdRoot_PC2 - GorsPC"/>
         <property name="os" value="Windows 10 64bit"/>
         <property name="katalonVersion" value="8.2.5.208"/>
         <property name="browser" value="Chrome 98.0.4758.102"/>
         <property name="hostAddress" value="192.168.0.106"/>
         <property name="sessionId" value="4b2b9b075c10412af1ad0d25a8d0ee9e"/>
         <property name="seleniumVersion" value="3.141.59"/>
         <property name="proxyInformation" value="ProxyInformation { proxyOption=NO_PROXY, proxyServerType=HTTP, username=, password=********, proxyServerAddress=, proxyServerPort=0, executionList=&quot;&quot;, isApplyToDesiredCapabilities=true }"/>
         <property name="platform" value="Windows 10"/>
      </properties>
      <testcase name="Test Cases/Login/Login with email" time="11.489" classname="Test Cases/Login/Login with email" status="PASSED">
         <system-out><![CDATA[2022-02-28 12:10:40 - [TEST_CASE][PASSED] - Test Cases/Login/Login with email: Test Cases/Login/Login with email

2022-02-28 12:10:41 - [TEST_STEP][PASSED] - openBrowser(""): Browser is opened with url: ''

2022-02-28 12:10:41 - [MESSAGE][INFO] - Starting 'Chrome' driver

2022-02-28 12:10:41 - [MESSAGE][INFO] - Action delay is set to 0 milliseconds

2022-02-28 12:10:43 - [MESSAGE][PASSED] - Browser is opened with url: ''

2022-02-28 12:10:43 - [TEST_STEP][PASSED] - setViewPortSize(1200, 1000): Viewport is set to new size with width = 1200 and height = 1000

2022-02-28 12:10:43 - [MESSAGE][PASSED] - Viewport is set to new size with width = 1200 and height = 1000

2022-02-28 12:10:43 - [TEST_STEP][PASSED] - navigateToUrl("https://dev.adroot.io/auth/signin"): Navigate to 'https://dev.adroot.io/auth/signin' successfully

2022-02-28 12:10:47 - [MESSAGE][PASSED] - Navigate to 'https://dev.adroot.io/auth/signin' successfully

2022-02-28 12:10:47 - [TEST_STEP][PASSED] - setText(findTestObject("Object Repository/Login/Page_AdRoot  Login/input_E-mail_email"), "makronmanuel01@gmail.com"): Text 'makronmanuel01@gmail.com' is set on object 'Object Repository/Login/Page_AdRoot  Login/input_E-mail_email'

2022-02-28 12:10:48 - [MESSAGE][PASSED] - Text 'makronmanuel01@gmail.com' is set on object 'Object Repository/Login/Page_AdRoot  Login/input_E-mail_email'

2022-02-28 12:10:48 - [TEST_STEP][PASSED] - setEncryptedText(findTestObject("Object Repository/Login/Page_AdRoot  Login/input_Password_password"), "9juLMCYi8sYpY2Mrwe5diw=="): Text ****** has been set on object 'Object Repository/Login/Page_AdRoot  Login/input_Password_password'

2022-02-28 12:10:48 - [MESSAGE][PASSED] - Text ****** has been set on object 'Object Repository/Login/Page_AdRoot  Login/input_Password_password'

2022-02-28 12:10:48 - [TEST_STEP][PASSED] - click(findTestObject("Login/Page_AdRoot  Login/button_Sign in")): Object: 'Object Repository/Login/Page_AdRoot  Login/button_Sign in' is clicked on

2022-02-28 12:10:49 - [MESSAGE][PASSED] - Object: 'Object Repository/Login/Page_AdRoot  Login/button_Sign in' is clicked on

2022-02-28 12:10:49 - [TEST_STEP][PASSED] - click(findTestObject("Login/Page_AdRoot  Dashboard/a_Campaigns")): Object: 'Object Repository/Login/Page_AdRoot  Dashboard/a_Campaigns' is clicked on

2022-02-28 12:10:52 - [MESSAGE][PASSED] - Object: 'Object Repository/Login/Page_AdRoot  Dashboard/a_Campaigns' is clicked on]]></system-out>
         <system-err><![CDATA[]]></system-err>
      </testcase>
      <testcase name="Test Cases/Login/Login with Facebook and close" time="11.101" classname="Test Cases/Login/Login with Facebook and close" status="PASSED">
         <system-out><![CDATA[2022-02-28 12:10:52 - [TEST_CASE][PASSED] - Test Cases/Login/Login with Facebook and close: Test Cases/Login/Login with Facebook and close

2022-02-28 12:10:52 - [TEST_STEP][PASSED] - openBrowser(""): Browser is opened with url: ''

2022-02-28 12:10:52 - [MESSAGE][WARNING] - A browser is already opened. Closing browser and opening a new one

2022-02-28 12:10:53 - [MESSAGE][INFO] - Starting 'Chrome' driver

2022-02-28 12:10:53 - [MESSAGE][INFO] - Action delay is set to 0 milliseconds

2022-02-28 12:10:54 - [MESSAGE][PASSED] - Browser is opened with url: ''

2022-02-28 12:10:54 - [TEST_STEP][PASSED] - setViewPortSize(1200, 1000): Viewport is set to new size with width = 1200 and height = 1000

2022-02-28 12:10:54 - [MESSAGE][PASSED] - Viewport is set to new size with width = 1200 and height = 1000

2022-02-28 12:10:54 - [TEST_STEP][PASSED] - navigateToUrl("https://dev.adroot.io/auth/signin"): Navigate to 'https://dev.adroot.io/auth/signin' successfully

2022-02-28 12:10:58 - [MESSAGE][PASSED] - Navigate to 'https://dev.adroot.io/auth/signin' successfully

2022-02-28 12:10:58 - [TEST_STEP][PASSED] - click(findTestObject("Object Repository/Login/Page_AdRoot  Login/div_Sign In_login-icon")): Object: 'Object Repository/Login/Page_AdRoot  Login/div_Sign In_login-icon' is clicked on

2022-02-28 12:10:59 - [MESSAGE][PASSED] - Object: 'Object Repository/Login/Page_AdRoot  Login/div_Sign In_login-icon' is clicked on

2022-02-28 12:10:59 - [TEST_STEP][PASSED] - switchToWindowTitle("Facebook"): Switched to window with title: 'Facebook'

2022-02-28 12:11:01 - [MESSAGE][PASSED] - Switched to window with title: 'Facebook'

2022-02-28 12:11:01 - [TEST_STEP][PASSED] - setText(findTestObject("Object Repository/Login/Page_Facebook/input_Email or phone_email"), "makronmanuel01@gmail.com"): Text 'makronmanuel01@gmail.com' is set on object 'Object Repository/Login/Page_Facebook/input_Email or phone_email'

2022-02-28 12:11:01 - [MESSAGE][PASSED] - Text 'makronmanuel01@gmail.com' is set on object 'Object Repository/Login/Page_Facebook/input_Email or phone_email'

2022-02-28 12:11:01 - [TEST_STEP][PASSED] - setEncryptedText(findTestObject("Object Repository/Login/Page_Facebook/input_Password_pass"), "3Hxlzrj8FMHjaK0NqqRDzw=="): Text ****** has been set on object 'Object Repository/Login/Page_Facebook/input_Password_pass'

2022-02-28 12:11:02 - [MESSAGE][PASSED] - Text ****** has been set on object 'Object Repository/Login/Page_Facebook/input_Password_pass'

2022-02-28 12:11:02 - [TEST_STEP][PASSED] - switchToWindowTitle("AdRoot ‒ Login"): Switched to window with title: 'AdRoot ‒ Login'

2022-02-28 12:11:02 - [MESSAGE][PASSED] - Switched to window with title: 'AdRoot ‒ Login'

2022-02-28 12:11:02 - [TEST_STEP][PASSED] - verifyTextPresent("Login into your account", false): Text 'Login into your account' is present on page 

2022-02-28 12:11:02 - [MESSAGE][PASSED] - Text 'Login into your account' is present on page 

2022-02-28 12:11:02 - [TEST_STEP][PASSED] - closeBrowser(): Browser is closed

2022-02-28 12:11:03 - [MESSAGE][PASSED] - Browser is closed]]></system-out>
         <system-err><![CDATA[]]></system-err>
      </testcase>
      <testcase name="Test Cases/Login/Login with Facebook" time="16.001" classname="Test Cases/Login/Login with Facebook" status="PASSED">
         <system-out><![CDATA[2022-02-28 12:11:03 - [TEST_CASE][PASSED] - Test Cases/Login/Login with Facebook: Test Cases/Login/Login with Facebook

2022-02-28 12:11:03 - [TEST_STEP][PASSED] - openBrowser(""): Browser is opened with url: ''

2022-02-28 12:11:03 - [MESSAGE][INFO] - Starting 'Chrome' driver

2022-02-28 12:11:03 - [MESSAGE][INFO] - Action delay is set to 0 milliseconds

2022-02-28 12:11:04 - [MESSAGE][PASSED] - Browser is opened with url: ''

2022-02-28 12:11:04 - [TEST_STEP][PASSED] - setViewPortSize(1200, 1000): Viewport is set to new size with width = 1200 and height = 1000

2022-02-28 12:11:04 - [MESSAGE][PASSED] - Viewport is set to new size with width = 1200 and height = 1000

2022-02-28 12:11:04 - [TEST_STEP][PASSED] - navigateToUrl("https://dev.adroot.io/auth/signin"): Navigate to 'https://dev.adroot.io/auth/signin' successfully

2022-02-28 12:11:08 - [MESSAGE][PASSED] - Navigate to 'https://dev.adroot.io/auth/signin' successfully

2022-02-28 12:11:08 - [TEST_STEP][PASSED] - click(findTestObject("Login wtih Facebook/Page_AdRoot  Login/div_Sign In_login-icon")): Object: 'Object Repository/Login wtih Facebook/Page_AdRoot  Login/div_Sign In_login-icon' is clicked on

2022-02-28 12:11:09 - [MESSAGE][PASSED] - Object: 'Object Repository/Login wtih Facebook/Page_AdRoot  Login/div_Sign In_login-icon' is clicked on

2022-02-28 12:11:09 - [TEST_STEP][PASSED] - switchToWindowTitle("Facebook"): Switched to window with title: 'Facebook'

2022-02-28 12:11:10 - [MESSAGE][PASSED] - Switched to window with title: 'Facebook'

2022-02-28 12:11:10 - [TEST_STEP][PASSED] - setText(findTestObject("Object Repository/Login/Page_Facebook/input_Email or phone_email"), "makronmanuel01@gmail.com"): Text 'makronmanuel01@gmail.com' is set on object 'Object Repository/Login/Page_Facebook/input_Email or phone_email'

2022-02-28 12:11:11 - [MESSAGE][PASSED] - Text 'makronmanuel01@gmail.com' is set on object 'Object Repository/Login/Page_Facebook/input_Email or phone_email'

2022-02-28 12:11:11 - [TEST_STEP][PASSED] - setEncryptedText(findTestObject("Object Repository/Login/Page_Facebook/input_Password_pass"), "sdVWhQOwjgjxxHejC0ycFw=="): Text ****** has been set on object 'Object Repository/Login/Page_Facebook/input_Password_pass'

2022-02-28 12:11:11 - [MESSAGE][PASSED] - Text ****** has been set on object 'Object Repository/Login/Page_Facebook/input_Password_pass'

2022-02-28 12:11:11 - [TEST_STEP][PASSED] - sendKeys(findTestObject("Object Repository/Login wtih Facebook/Page_Facebook/input_Password_pass"), Keys.chord(ENTER)): Keys 'ENTER + ' sent to object: 'Object Repository/Login wtih Facebook/Page_Facebook/input_Password_pass'

2022-02-28 12:11:12 - [MESSAGE][PASSED] - Keys 'ENTER + ' sent to object: 'Object Repository/Login wtih Facebook/Page_Facebook/input_Password_pass'

2022-02-28 12:11:12 - [TEST_STEP][PASSED] - switchToWindowTitle("AdRoot ‒ Dashboard"): Switched to window with title: 'AdRoot ‒ Dashboard'

2022-02-28 12:11:16 - [MESSAGE][PASSED] - Switched to window with title: 'AdRoot ‒ Dashboard'

2022-02-28 12:11:16 - [TEST_STEP][PASSED] - click(findTestObject("Object Repository/Login/Page_AdRoot  Dashboard/a_Campaigns")): Object: 'Object Repository/Login/Page_AdRoot  Dashboard/a_Campaigns' is clicked on

2022-02-28 12:11:18 - [MESSAGE][PASSED] - Object: 'Object Repository/Login/Page_AdRoot  Dashboard/a_Campaigns' is clicked on

2022-02-28 12:11:18 - [TEST_STEP][PASSED] - closeBrowser(): Browser is closed

2022-02-28 12:11:19 - [MESSAGE][PASSED] - Browser is closed]]></system-out>
         <system-err><![CDATA[]]></system-err>
      </testcase>
      <testcase name="Test Cases/Login/Login with Google and close" time="11.967" classname="Test Cases/Login/Login with Google and close" status="PASSED">
         <system-out><![CDATA[2022-02-28 12:11:19 - [TEST_CASE][PASSED] - Test Cases/Login/Login with Google and close: Test Cases/Login/Login with Google and close

2022-02-28 12:11:19 - [TEST_STEP][PASSED] - openBrowser(""): Browser is opened with url: ''

2022-02-28 12:11:19 - [MESSAGE][INFO] - Starting 'Chrome' driver

2022-02-28 12:11:19 - [MESSAGE][INFO] - Action delay is set to 0 milliseconds

2022-02-28 12:11:20 - [MESSAGE][PASSED] - Browser is opened with url: ''

2022-02-28 12:11:20 - [TEST_STEP][PASSED] - setViewPortSize(1200, 1000): Viewport is set to new size with width = 1200 and height = 1000

2022-02-28 12:11:20 - [MESSAGE][PASSED] - Viewport is set to new size with width = 1200 and height = 1000

2022-02-28 12:11:20 - [TEST_STEP][PASSED] - navigateToUrl("https://dev.adroot.io/auth/signin"): Navigate to 'https://dev.adroot.io/auth/signin' successfully

2022-02-28 12:11:24 - [MESSAGE][PASSED] - Navigate to 'https://dev.adroot.io/auth/signin' successfully

2022-02-28 12:11:24 - [TEST_STEP][PASSED] - click(findTestObject("Object Repository/Login/Page_AdRoot  Login/span_Sign In")): Object: 'Object Repository/Login/Page_AdRoot  Login/span_Sign In' is clicked on

2022-02-28 12:11:25 - [MESSAGE][PASSED] - Object: 'Object Repository/Login/Page_AdRoot  Login/span_Sign In' is clicked on

2022-02-28 12:11:25 - [TEST_STEP][PASSED] - switchToWindowTitle("Մտնել Google հաշիվներ"): Switched to window with title: 'Մտնել Google հաշիվներ'

2022-02-28 12:11:26 - [MESSAGE][PASSED] - Switched to window with title: 'Մտնել Google հաշիվներ'

2022-02-28 12:11:26 - [TEST_STEP][PASSED] - setText(findTestObject("Object Repository/Login/Page_Google/input_adroot.io_identifier"), "ruzan.a@adroot.io"): Text 'ruzan.a@adroot.io' is set on object 'Object Repository/Login/Page_Google/input_adroot.io_identifier'

2022-02-28 12:11:27 - [MESSAGE][PASSED] - Text 'ruzan.a@adroot.io' is set on object 'Object Repository/Login/Page_Google/input_adroot.io_identifier'

2022-02-28 12:11:27 - [TEST_STEP][PASSED] - sendKeys(findTestObject("Object Repository/Login/Page_Google/input_adroot.io_identifier"), Keys.chord(ENTER)): Keys 'ENTER + ' sent to object: 'Object Repository/Login/Page_Google/input_adroot.io_identifier'

2022-02-28 12:11:28 - [MESSAGE][PASSED] - Keys 'ENTER + ' sent to object: 'Object Repository/Login/Page_Google/input_adroot.io_identifier'

2022-02-28 12:11:28 - [TEST_STEP][PASSED] - setEncryptedText(findTestObject("Object Repository/Login/Page_Google/input__password"), "sdVWhQOwjgjxxHejC0ycFw=="): Text ****** has been set on object 'Object Repository/Login/Page_Google/input__password'

2022-02-28 12:11:30 - [MESSAGE][PASSED] - Text ****** has been set on object 'Object Repository/Login/Page_Google/input__password'

2022-02-28 12:11:30 - [TEST_STEP][PASSED] - switchToWindowTitle("AdRoot ‒ Login"): Switched to window with title: 'AdRoot ‒ Login'

2022-02-28 12:11:30 - [MESSAGE][PASSED] - Switched to window with title: 'AdRoot ‒ Login'

2022-02-28 12:11:30 - [TEST_STEP][PASSED] - verifyTextPresent("Login into your account", false): Text 'Login into your account' is present on page 

2022-02-28 12:11:30 - [MESSAGE][PASSED] - Text 'Login into your account' is present on page 

2022-02-28 12:11:30 - [TEST_STEP][PASSED] - closeBrowser(): Browser is closed

2022-02-28 12:11:31 - [MESSAGE][PASSED] - Browser is closed]]></system-out>
         <system-err><![CDATA[]]></system-err>
      </testcase>
      <testcase name="Test Cases/Login/Login with google" time="34.246" classname="Test Cases/Login/Login with google" status="PASSED">
         <system-out><![CDATA[2022-02-28 12:11:31 - [TEST_CASE][PASSED] - Test Cases/Login/Login with google: Test Cases/Login/Login with google

2022-02-28 12:11:31 - [TEST_STEP][PASSED] - openBrowser(""): Browser is opened with url: ''

2022-02-28 12:11:31 - [MESSAGE][INFO] - Starting 'Chrome' driver

2022-02-28 12:11:31 - [MESSAGE][INFO] - Action delay is set to 0 milliseconds

2022-02-28 12:11:32 - [MESSAGE][PASSED] - Browser is opened with url: ''

2022-02-28 12:11:32 - [TEST_STEP][PASSED] - setViewPortSize(1200, 1000): Viewport is set to new size with width = 1200 and height = 1000

2022-02-28 12:11:32 - [MESSAGE][PASSED] - Viewport is set to new size with width = 1200 and height = 1000

2022-02-28 12:11:32 - [TEST_STEP][PASSED] - navigateToUrl("https://dev.adroot.io/auth/signin"): Navigate to 'https://dev.adroot.io/auth/signin' successfully

2022-02-28 12:11:37 - [MESSAGE][PASSED] - Navigate to 'https://dev.adroot.io/auth/signin' successfully

2022-02-28 12:11:37 - [TEST_STEP][PASSED] - click(findTestObject("Object Repository/Login/Page_AdRoot  Login/span_Sign In")): Object: 'Object Repository/Login/Page_AdRoot  Login/span_Sign In' is clicked on

2022-02-28 12:11:38 - [MESSAGE][PASSED] - Object: 'Object Repository/Login/Page_AdRoot  Login/span_Sign In' is clicked on

2022-02-28 12:11:38 - [TEST_STEP][PASSED] - switchToWindowTitle("Մտնել Google հաշիվներ"): Switched to window with title: 'Մտնել Google հաշիվներ'

2022-02-28 12:11:39 - [MESSAGE][PASSED] - Switched to window with title: 'Մտնել Google հաշիվներ'

2022-02-28 12:11:39 - [TEST_STEP][PASSED] - setText(findTestObject("Object Repository/Login/Page_Google/input_adroot.io_identifier"), "ruzan.a@adroot.io"): Text 'ruzan.a@adroot.io' is set on object 'Object Repository/Login/Page_Google/input_adroot.io_identifier'

2022-02-28 12:11:40 - [MESSAGE][PASSED] - Text 'ruzan.a@adroot.io' is set on object 'Object Repository/Login/Page_Google/input_adroot.io_identifier'

2022-02-28 12:11:40 - [TEST_STEP][PASSED] - sendKeys(findTestObject("Object Repository/Login/Page_Google/input_adroot.io_identifier"), Keys.chord(ENTER)): Keys 'ENTER + ' sent to object: 'Object Repository/Login/Page_Google/input_adroot.io_identifier'

2022-02-28 12:11:41 - [MESSAGE][PASSED] - Keys 'ENTER + ' sent to object: 'Object Repository/Login/Page_Google/input_adroot.io_identifier'

2022-02-28 12:11:41 - [TEST_STEP][PASSED] - setEncryptedText(findTestObject("Object Repository/Login/Page_Google/input__password"), "sdVWhQOwjgjxxHejC0ycFw=="): Text ****** has been set on object 'Object Repository/Login/Page_Google/input__password'

2022-02-28 12:11:42 - [MESSAGE][PASSED] - Text ****** has been set on object 'Object Repository/Login/Page_Google/input__password'

2022-02-28 12:11:42 - [TEST_STEP][PASSED] - sendKeys(findTestObject("Object Repository/Login/Page_Google/input__password"), Keys.chord(ENTER)): Keys 'ENTER + ' sent to object: 'Object Repository/Login/Page_Google/input__password'

2022-02-28 12:11:43 - [MESSAGE][PASSED] - Keys 'ENTER + ' sent to object: 'Object Repository/Login/Page_Google/input__password'

2022-02-28 12:11:43 - [TEST_STEP][PASSED] - switchToWindowTitle("AdRoot ‒ Dashboard"): Switched to window with title: 'AdRoot ‒ Dashboard'

2022-02-28 12:12:03 - [MESSAGE][PASSED] - Switched to window with title: 'AdRoot ‒ Dashboard'

2022-02-28 12:12:03 - [TEST_STEP][PASSED] - click(findTestObject("Object Repository/Login/Page_AdRoot  Dashboard/a_Campaigns")): Object: 'Object Repository/Login/Page_AdRoot  Dashboard/a_Campaigns' is clicked on

2022-02-28 12:12:04 - [MESSAGE][PASSED] - Object: 'Object Repository/Login/Page_AdRoot  Dashboard/a_Campaigns' is clicked on

2022-02-28 12:12:04 - [TEST_STEP][PASSED] - closeBrowser(): Browser is closed

2022-02-28 12:12:05 - [MESSAGE][PASSED] - Browser is closed]]></system-out>
         <system-err><![CDATA[]]></system-err>
      </testcase>
      <testcase name="Test Cases/Login/Login with invalid email" time="8.755" classname="Test Cases/Login/Login with invalid email" status="PASSED">
         <system-out><![CDATA[2022-02-28 12:12:05 - [TEST_CASE][PASSED] - Test Cases/Login/Login with invalid email: Test Cases/Login/Login with invalid email

2022-02-28 12:12:05 - [TEST_STEP][PASSED] - openBrowser(""): Browser is opened with url: ''

2022-02-28 12:12:05 - [MESSAGE][INFO] - Starting 'Chrome' driver

2022-02-28 12:12:05 - [MESSAGE][INFO] - Action delay is set to 0 milliseconds

2022-02-28 12:12:07 - [MESSAGE][PASSED] - Browser is opened with url: ''

2022-02-28 12:12:07 - [TEST_STEP][PASSED] - setViewPortSize(1200, 1000): Viewport is set to new size with width = 1200 and height = 1000

2022-02-28 12:12:07 - [MESSAGE][PASSED] - Viewport is set to new size with width = 1200 and height = 1000

2022-02-28 12:12:07 - [TEST_STEP][PASSED] - navigateToUrl("https://dev.adroot.io/auth/signin"): Navigate to 'https://dev.adroot.io/auth/signin' successfully

2022-02-28 12:12:10 - [MESSAGE][PASSED] - Navigate to 'https://dev.adroot.io/auth/signin' successfully

2022-02-28 12:12:10 - [TEST_STEP][PASSED] - setText(findTestObject("Object Repository/Login/Page_AdRoot  Login/input_E-mail_email"), "makronmanuel@gmail.com"): Text 'makronmanuel@gmail.com' is set on object 'Object Repository/Login/Page_AdRoot  Login/input_E-mail_email'

2022-02-28 12:12:11 - [MESSAGE][PASSED] - Text 'makronmanuel@gmail.com' is set on object 'Object Repository/Login/Page_AdRoot  Login/input_E-mail_email'

2022-02-28 12:12:11 - [TEST_STEP][PASSED] - setEncryptedText(findTestObject("Object Repository/Login/Page_AdRoot  Login/input_Password_password"), "p6SfaQ7mi9I0hsJfWzeJOA=="): Text ****** has been set on object 'Object Repository/Login/Page_AdRoot  Login/input_Password_password'

2022-02-28 12:12:12 - [MESSAGE][PASSED] - Text ****** has been set on object 'Object Repository/Login/Page_AdRoot  Login/input_Password_password'

2022-02-28 12:12:12 - [TEST_STEP][PASSED] - click(findTestObject("Object Repository/Login/Page_AdRoot  Login/button_Sign in")): Object: 'Object Repository/Login/Page_AdRoot  Login/button_Sign in' is clicked on

2022-02-28 12:12:13 - [MESSAGE][PASSED] - Object: 'Object Repository/Login/Page_AdRoot  Login/button_Sign in' is clicked on

2022-02-28 12:12:13 - [TEST_STEP][PASSED] - verifyTextPresent("Incorrect e-mail or password.", false): Text 'Incorrect e-mail or password.' is present on page 

2022-02-28 12:12:13 - [MESSAGE][PASSED] - Text 'Incorrect e-mail or password.' is present on page 

2022-02-28 12:12:13 - [TEST_STEP][PASSED] - closeBrowser(): Browser is closed

2022-02-28 12:12:14 - [MESSAGE][PASSED] - Browser is closed]]></system-out>
         <system-err><![CDATA[]]></system-err>
      </testcase>
      <testcase name="Test Cases/Login/Login with wrong password" time="9.021" classname="Test Cases/Login/Login with wrong password" status="PASSED">
         <system-out><![CDATA[2022-02-28 12:12:14 - [TEST_CASE][PASSED] - Test Cases/Login/Login with wrong password: Test Cases/Login/Login with wrong password

2022-02-28 12:12:14 - [TEST_STEP][PASSED] - openBrowser(""): Browser is opened with url: ''

2022-02-28 12:12:14 - [MESSAGE][INFO] - Starting 'Chrome' driver

2022-02-28 12:12:14 - [MESSAGE][INFO] - Action delay is set to 0 milliseconds

2022-02-28 12:12:15 - [MESSAGE][PASSED] - Browser is opened with url: ''

2022-02-28 12:12:15 - [TEST_STEP][PASSED] - setViewPortSize(1200, 1000): Viewport is set to new size with width = 1200 and height = 1000

2022-02-28 12:12:16 - [MESSAGE][PASSED] - Viewport is set to new size with width = 1200 and height = 1000

2022-02-28 12:12:16 - [TEST_STEP][PASSED] - navigateToUrl("https://dev.adroot.io/auth/signin"): Navigate to 'https://dev.adroot.io/auth/signin' successfully

2022-02-28 12:12:19 - [MESSAGE][PASSED] - Navigate to 'https://dev.adroot.io/auth/signin' successfully

2022-02-28 12:12:19 - [TEST_STEP][PASSED] - setText(findTestObject("Object Repository/Login/Page_AdRoot  Login/input_E-mail_email"), "makronmanuel01@gmail.com"): Text 'makronmanuel01@gmail.com' is set on object 'Object Repository/Login/Page_AdRoot  Login/input_E-mail_email'

2022-02-28 12:12:20 - [MESSAGE][PASSED] - Text 'makronmanuel01@gmail.com' is set on object 'Object Repository/Login/Page_AdRoot  Login/input_E-mail_email'

2022-02-28 12:12:20 - [TEST_STEP][PASSED] - setEncryptedText(findTestObject("Object Repository/Login/Page_AdRoot  Login/input_Password_password"), "p6SfaQ7mi9I0hsJfWzeJOA=="): Text ****** has been set on object 'Object Repository/Login/Page_AdRoot  Login/input_Password_password'

2022-02-28 12:12:21 - [MESSAGE][PASSED] - Text ****** has been set on object 'Object Repository/Login/Page_AdRoot  Login/input_Password_password'

2022-02-28 12:12:21 - [TEST_STEP][PASSED] - click(findTestObject("Object Repository/Login/Page_AdRoot  Login/button_Sign in")): Object: 'Object Repository/Login/Page_AdRoot  Login/button_Sign in' is clicked on

2022-02-28 12:12:21 - [MESSAGE][PASSED] - Object: 'Object Repository/Login/Page_AdRoot  Login/button_Sign in' is clicked on

2022-02-28 12:12:21 - [TEST_STEP][PASSED] - verifyTextPresent("Incorrect e-mail or password.", false): Text 'Incorrect e-mail or password.' is present on page 

2022-02-28 12:12:22 - [MESSAGE][PASSED] - Text 'Incorrect e-mail or password.' is present on page 

2022-02-28 12:12:22 - [TEST_STEP][PASSED] - closeBrowser(): Browser is closed

2022-02-28 12:12:23 - [MESSAGE][PASSED] - Browser is closed]]></system-out>
         <system-err><![CDATA[]]></system-err>
      </testcase>
      <system-out><![CDATA[2022-02-28 12:10:40 - [TEST_SUITE][PASSED] - Login: Test Cases/Login/Login with wrong password]]></system-out>
      <system-err><![CDATA[]]></system-err>
   </testsuite>
</testsuites>
