<?xml version="1.0" encoding="UTF-8"?>
<testsuites name="dev-create campaign suite" time="37.793" tests="1" failures="0" errors="0">
   <testsuite name="dev-create campaign suite" tests="1" failures="0" errors="0" time="37.793" skipped="0" timestamp="2022-04-13 11:17:44" hostname="AdRoot_PC2 - GorsPC" id="Test Suites/Suits/dev-create campaign suite">
      <properties>
         <property name="deviceName" value=""/>
         <property name="devicePlatform" value=""/>
         <property name="logFolder" value="C:\\Users\\AdRoot_PC2\\git\\KatalonAutomation\\Reports\\20220413_111252\\Suits\\dev-create campaign suite\\20220413_111738"/>
         <property name="logFiles" value="C:\\Users\\AdRoot_PC2\\git\\KatalonAutomation\\Reports\\20220413_111252\\Suits\\dev-create campaign suite\\20220413_111738\\execution0.log"/>
         <property name="attachments" value=""/>
         <property name="hostName" value="AdRoot_PC2 - GorsPC"/>
         <property name="os" value="Windows 10 64bit"/>
         <property name="katalonVersion" value="8.2.5.208"/>
         <property name="browser" value="Chrome 100.0.4896.75"/>
         <property name="hostAddress" value="192.168.0.106"/>
         <property name="sessionId" value="02325aad377ae864f13299b0a3262fb7"/>
         <property name="seleniumVersion" value="3.141.59"/>
         <property name="proxyInformation" value="ProxyInformation { proxyOption=NO_PROXY, proxyServerType=HTTP, username=, password=********, proxyServerAddress=, proxyServerPort=0, executionList=&quot;&quot;, isApplyToDesiredCapabilities=true }"/>
         <property name="platform" value="Windows 10"/>
      </properties>
      <testcase name="Test Cases/Campaign/Create campaign/dev-Create campaign/Dev-Brand campaign" time="37.396" classname="Test Cases/Campaign/Create campaign/dev-Create campaign/Dev-Brand campaign" status="PASSED">
         <system-out><![CDATA[2022-04-13 11:17:44 - [TEST_CASE][PASSED] - Test Cases/Campaign/Create campaign/dev-Create campaign/Dev-Brand campaign: Test Cases/Campaign/Create campaign/dev-Create campaign/Dev-Brand campaign

2022-04-13 11:17:45 - [TEST_STEP][PASSED] - openBrowser(""): Browser is opened with url: ''

2022-04-13 11:17:45 - [MESSAGE][INFO] - Starting 'Chrome' driver

2022-04-13 11:17:45 - [MESSAGE][INFO] - Action delay is set to 0 milliseconds

2022-04-13 11:17:48 - [MESSAGE][PASSED] - Browser is opened with url: ''

2022-04-13 11:17:48 - [TEST_STEP][PASSED] - setViewPortSize(1550, 900): Viewport is set to new size with width = 1550 and height = 900

2022-04-13 11:17:48 - [MESSAGE][PASSED] - Viewport is set to new size with width = 1550 and height = 900

2022-04-13 11:17:48 - [TEST_STEP][PASSED] - navigateToUrl("https://dev.adroot.io/auth/signin"): Navigate to 'https://dev.adroot.io/auth/signin' successfully

2022-04-13 11:17:51 - [MESSAGE][PASSED] - Navigate to 'https://dev.adroot.io/auth/signin' successfully

2022-04-13 11:17:51 - [TEST_STEP][PASSED] - setText(findTestObject("Object Repository/Regular Create campaign/Page_AdRoot  Login/input_E-mail_email"), "makronmanuel01@gmail.com"): Text 'makronmanuel01@gmail.com' is set on object 'Object Repository/Regular Create campaign/Page_AdRoot  Login/input_E-mail_email'

2022-04-13 11:17:52 - [MESSAGE][PASSED] - Text 'makronmanuel01@gmail.com' is set on object 'Object Repository/Regular Create campaign/Page_AdRoot  Login/input_E-mail_email'

2022-04-13 11:17:52 - [TEST_STEP][PASSED] - setEncryptedText(findTestObject("Object Repository/Regular Create campaign/Page_AdRoot  Login/input_Password_password"), "9juLMCYi8sYpY2Mrwe5diw=="): Text ****** has been set on object 'Object Repository/Regular Create campaign/Page_AdRoot  Login/input_Password_password'

2022-04-13 11:17:52 - [MESSAGE][PASSED] - Text ****** has been set on object 'Object Repository/Regular Create campaign/Page_AdRoot  Login/input_Password_password'

2022-04-13 11:17:52 - [TEST_STEP][PASSED] - click(findTestObject("Object Repository/Regular Create campaign/Page_AdRoot  Login/button_Sign in")): Object: 'Object Repository/Regular Create campaign/Page_AdRoot  Login/button_Sign in' is clicked on

2022-04-13 11:17:53 - [MESSAGE][PASSED] - Object: 'Object Repository/Regular Create campaign/Page_AdRoot  Login/button_Sign in' is clicked on

2022-04-13 11:17:53 - [TEST_STEP][PASSED] - click(findTestObject("Campaign copy/Page_AdRoot  Dashboard/a_Campaigns")): Object: 'Object Repository/Campaign copy/Page_AdRoot  Dashboard/a_Campaigns' is clicked on

2022-04-13 11:17:55 - [MESSAGE][PASSED] - Object: 'Object Repository/Campaign copy/Page_AdRoot  Dashboard/a_Campaigns' is clicked on

2022-04-13 11:17:55 - [TEST_STEP][PASSED] - click(findTestObject("Object Repository/App-Create campaign/Page_AdRoot  Campaigns/Page_AdRoot  Campaigns/button_Create campaign")): Object: 'Object Repository/App-Create campaign/Page_AdRoot  Campaigns/Page_AdRoot  Campaigns/button_Create campaign' is clicked on

2022-04-13 11:17:56 - [MESSAGE][PASSED] - Object: 'Object Repository/App-Create campaign/Page_AdRoot  Campaigns/Page_AdRoot  Campaigns/button_Create campaign' is clicked on

2022-04-13 11:17:56 - [TEST_STEP][PASSED] - setText(findTestObject("Page_AdRoot  Create Campaign Steps/input_Campaign name_custom-input"), "devadroot1"): Text 'devadroot1' is set on object 'Object Repository/Page_AdRoot  Create Campaign Steps/input_Campaign name_custom-input'

2022-04-13 11:17:58 - [MESSAGE][PASSED] - Text 'devadroot1' is set on object 'Object Repository/Page_AdRoot  Create Campaign Steps/input_Campaign name_custom-input'

2022-04-13 11:17:58 - [TEST_STEP][PASSED] - click(findTestObject("Regular Create campaign/Page_AdRoot  Campaigns/Page_AdRoot  Create Campaign Steps/span_Name is taken")): Object: 'Object Repository/Regular Create campaign/Page_AdRoot  Campaigns/Page_AdRoot  Create Campaign Steps/span_Name is taken' is clicked on

2022-04-13 11:17:59 - [MESSAGE][PASSED] - Object: 'Object Repository/Regular Create campaign/Page_AdRoot  Campaigns/Page_AdRoot  Create Campaign Steps/span_Name is taken' is clicked on

2022-04-13 11:17:59 - [TEST_STEP][PASSED] - click(findTestObject("Goals/Goals/Page_AdRoot  Create Campaign Steps/div_Brand Awareness")): Object: 'Object Repository/Goals/Goals/Page_AdRoot  Create Campaign Steps/div_Brand Awareness' is clicked on

2022-04-13 11:17:59 - [MESSAGE][PASSED] - Object: 'Object Repository/Goals/Goals/Page_AdRoot  Create Campaign Steps/div_Brand Awareness' is clicked on

2022-04-13 11:17:59 - [TEST_STEP][PASSED] - Ms = verifyTextPresent("Name is taken", false): Text 'Name is taken' is present on page 

2022-04-13 11:18:00 - [MESSAGE][PASSED] - Text 'Name is taken' is present on page 

2022-04-13 11:18:00 - [TEST_STEP][PASSED] - if (Ms.equals("true")): Object: 'Object Repository/Regular Create campaign/Page_AdRoot  Campaigns/Page_AdRoot  Create Campaign Steps/button_Next Step' is clicked on

2022-04-13 11:18:00 - [TEST_STEP][PASSED] - RN = <not implemented yet for class: org.codehaus.groovy.ast.expr.EmptyExpression>: null

2022-04-13 11:18:00 - [TEST_STEP][PASSED] - RN = Math.random() * 5000: null

2022-04-13 11:18:00 - [TEST_STEP][PASSED] - setText(findTestObject("Object Repository/Regular Create campaign/Page_AdRoot  Create Campaign Steps/input_Campaign name_invalid custom-input"), "devadroot" + RN): Text 'devadroot3018' is set on object 'Object Repository/Regular Create campaign/Page_AdRoot  Create Campaign Steps/input_Campaign name_invalid custom-input'

2022-04-13 11:18:00 - [MESSAGE][PASSED] - Text 'devadroot3018' is set on object 'Object Repository/Regular Create campaign/Page_AdRoot  Create Campaign Steps/input_Campaign name_invalid custom-input'

2022-04-13 11:18:00 - [TEST_STEP][PASSED] - click(findTestObject("Object Repository/Regular Create campaign/Page_AdRoot  Campaigns/Page_AdRoot  Create Campaign Steps/button_Next Step")): Object: 'Object Repository/Regular Create campaign/Page_AdRoot  Campaigns/Page_AdRoot  Create Campaign Steps/button_Next Step' is clicked on

2022-04-13 11:18:01 - [MESSAGE][PASSED] - Object: 'Object Repository/Regular Create campaign/Page_AdRoot  Campaigns/Page_AdRoot  Create Campaign Steps/button_Next Step' is clicked on

2022-04-13 11:18:01 - [TEST_STEP][PASSED] - verifyElementPresent(findTestObject("Step2/Page_AdRoot  Create Campaign Steps/div_GS PubSense"), 0): Object 'Object Repository/Step2/Page_AdRoot  Create Campaign Steps/div_GS PubSense' is present

2022-04-13 11:18:01 - [MESSAGE][WARNING] - Timeout '0' is invalid. Using default page load timeout: '30'

2022-04-13 11:18:02 - [MESSAGE][PASSED] - Object 'Object Repository/Step2/Page_AdRoot  Create Campaign Steps/div_GS PubSense' is present

2022-04-13 11:18:02 - [TEST_STEP][PASSED] - verifyElementPresent(findTestObject("Step2/Page_AdRoot  Create Campaign Steps/div_Artashes Mxchyan"), 0): Object 'Object Repository/Step2/Page_AdRoot  Create Campaign Steps/div_Artashes Mxchyan' is present

2022-04-13 11:18:02 - [MESSAGE][WARNING] - Timeout '0' is invalid. Using default page load timeout: '30'

2022-04-13 11:18:02 - [MESSAGE][PASSED] - Object 'Object Repository/Step2/Page_AdRoot  Create Campaign Steps/div_Artashes Mxchyan' is present

2022-04-13 11:18:02 - [TEST_STEP][PASSED] - click(findTestObject("Step2/Page_AdRoot  Create Campaign Steps/button_Next Step")): Object: 'Object Repository/Step2/Page_AdRoot  Create Campaign Steps/button_Next Step' is clicked on

2022-04-13 11:18:03 - [MESSAGE][PASSED] - Object: 'Object Repository/Step2/Page_AdRoot  Create Campaign Steps/button_Next Step' is clicked on

2022-04-13 11:18:03 - [TEST_STEP][PASSED] - click(findTestObject("Audience/Page_AdRoot  Campaigns/Page_AdRoot  Campaigns/Page_AdRoot  Campaigns/Page_AdRoot  Create Campaign Steps/Page_AdRoot  Create Campaign Steps/div_autofill form_toggle-arrow")): Object: 'Object Repository/Audience/Page_AdRoot  Campaigns/Page_AdRoot  Campaigns/Page_AdRoot  Campaigns/Page_AdRoot  Create Campaign Steps/Page_AdRoot  Create Campaign Steps/div_autofill form_toggle-arrow' is clicked on

2022-04-13 11:18:04 - [MESSAGE][PASSED] - Object: 'Object Repository/Audience/Page_AdRoot  Campaigns/Page_AdRoot  Campaigns/Page_AdRoot  Campaigns/Page_AdRoot  Create Campaign Steps/Page_AdRoot  Create Campaign Steps/div_autofill form_toggle-arrow' is clicked on

2022-04-13 11:18:04 - [TEST_STEP][PASSED] - click(findTestObject("Object Repository/Step2/Page_AdRoot  Create Campaign Steps/Page_AdRoot  Create Campaign Steps/input_Primary Text_invalid custom-input")): Object: 'Object Repository/Step2/Page_AdRoot  Create Campaign Steps/Page_AdRoot  Create Campaign Steps/input_Primary Text_invalid custom-input' is clicked on

2022-04-13 11:18:04 - [MESSAGE][PASSED] - Object: 'Object Repository/Step2/Page_AdRoot  Create Campaign Steps/Page_AdRoot  Create Campaign Steps/input_Primary Text_invalid custom-input' is clicked on

2022-04-13 11:18:04 - [TEST_STEP][PASSED] - setText(findTestObject("Object Repository/Step2/Page_AdRoot  Create Campaign Steps/Page_AdRoot  Create Campaign Steps/input_Primary Text_invalid custom-input"), "Social media"): Text 'Social media' is set on object 'Object Repository/Step2/Page_AdRoot  Create Campaign Steps/Page_AdRoot  Create Campaign Steps/input_Primary Text_invalid custom-input'

2022-04-13 11:18:05 - [MESSAGE][PASSED] - Text 'Social media' is set on object 'Object Repository/Step2/Page_AdRoot  Create Campaign Steps/Page_AdRoot  Create Campaign Steps/input_Primary Text_invalid custom-input'

2022-04-13 11:18:05 - [TEST_STEP][PASSED] - setText(findTestObject("Step2/Page_AdRoot  Create Campaign Steps/Page_AdRoot  Create Campaign Steps/input_Headline_custom-input"), "Social media ads management "): Text 'Social media ads management ' is set on object 'Object Repository/Step2/Page_AdRoot  Create Campaign Steps/Page_AdRoot  Create Campaign Steps/input_Headline_custom-input'

2022-04-13 11:18:06 - [MESSAGE][PASSED] - Text 'Social media ads management ' is set on object 'Object Repository/Step2/Page_AdRoot  Create Campaign Steps/Page_AdRoot  Create Campaign Steps/input_Headline_custom-input'

2022-04-13 11:18:06 - [TEST_STEP][PASSED] - setText(findTestObject("Step2/Page_AdRoot  Create Campaign Steps/Page_AdRoot  Create Campaign Steps/input_Ad Description_custom-input"), "Our Mission is to create one place for all advertising needs"): Text 'Our Mission is to create one place for all advertising needs' is set on object 'Object Repository/Step2/Page_AdRoot  Create Campaign Steps/Page_AdRoot  Create Campaign Steps/input_Ad Description_custom-input'

2022-04-13 11:18:07 - [MESSAGE][PASSED] - Text 'Our Mission is to create one place for all advertising needs' is set on object 'Object Repository/Step2/Page_AdRoot  Create Campaign Steps/Page_AdRoot  Create Campaign Steps/input_Ad Description_custom-input'

2022-04-13 11:18:07 - [TEST_STEP][PASSED] - setText(findTestObject("Step2/Page_AdRoot  Create Campaign Steps/input_Website URL_custom-input"), "gsmediagroup.net"): Text 'gsmediagroup.net' is set on object 'Object Repository/Step2/Page_AdRoot  Create Campaign Steps/input_Website URL_custom-input'

2022-04-13 11:18:08 - [MESSAGE][PASSED] - Text 'gsmediagroup.net' is set on object 'Object Repository/Step2/Page_AdRoot  Create Campaign Steps/input_Website URL_custom-input'

2022-04-13 11:18:08 - [TEST_STEP][PASSED] - click(findTestObject("Object Repository/App-Create campaign/Page_AdRoot  Campaigns/Page_AdRoot  Campaigns/Page_AdRoot  Create Campaign Steps/div_Choose AD")): Object: 'Object Repository/App-Create campaign/Page_AdRoot  Campaigns/Page_AdRoot  Campaigns/Page_AdRoot  Create Campaign Steps/div_Choose AD' is clicked on

2022-04-13 11:18:09 - [MESSAGE][PASSED] - Object: 'Object Repository/App-Create campaign/Page_AdRoot  Campaigns/Page_AdRoot  Campaigns/Page_AdRoot  Create Campaign Steps/div_Choose AD' is clicked on

2022-04-13 11:18:09 - [TEST_STEP][PASSED] - doubleClick(findTestObject("Object Repository/App-Create campaign/Page_AdRoot  Campaigns/Page_AdRoot  Campaigns/Page_AdRoot  Create Campaign Steps/div_All_image-cont image")): Object: 'Object Repository/App-Create campaign/Page_AdRoot  Campaigns/Page_AdRoot  Campaigns/Page_AdRoot  Create Campaign Steps/div_All_image-cont image' is double clicked on

2022-04-13 11:18:10 - [MESSAGE][PASSED] - Object: 'Object Repository/App-Create campaign/Page_AdRoot  Campaigns/Page_AdRoot  Campaigns/Page_AdRoot  Create Campaign Steps/div_All_image-cont image' is double clicked on

2022-04-13 11:18:10 - [TEST_STEP][PASSED] - click(findTestObject("Object Repository/App-Create campaign/Page_AdRoot  Campaigns/Page_AdRoot  Campaigns/Page_AdRoot  Create Campaign Steps/div_Open_edit")): Object: 'Object Repository/App-Create campaign/Page_AdRoot  Campaigns/Page_AdRoot  Campaigns/Page_AdRoot  Create Campaign Steps/div_Open_edit' is clicked on

2022-04-13 11:18:10 - [MESSAGE][PASSED] - Object: 'Object Repository/App-Create campaign/Page_AdRoot  Campaigns/Page_AdRoot  Campaigns/Page_AdRoot  Create Campaign Steps/div_Open_edit' is clicked on

2022-04-13 11:18:10 - [TEST_STEP][PASSED] - setText(findTestObject("Object Repository/App-Create campaign/Page_AdRoot  Campaigns/Page_AdRoot  Campaigns/Page_AdRoot  Create Campaign Steps/input_Business Name_custom-input"), "GS media"): Text 'GS media' is set on object 'Object Repository/App-Create campaign/Page_AdRoot  Campaigns/Page_AdRoot  Campaigns/Page_AdRoot  Create Campaign Steps/input_Business Name_custom-input'

2022-04-13 11:18:11 - [MESSAGE][PASSED] - Text 'GS media' is set on object 'Object Repository/App-Create campaign/Page_AdRoot  Campaigns/Page_AdRoot  Campaigns/Page_AdRoot  Create Campaign Steps/input_Business Name_custom-input'

2022-04-13 11:18:11 - [TEST_STEP][PASSED] - setText(findTestObject("Object Repository/App-Create campaign/Page_AdRoot  Campaigns/Page_AdRoot  Campaigns/Page_AdRoot  Create Campaign Steps/input_Long headline_custom-input"), "Create campaign"): Text 'Create campaign' is set on object 'Object Repository/App-Create campaign/Page_AdRoot  Campaigns/Page_AdRoot  Campaigns/Page_AdRoot  Create Campaign Steps/input_Long headline_custom-input'

2022-04-13 11:18:12 - [MESSAGE][PASSED] - Text 'Create campaign' is set on object 'Object Repository/App-Create campaign/Page_AdRoot  Campaigns/Page_AdRoot  Campaigns/Page_AdRoot  Create Campaign Steps/input_Long headline_custom-input'

2022-04-13 11:18:12 - [TEST_STEP][PASSED] - click(findTestObject("Object Repository/App-Create campaign/Page_AdRoot  Campaigns/Page_AdRoot  Campaigns/Page_AdRoot  Create Campaign Steps/button_Save")): Object: 'Object Repository/App-Create campaign/Page_AdRoot  Campaigns/Page_AdRoot  Campaigns/Page_AdRoot  Create Campaign Steps/button_Save' is clicked on

2022-04-13 11:18:13 - [MESSAGE][PASSED] - Object: 'Object Repository/App-Create campaign/Page_AdRoot  Campaigns/Page_AdRoot  Campaigns/Page_AdRoot  Create Campaign Steps/button_Save' is clicked on

2022-04-13 11:18:13 - [TEST_STEP][PASSED] - click(findTestObject("Object Repository/App-Create campaign/Page_AdRoot  Campaigns/Page_AdRoot  Campaigns/Page_AdRoot  Create Campaign Steps/button_Next Step (1)")): Object: 'Object Repository/App-Create campaign/Page_AdRoot  Campaigns/Page_AdRoot  Campaigns/Page_AdRoot  Create Campaign Steps/button_Next Step (1)' is clicked on

2022-04-13 11:18:13 - [MESSAGE][PASSED] - Object: 'Object Repository/App-Create campaign/Page_AdRoot  Campaigns/Page_AdRoot  Campaigns/Page_AdRoot  Create Campaign Steps/button_Next Step (1)' is clicked on

2022-04-13 11:18:13 - [TEST_STEP][PASSED] - click(findTestObject("Object Repository/App-Create campaign/Page_AdRoot  Campaigns/Page_AdRoot  Campaigns/Page_AdRoot  Create Campaign Steps/button_Next Step (1)")): Object: 'Object Repository/App-Create campaign/Page_AdRoot  Campaigns/Page_AdRoot  Campaigns/Page_AdRoot  Create Campaign Steps/button_Next Step (1)' is clicked on

2022-04-13 11:18:15 - [MESSAGE][PASSED] - Object: 'Object Repository/App-Create campaign/Page_AdRoot  Campaigns/Page_AdRoot  Campaigns/Page_AdRoot  Create Campaign Steps/button_Next Step (1)' is clicked on

2022-04-13 11:18:15 - [TEST_STEP][PASSED] - setText(findTestObject("Object Repository/App-Create campaign/Page_AdRoot  Campaigns/Page_AdRoot  Campaigns/Page_AdRoot  Create Campaign Steps/input_Daily_custom-input"), "$ 1"): Text '$ 1' is set on object 'Object Repository/App-Create campaign/Page_AdRoot  Campaigns/Page_AdRoot  Campaigns/Page_AdRoot  Create Campaign Steps/input_Daily_custom-input'

2022-04-13 11:18:16 - [MESSAGE][PASSED] - Text '$ 1' is set on object 'Object Repository/App-Create campaign/Page_AdRoot  Campaigns/Page_AdRoot  Campaigns/Page_AdRoot  Create Campaign Steps/input_Daily_custom-input'

2022-04-13 11:18:16 - [TEST_STEP][PASSED] - click(findTestObject("Object Repository/App-Create campaign/Page_AdRoot  Campaigns/Page_AdRoot  Campaigns/Page_AdRoot  Create Campaign Steps/input_Start_single-date-picker-datepicker-A_81b99f")): Object: 'Object Repository/App-Create campaign/Page_AdRoot  Campaigns/Page_AdRoot  Campaigns/Page_AdRoot  Create Campaign Steps/input_Start_single-date-picker-datepicker-A_81b99f' is clicked on

2022-04-13 11:18:17 - [MESSAGE][PASSED] - Object: 'Object Repository/App-Create campaign/Page_AdRoot  Campaigns/Page_AdRoot  Campaigns/Page_AdRoot  Create Campaign Steps/input_Start_single-date-picker-datepicker-A_81b99f' is clicked on

2022-04-13 11:18:17 - [TEST_STEP][PASSED] - click(findTestObject("Object Repository/App-Create campaign/Page_AdRoot  Campaigns/Page_AdRoot  Campaigns/Page_AdRoot  Create Campaign Steps/svg_Su_DayPickerNavigation_svg__horizontal _7205d8")): Object: 'Object Repository/App-Create campaign/Page_AdRoot  Campaigns/Page_AdRoot  Campaigns/Page_AdRoot  Create Campaign Steps/svg_Su_DayPickerNavigation_svg__horizontal _7205d8' is clicked on

2022-04-13 11:18:17 - [MESSAGE][PASSED] - Object: 'Object Repository/App-Create campaign/Page_AdRoot  Campaigns/Page_AdRoot  Campaigns/Page_AdRoot  Create Campaign Steps/svg_Su_DayPickerNavigation_svg__horizontal _7205d8' is clicked on

2022-04-13 11:18:17 - [TEST_STEP][PASSED] - click(findTestObject("Object Repository/App-Create campaign/Page_AdRoot  Campaigns/Page_AdRoot  Campaigns/Page_AdRoot  Create Campaign Steps/svg_Su_DayPickerNavigation_svg__horizontal _7205d8")): Object: 'Object Repository/App-Create campaign/Page_AdRoot  Campaigns/Page_AdRoot  Campaigns/Page_AdRoot  Create Campaign Steps/svg_Su_DayPickerNavigation_svg__horizontal _7205d8' is clicked on

2022-04-13 11:18:18 - [MESSAGE][PASSED] - Object: 'Object Repository/App-Create campaign/Page_AdRoot  Campaigns/Page_AdRoot  Campaigns/Page_AdRoot  Create Campaign Steps/svg_Su_DayPickerNavigation_svg__horizontal _7205d8' is clicked on

2022-04-13 11:18:18 - [TEST_STEP][PASSED] - click(findTestObject("Object Repository/App-Create campaign/Page_AdRoot  Campaigns/Page_AdRoot  Campaigns/Page_AdRoot  Create Campaign Steps/svg_Su_DayPickerNavigation_svg__horizontal _7205d8")): Object: 'Object Repository/App-Create campaign/Page_AdRoot  Campaigns/Page_AdRoot  Campaigns/Page_AdRoot  Create Campaign Steps/svg_Su_DayPickerNavigation_svg__horizontal _7205d8' is clicked on

2022-04-13 11:18:18 - [MESSAGE][PASSED] - Object: 'Object Repository/App-Create campaign/Page_AdRoot  Campaigns/Page_AdRoot  Campaigns/Page_AdRoot  Create Campaign Steps/svg_Su_DayPickerNavigation_svg__horizontal _7205d8' is clicked on

2022-04-13 11:18:18 - [TEST_STEP][PASSED] - click(findTestObject("Object Repository/App-Create campaign/Page_AdRoot  Campaigns/Page_AdRoot  Campaigns/Page_AdRoot  Create Campaign Steps/svg_Su_DayPickerNavigation_svg__horizontal _7205d8")): Object: 'Object Repository/App-Create campaign/Page_AdRoot  Campaigns/Page_AdRoot  Campaigns/Page_AdRoot  Create Campaign Steps/svg_Su_DayPickerNavigation_svg__horizontal _7205d8' is clicked on

2022-04-13 11:18:19 - [MESSAGE][PASSED] - Object: 'Object Repository/App-Create campaign/Page_AdRoot  Campaigns/Page_AdRoot  Campaigns/Page_AdRoot  Create Campaign Steps/svg_Su_DayPickerNavigation_svg__horizontal _7205d8' is clicked on

2022-04-13 11:18:19 - [TEST_STEP][PASSED] - click(findTestObject("Object Repository/App-Create campaign/Page_AdRoot  Campaigns/Page_AdRoot  Campaigns/Page_AdRoot  Create Campaign Steps/td_12")): Object: 'Object Repository/App-Create campaign/Page_AdRoot  Campaigns/Page_AdRoot  Campaigns/Page_AdRoot  Create Campaign Steps/td_12' is clicked on

2022-04-13 11:18:19 - [MESSAGE][PASSED] - Object: 'Object Repository/App-Create campaign/Page_AdRoot  Campaigns/Page_AdRoot  Campaigns/Page_AdRoot  Create Campaign Steps/td_12' is clicked on

2022-04-13 11:18:19 - [TEST_STEP][PASSED] - click(findTestObject("Object Repository/App-Create campaign/Page_AdRoot  Campaigns/Page_AdRoot  Campaigns/Page_AdRoot  Create Campaign Steps/button_Finish")): Object: 'Object Repository/App-Create campaign/Page_AdRoot  Campaigns/Page_AdRoot  Campaigns/Page_AdRoot  Create Campaign Steps/button_Finish' is clicked on

2022-04-13 11:18:20 - [MESSAGE][PASSED] - Object: 'Object Repository/App-Create campaign/Page_AdRoot  Campaigns/Page_AdRoot  Campaigns/Page_AdRoot  Create Campaign Steps/button_Finish' is clicked on

2022-04-13 11:18:20 - [TEST_STEP][PASSED] - click(findTestObject("Campaign copy/Page_AdRoot  Dashboard/a_Campaigns")): Object: 'Object Repository/Campaign copy/Page_AdRoot  Dashboard/a_Campaigns' is clicked on

2022-04-13 11:18:21 - [MESSAGE][PASSED] - Object: 'Object Repository/Campaign copy/Page_AdRoot  Dashboard/a_Campaigns' is clicked on

2022-04-13 11:18:21 - [TEST_STEP][PASSED] - closeBrowser(): Browser is closed

2022-04-13 11:18:22 - [MESSAGE][PASSED] - Browser is closed]]></system-out>
         <system-err><![CDATA[]]></system-err>
      </testcase>
      <system-out><![CDATA[2022-04-13 11:17:44 - [TEST_SUITE][PASSED] - dev-create campaign suite: Test Cases/Campaign/Create campaign/dev-Create campaign/Dev-Brand campaign]]></system-out>
      <system-err><![CDATA[]]></system-err>
   </testsuite>
</testsuites>
