<?xml version="1.0" encoding="UTF-8"?>
<testsuites name="SignUp" time="56.044" tests="4" failures="0" errors="0">
   <testsuite name="SignUp" tests="4" failures="0" errors="0" time="56.044" skipped="0" timestamp="2022-01-28 12:37:30" hostname="AdRoot_PC2 - GorsPC" id="Test Suites/SignUp">
      <properties>
         <property name="deviceName" value=""/>
         <property name="devicePlatform" value=""/>
         <property name="logFolder" value="C:\\Users\\AdRoot_PC2\\git\\KatalonAutomation\\Reports\\20220128_123722\\SignUp\\20220128_123722"/>
         <property name="logFiles" value="C:\\Users\\AdRoot_PC2\\git\\KatalonAutomation\\Reports\\20220128_123722\\SignUp\\20220128_123722\\execution0.log"/>
         <property name="attachments" value=""/>
         <property name="hostName" value="AdRoot_PC2 - GorsPC"/>
         <property name="os" value="Windows 10 64bit"/>
         <property name="katalonVersion" value="8.2.5.208"/>
         <property name="browser" value="Chrome 97.0.4692.99"/>
         <property name="hostAddress" value="192.168.0.103"/>
         <property name="sessionId" value="4a30415f59dc61110d5d03bfadfb758c"/>
         <property name="seleniumVersion" value="3.141.59"/>
         <property name="proxyInformation" value="ProxyInformation { proxyOption=NO_PROXY, proxyServerType=HTTP, username=, password=********, proxyServerAddress=, proxyServerPort=0, executionList=&quot;&quot;, isApplyToDesiredCapabilities=true }"/>
         <property name="platform" value="Windows 10"/>
      </properties>
      <testcase name="Test Cases/SignUp/SignUp with email" time="17.316" classname="Test Cases/SignUp/SignUp with email" status="PASSED">
         <system-out><![CDATA[2022-01-28 12:37:30 - [TEST_CASE][PASSED] - Test Cases/SignUp/SignUp with email: Test Cases/SignUp/SignUp with email

2022-01-28 12:37:31 - [TEST_STEP][PASSED] - openBrowser(""): Browser is opened with url: ''

2022-01-28 12:37:31 - [MESSAGE][INFO] - Starting 'Chrome' driver

2022-01-28 12:37:31 - [MESSAGE][INFO] - Action delay is set to 0 milliseconds

2022-01-28 12:37:34 - [MESSAGE][PASSED] - Browser is opened with url: ''

2022-01-28 12:37:34 - [TEST_STEP][PASSED] - navigateToUrl("https://dev.adroot.io/auth/signin"): Navigate to 'https://dev.adroot.io/auth/signin' successfully

2022-01-28 12:37:37 - [MESSAGE][PASSED] - Navigate to 'https://dev.adroot.io/auth/signin' successfully

2022-01-28 12:37:37 - [TEST_STEP][PASSED] - click(findTestObject("Object Repository/SignUp/Page_AdRoot  Login/a_Sign up now")): Object: 'Object Repository/SignUp/Page_AdRoot  Login/a_Sign up now' is clicked on

2022-01-28 12:37:37 - [MESSAGE][PASSED] - Object: 'Object Repository/SignUp/Page_AdRoot  Login/a_Sign up now' is clicked on

2022-01-28 12:37:37 - [TEST_STEP][PASSED] - setText(findTestObject("Object Repository/SignUp/Page_AdRoot  Sign up/input_First name_first_name"), "Ruzan"): Text 'Ruzan' is set on object 'Object Repository/SignUp/Page_AdRoot  Sign up/input_First name_first_name'

2022-01-28 12:37:39 - [MESSAGE][PASSED] - Text 'Ruzan' is set on object 'Object Repository/SignUp/Page_AdRoot  Sign up/input_First name_first_name'

2022-01-28 12:37:39 - [TEST_STEP][PASSED] - setText(findTestObject("Object Repository/SignUp/Page_AdRoot  Sign up/input_Last name_last_name"), "Test"): Text 'Test' is set on object 'Object Repository/SignUp/Page_AdRoot  Sign up/input_Last name_last_name'

2022-01-28 12:37:39 - [MESSAGE][PASSED] - Text 'Test' is set on object 'Object Repository/SignUp/Page_AdRoot  Sign up/input_Last name_last_name'

2022-01-28 12:37:39 - [TEST_STEP][PASSED] - setText(findTestObject("Object Repository/SignUp/Page_AdRoot  Sign up/input_E-mail_email"), "runayan@gmail.com"): Text 'runayan@gmail.com' is set on object 'Object Repository/SignUp/Page_AdRoot  Sign up/input_E-mail_email'

2022-01-28 12:37:40 - [MESSAGE][PASSED] - Text 'runayan@gmail.com' is set on object 'Object Repository/SignUp/Page_AdRoot  Sign up/input_E-mail_email'

2022-01-28 12:37:40 - [TEST_STEP][PASSED] - setEncryptedText(findTestObject("Object Repository/SignUp/Page_AdRoot  Sign up/input_Password_password"), "9juLMCYi8sYpY2Mrwe5diw=="): Text ****** has been set on object 'Object Repository/SignUp/Page_AdRoot  Sign up/input_Password_password'

2022-01-28 12:37:41 - [MESSAGE][PASSED] - Text ****** has been set on object 'Object Repository/SignUp/Page_AdRoot  Sign up/input_Password_password'

2022-01-28 12:37:41 - [TEST_STEP][PASSED] - setEncryptedText(findTestObject("Object Repository/SignUp/Page_AdRoot  Sign up/input_Confirm password_confirm"), "9juLMCYi8sYpY2Mrwe5diw=="): Text ****** has been set on object 'Object Repository/SignUp/Page_AdRoot  Sign up/input_Confirm password_confirm'

2022-01-28 12:37:42 - [MESSAGE][PASSED] - Text ****** has been set on object 'Object Repository/SignUp/Page_AdRoot  Sign up/input_Confirm password_confirm'

2022-01-28 12:37:42 - [TEST_STEP][PASSED] - click(findTestObject("Object Repository/SignUp/Page_AdRoot  Sign up/div_Confirm password_checkbox")): Object: 'Object Repository/SignUp/Page_AdRoot  Sign up/div_Confirm password_checkbox' is clicked on

2022-01-28 12:37:42 - [MESSAGE][PASSED] - Object: 'Object Repository/SignUp/Page_AdRoot  Sign up/div_Confirm password_checkbox' is clicked on

2022-01-28 12:37:42 - [TEST_STEP][PASSED] - click(findTestObject("SignUp/SignUp with email/Page_AdRoot  Sign up/button_Sign up")): Object: 'Object Repository/SignUp/SignUp with email/Page_AdRoot  Sign up/button_Sign up' is clicked on

2022-01-28 12:37:43 - [MESSAGE][PASSED] - Object: 'Object Repository/SignUp/SignUp with email/Page_AdRoot  Sign up/button_Sign up' is clicked on

2022-01-28 12:37:43 - [TEST_STEP][PASSED] - Ms = verifyTextPresent("The E-mail address exists.", false): Text 'The E-mail address exists.' is present on page 

2022-01-28 12:37:43 - [MESSAGE][PASSED] - Text 'The E-mail address exists.' is present on page 

2022-01-28 12:37:43 - [TEST_STEP][PASSED] - if (Ms.equals("true")): Keys 'ENTER + ' sent to object: 'Object Repository/SignUp/SignUp with email/Page_AdRoot  Sign up/button_Sign up'

2022-01-28 12:37:43 - [TEST_STEP][PASSED] - RN = <not implemented yet for class: org.codehaus.groovy.ast.expr.EmptyExpression>: null

2022-01-28 12:37:43 - [TEST_STEP][PASSED] - RN = Math.random() * 500: null

2022-01-28 12:37:43 - [TEST_STEP][PASSED] - setText(findTestObject("Object Repository/SignUp/Page_AdRoot  Sign up/input_E-mail_email"), "runayan" + RN + "@gmail.com"): Text 'runayan143@gmail.com' is set on object 'Object Repository/SignUp/Page_AdRoot  Sign up/input_E-mail_email'

2022-01-28 12:37:44 - [MESSAGE][PASSED] - Text 'runayan143@gmail.com' is set on object 'Object Repository/SignUp/Page_AdRoot  Sign up/input_E-mail_email'

2022-01-28 12:37:44 - [TEST_STEP][PASSED] - sendKeys(findTestObject("SignUp/SignUp with email/Page_AdRoot  Sign up/button_Sign up"), Keys.chord(ENTER)): Keys 'ENTER + ' sent to object: 'Object Repository/SignUp/SignUp with email/Page_AdRoot  Sign up/button_Sign up'

2022-01-28 12:37:45 - [MESSAGE][PASSED] - Keys 'ENTER + ' sent to object: 'Object Repository/SignUp/SignUp with email/Page_AdRoot  Sign up/button_Sign up'

2022-01-28 12:37:45 - [TEST_STEP][PASSED] - click(findTestObject("Object Repository/SignUp/Page_AdRoot  Dashboard/img_No any notification_non-draggable-image_8aff0b")): Object: 'Object Repository/SignUp/Page_AdRoot  Dashboard/img_No any notification_non-draggable-image_8aff0b' is clicked on

2022-01-28 12:37:47 - [MESSAGE][PASSED] - Object: 'Object Repository/SignUp/Page_AdRoot  Dashboard/img_No any notification_non-draggable-image_8aff0b' is clicked on

2022-01-28 12:37:47 - [TEST_STEP][PASSED] - closeBrowser(): Browser is closed

2022-01-28 12:37:48 - [MESSAGE][PASSED] - Browser is closed]]></system-out>
         <system-err><![CDATA[]]></system-err>
      </testcase>
      <testcase name="Test Cases/SignUp/Signup with Facebook" time="16.055" classname="Test Cases/SignUp/Signup with Facebook" status="PASSED">
         <system-out><![CDATA[2022-01-28 12:37:48 - [TEST_CASE][PASSED] - Test Cases/SignUp/Signup with Facebook: Test Cases/SignUp/Signup with Facebook

2022-01-28 12:37:48 - [TEST_STEP][PASSED] - openBrowser(""): Browser is opened with url: ''

2022-01-28 12:37:48 - [MESSAGE][INFO] - Starting 'Chrome' driver

2022-01-28 12:37:48 - [MESSAGE][INFO] - Action delay is set to 0 milliseconds

2022-01-28 12:37:49 - [MESSAGE][PASSED] - Browser is opened with url: ''

2022-01-28 12:37:49 - [TEST_STEP][PASSED] - navigateToUrl("https://dev.adroot.io/auth/signin"): Navigate to 'https://dev.adroot.io/auth/signin' successfully

2022-01-28 12:37:51 - [MESSAGE][PASSED] - Navigate to 'https://dev.adroot.io/auth/signin' successfully

2022-01-28 12:37:51 - [TEST_STEP][PASSED] - click(findTestObject("Object Repository/SignUp/Page_AdRoot  Login/a_Sign up now")): Object: 'Object Repository/SignUp/Page_AdRoot  Login/a_Sign up now' is clicked on

2022-01-28 12:37:52 - [MESSAGE][PASSED] - Object: 'Object Repository/SignUp/Page_AdRoot  Login/a_Sign up now' is clicked on

2022-01-28 12:37:52 - [TEST_STEP][PASSED] - click(findTestObject("Object Repository/SignUp/Page_AdRoot  Sign up/button_Sign up")): Object: 'Object Repository/SignUp/Page_AdRoot  Sign up/button_Sign up' is clicked on

2022-01-28 12:37:53 - [MESSAGE][PASSED] - Object: 'Object Repository/SignUp/Page_AdRoot  Sign up/button_Sign up' is clicked on

2022-01-28 12:37:53 - [TEST_STEP][PASSED] - switchToWindowTitle("Facebook"): Switched to window with title: 'Facebook'

2022-01-28 12:37:54 - [MESSAGE][PASSED] - Switched to window with title: 'Facebook'

2022-01-28 12:37:54 - [TEST_STEP][PASSED] - setText(findTestObject("Object Repository/SignUp/Page_Facebook/input_Email or phone_email"), "makronmanuel01@gmail.com"): Text 'makronmanuel01@gmail.com' is set on object 'Object Repository/SignUp/Page_Facebook/input_Email or phone_email'

2022-01-28 12:37:55 - [MESSAGE][PASSED] - Text 'makronmanuel01@gmail.com' is set on object 'Object Repository/SignUp/Page_Facebook/input_Email or phone_email'

2022-01-28 12:37:55 - [TEST_STEP][PASSED] - setEncryptedText(findTestObject("Object Repository/SignUp/Page_Facebook/input_Password_pass"), "/cmVevPZqxso+uthIH5BoA=="): Text ****** has been set on object 'Object Repository/SignUp/Page_Facebook/input_Password_pass'

2022-01-28 12:37:56 - [MESSAGE][PASSED] - Text ****** has been set on object 'Object Repository/SignUp/Page_Facebook/input_Password_pass'

2022-01-28 12:37:56 - [TEST_STEP][PASSED] - click(findTestObject("SignUp/Page_Facebook/Page_Facebook/label_Password_loginbutton")): Object: 'Object Repository/SignUp/Page_Facebook/Page_Facebook/label_Password_loginbutton' is clicked on

2022-01-28 12:37:56 - [MESSAGE][PASSED] - Object: 'Object Repository/SignUp/Page_Facebook/Page_Facebook/label_Password_loginbutton' is clicked on

2022-01-28 12:37:56 - [TEST_STEP][PASSED] - switchToWindowTitle("AdRoot ‒ Dashboard"): Switched to window with title: 'AdRoot ‒ Dashboard'

2022-01-28 12:38:01 - [MESSAGE][PASSED] - Switched to window with title: 'AdRoot ‒ Dashboard'

2022-01-28 12:38:01 - [TEST_STEP][PASSED] - verifyElementPresent(findTestObject("Object Repository/SignUp/Page_AdRoot  Dashboard/a_Campaigns"), 0): Object 'Object Repository/SignUp/Page_AdRoot  Dashboard/a_Campaigns' is present

2022-01-28 12:38:02 - [MESSAGE][WARNING] - Timeout '0' is invalid. Using default page load timeout: '30'

2022-01-28 12:38:03 - [MESSAGE][PASSED] - Object 'Object Repository/SignUp/Page_AdRoot  Dashboard/a_Campaigns' is present

2022-01-28 12:38:03 - [TEST_STEP][PASSED] - closeBrowser(): Browser is closed

2022-01-28 12:38:04 - [MESSAGE][PASSED] - Browser is closed]]></system-out>
         <system-err><![CDATA[]]></system-err>
      </testcase>
      <testcase name="Test Cases/SignUp/SignUp without clicking agree button" time="10.781" classname="Test Cases/SignUp/SignUp without clicking agree button" status="PASSED">
         <system-out><![CDATA[2022-01-28 12:38:04 - [TEST_CASE][PASSED] - Test Cases/SignUp/SignUp without clicking agree button: Test Cases/SignUp/SignUp without clicking agree button

2022-01-28 12:38:04 - [TEST_STEP][PASSED] - openBrowser(""): Browser is opened with url: ''

2022-01-28 12:38:04 - [MESSAGE][INFO] - Starting 'Chrome' driver

2022-01-28 12:38:04 - [MESSAGE][INFO] - Action delay is set to 0 milliseconds

2022-01-28 12:38:05 - [MESSAGE][PASSED] - Browser is opened with url: ''

2022-01-28 12:38:05 - [TEST_STEP][PASSED] - navigateToUrl("https://dev.adroot.io/auth/signin"): Navigate to 'https://dev.adroot.io/auth/signin' successfully

2022-01-28 12:38:08 - [MESSAGE][PASSED] - Navigate to 'https://dev.adroot.io/auth/signin' successfully

2022-01-28 12:38:08 - [TEST_STEP][PASSED] - click(findTestObject("Object Repository/SignUp/Page_AdRoot  Login/a_Sign up now")): Object: 'Object Repository/SignUp/Page_AdRoot  Login/a_Sign up now' is clicked on

2022-01-28 12:38:08 - [MESSAGE][PASSED] - Object: 'Object Repository/SignUp/Page_AdRoot  Login/a_Sign up now' is clicked on

2022-01-28 12:38:08 - [TEST_STEP][PASSED] - setText(findTestObject("Object Repository/SignUp/Page_AdRoot  Sign up/input_First name_first_name"), "Ruzan"): Text 'Ruzan' is set on object 'Object Repository/SignUp/Page_AdRoot  Sign up/input_First name_first_name'

2022-01-28 12:38:09 - [MESSAGE][PASSED] - Text 'Ruzan' is set on object 'Object Repository/SignUp/Page_AdRoot  Sign up/input_First name_first_name'

2022-01-28 12:38:09 - [TEST_STEP][PASSED] - setText(findTestObject("Object Repository/SignUp/Page_AdRoot  Sign up/input_Last name_last_name"), "Test"): Text 'Test' is set on object 'Object Repository/SignUp/Page_AdRoot  Sign up/input_Last name_last_name'

2022-01-28 12:38:10 - [MESSAGE][PASSED] - Text 'Test' is set on object 'Object Repository/SignUp/Page_AdRoot  Sign up/input_Last name_last_name'

2022-01-28 12:38:10 - [TEST_STEP][PASSED] - setText(findTestObject("Object Repository/SignUp/Page_AdRoot  Sign up/input_E-mail_email"), "runayany@gmail.com"): Text 'runayany@gmail.com' is set on object 'Object Repository/SignUp/Page_AdRoot  Sign up/input_E-mail_email'

2022-01-28 12:38:11 - [MESSAGE][PASSED] - Text 'runayany@gmail.com' is set on object 'Object Repository/SignUp/Page_AdRoot  Sign up/input_E-mail_email'

2022-01-28 12:38:11 - [TEST_STEP][PASSED] - setEncryptedText(findTestObject("Object Repository/SignUp/Page_AdRoot  Sign up/input_Password_password"), "9juLMCYi8sYpY2Mrwe5diw=="): Text ****** has been set on object 'Object Repository/SignUp/Page_AdRoot  Sign up/input_Password_password'

2022-01-28 12:38:12 - [MESSAGE][PASSED] - Text ****** has been set on object 'Object Repository/SignUp/Page_AdRoot  Sign up/input_Password_password'

2022-01-28 12:38:12 - [TEST_STEP][PASSED] - setEncryptedText(findTestObject("Object Repository/SignUp/Page_AdRoot  Sign up/input_Confirm password_confirm"), "9juLMCYi8sYpY2Mrwe5diw=="): Text ****** has been set on object 'Object Repository/SignUp/Page_AdRoot  Sign up/input_Confirm password_confirm'

2022-01-28 12:38:12 - [MESSAGE][PASSED] - Text ****** has been set on object 'Object Repository/SignUp/Page_AdRoot  Sign up/input_Confirm password_confirm'

2022-01-28 12:38:12 - [TEST_STEP][PASSED] - click(findTestObject("SignUp/SignUp with email/Page_AdRoot  Sign up/button_Sign up")): Object: 'Object Repository/SignUp/SignUp with email/Page_AdRoot  Sign up/button_Sign up' is clicked on

2022-01-28 12:38:13 - [MESSAGE][PASSED] - Object: 'Object Repository/SignUp/SignUp with email/Page_AdRoot  Sign up/button_Sign up' is clicked on

2022-01-28 12:38:13 - [TEST_STEP][PASSED] - click(findTestObject("Object Repository/SignUp/Page_AdRoot  Sign up/span_Please agree to the terms and conditio_b28976")): Object: 'Object Repository/SignUp/Page_AdRoot  Sign up/span_Please agree to the terms and conditio_b28976' is clicked on

2022-01-28 12:38:13 - [MESSAGE][PASSED] - Object: 'Object Repository/SignUp/Page_AdRoot  Sign up/span_Please agree to the terms and conditio_b28976' is clicked on

2022-01-28 12:38:13 - [TEST_STEP][PASSED] - verifyTextPresent("Please agree to the terms and conditions to register.", false): Text 'Please agree to the terms and conditions to register.' is present on page 

2022-01-28 12:38:14 - [MESSAGE][PASSED] - Text 'Please agree to the terms and conditions to register.' is present on page 

2022-01-28 12:38:14 - [TEST_STEP][PASSED] - closeBrowser(): Browser is closed

2022-01-28 12:38:14 - [MESSAGE][PASSED] - Browser is closed]]></system-out>
         <system-err><![CDATA[]]></system-err>
      </testcase>
      <testcase name="Test Cases/SignUp/SignUp without email" time="11.416" classname="Test Cases/SignUp/SignUp without email" status="PASSED">
         <system-out><![CDATA[2022-01-28 12:38:14 - [TEST_CASE][PASSED] - Test Cases/SignUp/SignUp without email: Test Cases/SignUp/SignUp without email

2022-01-28 12:38:15 - [TEST_STEP][PASSED] - openBrowser(""): Browser is opened with url: ''

2022-01-28 12:38:15 - [MESSAGE][INFO] - Starting 'Chrome' driver

2022-01-28 12:38:15 - [MESSAGE][INFO] - Action delay is set to 0 milliseconds

2022-01-28 12:38:16 - [MESSAGE][PASSED] - Browser is opened with url: ''

2022-01-28 12:38:16 - [TEST_STEP][PASSED] - navigateToUrl("https://dev.adroot.io/auth/signin"): Navigate to 'https://dev.adroot.io/auth/signin' successfully

2022-01-28 12:38:18 - [MESSAGE][PASSED] - Navigate to 'https://dev.adroot.io/auth/signin' successfully

2022-01-28 12:38:18 - [TEST_STEP][PASSED] - click(findTestObject("Object Repository/SignUp/Page_AdRoot  Login/a_Sign up now")): Object: 'Object Repository/SignUp/Page_AdRoot  Login/a_Sign up now' is clicked on

2022-01-28 12:38:19 - [MESSAGE][PASSED] - Object: 'Object Repository/SignUp/Page_AdRoot  Login/a_Sign up now' is clicked on

2022-01-28 12:38:19 - [TEST_STEP][PASSED] - setText(findTestObject("Object Repository/SignUp/Page_AdRoot  Sign up/input_First name_first_name"), "Runa"): Text 'Runa' is set on object 'Object Repository/SignUp/Page_AdRoot  Sign up/input_First name_first_name'

2022-01-28 12:38:20 - [MESSAGE][PASSED] - Text 'Runa' is set on object 'Object Repository/SignUp/Page_AdRoot  Sign up/input_First name_first_name'

2022-01-28 12:38:20 - [TEST_STEP][PASSED] - setText(findTestObject("Object Repository/SignUp/Page_AdRoot  Sign up/input_Last name_last_name"), "Test"): Text 'Test' is set on object 'Object Repository/SignUp/Page_AdRoot  Sign up/input_Last name_last_name'

2022-01-28 12:38:21 - [MESSAGE][PASSED] - Text 'Test' is set on object 'Object Repository/SignUp/Page_AdRoot  Sign up/input_Last name_last_name'

2022-01-28 12:38:21 - [TEST_STEP][PASSED] - setText(findTestObject("Object Repository/SignUp/Page_AdRoot  Sign up/input"), "77197878"): Text '77197878' is set on object 'Object Repository/SignUp/Page_AdRoot  Sign up/input'

2022-01-28 12:38:22 - [MESSAGE][PASSED] - Text '77197878' is set on object 'Object Repository/SignUp/Page_AdRoot  Sign up/input'

2022-01-28 12:38:22 - [TEST_STEP][PASSED] - setEncryptedText(findTestObject("Object Repository/SignUp/Page_AdRoot  Sign up/input_Password_password"), "9juLMCYi8sYpY2Mrwe5diw=="): Text ****** has been set on object 'Object Repository/SignUp/Page_AdRoot  Sign up/input_Password_password'

2022-01-28 12:38:23 - [MESSAGE][PASSED] - Text ****** has been set on object 'Object Repository/SignUp/Page_AdRoot  Sign up/input_Password_password'

2022-01-28 12:38:23 - [TEST_STEP][PASSED] - setEncryptedText(findTestObject("Object Repository/SignUp/Page_AdRoot  Sign up/input_Confirm password_confirm"), "9juLMCYi8sYpY2Mrwe5diw=="): Text ****** has been set on object 'Object Repository/SignUp/Page_AdRoot  Sign up/input_Confirm password_confirm'

2022-01-28 12:38:23 - [MESSAGE][PASSED] - Text ****** has been set on object 'Object Repository/SignUp/Page_AdRoot  Sign up/input_Confirm password_confirm'

2022-01-28 12:38:23 - [TEST_STEP][PASSED] - click(findTestObject("SignUp/Page_AdRoot  Sign up/Page_AdRoot  Sign up/div_Confirm password_checkbox")): Object: 'Object Repository/SignUp/Page_AdRoot  Sign up/Page_AdRoot  Sign up/div_Confirm password_checkbox' is clicked on

2022-01-28 12:38:24 - [MESSAGE][PASSED] - Object: 'Object Repository/SignUp/Page_AdRoot  Sign up/Page_AdRoot  Sign up/div_Confirm password_checkbox' is clicked on

2022-01-28 12:38:24 - [TEST_STEP][PASSED] - click(findTestObject("SignUp/SignUp with email/Page_AdRoot  Sign up/div_Sign up")): Object: 'Object Repository/SignUp/SignUp with email/Page_AdRoot  Sign up/div_Sign up' is clicked on

2022-01-28 12:38:24 - [MESSAGE][PASSED] - Object: 'Object Repository/SignUp/SignUp with email/Page_AdRoot  Sign up/div_Sign up' is clicked on

2022-01-28 12:38:24 - [TEST_STEP][PASSED] - click(findTestObject("Object Repository/SignUp/Page_AdRoot  Sign up/span_Invalid e-mail address")): Object: 'Object Repository/SignUp/Page_AdRoot  Sign up/span_Invalid e-mail address' is clicked on

2022-01-28 12:38:25 - [MESSAGE][PASSED] - Object: 'Object Repository/SignUp/Page_AdRoot  Sign up/span_Invalid e-mail address' is clicked on

2022-01-28 12:38:25 - [TEST_STEP][PASSED] - verifyTextPresent("Invalid e-mail address.", false): Text 'Invalid e-mail address.' is present on page 

2022-01-28 12:38:25 - [MESSAGE][PASSED] - Text 'Invalid e-mail address.' is present on page 

2022-01-28 12:38:25 - [TEST_STEP][PASSED] - closeBrowser(): Browser is closed

2022-01-28 12:38:26 - [MESSAGE][PASSED] - Browser is closed]]></system-out>
         <system-err><![CDATA[]]></system-err>
      </testcase>
      <system-out><![CDATA[2022-01-28 12:37:30 - [TEST_SUITE][PASSED] - SignUp: Test Cases/SignUp/SignUp without email]]></system-out>
      <system-err><![CDATA[]]></system-err>
   </testsuite>
</testsuites>
