<?xml version="1.0" encoding="UTF-8"?>
<testsuites name="Login" time="89.139" tests="7" failures="0" errors="0">
   <testsuite name="Login" tests="7" failures="0" errors="0" time="89.139" skipped="0" timestamp="2022-02-08 11:41:11" hostname="AdRoot_PC2 - GorsPC" id="Test Suites/Login">
      <properties>
         <property name="deviceName" value=""/>
         <property name="devicePlatform" value=""/>
         <property name="logFolder" value="C:\\Users\\AdRoot_PC2\\git\\KatalonAutomation1\\Reports\\20220208_114103\\Login\\20220208_114103"/>
         <property name="logFiles" value="C:\\Users\\AdRoot_PC2\\git\\KatalonAutomation1\\Reports\\20220208_114103\\Login\\20220208_114103\\execution0.log"/>
         <property name="attachments" value=""/>
         <property name="hostName" value="AdRoot_PC2 - GorsPC"/>
         <property name="os" value="Windows 10 64bit"/>
         <property name="katalonVersion" value="8.2.5.208"/>
         <property name="browser" value="Chrome 97.0.4692.99"/>
         <property name="hostAddress" value="192.168.0.103"/>
         <property name="sessionId" value="b705a486bcf0e8cb2a05982af1d2ceea"/>
         <property name="seleniumVersion" value="3.141.59"/>
         <property name="proxyInformation" value="ProxyInformation { proxyOption=NO_PROXY, proxyServerType=HTTP, username=, password=********, proxyServerAddress=, proxyServerPort=0, executionList=&quot;&quot;, isApplyToDesiredCapabilities=true }"/>
         <property name="platform" value="Windows 10"/>
      </properties>
      <testcase name="Test Cases/Login/Login with email" time="9.366" classname="Test Cases/Login/Login with email" status="PASSED">
         <system-out><![CDATA[2022-02-08 11:41:11 - [TEST_CASE][PASSED] - Test Cases/Login/Login with email: Test Cases/Login/Login with email

2022-02-08 11:41:11 - [TEST_STEP][PASSED] - openBrowser(""): Browser is opened with url: ''

2022-02-08 11:41:12 - [MESSAGE][INFO] - Starting 'Chrome' driver

2022-02-08 11:41:12 - [MESSAGE][INFO] - Action delay is set to 0 milliseconds

2022-02-08 11:41:14 - [MESSAGE][PASSED] - Browser is opened with url: ''

2022-02-08 11:41:14 - [TEST_STEP][PASSED] - setViewPortSize(1200, 1000): Viewport is set to new size with width = 1200 and height = 1000

2022-02-08 11:41:14 - [MESSAGE][PASSED] - Viewport is set to new size with width = 1200 and height = 1000

2022-02-08 11:41:14 - [TEST_STEP][PASSED] - navigateToUrl("https://dev.adroot.io/auth/signin"): Navigate to 'https://dev.adroot.io/auth/signin' successfully

2022-02-08 11:41:16 - [MESSAGE][PASSED] - Navigate to 'https://dev.adroot.io/auth/signin' successfully

2022-02-08 11:41:16 - [TEST_STEP][PASSED] - setText(findTestObject("Object Repository/Login/Page_AdRoot  Login/input_E-mail_email"), "makronmanuel01@gmail.com"): Text 'makronmanuel01@gmail.com' is set on object 'Object Repository/Login/Page_AdRoot  Login/input_E-mail_email'

2022-02-08 11:41:17 - [MESSAGE][PASSED] - Text 'makronmanuel01@gmail.com' is set on object 'Object Repository/Login/Page_AdRoot  Login/input_E-mail_email'

2022-02-08 11:41:17 - [TEST_STEP][PASSED] - setEncryptedText(findTestObject("Object Repository/Login/Page_AdRoot  Login/input_Password_password"), "9juLMCYi8sYpY2Mrwe5diw=="): Text ****** has been set on object 'Object Repository/Login/Page_AdRoot  Login/input_Password_password'

2022-02-08 11:41:18 - [MESSAGE][PASSED] - Text ****** has been set on object 'Object Repository/Login/Page_AdRoot  Login/input_Password_password'

2022-02-08 11:41:18 - [TEST_STEP][PASSED] - click(findTestObject("Login/Page_AdRoot  Login/button_Sign in")): Object: 'Object Repository/Login/Page_AdRoot  Login/button_Sign in' is clicked on

2022-02-08 11:41:18 - [MESSAGE][PASSED] - Object: 'Object Repository/Login/Page_AdRoot  Login/button_Sign in' is clicked on

2022-02-08 11:41:18 - [TEST_STEP][PASSED] - click(findTestObject("Login/Page_AdRoot  Dashboard/a_Campaigns")): Object: 'Object Repository/Login/Page_AdRoot  Dashboard/a_Campaigns' is clicked on

2022-02-08 11:41:20 - [MESSAGE][PASSED] - Object: 'Object Repository/Login/Page_AdRoot  Dashboard/a_Campaigns' is clicked on]]></system-out>
         <system-err><![CDATA[]]></system-err>
      </testcase>
      <testcase name="Test Cases/Login/Login with Facebook and close" time="8.618" classname="Test Cases/Login/Login with Facebook and close" status="PASSED">
         <system-out><![CDATA[2022-02-08 11:41:20 - [TEST_CASE][PASSED] - Test Cases/Login/Login with Facebook and close: Test Cases/Login/Login with Facebook and close

2022-02-08 11:41:21 - [TEST_STEP][PASSED] - openBrowser(""): Browser is opened with url: ''

2022-02-08 11:41:21 - [MESSAGE][WARNING] - A browser is already opened. Closing browser and opening a new one

2022-02-08 11:41:21 - [MESSAGE][INFO] - Starting 'Chrome' driver

2022-02-08 11:41:21 - [MESSAGE][INFO] - Action delay is set to 0 milliseconds

2022-02-08 11:41:22 - [MESSAGE][PASSED] - Browser is opened with url: ''

2022-02-08 11:41:22 - [TEST_STEP][PASSED] - setViewPortSize(1200, 1000): Viewport is set to new size with width = 1200 and height = 1000

2022-02-08 11:41:23 - [MESSAGE][PASSED] - Viewport is set to new size with width = 1200 and height = 1000

2022-02-08 11:41:23 - [TEST_STEP][PASSED] - navigateToUrl("https://dev.adroot.io/auth/signin"): Navigate to 'https://dev.adroot.io/auth/signin' successfully

2022-02-08 11:41:25 - [MESSAGE][PASSED] - Navigate to 'https://dev.adroot.io/auth/signin' successfully

2022-02-08 11:41:25 - [TEST_STEP][PASSED] - click(findTestObject("Object Repository/Login/Page_AdRoot  Login/div_Sign In_login-icon")): Object: 'Object Repository/Login/Page_AdRoot  Login/div_Sign In_login-icon' is clicked on

2022-02-08 11:41:25 - [MESSAGE][PASSED] - Object: 'Object Repository/Login/Page_AdRoot  Login/div_Sign In_login-icon' is clicked on

2022-02-08 11:41:25 - [TEST_STEP][PASSED] - switchToWindowTitle("Facebook"): Switched to window with title: 'Facebook'

2022-02-08 11:41:27 - [MESSAGE][PASSED] - Switched to window with title: 'Facebook'

2022-02-08 11:41:27 - [TEST_STEP][PASSED] - setText(findTestObject("Object Repository/Login/Page_Facebook/input_Email or phone_email"), "makronmanuel01@gmail.com"): Text 'makronmanuel01@gmail.com' is set on object 'Object Repository/Login/Page_Facebook/input_Email or phone_email'

2022-02-08 11:41:27 - [MESSAGE][PASSED] - Text 'makronmanuel01@gmail.com' is set on object 'Object Repository/Login/Page_Facebook/input_Email or phone_email'

2022-02-08 11:41:27 - [TEST_STEP][PASSED] - setEncryptedText(findTestObject("Object Repository/Login/Page_Facebook/input_Password_pass"), "/cmVevPZqxso+uthIH5BoA=="): Text ****** has been set on object 'Object Repository/Login/Page_Facebook/input_Password_pass'

2022-02-08 11:41:28 - [MESSAGE][PASSED] - Text ****** has been set on object 'Object Repository/Login/Page_Facebook/input_Password_pass'

2022-02-08 11:41:28 - [TEST_STEP][PASSED] - switchToWindowTitle("AdRoot ‒ Login"): Switched to window with title: 'AdRoot ‒ Login'

2022-02-08 11:41:28 - [MESSAGE][PASSED] - Switched to window with title: 'AdRoot ‒ Login'

2022-02-08 11:41:28 - [TEST_STEP][PASSED] - verifyTextPresent("Login into your account", false): Text 'Login into your account' is present on page 

2022-02-08 11:41:28 - [MESSAGE][PASSED] - Text 'Login into your account' is present on page 

2022-02-08 11:41:28 - [TEST_STEP][PASSED] - closeBrowser(): Browser is closed

2022-02-08 11:41:29 - [MESSAGE][PASSED] - Browser is closed]]></system-out>
         <system-err><![CDATA[]]></system-err>
      </testcase>
      <testcase name="Test Cases/Login/Login with Facebook" time="15.219" classname="Test Cases/Login/Login with Facebook" status="PASSED">
         <system-out><![CDATA[2022-02-08 11:41:29 - [TEST_CASE][PASSED] - Test Cases/Login/Login with Facebook: Test Cases/Login/Login with Facebook

2022-02-08 11:41:29 - [TEST_STEP][PASSED] - openBrowser(""): Browser is opened with url: ''

2022-02-08 11:41:29 - [MESSAGE][INFO] - Starting 'Chrome' driver

2022-02-08 11:41:29 - [MESSAGE][INFO] - Action delay is set to 0 milliseconds

2022-02-08 11:41:30 - [MESSAGE][PASSED] - Browser is opened with url: ''

2022-02-08 11:41:30 - [TEST_STEP][PASSED] - setViewPortSize(1200, 1000): Viewport is set to new size with width = 1200 and height = 1000

2022-02-08 11:41:30 - [MESSAGE][PASSED] - Viewport is set to new size with width = 1200 and height = 1000

2022-02-08 11:41:30 - [TEST_STEP][PASSED] - navigateToUrl("https://dev.adroot.io/auth/signin"): Navigate to 'https://dev.adroot.io/auth/signin' successfully

2022-02-08 11:41:33 - [MESSAGE][PASSED] - Navigate to 'https://dev.adroot.io/auth/signin' successfully

2022-02-08 11:41:33 - [TEST_STEP][PASSED] - click(findTestObject("Login wtih Facebook/Page_AdRoot  Login/div_Sign In_login-icon")): Object: 'Object Repository/Login wtih Facebook/Page_AdRoot  Login/div_Sign In_login-icon' is clicked on

2022-02-08 11:41:33 - [MESSAGE][PASSED] - Object: 'Object Repository/Login wtih Facebook/Page_AdRoot  Login/div_Sign In_login-icon' is clicked on

2022-02-08 11:41:33 - [TEST_STEP][PASSED] - switchToWindowTitle("Facebook"): Switched to window with title: 'Facebook'

2022-02-08 11:41:35 - [MESSAGE][PASSED] - Switched to window with title: 'Facebook'

2022-02-08 11:41:35 - [TEST_STEP][PASSED] - setText(findTestObject("Object Repository/Login/Page_Facebook/input_Email or phone_email"), "makronmanuel01@gmail.com"): Text 'makronmanuel01@gmail.com' is set on object 'Object Repository/Login/Page_Facebook/input_Email or phone_email'

2022-02-08 11:41:35 - [MESSAGE][PASSED] - Text 'makronmanuel01@gmail.com' is set on object 'Object Repository/Login/Page_Facebook/input_Email or phone_email'

2022-02-08 11:41:35 - [TEST_STEP][PASSED] - setEncryptedText(findTestObject("Object Repository/Login/Page_Facebook/input_Password_pass"), "/cmVevPZqxso+uthIH5BoA=="): Text ****** has been set on object 'Object Repository/Login/Page_Facebook/input_Password_pass'

2022-02-08 11:41:36 - [MESSAGE][PASSED] - Text ****** has been set on object 'Object Repository/Login/Page_Facebook/input_Password_pass'

2022-02-08 11:41:36 - [TEST_STEP][PASSED] - sendKeys(findTestObject("Object Repository/Login wtih Facebook/Page_Facebook/input_Password_pass"), Keys.chord(ENTER)): Keys 'ENTER + ' sent to object: 'Object Repository/Login wtih Facebook/Page_Facebook/input_Password_pass'

2022-02-08 11:41:36 - [MESSAGE][PASSED] - Keys 'ENTER + ' sent to object: 'Object Repository/Login wtih Facebook/Page_Facebook/input_Password_pass'

2022-02-08 11:41:36 - [TEST_STEP][PASSED] - switchToWindowTitle("AdRoot ‒ Dashboard"): Switched to window with title: 'AdRoot ‒ Dashboard'

2022-02-08 11:41:42 - [MESSAGE][PASSED] - Switched to window with title: 'AdRoot ‒ Dashboard'

2022-02-08 11:41:42 - [TEST_STEP][PASSED] - click(findTestObject("Object Repository/Login/Page_AdRoot  Dashboard/a_Campaigns")): Object: 'Object Repository/Login/Page_AdRoot  Dashboard/a_Campaigns' is clicked on

2022-02-08 11:41:43 - [MESSAGE][PASSED] - Object: 'Object Repository/Login/Page_AdRoot  Dashboard/a_Campaigns' is clicked on

2022-02-08 11:41:43 - [TEST_STEP][PASSED] - closeBrowser(): Browser is closed

2022-02-08 11:41:44 - [MESSAGE][PASSED] - Browser is closed]]></system-out>
         <system-err><![CDATA[]]></system-err>
      </testcase>
      <testcase name="Test Cases/Login/Login with Google and close" time="10.711" classname="Test Cases/Login/Login with Google and close" status="PASSED">
         <system-out><![CDATA[2022-02-08 11:41:44 - [TEST_CASE][PASSED] - Test Cases/Login/Login with Google and close: Test Cases/Login/Login with Google and close

2022-02-08 11:41:44 - [TEST_STEP][PASSED] - openBrowser(""): Browser is opened with url: ''

2022-02-08 11:41:44 - [MESSAGE][INFO] - Starting 'Chrome' driver

2022-02-08 11:41:44 - [MESSAGE][INFO] - Action delay is set to 0 milliseconds

2022-02-08 11:41:46 - [MESSAGE][PASSED] - Browser is opened with url: ''

2022-02-08 11:41:46 - [TEST_STEP][PASSED] - setViewPortSize(1200, 1000): Viewport is set to new size with width = 1200 and height = 1000

2022-02-08 11:41:46 - [MESSAGE][PASSED] - Viewport is set to new size with width = 1200 and height = 1000

2022-02-08 11:41:46 - [TEST_STEP][PASSED] - navigateToUrl("https://dev.adroot.io/auth/signin"): Navigate to 'https://dev.adroot.io/auth/signin' successfully

2022-02-08 11:41:48 - [MESSAGE][PASSED] - Navigate to 'https://dev.adroot.io/auth/signin' successfully

2022-02-08 11:41:48 - [TEST_STEP][PASSED] - click(findTestObject("Object Repository/Login/Page_AdRoot  Login/span_Sign In")): Object: 'Object Repository/Login/Page_AdRoot  Login/span_Sign In' is clicked on

2022-02-08 11:41:49 - [MESSAGE][PASSED] - Object: 'Object Repository/Login/Page_AdRoot  Login/span_Sign In' is clicked on

2022-02-08 11:41:49 - [TEST_STEP][PASSED] - switchToWindowTitle("Մտնել Google հաշիվներ"): Switched to window with title: 'Մտնել Google հաշիվներ'

2022-02-08 11:41:50 - [MESSAGE][PASSED] - Switched to window with title: 'Մտնել Google հաշիվներ'

2022-02-08 11:41:50 - [TEST_STEP][PASSED] - setText(findTestObject("Object Repository/Login/Page_Google/input_adroot.io_identifier"), "ruzan.a@adroot.io"): Text 'ruzan.a@adroot.io' is set on object 'Object Repository/Login/Page_Google/input_adroot.io_identifier'

2022-02-08 11:41:51 - [MESSAGE][PASSED] - Text 'ruzan.a@adroot.io' is set on object 'Object Repository/Login/Page_Google/input_adroot.io_identifier'

2022-02-08 11:41:51 - [TEST_STEP][PASSED] - sendKeys(findTestObject("Object Repository/Login/Page_Google/input_adroot.io_identifier"), Keys.chord(ENTER)): Keys 'ENTER + ' sent to object: 'Object Repository/Login/Page_Google/input_adroot.io_identifier'

2022-02-08 11:41:52 - [MESSAGE][PASSED] - Keys 'ENTER + ' sent to object: 'Object Repository/Login/Page_Google/input_adroot.io_identifier'

2022-02-08 11:41:52 - [TEST_STEP][PASSED] - setEncryptedText(findTestObject("Object Repository/Login/Page_Google/input__password"), "/cmVevPZqxso+uthIH5BoA=="): Text ****** has been set on object 'Object Repository/Login/Page_Google/input__password'

2022-02-08 11:41:54 - [MESSAGE][PASSED] - Text ****** has been set on object 'Object Repository/Login/Page_Google/input__password'

2022-02-08 11:41:54 - [TEST_STEP][PASSED] - switchToWindowTitle("AdRoot ‒ Login"): Switched to window with title: 'AdRoot ‒ Login'

2022-02-08 11:41:54 - [MESSAGE][PASSED] - Switched to window with title: 'AdRoot ‒ Login'

2022-02-08 11:41:54 - [TEST_STEP][PASSED] - verifyTextPresent("Login into your account", false): Text 'Login into your account' is present on page 

2022-02-08 11:41:54 - [MESSAGE][PASSED] - Text 'Login into your account' is present on page 

2022-02-08 11:41:54 - [TEST_STEP][PASSED] - closeBrowser(): Browser is closed

2022-02-08 11:41:55 - [MESSAGE][PASSED] - Browser is closed]]></system-out>
         <system-err><![CDATA[]]></system-err>
      </testcase>
      <testcase name="Test Cases/Login/Login with google" time="30.412" classname="Test Cases/Login/Login with google" status="PASSED">
         <system-out><![CDATA[2022-02-08 11:41:55 - [TEST_CASE][PASSED] - Test Cases/Login/Login with google: Test Cases/Login/Login with google

2022-02-08 11:41:55 - [TEST_STEP][PASSED] - openBrowser(""): Browser is opened with url: ''

2022-02-08 11:41:55 - [MESSAGE][INFO] - Starting 'Chrome' driver

2022-02-08 11:41:55 - [MESSAGE][INFO] - Action delay is set to 0 milliseconds

2022-02-08 11:41:57 - [MESSAGE][PASSED] - Browser is opened with url: ''

2022-02-08 11:41:57 - [TEST_STEP][PASSED] - setViewPortSize(1200, 1000): Viewport is set to new size with width = 1200 and height = 1000

2022-02-08 11:41:57 - [MESSAGE][PASSED] - Viewport is set to new size with width = 1200 and height = 1000

2022-02-08 11:41:57 - [TEST_STEP][PASSED] - navigateToUrl("https://dev.adroot.io/auth/signin"): Navigate to 'https://dev.adroot.io/auth/signin' successfully

2022-02-08 11:41:59 - [MESSAGE][PASSED] - Navigate to 'https://dev.adroot.io/auth/signin' successfully

2022-02-08 11:41:59 - [TEST_STEP][PASSED] - click(findTestObject("Object Repository/Login/Page_AdRoot  Login/span_Sign In")): Object: 'Object Repository/Login/Page_AdRoot  Login/span_Sign In' is clicked on

2022-02-08 11:41:59 - [MESSAGE][PASSED] - Object: 'Object Repository/Login/Page_AdRoot  Login/span_Sign In' is clicked on

2022-02-08 11:41:59 - [TEST_STEP][PASSED] - switchToWindowTitle("Մտնել Google հաշիվներ"): Switched to window with title: 'Մտնել Google հաշիվներ'

2022-02-08 11:42:00 - [MESSAGE][PASSED] - Switched to window with title: 'Մտնել Google հաշիվներ'

2022-02-08 11:42:00 - [TEST_STEP][PASSED] - setText(findTestObject("Object Repository/Login/Page_Google/input_adroot.io_identifier"), "ruzan.a@adroot.io"): Text 'ruzan.a@adroot.io' is set on object 'Object Repository/Login/Page_Google/input_adroot.io_identifier'

2022-02-08 11:42:02 - [MESSAGE][PASSED] - Text 'ruzan.a@adroot.io' is set on object 'Object Repository/Login/Page_Google/input_adroot.io_identifier'

2022-02-08 11:42:02 - [TEST_STEP][PASSED] - sendKeys(findTestObject("Object Repository/Login/Page_Google/input_adroot.io_identifier"), Keys.chord(ENTER)): Keys 'ENTER + ' sent to object: 'Object Repository/Login/Page_Google/input_adroot.io_identifier'

2022-02-08 11:42:02 - [MESSAGE][PASSED] - Keys 'ENTER + ' sent to object: 'Object Repository/Login/Page_Google/input_adroot.io_identifier'

2022-02-08 11:42:02 - [TEST_STEP][PASSED] - setEncryptedText(findTestObject("Object Repository/Login/Page_Google/input__password"), "/cmVevPZqxso+uthIH5BoA=="): Text ****** has been set on object 'Object Repository/Login/Page_Google/input__password'

2022-02-08 11:42:04 - [MESSAGE][PASSED] - Text ****** has been set on object 'Object Repository/Login/Page_Google/input__password'

2022-02-08 11:42:04 - [TEST_STEP][PASSED] - sendKeys(findTestObject("Object Repository/Login/Page_Google/input__password"), Keys.chord(ENTER)): Keys 'ENTER + ' sent to object: 'Object Repository/Login/Page_Google/input__password'

2022-02-08 11:42:04 - [MESSAGE][PASSED] - Keys 'ENTER + ' sent to object: 'Object Repository/Login/Page_Google/input__password'

2022-02-08 11:42:04 - [TEST_STEP][PASSED] - switchToWindowTitle("AdRoot ‒ Dashboard"): Switched to window with title: 'AdRoot ‒ Dashboard'

2022-02-08 11:42:23 - [MESSAGE][PASSED] - Switched to window with title: 'AdRoot ‒ Dashboard'

2022-02-08 11:42:23 - [TEST_STEP][PASSED] - click(findTestObject("Object Repository/Login/Page_AdRoot  Dashboard/a_Campaigns")): Object: 'Object Repository/Login/Page_AdRoot  Dashboard/a_Campaigns' is clicked on

2022-02-08 11:42:25 - [MESSAGE][PASSED] - Object: 'Object Repository/Login/Page_AdRoot  Dashboard/a_Campaigns' is clicked on

2022-02-08 11:42:25 - [TEST_STEP][PASSED] - closeBrowser(): Browser is closed

2022-02-08 11:42:25 - [MESSAGE][PASSED] - Browser is closed]]></system-out>
         <system-err><![CDATA[]]></system-err>
      </testcase>
      <testcase name="Test Cases/Login/Login with invalid email" time="7.08" classname="Test Cases/Login/Login with invalid email" status="PASSED">
         <system-out><![CDATA[2022-02-08 11:42:25 - [TEST_CASE][PASSED] - Test Cases/Login/Login with invalid email: Test Cases/Login/Login with invalid email

2022-02-08 11:42:25 - [TEST_STEP][PASSED] - openBrowser(""): Browser is opened with url: ''

2022-02-08 11:42:25 - [MESSAGE][INFO] - Starting 'Chrome' driver

2022-02-08 11:42:25 - [MESSAGE][INFO] - Action delay is set to 0 milliseconds

2022-02-08 11:42:27 - [MESSAGE][PASSED] - Browser is opened with url: ''

2022-02-08 11:42:27 - [TEST_STEP][PASSED] - setViewPortSize(1200, 1000): Viewport is set to new size with width = 1200 and height = 1000

2022-02-08 11:42:27 - [MESSAGE][PASSED] - Viewport is set to new size with width = 1200 and height = 1000

2022-02-08 11:42:27 - [TEST_STEP][PASSED] - navigateToUrl("https://dev.adroot.io/auth/signin"): Navigate to 'https://dev.adroot.io/auth/signin' successfully

2022-02-08 11:42:29 - [MESSAGE][PASSED] - Navigate to 'https://dev.adroot.io/auth/signin' successfully

2022-02-08 11:42:29 - [TEST_STEP][PASSED] - setText(findTestObject("Object Repository/Login/Page_AdRoot  Login/input_E-mail_email"), "makronmanuel@gmail.com"): Text 'makronmanuel@gmail.com' is set on object 'Object Repository/Login/Page_AdRoot  Login/input_E-mail_email'

2022-02-08 11:42:30 - [MESSAGE][PASSED] - Text 'makronmanuel@gmail.com' is set on object 'Object Repository/Login/Page_AdRoot  Login/input_E-mail_email'

2022-02-08 11:42:30 - [TEST_STEP][PASSED] - setEncryptedText(findTestObject("Object Repository/Login/Page_AdRoot  Login/input_Password_password"), "p6SfaQ7mi9I0hsJfWzeJOA=="): Text ****** has been set on object 'Object Repository/Login/Page_AdRoot  Login/input_Password_password'

2022-02-08 11:42:30 - [MESSAGE][PASSED] - Text ****** has been set on object 'Object Repository/Login/Page_AdRoot  Login/input_Password_password'

2022-02-08 11:42:30 - [TEST_STEP][PASSED] - click(findTestObject("Object Repository/Login/Page_AdRoot  Login/button_Sign in")): Object: 'Object Repository/Login/Page_AdRoot  Login/button_Sign in' is clicked on

2022-02-08 11:42:31 - [MESSAGE][PASSED] - Object: 'Object Repository/Login/Page_AdRoot  Login/button_Sign in' is clicked on

2022-02-08 11:42:31 - [TEST_STEP][PASSED] - verifyTextPresent("Incorrect e-mail or password.", false): Text 'Incorrect e-mail or password.' is present on page 

2022-02-08 11:42:32 - [MESSAGE][PASSED] - Text 'Incorrect e-mail or password.' is present on page 

2022-02-08 11:42:32 - [TEST_STEP][PASSED] - closeBrowser(): Browser is closed

2022-02-08 11:42:32 - [MESSAGE][PASSED] - Browser is closed]]></system-out>
         <system-err><![CDATA[]]></system-err>
      </testcase>
      <testcase name="Test Cases/Login/Login with wrong password" time="7.422" classname="Test Cases/Login/Login with wrong password" status="PASSED">
         <system-out><![CDATA[2022-02-08 11:42:32 - [TEST_CASE][PASSED] - Test Cases/Login/Login with wrong password: Test Cases/Login/Login with wrong password

2022-02-08 11:42:33 - [TEST_STEP][PASSED] - openBrowser(""): Browser is opened with url: ''

2022-02-08 11:42:33 - [MESSAGE][INFO] - Starting 'Chrome' driver

2022-02-08 11:42:33 - [MESSAGE][INFO] - Action delay is set to 0 milliseconds

2022-02-08 11:42:34 - [MESSAGE][PASSED] - Browser is opened with url: ''

2022-02-08 11:42:34 - [TEST_STEP][PASSED] - setViewPortSize(1200, 1000): Viewport is set to new size with width = 1200 and height = 1000

2022-02-08 11:42:34 - [MESSAGE][PASSED] - Viewport is set to new size with width = 1200 and height = 1000

2022-02-08 11:42:34 - [TEST_STEP][PASSED] - navigateToUrl("https://dev.adroot.io/auth/signin"): Navigate to 'https://dev.adroot.io/auth/signin' successfully

2022-02-08 11:42:36 - [MESSAGE][PASSED] - Navigate to 'https://dev.adroot.io/auth/signin' successfully

2022-02-08 11:42:36 - [TEST_STEP][PASSED] - setText(findTestObject("Object Repository/Login/Page_AdRoot  Login/input_E-mail_email"), "makronmanuel01@gmail.com"): Text 'makronmanuel01@gmail.com' is set on object 'Object Repository/Login/Page_AdRoot  Login/input_E-mail_email'

2022-02-08 11:42:37 - [MESSAGE][PASSED] - Text 'makronmanuel01@gmail.com' is set on object 'Object Repository/Login/Page_AdRoot  Login/input_E-mail_email'

2022-02-08 11:42:37 - [TEST_STEP][PASSED] - setEncryptedText(findTestObject("Object Repository/Login/Page_AdRoot  Login/input_Password_password"), "p6SfaQ7mi9I0hsJfWzeJOA=="): Text ****** has been set on object 'Object Repository/Login/Page_AdRoot  Login/input_Password_password'

2022-02-08 11:42:38 - [MESSAGE][PASSED] - Text ****** has been set on object 'Object Repository/Login/Page_AdRoot  Login/input_Password_password'

2022-02-08 11:42:38 - [TEST_STEP][PASSED] - click(findTestObject("Object Repository/Login/Page_AdRoot  Login/button_Sign in")): Object: 'Object Repository/Login/Page_AdRoot  Login/button_Sign in' is clicked on

2022-02-08 11:42:38 - [MESSAGE][PASSED] - Object: 'Object Repository/Login/Page_AdRoot  Login/button_Sign in' is clicked on

2022-02-08 11:42:38 - [TEST_STEP][PASSED] - verifyTextPresent("Incorrect e-mail or password.", false): Text 'Incorrect e-mail or password.' is present on page 

2022-02-08 11:42:39 - [MESSAGE][PASSED] - Text 'Incorrect e-mail or password.' is present on page 

2022-02-08 11:42:39 - [TEST_STEP][PASSED] - closeBrowser(): Browser is closed

2022-02-08 11:42:40 - [MESSAGE][PASSED] - Browser is closed]]></system-out>
         <system-err><![CDATA[]]></system-err>
      </testcase>
      <system-out><![CDATA[2022-02-08 11:41:11 - [TEST_SUITE][PASSED] - Login: Test Cases/Login/Login with wrong password]]></system-out>
      <system-err><![CDATA[]]></system-err>
   </testsuite>
</testsuites>
