<?xml version="1.0" encoding="UTF-8"?>
<testsuites name="dev-create campaign suite" time="326.571" tests="4" failures="0" errors="0">
   <testsuite name="dev-create campaign suite" tests="4" failures="0" errors="0" time="326.571" skipped="0" timestamp="2022-03-09 10:27:59" hostname="AdRoot_PC2 - GorsPC" id="Test Suites/dev-create campaign suite">
      <properties>
         <property name="deviceName" value=""/>
         <property name="devicePlatform" value=""/>
         <property name="logFolder" value="C:\\Users\\AdRoot_PC2\\git\\KatalonAutomation1\\Reports\\20220309_102426\\dev-create campaign suite\\20220309_102429"/>
         <property name="logFiles" value="C:\\Users\\AdRoot_PC2\\git\\KatalonAutomation1\\Reports\\20220309_102426\\dev-create campaign suite\\20220309_102429\\execution0.log"/>
         <property name="attachments" value=""/>
         <property name="hostName" value="AdRoot_PC2 - GorsPC"/>
         <property name="os" value="Windows 10 64bit"/>
         <property name="katalonVersion" value="8.2.5.208"/>
         <property name="browser" value="Chrome 99.0.4844.51"/>
         <property name="hostAddress" value="192.168.0.106"/>
         <property name="sessionId" value="9dfc68a0e79e56e2dae386165a69af9a"/>
         <property name="seleniumVersion" value="3.141.59"/>
         <property name="proxyInformation" value="ProxyInformation { proxyOption=NO_PROXY, proxyServerType=HTTP, username=, password=********, proxyServerAddress=, proxyServerPort=0, executionList=&quot;&quot;, isApplyToDesiredCapabilities=true }"/>
         <property name="platform" value="Windows 10"/>
      </properties>
      <testcase name="Test Cases/Campaign/Create campaign/dev-Create campaign/Dev-Brand campaign" time="116.071" classname="Test Cases/Campaign/Create campaign/dev-Create campaign/Dev-Brand campaign" status="PASSED">
         <system-out><![CDATA[2022-03-09 10:27:59 - [TEST_CASE][PASSED] - Test Cases/Campaign/Create campaign/dev-Create campaign/Dev-Brand campaign: Test Cases/Campaign/Create campaign/dev-Create campaign/Dev-Brand campaign

2022-03-09 10:28:00 - [TEST_STEP][PASSED] - openBrowser(""): Browser is opened with url: ''

2022-03-09 10:28:00 - [MESSAGE][INFO] - Starting 'Chrome' driver

2022-03-09 10:28:00 - [MESSAGE][INFO] - Action delay is set to 0 milliseconds

2022-03-09 10:28:03 - [MESSAGE][PASSED] - Browser is opened with url: ''

2022-03-09 10:28:03 - [TEST_STEP][PASSED] - setViewPortSize(1550, 900): Viewport is set to new size with width = 1550 and height = 900

2022-03-09 10:28:03 - [MESSAGE][PASSED] - Viewport is set to new size with width = 1550 and height = 900

2022-03-09 10:28:03 - [TEST_STEP][PASSED] - navigateToUrl("https://dev.adroot.io/auth/signin"): Navigate to 'https://dev.adroot.io/auth/signin' successfully

2022-03-09 10:28:05 - [MESSAGE][PASSED] - Navigate to 'https://dev.adroot.io/auth/signin' successfully

2022-03-09 10:28:05 - [TEST_STEP][PASSED] - setText(findTestObject("Object Repository/Regular Create campaign/Page_AdRoot  Login/input_E-mail_email"), "makronmanuel01@gmail.com"): Text 'makronmanuel01@gmail.com' is set on object 'Object Repository/Regular Create campaign/Page_AdRoot  Login/input_E-mail_email'

2022-03-09 10:28:06 - [MESSAGE][PASSED] - Text 'makronmanuel01@gmail.com' is set on object 'Object Repository/Regular Create campaign/Page_AdRoot  Login/input_E-mail_email'

2022-03-09 10:28:06 - [TEST_STEP][PASSED] - setEncryptedText(findTestObject("Object Repository/Regular Create campaign/Page_AdRoot  Login/input_Password_password"), "9juLMCYi8sYpY2Mrwe5diw=="): Text ****** has been set on object 'Object Repository/Regular Create campaign/Page_AdRoot  Login/input_Password_password'

2022-03-09 10:28:07 - [MESSAGE][PASSED] - Text ****** has been set on object 'Object Repository/Regular Create campaign/Page_AdRoot  Login/input_Password_password'

2022-03-09 10:28:07 - [TEST_STEP][PASSED] - click(findTestObject("Object Repository/Regular Create campaign/Page_AdRoot  Login/button_Sign in")): Object: 'Object Repository/Regular Create campaign/Page_AdRoot  Login/button_Sign in' is clicked on

2022-03-09 10:28:07 - [MESSAGE][PASSED] - Object: 'Object Repository/Regular Create campaign/Page_AdRoot  Login/button_Sign in' is clicked on

2022-03-09 10:28:07 - [TEST_STEP][PASSED] - click(findTestObject("Page_AdRoot  Campaigns/img")): Object: 'Object Repository/Page_AdRoot  Campaigns/img' is clicked on

2022-03-09 10:28:09 - [MESSAGE][PASSED] - Object: 'Object Repository/Page_AdRoot  Campaigns/img' is clicked on

2022-03-09 10:28:09 - [TEST_STEP][PASSED] - click(findTestObject("Object Repository/Regular Create campaign/Page_AdRoot  Campaigns/div_By Ruzan (dev)")): Object: 'Object Repository/Regular Create campaign/Page_AdRoot  Campaigns/div_By Ruzan (dev)' is clicked on

2022-03-09 10:28:10 - [MESSAGE][PASSED] - Object: 'Object Repository/Regular Create campaign/Page_AdRoot  Campaigns/div_By Ruzan (dev)' is clicked on

2022-03-09 10:28:10 - [TEST_STEP][PASSED] - click(findTestObject("Campaign copy/Page_AdRoot  Dashboard/a_Campaigns")): Object: 'Object Repository/Campaign copy/Page_AdRoot  Dashboard/a_Campaigns' is clicked on

2022-03-09 10:28:13 - [MESSAGE][PASSED] - Object: 'Object Repository/Campaign copy/Page_AdRoot  Dashboard/a_Campaigns' is clicked on

2022-03-09 10:28:13 - [TEST_STEP][PASSED] - click(findTestObject("Regular Create campaign/Page_AdRoot  Campaigns/div_Campaign View")): Object: 'Object Repository/Regular Create campaign/Page_AdRoot  Campaigns/div_Campaign View' is clicked on

2022-03-09 10:28:17 - [MESSAGE][PASSED] - Object: 'Object Repository/Regular Create campaign/Page_AdRoot  Campaigns/div_Campaign View' is clicked on

2022-03-09 10:28:17 - [TEST_STEP][PASSED] - click(findTestObject("Regular Create campaign/Page_AdRoot  Campaigns/div_New Campaign")): Object: 'Object Repository/Regular Create campaign/Page_AdRoot  Campaigns/div_New Campaign' is clicked on

2022-03-09 10:28:20 - [MESSAGE][PASSED] - Object: 'Object Repository/Regular Create campaign/Page_AdRoot  Campaigns/div_New Campaign' is clicked on

2022-03-09 10:28:20 - [TEST_STEP][PASSED] - setText(findTestObject("Page_AdRoot  Create Campaign Steps/input_Campaign name_custom-input"), "devadroot1"): Text 'devadroot1' is set on object 'Object Repository/Page_AdRoot  Create Campaign Steps/input_Campaign name_custom-input'

2022-03-09 10:28:25 - [MESSAGE][PASSED] - Text 'devadroot1' is set on object 'Object Repository/Page_AdRoot  Create Campaign Steps/input_Campaign name_custom-input'

2022-03-09 10:28:25 - [TEST_STEP][PASSED] - click(findTestObject("Regular Create campaign/Page_AdRoot  Campaigns/Page_AdRoot  Create Campaign Steps/span_Name is taken")): Object: 'Object Repository/Regular Create campaign/Page_AdRoot  Campaigns/Page_AdRoot  Create Campaign Steps/span_Name is taken' is clicked on

2022-03-09 10:28:27 - [MESSAGE][PASSED] - Object: 'Object Repository/Regular Create campaign/Page_AdRoot  Campaigns/Page_AdRoot  Create Campaign Steps/span_Name is taken' is clicked on

2022-03-09 10:28:27 - [TEST_STEP][PASSED] - click(findTestObject("Goals/Goals/Page_AdRoot  Create Campaign Steps/div_Brand Awareness")): Object: 'Object Repository/Goals/Goals/Page_AdRoot  Create Campaign Steps/div_Brand Awareness' is clicked on

2022-03-09 10:28:29 - [MESSAGE][PASSED] - Object: 'Object Repository/Goals/Goals/Page_AdRoot  Create Campaign Steps/div_Brand Awareness' is clicked on

2022-03-09 10:28:29 - [TEST_STEP][PASSED] - Ms = verifyTextPresent("Name is taken", false): Text 'Name is taken' is present on page 

2022-03-09 10:28:31 - [MESSAGE][PASSED] - Text 'Name is taken' is present on page 

2022-03-09 10:28:31 - [TEST_STEP][PASSED] - if (Ms.equals("true")): Object: 'Object Repository/Regular Create campaign/Page_AdRoot  Campaigns/Page_AdRoot  Create Campaign Steps/button_Next Step' is clicked on

2022-03-09 10:28:31 - [TEST_STEP][PASSED] - RN = <not implemented yet for class: org.codehaus.groovy.ast.expr.EmptyExpression>: null

2022-03-09 10:28:31 - [TEST_STEP][PASSED] - RN = Math.random() * 5000: null

2022-03-09 10:28:31 - [TEST_STEP][PASSED] - setText(findTestObject("Object Repository/Regular Create campaign/Page_AdRoot  Create Campaign Steps/input_Campaign name_invalid custom-input"), "devadroot" + RN): Text 'devadroot1272' is set on object 'Object Repository/Regular Create campaign/Page_AdRoot  Create Campaign Steps/input_Campaign name_invalid custom-input'

2022-03-09 10:28:35 - [MESSAGE][PASSED] - Text 'devadroot1272' is set on object 'Object Repository/Regular Create campaign/Page_AdRoot  Create Campaign Steps/input_Campaign name_invalid custom-input'

2022-03-09 10:28:35 - [TEST_STEP][PASSED] - click(findTestObject("Object Repository/Regular Create campaign/Page_AdRoot  Campaigns/Page_AdRoot  Create Campaign Steps/button_Next Step")): Object: 'Object Repository/Regular Create campaign/Page_AdRoot  Campaigns/Page_AdRoot  Create Campaign Steps/button_Next Step' is clicked on

2022-03-09 10:28:37 - [MESSAGE][PASSED] - Object: 'Object Repository/Regular Create campaign/Page_AdRoot  Campaigns/Page_AdRoot  Create Campaign Steps/button_Next Step' is clicked on

2022-03-09 10:28:37 - [TEST_STEP][PASSED] - verifyElementPresent(findTestObject("Step2/Page_AdRoot  Create Campaign Steps/div_GS PubSense"), 0): Object 'Object Repository/Step2/Page_AdRoot  Create Campaign Steps/div_GS PubSense' is present

2022-03-09 10:28:37 - [MESSAGE][WARNING] - Timeout '0' is invalid. Using default page load timeout: '30'

2022-03-09 10:28:39 - [MESSAGE][PASSED] - Object 'Object Repository/Step2/Page_AdRoot  Create Campaign Steps/div_GS PubSense' is present

2022-03-09 10:28:39 - [TEST_STEP][PASSED] - verifyElementPresent(findTestObject("Step2/Page_AdRoot  Create Campaign Steps/div_Artashes Mxchyan"), 0): Object 'Object Repository/Step2/Page_AdRoot  Create Campaign Steps/div_Artashes Mxchyan' is present

2022-03-09 10:28:39 - [MESSAGE][WARNING] - Timeout '0' is invalid. Using default page load timeout: '30'

2022-03-09 10:28:41 - [MESSAGE][PASSED] - Object 'Object Repository/Step2/Page_AdRoot  Create Campaign Steps/div_Artashes Mxchyan' is present

2022-03-09 10:28:41 - [TEST_STEP][PASSED] - click(findTestObject("Step2/Page_AdRoot  Create Campaign Steps/button_Next Step")): Object: 'Object Repository/Step2/Page_AdRoot  Create Campaign Steps/button_Next Step' is clicked on

2022-03-09 10:28:43 - [MESSAGE][PASSED] - Object: 'Object Repository/Step2/Page_AdRoot  Create Campaign Steps/button_Next Step' is clicked on

2022-03-09 10:28:43 - [TEST_STEP][PASSED] - click(findTestObject("Object Repository/Step2/Page_AdRoot  Create Campaign Steps/Page_AdRoot  Create Campaign Steps/input_Primary Text_invalid custom-input")): Object: 'Object Repository/Step2/Page_AdRoot  Create Campaign Steps/Page_AdRoot  Create Campaign Steps/input_Primary Text_invalid custom-input' is clicked on

2022-03-09 10:28:46 - [MESSAGE][PASSED] - Object: 'Object Repository/Step2/Page_AdRoot  Create Campaign Steps/Page_AdRoot  Create Campaign Steps/input_Primary Text_invalid custom-input' is clicked on

2022-03-09 10:28:46 - [TEST_STEP][PASSED] - setText(findTestObject("Object Repository/Step2/Page_AdRoot  Create Campaign Steps/Page_AdRoot  Create Campaign Steps/input_Primary Text_invalid custom-input"), "Social media"): Text 'Social media' is set on object 'Object Repository/Step2/Page_AdRoot  Create Campaign Steps/Page_AdRoot  Create Campaign Steps/input_Primary Text_invalid custom-input'

2022-03-09 10:28:50 - [MESSAGE][PASSED] - Text 'Social media' is set on object 'Object Repository/Step2/Page_AdRoot  Create Campaign Steps/Page_AdRoot  Create Campaign Steps/input_Primary Text_invalid custom-input'

2022-03-09 10:28:50 - [TEST_STEP][PASSED] - setText(findTestObject("Step2/Page_AdRoot  Create Campaign Steps/Page_AdRoot  Create Campaign Steps/input_Headline_custom-input"), "Social media ads management "): Text 'Social media ads management ' is set on object 'Object Repository/Step2/Page_AdRoot  Create Campaign Steps/Page_AdRoot  Create Campaign Steps/input_Headline_custom-input'

2022-03-09 10:28:54 - [MESSAGE][PASSED] - Text 'Social media ads management ' is set on object 'Object Repository/Step2/Page_AdRoot  Create Campaign Steps/Page_AdRoot  Create Campaign Steps/input_Headline_custom-input'

2022-03-09 10:28:54 - [TEST_STEP][PASSED] - setText(findTestObject("Step2/Page_AdRoot  Create Campaign Steps/Page_AdRoot  Create Campaign Steps/input_Ad Description_custom-input"), "Our Mission is to create one place for all advertising needs"): Text 'Our Mission is to create one place for all advertising needs' is set on object 'Object Repository/Step2/Page_AdRoot  Create Campaign Steps/Page_AdRoot  Create Campaign Steps/input_Ad Description_custom-input'

2022-03-09 10:28:58 - [MESSAGE][PASSED] - Text 'Our Mission is to create one place for all advertising needs' is set on object 'Object Repository/Step2/Page_AdRoot  Create Campaign Steps/Page_AdRoot  Create Campaign Steps/input_Ad Description_custom-input'

2022-03-09 10:28:58 - [TEST_STEP][PASSED] - setText(findTestObject("Step2/Page_AdRoot  Create Campaign Steps/input_Website URL_custom-input"), "gsmediagroup.net"): Text 'gsmediagroup.net' is set on object 'Object Repository/Step2/Page_AdRoot  Create Campaign Steps/input_Website URL_custom-input'

2022-03-09 10:29:02 - [MESSAGE][PASSED] - Text 'gsmediagroup.net' is set on object 'Object Repository/Step2/Page_AdRoot  Create Campaign Steps/input_Website URL_custom-input'

2022-03-09 10:29:02 - [TEST_STEP][PASSED] - click(findTestObject("Step2/Page_AdRoot  Create Campaign Steps/div_Choose AD")): Object: 'Object Repository/Step2/Page_AdRoot  Create Campaign Steps/div_Choose AD' is clicked on

2022-03-09 10:29:04 - [MESSAGE][PASSED] - Object: 'Object Repository/Step2/Page_AdRoot  Create Campaign Steps/div_Choose AD' is clicked on

2022-03-09 10:29:04 - [TEST_STEP][PASSED] - click(findTestObject("Step2/Page_AdRoot  Create Campaign Steps/div_cropped-512adroot.jpg_image-cont image")): Object: 'Object Repository/Step2/Page_AdRoot  Create Campaign Steps/div_cropped-512adroot.jpg_image-cont image' is clicked on

2022-03-09 10:29:06 - [MESSAGE][PASSED] - Object: 'Object Repository/Step2/Page_AdRoot  Create Campaign Steps/div_cropped-512adroot.jpg_image-cont image' is clicked on

2022-03-09 10:29:06 - [TEST_STEP][PASSED] - click(findTestObject("Step3/Page_AdRoot  Create Campaign Steps/button_Select")): Object: 'Object Repository/Step3/Page_AdRoot  Create Campaign Steps/button_Select' is clicked on

2022-03-09 10:29:08 - [MESSAGE][PASSED] - Object: 'Object Repository/Step3/Page_AdRoot  Create Campaign Steps/button_Select' is clicked on

2022-03-09 10:29:08 - [TEST_STEP][PASSED] - mouseOver(findTestObject("Google display/Page_AdRoot  Create Campaign Steps/div_1052Business nameHeadlineChoose ADHeadlineAd DescriptionOpen"), STOP_ON_FAILURE): Object: 'Object Repository/Google display/Page_AdRoot  Create Campaign Steps/div_1052Business nameHeadlineChoose ADHeadlineAd DescriptionOpen' is hovered

2022-03-09 10:29:15 - [MESSAGE][PASSED] - Object: 'Object Repository/Google display/Page_AdRoot  Create Campaign Steps/div_1052Business nameHeadlineChoose ADHeadlineAd DescriptionOpen' is hovered

2022-03-09 10:29:15 - [TEST_STEP][PASSED] - click(findTestObject("Step3/Page_AdRoot  Create Campaign Steps/Page_AdRoot  Create Campaign Steps/div_Open_actions-mode")): Object: 'Object Repository/Step3/Page_AdRoot  Create Campaign Steps/Page_AdRoot  Create Campaign Steps/div_Open_actions-mode' is clicked on

2022-03-09 10:29:17 - [MESSAGE][PASSED] - Object: 'Object Repository/Step3/Page_AdRoot  Create Campaign Steps/Page_AdRoot  Create Campaign Steps/div_Open_actions-mode' is clicked on

2022-03-09 10:29:17 - [TEST_STEP][PASSED] - click(findTestObject("Step3/Page_AdRoot  Create Campaign Steps/div_Open_edit")): Object: 'Object Repository/Step3/Page_AdRoot  Create Campaign Steps/div_Open_edit' is clicked on

2022-03-09 10:29:19 - [MESSAGE][PASSED] - Object: 'Object Repository/Step3/Page_AdRoot  Create Campaign Steps/div_Open_edit' is clicked on

2022-03-09 10:29:19 - [TEST_STEP][PASSED] - setText(findTestObject("Step3/Page_AdRoot  Create Campaign Steps/input_Business Name_custom-input"), "GS media"): Text 'GS media' is set on object 'Object Repository/Step3/Page_AdRoot  Create Campaign Steps/input_Business Name_custom-input'

2022-03-09 10:29:23 - [MESSAGE][PASSED] - Text 'GS media' is set on object 'Object Repository/Step3/Page_AdRoot  Create Campaign Steps/input_Business Name_custom-input'

2022-03-09 10:29:23 - [TEST_STEP][PASSED] - setText(findTestObject("Step3/Page_AdRoot  Create Campaign Steps/input_Long headline_custom-input"), "Ad management system"): Text 'Ad management system' is set on object 'Object Repository/Step3/Page_AdRoot  Create Campaign Steps/input_Long headline_custom-input'

2022-03-09 10:29:28 - [MESSAGE][PASSED] - Text 'Ad management system' is set on object 'Object Repository/Step3/Page_AdRoot  Create Campaign Steps/input_Long headline_custom-input'

2022-03-09 10:29:28 - [TEST_STEP][PASSED] - click(findTestObject("Step3/Page_AdRoot  Create Campaign Steps/button_Save")): Object: 'Object Repository/Step3/Page_AdRoot  Create Campaign Steps/button_Save' is clicked on

2022-03-09 10:29:30 - [MESSAGE][PASSED] - Object: 'Object Repository/Step3/Page_AdRoot  Create Campaign Steps/button_Save' is clicked on

2022-03-09 10:29:30 - [TEST_STEP][PASSED] - click(findTestObject("Object Repository/Step 4,5/Page_AdRoot  Create Campaign Steps/button_Next Step (1)")): Object: 'Object Repository/Step 4,5/Page_AdRoot  Create Campaign Steps/button_Next Step (1)' is clicked on

2022-03-09 10:29:32 - [MESSAGE][PASSED] - Object: 'Object Repository/Step 4,5/Page_AdRoot  Create Campaign Steps/button_Next Step (1)' is clicked on

2022-03-09 10:29:32 - [TEST_STEP][PASSED] - click(findTestObject("Object Repository/Step 4,5/Page_AdRoot  Create Campaign Steps/button_Next Step (1)")): Object: 'Object Repository/Step 4,5/Page_AdRoot  Create Campaign Steps/button_Next Step (1)' is clicked on

2022-03-09 10:29:35 - [MESSAGE][PASSED] - Object: 'Object Repository/Step 4,5/Page_AdRoot  Create Campaign Steps/button_Next Step (1)' is clicked on

2022-03-09 10:29:35 - [TEST_STEP][PASSED] - setText(findTestObject("Object Repository/Step 4,5/Page_AdRoot  Create Campaign Steps/input_Daily_custom-input"), "$ 1"): Text '$ 1' is set on object 'Object Repository/Step 4,5/Page_AdRoot  Create Campaign Steps/input_Daily_custom-input'

2022-03-09 10:29:39 - [MESSAGE][PASSED] - Text '$ 1' is set on object 'Object Repository/Step 4,5/Page_AdRoot  Create Campaign Steps/input_Daily_custom-input'

2022-03-09 10:29:39 - [TEST_STEP][PASSED] - click(findTestObject("Step 4,5/Page_AdRoot  Create Campaign Steps/input_Start_single-date-picker-datepicker-y6DXOBYbq5i4SX3nAPEZ")): Object: 'Object Repository/Step 4,5/Page_AdRoot  Create Campaign Steps/input_Start_single-date-picker-datepicker-y6DXOBYbq5i4SX3nAPEZ' is clicked on

2022-03-09 10:29:41 - [MESSAGE][PASSED] - Object: 'Object Repository/Step 4,5/Page_AdRoot  Create Campaign Steps/input_Start_single-date-picker-datepicker-y6DXOBYbq5i4SX3nAPEZ' is clicked on

2022-03-09 10:29:41 - [TEST_STEP][PASSED] - click(findTestObject("Step 4,5/Page_AdRoot  Create Campaign Steps/svg_Su_DayPickerNavigation_svg__horizontal DayPickerNavigation_svg__horizontal_1")): Object: 'Object Repository/Step 4,5/Page_AdRoot  Create Campaign Steps/svg_Su_DayPickerNavigation_svg__horizontal DayPickerNavigation_svg__horizontal_1' is clicked on

2022-03-09 10:29:43 - [MESSAGE][PASSED] - Object: 'Object Repository/Step 4,5/Page_AdRoot  Create Campaign Steps/svg_Su_DayPickerNavigation_svg__horizontal DayPickerNavigation_svg__horizontal_1' is clicked on

2022-03-09 10:29:43 - [TEST_STEP][PASSED] - click(findTestObject("Step 4,5/Page_AdRoot  Create Campaign Steps/svg_Su_DayPickerNavigation_svg__horizontal DayPickerNavigation_svg__horizontal_1")): Object: 'Object Repository/Step 4,5/Page_AdRoot  Create Campaign Steps/svg_Su_DayPickerNavigation_svg__horizontal DayPickerNavigation_svg__horizontal_1' is clicked on

2022-03-09 10:29:45 - [MESSAGE][PASSED] - Object: 'Object Repository/Step 4,5/Page_AdRoot  Create Campaign Steps/svg_Su_DayPickerNavigation_svg__horizontal DayPickerNavigation_svg__horizontal_1' is clicked on

2022-03-09 10:29:45 - [TEST_STEP][PASSED] - click(findTestObject("Step 4,5/Page_AdRoot  Create Campaign Steps/svg_Su_DayPickerNavigation_svg__horizontal DayPickerNavigation_svg__horizontal_1")): Object: 'Object Repository/Step 4,5/Page_AdRoot  Create Campaign Steps/svg_Su_DayPickerNavigation_svg__horizontal DayPickerNavigation_svg__horizontal_1' is clicked on

2022-03-09 10:29:47 - [MESSAGE][PASSED] - Object: 'Object Repository/Step 4,5/Page_AdRoot  Create Campaign Steps/svg_Su_DayPickerNavigation_svg__horizontal DayPickerNavigation_svg__horizontal_1' is clicked on

2022-03-09 10:29:47 - [TEST_STEP][PASSED] - click(findTestObject("Step 4,5/Page_AdRoot  Create Campaign Steps/svg_Su_DayPickerNavigation_svg__horizontal DayPickerNavigation_svg__horizontal_1")): Object: 'Object Repository/Step 4,5/Page_AdRoot  Create Campaign Steps/svg_Su_DayPickerNavigation_svg__horizontal DayPickerNavigation_svg__horizontal_1' is clicked on

2022-03-09 10:29:49 - [MESSAGE][PASSED] - Object: 'Object Repository/Step 4,5/Page_AdRoot  Create Campaign Steps/svg_Su_DayPickerNavigation_svg__horizontal DayPickerNavigation_svg__horizontal_1' is clicked on

2022-03-09 10:29:49 - [TEST_STEP][PASSED] - click(findTestObject("Step 4,5/Page_AdRoot  Create Campaign Steps/td_10")): Object: 'Object Repository/Step 4,5/Page_AdRoot  Create Campaign Steps/td_10' is clicked on

2022-03-09 10:29:51 - [MESSAGE][PASSED] - Object: 'Object Repository/Step 4,5/Page_AdRoot  Create Campaign Steps/td_10' is clicked on

2022-03-09 10:29:51 - [TEST_STEP][PASSED] - click(findTestObject("Object Repository/Step 4,5/Page_AdRoot  Create Campaign Steps/button_Finish")): Object: 'Object Repository/Step 4,5/Page_AdRoot  Create Campaign Steps/button_Finish' is clicked on

2022-03-09 10:29:53 - [MESSAGE][PASSED] - Object: 'Object Repository/Step 4,5/Page_AdRoot  Create Campaign Steps/button_Finish' is clicked on

2022-03-09 10:29:53 - [TEST_STEP][PASSED] - verifyElementPresent(findTestObject("Object Repository/Step 4,5/Page_AdRoot  Campaigns/div_PENDING"), 0): Object 'Object Repository/Step 4,5/Page_AdRoot  Campaigns/div_PENDING' is present

2022-03-09 10:29:53 - [MESSAGE][WARNING] - Timeout '0' is invalid. Using default page load timeout: '30'

2022-03-09 10:29:55 - [MESSAGE][PASSED] - Object 'Object Repository/Step 4,5/Page_AdRoot  Campaigns/div_PENDING' is present

2022-03-09 10:29:55 - [TEST_STEP][PASSED] - closeBrowser(): Browser is closed

2022-03-09 10:29:56 - [MESSAGE][PASSED] - Browser is closed]]></system-out>
         <system-err><![CDATA[]]></system-err>
      </testcase>
      <testcase name="Test Cases/Campaign/Create campaign/dev-Create campaign/Dev-Reach campaign" time="127.002" classname="Test Cases/Campaign/Create campaign/dev-Create campaign/Dev-Reach campaign" status="PASSED">
         <system-out><![CDATA[2022-03-09 10:29:56 - [TEST_CASE][PASSED] - Test Cases/Campaign/Create campaign/dev-Create campaign/Dev-Reach campaign: Test Cases/Campaign/Create campaign/dev-Create campaign/Dev-Reach campaign

2022-03-09 10:29:56 - [TEST_STEP][PASSED] - openBrowser(""): Browser is opened with url: ''

2022-03-09 10:29:56 - [MESSAGE][INFO] - Starting 'Chrome' driver

2022-03-09 10:29:56 - [MESSAGE][INFO] - Action delay is set to 0 milliseconds

2022-03-09 10:29:57 - [MESSAGE][PASSED] - Browser is opened with url: ''

2022-03-09 10:29:57 - [TEST_STEP][PASSED] - setViewPortSize(1550, 900): Viewport is set to new size with width = 1550 and height = 900

2022-03-09 10:29:57 - [MESSAGE][PASSED] - Viewport is set to new size with width = 1550 and height = 900

2022-03-09 10:29:57 - [TEST_STEP][PASSED] - navigateToUrl("https://dev.adroot.io/auth/signin"): Navigate to 'https://dev.adroot.io/auth/signin' successfully

2022-03-09 10:30:08 - [MESSAGE][PASSED] - Navigate to 'https://dev.adroot.io/auth/signin' successfully

2022-03-09 10:30:08 - [TEST_STEP][PASSED] - setText(findTestObject("Object Repository/Regular Create campaign/Page_AdRoot  Login/input_E-mail_email"), "makronmanuel01@gmail.com"): Text 'makronmanuel01@gmail.com' is set on object 'Object Repository/Regular Create campaign/Page_AdRoot  Login/input_E-mail_email'

2022-03-09 10:30:12 - [MESSAGE][PASSED] - Text 'makronmanuel01@gmail.com' is set on object 'Object Repository/Regular Create campaign/Page_AdRoot  Login/input_E-mail_email'

2022-03-09 10:30:12 - [TEST_STEP][PASSED] - setEncryptedText(findTestObject("Object Repository/Regular Create campaign/Page_AdRoot  Login/input_Password_password"), "9juLMCYi8sYpY2Mrwe5diw=="): Text ****** has been set on object 'Object Repository/Regular Create campaign/Page_AdRoot  Login/input_Password_password'

2022-03-09 10:30:14 - [MESSAGE][PASSED] - Text ****** has been set on object 'Object Repository/Regular Create campaign/Page_AdRoot  Login/input_Password_password'

2022-03-09 10:30:14 - [TEST_STEP][PASSED] - click(findTestObject("Object Repository/Regular Create campaign/Page_AdRoot  Login/button_Sign in")): Object: 'Object Repository/Regular Create campaign/Page_AdRoot  Login/button_Sign in' is clicked on

2022-03-09 10:30:16 - [MESSAGE][PASSED] - Object: 'Object Repository/Regular Create campaign/Page_AdRoot  Login/button_Sign in' is clicked on

2022-03-09 10:30:16 - [TEST_STEP][PASSED] - click(findTestObject("Page_AdRoot  Campaigns/img")): Object: 'Object Repository/Page_AdRoot  Campaigns/img' is clicked on

2022-03-09 10:30:19 - [MESSAGE][PASSED] - Object: 'Object Repository/Page_AdRoot  Campaigns/img' is clicked on

2022-03-09 10:30:19 - [TEST_STEP][PASSED] - click(findTestObject("Object Repository/Regular Create campaign/Page_AdRoot  Campaigns/div_By Ruzan (dev)")): Object: 'Object Repository/Regular Create campaign/Page_AdRoot  Campaigns/div_By Ruzan (dev)' is clicked on

2022-03-09 10:30:22 - [MESSAGE][PASSED] - Object: 'Object Repository/Regular Create campaign/Page_AdRoot  Campaigns/div_By Ruzan (dev)' is clicked on

2022-03-09 10:30:22 - [TEST_STEP][PASSED] - click(findTestObject("Campaign copy/Page_AdRoot  Dashboard/a_Campaigns")): Object: 'Object Repository/Campaign copy/Page_AdRoot  Dashboard/a_Campaigns' is clicked on

2022-03-09 10:30:25 - [MESSAGE][PASSED] - Object: 'Object Repository/Campaign copy/Page_AdRoot  Dashboard/a_Campaigns' is clicked on

2022-03-09 10:30:25 - [TEST_STEP][PASSED] - click(findTestObject("Regular Create campaign/Page_AdRoot  Campaigns/div_Campaign View")): Object: 'Object Repository/Regular Create campaign/Page_AdRoot  Campaigns/div_Campaign View' is clicked on

2022-03-09 10:30:27 - [MESSAGE][PASSED] - Object: 'Object Repository/Regular Create campaign/Page_AdRoot  Campaigns/div_Campaign View' is clicked on

2022-03-09 10:30:27 - [TEST_STEP][PASSED] - click(findTestObject("Regular Create campaign/Page_AdRoot  Campaigns/div_New Campaign")): Object: 'Object Repository/Regular Create campaign/Page_AdRoot  Campaigns/div_New Campaign' is clicked on

2022-03-09 10:30:29 - [MESSAGE][PASSED] - Object: 'Object Repository/Regular Create campaign/Page_AdRoot  Campaigns/div_New Campaign' is clicked on

2022-03-09 10:30:29 - [TEST_STEP][PASSED] - setText(findTestObject("Page_AdRoot  Create Campaign Steps/input_Campaign name_custom-input"), "devadroot1"): Text 'devadroot1' is set on object 'Object Repository/Page_AdRoot  Create Campaign Steps/input_Campaign name_custom-input'

2022-03-09 10:30:34 - [MESSAGE][PASSED] - Text 'devadroot1' is set on object 'Object Repository/Page_AdRoot  Create Campaign Steps/input_Campaign name_custom-input'

2022-03-09 10:30:34 - [TEST_STEP][PASSED] - click(findTestObject("Regular Create campaign/Page_AdRoot  Campaigns/Page_AdRoot  Create Campaign Steps/span_Name is taken")): Object: 'Object Repository/Regular Create campaign/Page_AdRoot  Campaigns/Page_AdRoot  Create Campaign Steps/span_Name is taken' is clicked on

2022-03-09 10:30:36 - [MESSAGE][PASSED] - Object: 'Object Repository/Regular Create campaign/Page_AdRoot  Campaigns/Page_AdRoot  Create Campaign Steps/span_Name is taken' is clicked on

2022-03-09 10:30:36 - [TEST_STEP][PASSED] - click(findTestObject("Goals/Goals/Page_AdRoot  Create Campaign Steps/div_Reach")): Object: 'Object Repository/Goals/Goals/Page_AdRoot  Create Campaign Steps/div_Reach' is clicked on

2022-03-09 10:30:38 - [MESSAGE][PASSED] - Object: 'Object Repository/Goals/Goals/Page_AdRoot  Create Campaign Steps/div_Reach' is clicked on

2022-03-09 10:30:38 - [TEST_STEP][PASSED] - Ms = verifyTextPresent("Name is taken", false): Text 'Name is taken' is present on page 

2022-03-09 10:30:40 - [MESSAGE][PASSED] - Text 'Name is taken' is present on page 

2022-03-09 10:30:40 - [TEST_STEP][PASSED] - if (Ms.equals("true")): Object: 'Object Repository/Regular Create campaign/Page_AdRoot  Campaigns/Page_AdRoot  Create Campaign Steps/button_Next Step' is clicked on

2022-03-09 10:30:40 - [TEST_STEP][PASSED] - RN = <not implemented yet for class: org.codehaus.groovy.ast.expr.EmptyExpression>: null

2022-03-09 10:30:40 - [TEST_STEP][PASSED] - RN = Math.random() * 5000: null

2022-03-09 10:30:40 - [TEST_STEP][PASSED] - setText(findTestObject("Object Repository/Regular Create campaign/Page_AdRoot  Create Campaign Steps/input_Campaign name_invalid custom-input"), "devadroot" + RN): Text 'devadroot1252' is set on object 'Object Repository/Regular Create campaign/Page_AdRoot  Create Campaign Steps/input_Campaign name_invalid custom-input'

2022-03-09 10:30:44 - [MESSAGE][PASSED] - Text 'devadroot1252' is set on object 'Object Repository/Regular Create campaign/Page_AdRoot  Create Campaign Steps/input_Campaign name_invalid custom-input'

2022-03-09 10:30:44 - [TEST_STEP][PASSED] - click(findTestObject("Object Repository/Regular Create campaign/Page_AdRoot  Campaigns/Page_AdRoot  Create Campaign Steps/button_Next Step")): Object: 'Object Repository/Regular Create campaign/Page_AdRoot  Campaigns/Page_AdRoot  Create Campaign Steps/button_Next Step' is clicked on

2022-03-09 10:30:46 - [MESSAGE][PASSED] - Object: 'Object Repository/Regular Create campaign/Page_AdRoot  Campaigns/Page_AdRoot  Create Campaign Steps/button_Next Step' is clicked on

2022-03-09 10:30:46 - [TEST_STEP][PASSED] - verifyElementPresent(findTestObject("Step2/Page_AdRoot  Create Campaign Steps/div_GS PubSense"), 0): Object 'Object Repository/Step2/Page_AdRoot  Create Campaign Steps/div_GS PubSense' is present

2022-03-09 10:30:46 - [MESSAGE][WARNING] - Timeout '0' is invalid. Using default page load timeout: '30'

2022-03-09 10:30:48 - [MESSAGE][PASSED] - Object 'Object Repository/Step2/Page_AdRoot  Create Campaign Steps/div_GS PubSense' is present

2022-03-09 10:30:48 - [TEST_STEP][PASSED] - verifyElementPresent(findTestObject("Step2/Page_AdRoot  Create Campaign Steps/div_Artashes Mxchyan"), 0): Object 'Object Repository/Step2/Page_AdRoot  Create Campaign Steps/div_Artashes Mxchyan' is present

2022-03-09 10:30:48 - [MESSAGE][WARNING] - Timeout '0' is invalid. Using default page load timeout: '30'

2022-03-09 10:30:50 - [MESSAGE][PASSED] - Object 'Object Repository/Step2/Page_AdRoot  Create Campaign Steps/div_Artashes Mxchyan' is present

2022-03-09 10:30:50 - [TEST_STEP][PASSED] - click(findTestObject("Step2/Page_AdRoot  Create Campaign Steps/button_Next Step")): Object: 'Object Repository/Step2/Page_AdRoot  Create Campaign Steps/button_Next Step' is clicked on

2022-03-09 10:30:52 - [MESSAGE][PASSED] - Object: 'Object Repository/Step2/Page_AdRoot  Create Campaign Steps/button_Next Step' is clicked on

2022-03-09 10:30:52 - [TEST_STEP][PASSED] - click(findTestObject("Object Repository/Step2/Page_AdRoot  Create Campaign Steps/Page_AdRoot  Create Campaign Steps/input_Primary Text_invalid custom-input")): Object: 'Object Repository/Step2/Page_AdRoot  Create Campaign Steps/Page_AdRoot  Create Campaign Steps/input_Primary Text_invalid custom-input' is clicked on

2022-03-09 10:30:54 - [MESSAGE][PASSED] - Object: 'Object Repository/Step2/Page_AdRoot  Create Campaign Steps/Page_AdRoot  Create Campaign Steps/input_Primary Text_invalid custom-input' is clicked on

2022-03-09 10:30:54 - [TEST_STEP][PASSED] - setText(findTestObject("Object Repository/Step2/Page_AdRoot  Create Campaign Steps/Page_AdRoot  Create Campaign Steps/input_Primary Text_invalid custom-input"), "Social media"): Text 'Social media' is set on object 'Object Repository/Step2/Page_AdRoot  Create Campaign Steps/Page_AdRoot  Create Campaign Steps/input_Primary Text_invalid custom-input'

2022-03-09 10:30:58 - [MESSAGE][PASSED] - Text 'Social media' is set on object 'Object Repository/Step2/Page_AdRoot  Create Campaign Steps/Page_AdRoot  Create Campaign Steps/input_Primary Text_invalid custom-input'

2022-03-09 10:30:58 - [TEST_STEP][PASSED] - setText(findTestObject("Step2/Page_AdRoot  Create Campaign Steps/Page_AdRoot  Create Campaign Steps/input_Headline_custom-input"), "Social media ads management "): Text 'Social media ads management ' is set on object 'Object Repository/Step2/Page_AdRoot  Create Campaign Steps/Page_AdRoot  Create Campaign Steps/input_Headline_custom-input'

2022-03-09 10:31:02 - [MESSAGE][PASSED] - Text 'Social media ads management ' is set on object 'Object Repository/Step2/Page_AdRoot  Create Campaign Steps/Page_AdRoot  Create Campaign Steps/input_Headline_custom-input'

2022-03-09 10:31:02 - [TEST_STEP][PASSED] - setText(findTestObject("Step2/Page_AdRoot  Create Campaign Steps/Page_AdRoot  Create Campaign Steps/input_Ad Description_custom-input"), "Our Mission is to create one place for all advertising needs"): Text 'Our Mission is to create one place for all advertising needs' is set on object 'Object Repository/Step2/Page_AdRoot  Create Campaign Steps/Page_AdRoot  Create Campaign Steps/input_Ad Description_custom-input'

2022-03-09 10:31:06 - [MESSAGE][PASSED] - Text 'Our Mission is to create one place for all advertising needs' is set on object 'Object Repository/Step2/Page_AdRoot  Create Campaign Steps/Page_AdRoot  Create Campaign Steps/input_Ad Description_custom-input'

2022-03-09 10:31:06 - [TEST_STEP][PASSED] - setText(findTestObject("Step2/Page_AdRoot  Create Campaign Steps/input_Website URL_custom-input"), "gsmediagroup.net"): Text 'gsmediagroup.net' is set on object 'Object Repository/Step2/Page_AdRoot  Create Campaign Steps/input_Website URL_custom-input'

2022-03-09 10:31:10 - [MESSAGE][PASSED] - Text 'gsmediagroup.net' is set on object 'Object Repository/Step2/Page_AdRoot  Create Campaign Steps/input_Website URL_custom-input'

2022-03-09 10:31:10 - [TEST_STEP][PASSED] - click(findTestObject("Step2/Page_AdRoot  Create Campaign Steps/div_Choose AD")): Object: 'Object Repository/Step2/Page_AdRoot  Create Campaign Steps/div_Choose AD' is clicked on

2022-03-09 10:31:12 - [MESSAGE][PASSED] - Object: 'Object Repository/Step2/Page_AdRoot  Create Campaign Steps/div_Choose AD' is clicked on

2022-03-09 10:31:12 - [TEST_STEP][PASSED] - click(findTestObject("Step2/Page_AdRoot  Create Campaign Steps/div_cropped-512adroot.jpg_image-cont image")): Object: 'Object Repository/Step2/Page_AdRoot  Create Campaign Steps/div_cropped-512adroot.jpg_image-cont image' is clicked on

2022-03-09 10:31:14 - [MESSAGE][PASSED] - Object: 'Object Repository/Step2/Page_AdRoot  Create Campaign Steps/div_cropped-512adroot.jpg_image-cont image' is clicked on

2022-03-09 10:31:14 - [TEST_STEP][PASSED] - click(findTestObject("Step3/Page_AdRoot  Create Campaign Steps/button_Select")): Object: 'Object Repository/Step3/Page_AdRoot  Create Campaign Steps/button_Select' is clicked on

2022-03-09 10:31:16 - [MESSAGE][PASSED] - Object: 'Object Repository/Step3/Page_AdRoot  Create Campaign Steps/button_Select' is clicked on

2022-03-09 10:31:16 - [TEST_STEP][PASSED] - mouseOver(findTestObject("Google display/Page_AdRoot  Create Campaign Steps/div_1052Business nameHeadlineChoose ADHeadlineAd DescriptionOpen"), STOP_ON_FAILURE): Object: 'Object Repository/Google display/Page_AdRoot  Create Campaign Steps/div_1052Business nameHeadlineChoose ADHeadlineAd DescriptionOpen' is hovered

2022-03-09 10:31:23 - [MESSAGE][PASSED] - Object: 'Object Repository/Google display/Page_AdRoot  Create Campaign Steps/div_1052Business nameHeadlineChoose ADHeadlineAd DescriptionOpen' is hovered

2022-03-09 10:31:23 - [TEST_STEP][PASSED] - click(findTestObject("Step3/Page_AdRoot  Create Campaign Steps/Page_AdRoot  Create Campaign Steps/div_Open_actions-mode")): Object: 'Object Repository/Step3/Page_AdRoot  Create Campaign Steps/Page_AdRoot  Create Campaign Steps/div_Open_actions-mode' is clicked on

2022-03-09 10:31:25 - [MESSAGE][PASSED] - Object: 'Object Repository/Step3/Page_AdRoot  Create Campaign Steps/Page_AdRoot  Create Campaign Steps/div_Open_actions-mode' is clicked on

2022-03-09 10:31:25 - [TEST_STEP][PASSED] - click(findTestObject("Step3/Page_AdRoot  Create Campaign Steps/div_Open_edit")): Object: 'Object Repository/Step3/Page_AdRoot  Create Campaign Steps/div_Open_edit' is clicked on

2022-03-09 10:31:27 - [MESSAGE][PASSED] - Object: 'Object Repository/Step3/Page_AdRoot  Create Campaign Steps/div_Open_edit' is clicked on

2022-03-09 10:31:27 - [TEST_STEP][PASSED] - setText(findTestObject("Step3/Page_AdRoot  Create Campaign Steps/input_Business Name_custom-input"), "GS media"): Text 'GS media' is set on object 'Object Repository/Step3/Page_AdRoot  Create Campaign Steps/input_Business Name_custom-input'

2022-03-09 10:31:31 - [MESSAGE][PASSED] - Text 'GS media' is set on object 'Object Repository/Step3/Page_AdRoot  Create Campaign Steps/input_Business Name_custom-input'

2022-03-09 10:31:31 - [TEST_STEP][PASSED] - setText(findTestObject("Step3/Page_AdRoot  Create Campaign Steps/input_Long headline_custom-input"), "Ad management system"): Text 'Ad management system' is set on object 'Object Repository/Step3/Page_AdRoot  Create Campaign Steps/input_Long headline_custom-input'

2022-03-09 10:31:35 - [MESSAGE][PASSED] - Text 'Ad management system' is set on object 'Object Repository/Step3/Page_AdRoot  Create Campaign Steps/input_Long headline_custom-input'

2022-03-09 10:31:35 - [TEST_STEP][PASSED] - click(findTestObject("Step3/Page_AdRoot  Create Campaign Steps/button_Save")): Object: 'Object Repository/Step3/Page_AdRoot  Create Campaign Steps/button_Save' is clicked on

2022-03-09 10:31:37 - [MESSAGE][PASSED] - Object: 'Object Repository/Step3/Page_AdRoot  Create Campaign Steps/button_Save' is clicked on

2022-03-09 10:31:37 - [TEST_STEP][PASSED] - click(findTestObject("Object Repository/Step 4,5/Page_AdRoot  Create Campaign Steps/button_Next Step (1)")): Object: 'Object Repository/Step 4,5/Page_AdRoot  Create Campaign Steps/button_Next Step (1)' is clicked on

2022-03-09 10:31:39 - [MESSAGE][PASSED] - Object: 'Object Repository/Step 4,5/Page_AdRoot  Create Campaign Steps/button_Next Step (1)' is clicked on

2022-03-09 10:31:39 - [TEST_STEP][PASSED] - click(findTestObject("Object Repository/Step 4,5/Page_AdRoot  Create Campaign Steps/button_Next Step (1)")): Object: 'Object Repository/Step 4,5/Page_AdRoot  Create Campaign Steps/button_Next Step (1)' is clicked on

2022-03-09 10:31:42 - [MESSAGE][PASSED] - Object: 'Object Repository/Step 4,5/Page_AdRoot  Create Campaign Steps/button_Next Step (1)' is clicked on

2022-03-09 10:31:42 - [TEST_STEP][PASSED] - setText(findTestObject("Object Repository/Step 4,5/Page_AdRoot  Create Campaign Steps/input_Daily_custom-input"), "$ 1"): Text '$ 1' is set on object 'Object Repository/Step 4,5/Page_AdRoot  Create Campaign Steps/input_Daily_custom-input'

2022-03-09 10:31:46 - [MESSAGE][PASSED] - Text '$ 1' is set on object 'Object Repository/Step 4,5/Page_AdRoot  Create Campaign Steps/input_Daily_custom-input'

2022-03-09 10:31:46 - [TEST_STEP][PASSED] - click(findTestObject("Step 4,5/Page_AdRoot  Create Campaign Steps/input_Start_single-date-picker-datepicker-y6DXOBYbq5i4SX3nAPEZ")): Object: 'Object Repository/Step 4,5/Page_AdRoot  Create Campaign Steps/input_Start_single-date-picker-datepicker-y6DXOBYbq5i4SX3nAPEZ' is clicked on

2022-03-09 10:31:48 - [MESSAGE][PASSED] - Object: 'Object Repository/Step 4,5/Page_AdRoot  Create Campaign Steps/input_Start_single-date-picker-datepicker-y6DXOBYbq5i4SX3nAPEZ' is clicked on

2022-03-09 10:31:48 - [TEST_STEP][PASSED] - click(findTestObject("Step 4,5/Page_AdRoot  Create Campaign Steps/svg_Su_DayPickerNavigation_svg__horizontal DayPickerNavigation_svg__horizontal_1")): Object: 'Object Repository/Step 4,5/Page_AdRoot  Create Campaign Steps/svg_Su_DayPickerNavigation_svg__horizontal DayPickerNavigation_svg__horizontal_1' is clicked on

2022-03-09 10:31:50 - [MESSAGE][PASSED] - Object: 'Object Repository/Step 4,5/Page_AdRoot  Create Campaign Steps/svg_Su_DayPickerNavigation_svg__horizontal DayPickerNavigation_svg__horizontal_1' is clicked on

2022-03-09 10:31:50 - [TEST_STEP][PASSED] - click(findTestObject("Step 4,5/Page_AdRoot  Create Campaign Steps/svg_Su_DayPickerNavigation_svg__horizontal DayPickerNavigation_svg__horizontal_1")): Object: 'Object Repository/Step 4,5/Page_AdRoot  Create Campaign Steps/svg_Su_DayPickerNavigation_svg__horizontal DayPickerNavigation_svg__horizontal_1' is clicked on

2022-03-09 10:31:52 - [MESSAGE][PASSED] - Object: 'Object Repository/Step 4,5/Page_AdRoot  Create Campaign Steps/svg_Su_DayPickerNavigation_svg__horizontal DayPickerNavigation_svg__horizontal_1' is clicked on

2022-03-09 10:31:52 - [TEST_STEP][PASSED] - click(findTestObject("Step 4,5/Page_AdRoot  Create Campaign Steps/svg_Su_DayPickerNavigation_svg__horizontal DayPickerNavigation_svg__horizontal_1")): Object: 'Object Repository/Step 4,5/Page_AdRoot  Create Campaign Steps/svg_Su_DayPickerNavigation_svg__horizontal DayPickerNavigation_svg__horizontal_1' is clicked on

2022-03-09 10:31:54 - [MESSAGE][PASSED] - Object: 'Object Repository/Step 4,5/Page_AdRoot  Create Campaign Steps/svg_Su_DayPickerNavigation_svg__horizontal DayPickerNavigation_svg__horizontal_1' is clicked on

2022-03-09 10:31:54 - [TEST_STEP][PASSED] - click(findTestObject("Step 4,5/Page_AdRoot  Create Campaign Steps/svg_Su_DayPickerNavigation_svg__horizontal DayPickerNavigation_svg__horizontal_1")): Object: 'Object Repository/Step 4,5/Page_AdRoot  Create Campaign Steps/svg_Su_DayPickerNavigation_svg__horizontal DayPickerNavigation_svg__horizontal_1' is clicked on

2022-03-09 10:31:56 - [MESSAGE][PASSED] - Object: 'Object Repository/Step 4,5/Page_AdRoot  Create Campaign Steps/svg_Su_DayPickerNavigation_svg__horizontal DayPickerNavigation_svg__horizontal_1' is clicked on

2022-03-09 10:31:56 - [TEST_STEP][PASSED] - click(findTestObject("Step 4,5/Page_AdRoot  Create Campaign Steps/td_10")): Object: 'Object Repository/Step 4,5/Page_AdRoot  Create Campaign Steps/td_10' is clicked on

2022-03-09 10:31:58 - [MESSAGE][PASSED] - Object: 'Object Repository/Step 4,5/Page_AdRoot  Create Campaign Steps/td_10' is clicked on

2022-03-09 10:31:58 - [TEST_STEP][PASSED] - click(findTestObject("Object Repository/Step 4,5/Page_AdRoot  Create Campaign Steps/button_Finish")): Object: 'Object Repository/Step 4,5/Page_AdRoot  Create Campaign Steps/button_Finish' is clicked on

2022-03-09 10:32:00 - [MESSAGE][PASSED] - Object: 'Object Repository/Step 4,5/Page_AdRoot  Create Campaign Steps/button_Finish' is clicked on

2022-03-09 10:32:00 - [TEST_STEP][PASSED] - verifyElementPresent(findTestObject("Object Repository/Step 4,5/Page_AdRoot  Campaigns/div_PENDING"), 0): Object 'Object Repository/Step 4,5/Page_AdRoot  Campaigns/div_PENDING' is present

2022-03-09 10:32:00 - [MESSAGE][WARNING] - Timeout '0' is invalid. Using default page load timeout: '30'

2022-03-09 10:32:02 - [MESSAGE][PASSED] - Object 'Object Repository/Step 4,5/Page_AdRoot  Campaigns/div_PENDING' is present

2022-03-09 10:32:02 - [TEST_STEP][PASSED] - closeBrowser(): Browser is closed

2022-03-09 10:32:03 - [MESSAGE][PASSED] - Browser is closed]]></system-out>
         <system-err><![CDATA[]]></system-err>
      </testcase>
      <testcase name="Test Cases/Campaign/Create campaign/dev-Create campaign/Dev-Traffic campaign" time="47.063" classname="Test Cases/Campaign/Create campaign/dev-Create campaign/Dev-Traffic campaign" status="PASSED">
         <system-out><![CDATA[2022-03-09 10:32:03 - [TEST_CASE][PASSED] - Test Cases/Campaign/Create campaign/dev-Create campaign/Dev-Traffic campaign: Test Cases/Campaign/Create campaign/dev-Create campaign/Dev-Traffic campaign

2022-03-09 10:32:03 - [TEST_STEP][PASSED] - openBrowser(""): Browser is opened with url: ''

2022-03-09 10:32:03 - [MESSAGE][INFO] - Starting 'Chrome' driver

2022-03-09 10:32:03 - [MESSAGE][INFO] - Action delay is set to 0 milliseconds

2022-03-09 10:32:04 - [MESSAGE][PASSED] - Browser is opened with url: ''

2022-03-09 10:32:04 - [TEST_STEP][PASSED] - setViewPortSize(1550, 900): Viewport is set to new size with width = 1550 and height = 900

2022-03-09 10:32:04 - [MESSAGE][PASSED] - Viewport is set to new size with width = 1550 and height = 900

2022-03-09 10:32:04 - [TEST_STEP][PASSED] - navigateToUrl("https://dev.adroot.io/auth/signin"): Navigate to 'https://dev.adroot.io/auth/signin' successfully

2022-03-09 10:32:06 - [MESSAGE][PASSED] - Navigate to 'https://dev.adroot.io/auth/signin' successfully

2022-03-09 10:32:06 - [TEST_STEP][PASSED] - setText(findTestObject("Object Repository/Regular Create campaign/Page_AdRoot  Login/input_E-mail_email"), "makronmanuel01@gmail.com"): Text 'makronmanuel01@gmail.com' is set on object 'Object Repository/Regular Create campaign/Page_AdRoot  Login/input_E-mail_email'

2022-03-09 10:32:07 - [MESSAGE][PASSED] - Text 'makronmanuel01@gmail.com' is set on object 'Object Repository/Regular Create campaign/Page_AdRoot  Login/input_E-mail_email'

2022-03-09 10:32:07 - [TEST_STEP][PASSED] - setEncryptedText(findTestObject("Object Repository/Regular Create campaign/Page_AdRoot  Login/input_Password_password"), "9juLMCYi8sYpY2Mrwe5diw=="): Text ****** has been set on object 'Object Repository/Regular Create campaign/Page_AdRoot  Login/input_Password_password'

2022-03-09 10:32:08 - [MESSAGE][PASSED] - Text ****** has been set on object 'Object Repository/Regular Create campaign/Page_AdRoot  Login/input_Password_password'

2022-03-09 10:32:08 - [TEST_STEP][PASSED] - click(findTestObject("Object Repository/Regular Create campaign/Page_AdRoot  Login/button_Sign in")): Object: 'Object Repository/Regular Create campaign/Page_AdRoot  Login/button_Sign in' is clicked on

2022-03-09 10:32:09 - [MESSAGE][PASSED] - Object: 'Object Repository/Regular Create campaign/Page_AdRoot  Login/button_Sign in' is clicked on

2022-03-09 10:32:09 - [TEST_STEP][PASSED] - click(findTestObject("Page_AdRoot  Campaigns/img")): Object: 'Object Repository/Page_AdRoot  Campaigns/img' is clicked on

2022-03-09 10:32:11 - [MESSAGE][PASSED] - Object: 'Object Repository/Page_AdRoot  Campaigns/img' is clicked on

2022-03-09 10:32:11 - [TEST_STEP][PASSED] - click(findTestObject("Object Repository/Regular Create campaign/Page_AdRoot  Campaigns/div_By Ruzan (dev)")): Object: 'Object Repository/Regular Create campaign/Page_AdRoot  Campaigns/div_By Ruzan (dev)' is clicked on

2022-03-09 10:32:11 - [MESSAGE][PASSED] - Object: 'Object Repository/Regular Create campaign/Page_AdRoot  Campaigns/div_By Ruzan (dev)' is clicked on

2022-03-09 10:32:11 - [TEST_STEP][PASSED] - click(findTestObject("Campaign copy/Page_AdRoot  Dashboard/a_Campaigns")): Object: 'Object Repository/Campaign copy/Page_AdRoot  Dashboard/a_Campaigns' is clicked on

2022-03-09 10:32:14 - [MESSAGE][PASSED] - Object: 'Object Repository/Campaign copy/Page_AdRoot  Dashboard/a_Campaigns' is clicked on

2022-03-09 10:32:14 - [TEST_STEP][PASSED] - click(findTestObject("Regular Create campaign/Page_AdRoot  Campaigns/div_Campaign View")): Object: 'Object Repository/Regular Create campaign/Page_AdRoot  Campaigns/div_Campaign View' is clicked on

2022-03-09 10:32:15 - [MESSAGE][PASSED] - Object: 'Object Repository/Regular Create campaign/Page_AdRoot  Campaigns/div_Campaign View' is clicked on

2022-03-09 10:32:15 - [TEST_STEP][PASSED] - click(findTestObject("Regular Create campaign/Page_AdRoot  Campaigns/div_New Campaign")): Object: 'Object Repository/Regular Create campaign/Page_AdRoot  Campaigns/div_New Campaign' is clicked on

2022-03-09 10:32:16 - [MESSAGE][PASSED] - Object: 'Object Repository/Regular Create campaign/Page_AdRoot  Campaigns/div_New Campaign' is clicked on

2022-03-09 10:32:16 - [TEST_STEP][PASSED] - setText(findTestObject("Page_AdRoot  Create Campaign Steps/input_Campaign name_custom-input"), "devadroot1"): Text 'devadroot1' is set on object 'Object Repository/Page_AdRoot  Create Campaign Steps/input_Campaign name_custom-input'

2022-03-09 10:32:18 - [MESSAGE][PASSED] - Text 'devadroot1' is set on object 'Object Repository/Page_AdRoot  Create Campaign Steps/input_Campaign name_custom-input'

2022-03-09 10:32:18 - [TEST_STEP][PASSED] - click(findTestObject("Regular Create campaign/Page_AdRoot  Campaigns/Page_AdRoot  Create Campaign Steps/span_Name is taken")): Object: 'Object Repository/Regular Create campaign/Page_AdRoot  Campaigns/Page_AdRoot  Create Campaign Steps/span_Name is taken' is clicked on

2022-03-09 10:32:18 - [MESSAGE][PASSED] - Object: 'Object Repository/Regular Create campaign/Page_AdRoot  Campaigns/Page_AdRoot  Create Campaign Steps/span_Name is taken' is clicked on

2022-03-09 10:32:18 - [TEST_STEP][PASSED] - Ms = verifyTextPresent("Name is taken", false): Text 'Name is taken' is present on page 

2022-03-09 10:32:19 - [MESSAGE][PASSED] - Text 'Name is taken' is present on page 

2022-03-09 10:32:19 - [TEST_STEP][PASSED] - if (Ms.equals("true")): Object: 'Object Repository/Regular Create campaign/Page_AdRoot  Campaigns/Page_AdRoot  Create Campaign Steps/button_Next Step' is clicked on

2022-03-09 10:32:19 - [TEST_STEP][PASSED] - RN = <not implemented yet for class: org.codehaus.groovy.ast.expr.EmptyExpression>: null

2022-03-09 10:32:19 - [TEST_STEP][PASSED] - RN = Math.random() * 5000: null

2022-03-09 10:32:19 - [TEST_STEP][PASSED] - setText(findTestObject("Object Repository/Regular Create campaign/Page_AdRoot  Create Campaign Steps/input_Campaign name_invalid custom-input"), "devadroot" + RN): Text 'devadroot2206' is set on object 'Object Repository/Regular Create campaign/Page_AdRoot  Create Campaign Steps/input_Campaign name_invalid custom-input'

2022-03-09 10:32:19 - [MESSAGE][PASSED] - Text 'devadroot2206' is set on object 'Object Repository/Regular Create campaign/Page_AdRoot  Create Campaign Steps/input_Campaign name_invalid custom-input'

2022-03-09 10:32:19 - [TEST_STEP][PASSED] - click(findTestObject("Object Repository/Regular Create campaign/Page_AdRoot  Campaigns/Page_AdRoot  Create Campaign Steps/button_Next Step")): Object: 'Object Repository/Regular Create campaign/Page_AdRoot  Campaigns/Page_AdRoot  Create Campaign Steps/button_Next Step' is clicked on

2022-03-09 10:32:20 - [MESSAGE][PASSED] - Object: 'Object Repository/Regular Create campaign/Page_AdRoot  Campaigns/Page_AdRoot  Create Campaign Steps/button_Next Step' is clicked on

2022-03-09 10:32:20 - [TEST_STEP][PASSED] - verifyElementPresent(findTestObject("Step2/Page_AdRoot  Create Campaign Steps/div_GS PubSense"), 0): Object 'Object Repository/Step2/Page_AdRoot  Create Campaign Steps/div_GS PubSense' is present

2022-03-09 10:32:20 - [MESSAGE][WARNING] - Timeout '0' is invalid. Using default page load timeout: '30'

2022-03-09 10:32:21 - [MESSAGE][PASSED] - Object 'Object Repository/Step2/Page_AdRoot  Create Campaign Steps/div_GS PubSense' is present

2022-03-09 10:32:21 - [TEST_STEP][PASSED] - verifyElementPresent(findTestObject("Step2/Page_AdRoot  Create Campaign Steps/div_Artashes Mxchyan"), 0): Object 'Object Repository/Step2/Page_AdRoot  Create Campaign Steps/div_Artashes Mxchyan' is present

2022-03-09 10:32:21 - [MESSAGE][WARNING] - Timeout '0' is invalid. Using default page load timeout: '30'

2022-03-09 10:32:21 - [MESSAGE][PASSED] - Object 'Object Repository/Step2/Page_AdRoot  Create Campaign Steps/div_Artashes Mxchyan' is present

2022-03-09 10:32:21 - [TEST_STEP][PASSED] - click(findTestObject("Step2/Page_AdRoot  Create Campaign Steps/button_Next Step")): Object: 'Object Repository/Step2/Page_AdRoot  Create Campaign Steps/button_Next Step' is clicked on

2022-03-09 10:32:22 - [MESSAGE][PASSED] - Object: 'Object Repository/Step2/Page_AdRoot  Create Campaign Steps/button_Next Step' is clicked on

2022-03-09 10:32:22 - [TEST_STEP][PASSED] - click(findTestObject("Object Repository/Step2/Page_AdRoot  Create Campaign Steps/Page_AdRoot  Create Campaign Steps/input_Primary Text_invalid custom-input")): Object: 'Object Repository/Step2/Page_AdRoot  Create Campaign Steps/Page_AdRoot  Create Campaign Steps/input_Primary Text_invalid custom-input' is clicked on

2022-03-09 10:32:23 - [MESSAGE][PASSED] - Object: 'Object Repository/Step2/Page_AdRoot  Create Campaign Steps/Page_AdRoot  Create Campaign Steps/input_Primary Text_invalid custom-input' is clicked on

2022-03-09 10:32:23 - [TEST_STEP][PASSED] - setText(findTestObject("Object Repository/Step2/Page_AdRoot  Create Campaign Steps/Page_AdRoot  Create Campaign Steps/input_Primary Text_invalid custom-input"), "Social media"): Text 'Social media' is set on object 'Object Repository/Step2/Page_AdRoot  Create Campaign Steps/Page_AdRoot  Create Campaign Steps/input_Primary Text_invalid custom-input'

2022-03-09 10:32:24 - [MESSAGE][PASSED] - Text 'Social media' is set on object 'Object Repository/Step2/Page_AdRoot  Create Campaign Steps/Page_AdRoot  Create Campaign Steps/input_Primary Text_invalid custom-input'

2022-03-09 10:32:24 - [TEST_STEP][PASSED] - setText(findTestObject("Step2/Page_AdRoot  Create Campaign Steps/Page_AdRoot  Create Campaign Steps/input_Headline_custom-input"), "Social media ads management "): Text 'Social media ads management ' is set on object 'Object Repository/Step2/Page_AdRoot  Create Campaign Steps/Page_AdRoot  Create Campaign Steps/input_Headline_custom-input'

2022-03-09 10:32:25 - [MESSAGE][PASSED] - Text 'Social media ads management ' is set on object 'Object Repository/Step2/Page_AdRoot  Create Campaign Steps/Page_AdRoot  Create Campaign Steps/input_Headline_custom-input'

2022-03-09 10:32:25 - [TEST_STEP][PASSED] - setText(findTestObject("Step2/Page_AdRoot  Create Campaign Steps/Page_AdRoot  Create Campaign Steps/input_Ad Description_custom-input"), "Our Mission is to create one place for all advertising needs"): Text 'Our Mission is to create one place for all advertising needs' is set on object 'Object Repository/Step2/Page_AdRoot  Create Campaign Steps/Page_AdRoot  Create Campaign Steps/input_Ad Description_custom-input'

2022-03-09 10:32:26 - [MESSAGE][PASSED] - Text 'Our Mission is to create one place for all advertising needs' is set on object 'Object Repository/Step2/Page_AdRoot  Create Campaign Steps/Page_AdRoot  Create Campaign Steps/input_Ad Description_custom-input'

2022-03-09 10:32:26 - [TEST_STEP][PASSED] - setText(findTestObject("Step2/Page_AdRoot  Create Campaign Steps/input_Website URL_custom-input"), "gsmediagroup.net"): Text 'gsmediagroup.net' is set on object 'Object Repository/Step2/Page_AdRoot  Create Campaign Steps/input_Website URL_custom-input'

2022-03-09 10:32:27 - [MESSAGE][PASSED] - Text 'gsmediagroup.net' is set on object 'Object Repository/Step2/Page_AdRoot  Create Campaign Steps/input_Website URL_custom-input'

2022-03-09 10:32:27 - [TEST_STEP][PASSED] - click(findTestObject("Step2/Page_AdRoot  Create Campaign Steps/div_Choose AD")): Object: 'Object Repository/Step2/Page_AdRoot  Create Campaign Steps/div_Choose AD' is clicked on

2022-03-09 10:32:28 - [MESSAGE][PASSED] - Object: 'Object Repository/Step2/Page_AdRoot  Create Campaign Steps/div_Choose AD' is clicked on

2022-03-09 10:32:28 - [TEST_STEP][PASSED] - click(findTestObject("Step2/Page_AdRoot  Create Campaign Steps/div_cropped-512adroot.jpg_image-cont image")): Object: 'Object Repository/Step2/Page_AdRoot  Create Campaign Steps/div_cropped-512adroot.jpg_image-cont image' is clicked on

2022-03-09 10:32:29 - [MESSAGE][PASSED] - Object: 'Object Repository/Step2/Page_AdRoot  Create Campaign Steps/div_cropped-512adroot.jpg_image-cont image' is clicked on

2022-03-09 10:32:29 - [TEST_STEP][PASSED] - click(findTestObject("Step3/Page_AdRoot  Create Campaign Steps/button_Select")): Object: 'Object Repository/Step3/Page_AdRoot  Create Campaign Steps/button_Select' is clicked on

2022-03-09 10:32:29 - [MESSAGE][PASSED] - Object: 'Object Repository/Step3/Page_AdRoot  Create Campaign Steps/button_Select' is clicked on

2022-03-09 10:32:29 - [TEST_STEP][PASSED] - mouseOver(findTestObject("Google display/Page_AdRoot  Create Campaign Steps/div_1052Business nameHeadlineChoose ADHeadlineAd DescriptionOpen"), STOP_ON_FAILURE): Object: 'Object Repository/Google display/Page_AdRoot  Create Campaign Steps/div_1052Business nameHeadlineChoose ADHeadlineAd DescriptionOpen' is hovered

2022-03-09 10:32:30 - [MESSAGE][PASSED] - Object: 'Object Repository/Google display/Page_AdRoot  Create Campaign Steps/div_1052Business nameHeadlineChoose ADHeadlineAd DescriptionOpen' is hovered

2022-03-09 10:32:30 - [TEST_STEP][PASSED] - click(findTestObject("Object Repository/Step3/Page_AdRoot  Create Campaign Steps/Page_AdRoot  Create Campaign Steps/div_Open_actions-mode")): Object: 'Object Repository/Step3/Page_AdRoot  Create Campaign Steps/Page_AdRoot  Create Campaign Steps/div_Open_actions-mode' is clicked on

2022-03-09 10:32:30 - [MESSAGE][PASSED] - Object: 'Object Repository/Step3/Page_AdRoot  Create Campaign Steps/Page_AdRoot  Create Campaign Steps/div_Open_actions-mode' is clicked on

2022-03-09 10:32:30 - [TEST_STEP][PASSED] - click(findTestObject("Step3/Page_AdRoot  Create Campaign Steps/div_Open_edit")): Object: 'Object Repository/Step3/Page_AdRoot  Create Campaign Steps/div_Open_edit' is clicked on

2022-03-09 10:32:30 - [MESSAGE][PASSED] - Object: 'Object Repository/Step3/Page_AdRoot  Create Campaign Steps/div_Open_edit' is clicked on

2022-03-09 10:32:30 - [TEST_STEP][PASSED] - setText(findTestObject("Step3/Page_AdRoot  Create Campaign Steps/input_Business Name_custom-input"), "GS media"): Text 'GS media' is set on object 'Object Repository/Step3/Page_AdRoot  Create Campaign Steps/input_Business Name_custom-input'

2022-03-09 10:32:32 - [MESSAGE][PASSED] - Text 'GS media' is set on object 'Object Repository/Step3/Page_AdRoot  Create Campaign Steps/input_Business Name_custom-input'

2022-03-09 10:32:32 - [TEST_STEP][PASSED] - setText(findTestObject("Step3/Page_AdRoot  Create Campaign Steps/input_Long headline_custom-input"), "Ad management system"): Text 'Ad management system' is set on object 'Object Repository/Step3/Page_AdRoot  Create Campaign Steps/input_Long headline_custom-input'

2022-03-09 10:32:33 - [MESSAGE][PASSED] - Text 'Ad management system' is set on object 'Object Repository/Step3/Page_AdRoot  Create Campaign Steps/input_Long headline_custom-input'

2022-03-09 10:32:33 - [TEST_STEP][PASSED] - click(findTestObject("Step3/Page_AdRoot  Create Campaign Steps/button_Save")): Object: 'Object Repository/Step3/Page_AdRoot  Create Campaign Steps/button_Save' is clicked on

2022-03-09 10:32:34 - [MESSAGE][PASSED] - Object: 'Object Repository/Step3/Page_AdRoot  Create Campaign Steps/button_Save' is clicked on

2022-03-09 10:32:34 - [TEST_STEP][PASSED] - mouseOver(findTestObject("Object Repository/Step3/Step 3 Google search/Page_AdRoot  Create Campaign Steps/div_Ad_actions-mode")): Object: 'Object Repository/Step3/Step 3 Google search/Page_AdRoot  Create Campaign Steps/div_Ad_actions-mode' is hovered

2022-03-09 10:32:34 - [MESSAGE][PASSED] - Object: 'Object Repository/Step3/Step 3 Google search/Page_AdRoot  Create Campaign Steps/div_Ad_actions-mode' is hovered

2022-03-09 10:32:34 - [TEST_STEP][PASSED] - mouseOver(findTestObject("Object Repository/Step3/Step 3 Google search/Page_AdRoot  Create Campaign Steps/div_1052horAdhoem.comhoreAdAdAd")): Object: 'Object Repository/Step3/Step 3 Google search/Page_AdRoot  Create Campaign Steps/div_1052horAdhoem.comhoreAdAdAd' is hovered

2022-03-09 10:32:35 - [MESSAGE][PASSED] - Object: 'Object Repository/Step3/Step 3 Google search/Page_AdRoot  Create Campaign Steps/div_1052horAdhoem.comhoreAdAdAd' is hovered

2022-03-09 10:32:35 - [TEST_STEP][PASSED] - click(findTestObject("Object Repository/Step3/Step 3 Google search/Page_AdRoot  Create Campaign Steps/div_Ad_actions-mode")): Object: 'Object Repository/Step3/Step 3 Google search/Page_AdRoot  Create Campaign Steps/div_Ad_actions-mode' is clicked on

2022-03-09 10:32:35 - [MESSAGE][PASSED] - Object: 'Object Repository/Step3/Step 3 Google search/Page_AdRoot  Create Campaign Steps/div_Ad_actions-mode' is clicked on

2022-03-09 10:32:35 - [TEST_STEP][PASSED] - click(findTestObject("Object Repository/Step3/Step 3 Google search/Page_AdRoot  Create Campaign Steps/div_Ad_edit")): Object: 'Object Repository/Step3/Step 3 Google search/Page_AdRoot  Create Campaign Steps/div_Ad_edit' is clicked on

2022-03-09 10:32:36 - [MESSAGE][PASSED] - Object: 'Object Repository/Step3/Step 3 Google search/Page_AdRoot  Create Campaign Steps/div_Ad_edit' is clicked on

2022-03-09 10:32:36 - [TEST_STEP][PASSED] - setText(findTestObject("Object Repository/Step3/Step 3 Google search/Page_AdRoot  Create Campaign Steps/input_Prohibited_custom-input"), "Create ads"): Text 'Create ads' is set on object 'Object Repository/Step3/Step 3 Google search/Page_AdRoot  Create Campaign Steps/input_Prohibited_custom-input'

2022-03-09 10:32:37 - [MESSAGE][PASSED] - Text 'Create ads' is set on object 'Object Repository/Step3/Step 3 Google search/Page_AdRoot  Create Campaign Steps/input_Prohibited_custom-input'

2022-03-09 10:32:37 - [TEST_STEP][PASSED] - setText(findTestObject("Object Repository/Step3/Step 3 Google search/Page_AdRoot  Create Campaign Steps/input_Prohibited_custom-input_1"), "Create campaigns"): Text 'Create campaigns' is set on object 'Object Repository/Step3/Step 3 Google search/Page_AdRoot  Create Campaign Steps/input_Prohibited_custom-input_1'

2022-03-09 10:32:38 - [MESSAGE][PASSED] - Text 'Create campaigns' is set on object 'Object Repository/Step3/Step 3 Google search/Page_AdRoot  Create Campaign Steps/input_Prohibited_custom-input_1'

2022-03-09 10:32:38 - [TEST_STEP][PASSED] - setText(findTestObject("Object Repository/Step3/Step 3 Google search/Page_AdRoot  Create Campaign Steps/input_Prohibited_custom-input_1_2"), "Ad management system"): Text 'Ad management system' is set on object 'Object Repository/Step3/Step 3 Google search/Page_AdRoot  Create Campaign Steps/input_Prohibited_custom-input_1_2'

2022-03-09 10:32:39 - [MESSAGE][PASSED] - Text 'Ad management system' is set on object 'Object Repository/Step3/Step 3 Google search/Page_AdRoot  Create Campaign Steps/input_Prohibited_custom-input_1_2'

2022-03-09 10:32:39 - [TEST_STEP][PASSED] - click(findTestObject("Object Repository/Step3/Step 3 Google search/Page_AdRoot  Create Campaign Steps/button_Save")): Object: 'Object Repository/Step3/Step 3 Google search/Page_AdRoot  Create Campaign Steps/button_Save' is clicked on

2022-03-09 10:32:40 - [MESSAGE][PASSED] - Object: 'Object Repository/Step3/Step 3 Google search/Page_AdRoot  Create Campaign Steps/button_Save' is clicked on

2022-03-09 10:32:40 - [TEST_STEP][PASSED] - click(findTestObject("Object Repository/Step 4,5/Page_AdRoot  Create Campaign Steps/button_Next Step (1)")): Object: 'Object Repository/Step 4,5/Page_AdRoot  Create Campaign Steps/button_Next Step (1)' is clicked on

2022-03-09 10:32:40 - [MESSAGE][PASSED] - Object: 'Object Repository/Step 4,5/Page_AdRoot  Create Campaign Steps/button_Next Step (1)' is clicked on

2022-03-09 10:32:40 - [TEST_STEP][PASSED] - click(findTestObject("Object Repository/Step 4,5/Page_AdRoot  Create Campaign Steps/button_Next Step (1)")): Object: 'Object Repository/Step 4,5/Page_AdRoot  Create Campaign Steps/button_Next Step (1)' is clicked on

2022-03-09 10:32:42 - [MESSAGE][PASSED] - Object: 'Object Repository/Step 4,5/Page_AdRoot  Create Campaign Steps/button_Next Step (1)' is clicked on

2022-03-09 10:32:42 - [TEST_STEP][PASSED] - setText(findTestObject("Object Repository/Step 4,5/Page_AdRoot  Create Campaign Steps/input_Daily_custom-input"), "$ 1"): Text '$ 1' is set on object 'Object Repository/Step 4,5/Page_AdRoot  Create Campaign Steps/input_Daily_custom-input'

2022-03-09 10:32:44 - [MESSAGE][PASSED] - Text '$ 1' is set on object 'Object Repository/Step 4,5/Page_AdRoot  Create Campaign Steps/input_Daily_custom-input'

2022-03-09 10:32:44 - [TEST_STEP][PASSED] - click(findTestObject("Step 4,5/Page_AdRoot  Create Campaign Steps/input_Start_single-date-picker-datepicker-y6DXOBYbq5i4SX3nAPEZ")): Object: 'Object Repository/Step 4,5/Page_AdRoot  Create Campaign Steps/input_Start_single-date-picker-datepicker-y6DXOBYbq5i4SX3nAPEZ' is clicked on

2022-03-09 10:32:44 - [MESSAGE][PASSED] - Object: 'Object Repository/Step 4,5/Page_AdRoot  Create Campaign Steps/input_Start_single-date-picker-datepicker-y6DXOBYbq5i4SX3nAPEZ' is clicked on

2022-03-09 10:32:44 - [TEST_STEP][PASSED] - click(findTestObject("Step 4,5/Page_AdRoot  Create Campaign Steps/svg_Su_DayPickerNavigation_svg__horizontal DayPickerNavigation_svg__horizontal_1")): Object: 'Object Repository/Step 4,5/Page_AdRoot  Create Campaign Steps/svg_Su_DayPickerNavigation_svg__horizontal DayPickerNavigation_svg__horizontal_1' is clicked on

2022-03-09 10:32:45 - [MESSAGE][PASSED] - Object: 'Object Repository/Step 4,5/Page_AdRoot  Create Campaign Steps/svg_Su_DayPickerNavigation_svg__horizontal DayPickerNavigation_svg__horizontal_1' is clicked on

2022-03-09 10:32:45 - [TEST_STEP][PASSED] - click(findTestObject("Step 4,5/Page_AdRoot  Create Campaign Steps/svg_Su_DayPickerNavigation_svg__horizontal DayPickerNavigation_svg__horizontal_1")): Object: 'Object Repository/Step 4,5/Page_AdRoot  Create Campaign Steps/svg_Su_DayPickerNavigation_svg__horizontal DayPickerNavigation_svg__horizontal_1' is clicked on

2022-03-09 10:32:45 - [MESSAGE][PASSED] - Object: 'Object Repository/Step 4,5/Page_AdRoot  Create Campaign Steps/svg_Su_DayPickerNavigation_svg__horizontal DayPickerNavigation_svg__horizontal_1' is clicked on

2022-03-09 10:32:45 - [TEST_STEP][PASSED] - click(findTestObject("Step 4,5/Page_AdRoot  Create Campaign Steps/svg_Su_DayPickerNavigation_svg__horizontal DayPickerNavigation_svg__horizontal_1")): Object: 'Object Repository/Step 4,5/Page_AdRoot  Create Campaign Steps/svg_Su_DayPickerNavigation_svg__horizontal DayPickerNavigation_svg__horizontal_1' is clicked on

2022-03-09 10:32:46 - [MESSAGE][PASSED] - Object: 'Object Repository/Step 4,5/Page_AdRoot  Create Campaign Steps/svg_Su_DayPickerNavigation_svg__horizontal DayPickerNavigation_svg__horizontal_1' is clicked on

2022-03-09 10:32:46 - [TEST_STEP][PASSED] - click(findTestObject("Step 4,5/Page_AdRoot  Create Campaign Steps/svg_Su_DayPickerNavigation_svg__horizontal DayPickerNavigation_svg__horizontal_1")): Object: 'Object Repository/Step 4,5/Page_AdRoot  Create Campaign Steps/svg_Su_DayPickerNavigation_svg__horizontal DayPickerNavigation_svg__horizontal_1' is clicked on

2022-03-09 10:32:46 - [MESSAGE][PASSED] - Object: 'Object Repository/Step 4,5/Page_AdRoot  Create Campaign Steps/svg_Su_DayPickerNavigation_svg__horizontal DayPickerNavigation_svg__horizontal_1' is clicked on

2022-03-09 10:32:46 - [TEST_STEP][PASSED] - click(findTestObject("Step 4,5/Page_AdRoot  Create Campaign Steps/td_10")): Object: 'Object Repository/Step 4,5/Page_AdRoot  Create Campaign Steps/td_10' is clicked on

2022-03-09 10:32:47 - [MESSAGE][PASSED] - Object: 'Object Repository/Step 4,5/Page_AdRoot  Create Campaign Steps/td_10' is clicked on

2022-03-09 10:32:47 - [TEST_STEP][PASSED] - click(findTestObject("Object Repository/Step 4,5/Page_AdRoot  Create Campaign Steps/button_Finish")): Object: 'Object Repository/Step 4,5/Page_AdRoot  Create Campaign Steps/button_Finish' is clicked on

2022-03-09 10:32:48 - [MESSAGE][PASSED] - Object: 'Object Repository/Step 4,5/Page_AdRoot  Create Campaign Steps/button_Finish' is clicked on

2022-03-09 10:32:48 - [TEST_STEP][PASSED] - verifyElementPresent(findTestObject("Object Repository/Step 4,5/Page_AdRoot  Campaigns/div_PENDING"), 0): Object 'Object Repository/Step 4,5/Page_AdRoot  Campaigns/div_PENDING' is present

2022-03-09 10:32:48 - [MESSAGE][WARNING] - Timeout '0' is invalid. Using default page load timeout: '30'

2022-03-09 10:32:49 - [MESSAGE][PASSED] - Object 'Object Repository/Step 4,5/Page_AdRoot  Campaigns/div_PENDING' is present

2022-03-09 10:32:49 - [TEST_STEP][PASSED] - closeBrowser(STOP_ON_FAILURE): Browser is closed

2022-03-09 10:32:50 - [MESSAGE][PASSED] - Browser is closed]]></system-out>
         <system-err><![CDATA[]]></system-err>
      </testcase>
      <testcase name="Test Cases/Campaign/Create campaign/dev-Create campaign/Dev-Video views campaign" time="36.178" classname="Test Cases/Campaign/Create campaign/dev-Create campaign/Dev-Video views campaign" status="PASSED">
         <system-out><![CDATA[2022-03-09 10:32:50 - [TEST_CASE][PASSED] - Test Cases/Campaign/Create campaign/dev-Create campaign/Dev-Video views campaign: Test Cases/Campaign/Create campaign/dev-Create campaign/Dev-Video views campaign

2022-03-09 10:32:50 - [TEST_STEP][PASSED] - openBrowser(""): Browser is opened with url: ''

2022-03-09 10:32:50 - [MESSAGE][INFO] - Starting 'Chrome' driver

2022-03-09 10:32:50 - [MESSAGE][INFO] - Action delay is set to 0 milliseconds

2022-03-09 10:32:51 - [MESSAGE][PASSED] - Browser is opened with url: ''

2022-03-09 10:32:51 - [TEST_STEP][PASSED] - setViewPortSize(1550, 900): Viewport is set to new size with width = 1550 and height = 900

2022-03-09 10:32:51 - [MESSAGE][PASSED] - Viewport is set to new size with width = 1550 and height = 900

2022-03-09 10:32:51 - [TEST_STEP][PASSED] - navigateToUrl("https://dev.adroot.io/auth/signin"): Navigate to 'https://dev.adroot.io/auth/signin' successfully

2022-03-09 10:32:54 - [MESSAGE][PASSED] - Navigate to 'https://dev.adroot.io/auth/signin' successfully

2022-03-09 10:32:54 - [TEST_STEP][PASSED] - setText(findTestObject("Object Repository/Regular Create campaign/Page_AdRoot  Login/input_E-mail_email"), "makronmanuel01@gmail.com"): Text 'makronmanuel01@gmail.com' is set on object 'Object Repository/Regular Create campaign/Page_AdRoot  Login/input_E-mail_email'

2022-03-09 10:32:55 - [MESSAGE][PASSED] - Text 'makronmanuel01@gmail.com' is set on object 'Object Repository/Regular Create campaign/Page_AdRoot  Login/input_E-mail_email'

2022-03-09 10:32:55 - [TEST_STEP][PASSED] - setEncryptedText(findTestObject("Object Repository/Regular Create campaign/Page_AdRoot  Login/input_Password_password"), "9juLMCYi8sYpY2Mrwe5diw=="): Text ****** has been set on object 'Object Repository/Regular Create campaign/Page_AdRoot  Login/input_Password_password'

2022-03-09 10:32:55 - [MESSAGE][PASSED] - Text ****** has been set on object 'Object Repository/Regular Create campaign/Page_AdRoot  Login/input_Password_password'

2022-03-09 10:32:55 - [TEST_STEP][PASSED] - click(findTestObject("Object Repository/Regular Create campaign/Page_AdRoot  Login/button_Sign in")): Object: 'Object Repository/Regular Create campaign/Page_AdRoot  Login/button_Sign in' is clicked on

2022-03-09 10:32:56 - [MESSAGE][PASSED] - Object: 'Object Repository/Regular Create campaign/Page_AdRoot  Login/button_Sign in' is clicked on

2022-03-09 10:32:56 - [TEST_STEP][PASSED] - click(findTestObject("Page_AdRoot  Campaigns/img")): Object: 'Object Repository/Page_AdRoot  Campaigns/img' is clicked on

2022-03-09 10:32:58 - [MESSAGE][PASSED] - Object: 'Object Repository/Page_AdRoot  Campaigns/img' is clicked on

2022-03-09 10:32:58 - [TEST_STEP][PASSED] - click(findTestObject("Object Repository/Regular Create campaign/Page_AdRoot  Campaigns/div_By Ruzan (dev)")): Object: 'Object Repository/Regular Create campaign/Page_AdRoot  Campaigns/div_By Ruzan (dev)' is clicked on

2022-03-09 10:32:59 - [MESSAGE][PASSED] - Object: 'Object Repository/Regular Create campaign/Page_AdRoot  Campaigns/div_By Ruzan (dev)' is clicked on

2022-03-09 10:32:59 - [TEST_STEP][PASSED] - click(findTestObject("Campaign copy/Page_AdRoot  Dashboard/a_Campaigns")): Object: 'Object Repository/Campaign copy/Page_AdRoot  Dashboard/a_Campaigns' is clicked on

2022-03-09 10:33:02 - [MESSAGE][PASSED] - Object: 'Object Repository/Campaign copy/Page_AdRoot  Dashboard/a_Campaigns' is clicked on

2022-03-09 10:33:02 - [TEST_STEP][PASSED] - click(findTestObject("Regular Create campaign/Page_AdRoot  Campaigns/div_Campaign View")): Object: 'Object Repository/Regular Create campaign/Page_AdRoot  Campaigns/div_Campaign View' is clicked on

2022-03-09 10:33:03 - [MESSAGE][PASSED] - Object: 'Object Repository/Regular Create campaign/Page_AdRoot  Campaigns/div_Campaign View' is clicked on

2022-03-09 10:33:03 - [TEST_STEP][PASSED] - click(findTestObject("Regular Create campaign/Page_AdRoot  Campaigns/div_New Campaign")): Object: 'Object Repository/Regular Create campaign/Page_AdRoot  Campaigns/div_New Campaign' is clicked on

2022-03-09 10:33:03 - [MESSAGE][PASSED] - Object: 'Object Repository/Regular Create campaign/Page_AdRoot  Campaigns/div_New Campaign' is clicked on

2022-03-09 10:33:03 - [TEST_STEP][PASSED] - setText(findTestObject("Page_AdRoot  Create Campaign Steps/input_Campaign name_custom-input"), "devadroot1"): Text 'devadroot1' is set on object 'Object Repository/Page_AdRoot  Create Campaign Steps/input_Campaign name_custom-input'

2022-03-09 10:33:05 - [MESSAGE][PASSED] - Text 'devadroot1' is set on object 'Object Repository/Page_AdRoot  Create Campaign Steps/input_Campaign name_custom-input'

2022-03-09 10:33:05 - [TEST_STEP][PASSED] - click(findTestObject("Regular Create campaign/Page_AdRoot  Campaigns/Page_AdRoot  Create Campaign Steps/span_Name is taken")): Object: 'Object Repository/Regular Create campaign/Page_AdRoot  Campaigns/Page_AdRoot  Create Campaign Steps/span_Name is taken' is clicked on

2022-03-09 10:33:06 - [MESSAGE][PASSED] - Object: 'Object Repository/Regular Create campaign/Page_AdRoot  Campaigns/Page_AdRoot  Create Campaign Steps/span_Name is taken' is clicked on

2022-03-09 10:33:06 - [TEST_STEP][PASSED] - click(findTestObject("Goals/Goals/Page_AdRoot  Create Campaign Steps/div_Video Views")): Object: 'Object Repository/Goals/Goals/Page_AdRoot  Create Campaign Steps/div_Video Views' is clicked on

2022-03-09 10:33:06 - [MESSAGE][PASSED] - Object: 'Object Repository/Goals/Goals/Page_AdRoot  Create Campaign Steps/div_Video Views' is clicked on

2022-03-09 10:33:06 - [TEST_STEP][PASSED] - Ms = verifyTextPresent("Name is taken", false): Text 'Name is taken' is present on page 

2022-03-09 10:33:07 - [MESSAGE][PASSED] - Text 'Name is taken' is present on page 

2022-03-09 10:33:07 - [TEST_STEP][PASSED] - if (Ms.equals("true")): Object: 'Object Repository/Regular Create campaign/Page_AdRoot  Campaigns/Page_AdRoot  Create Campaign Steps/button_Next Step' is clicked on

2022-03-09 10:33:07 - [TEST_STEP][PASSED] - RN = <not implemented yet for class: org.codehaus.groovy.ast.expr.EmptyExpression>: null

2022-03-09 10:33:07 - [TEST_STEP][PASSED] - RN = Math.random() * 5000: null

2022-03-09 10:33:07 - [TEST_STEP][PASSED] - setText(findTestObject("Regular Create campaign/Page_AdRoot Ad Manager - One Place To Manag_7de57e/Page_AdRoot  Create Campaign Steps/input_Campaign name_custom-input"), "devadroot" + RN): Text 'devadroot4306' is set on object 'Object Repository/Regular Create campaign/Page_AdRoot Ad Manager - One Place To Manag_7de57e/Page_AdRoot  Create Campaign Steps/input_Campaign name_custom-input'

2022-03-09 10:33:07 - [MESSAGE][PASSED] - Text 'devadroot4306' is set on object 'Object Repository/Regular Create campaign/Page_AdRoot Ad Manager - One Place To Manag_7de57e/Page_AdRoot  Create Campaign Steps/input_Campaign name_custom-input'

2022-03-09 10:33:07 - [TEST_STEP][PASSED] - click(findTestObject("Object Repository/Regular Create campaign/Page_AdRoot  Campaigns/Page_AdRoot  Create Campaign Steps/button_Next Step")): Object: 'Object Repository/Regular Create campaign/Page_AdRoot  Campaigns/Page_AdRoot  Create Campaign Steps/button_Next Step' is clicked on

2022-03-09 10:33:08 - [MESSAGE][PASSED] - Object: 'Object Repository/Regular Create campaign/Page_AdRoot  Campaigns/Page_AdRoot  Create Campaign Steps/button_Next Step' is clicked on

2022-03-09 10:33:08 - [TEST_STEP][PASSED] - verifyElementPresent(findTestObject("Step2/Page_AdRoot  Create Campaign Steps/div_Artashes Mxchyan"), 0): Object 'Object Repository/Step2/Page_AdRoot  Create Campaign Steps/div_Artashes Mxchyan' is present

2022-03-09 10:33:08 - [MESSAGE][WARNING] - Timeout '0' is invalid. Using default page load timeout: '30'

2022-03-09 10:33:09 - [MESSAGE][PASSED] - Object 'Object Repository/Step2/Page_AdRoot  Create Campaign Steps/div_Artashes Mxchyan' is present

2022-03-09 10:33:09 - [TEST_STEP][PASSED] - click(findTestObject("Step2/Page_AdRoot  Create Campaign Steps/button_Next Step")): Object: 'Object Repository/Step2/Page_AdRoot  Create Campaign Steps/button_Next Step' is clicked on

2022-03-09 10:33:09 - [MESSAGE][PASSED] - Object: 'Object Repository/Step2/Page_AdRoot  Create Campaign Steps/button_Next Step' is clicked on

2022-03-09 10:33:09 - [TEST_STEP][PASSED] - click(findTestObject("Object Repository/Step2/Page_AdRoot  Create Campaign Steps/Page_AdRoot  Create Campaign Steps/input_Primary Text_invalid custom-input")): Object: 'Object Repository/Step2/Page_AdRoot  Create Campaign Steps/Page_AdRoot  Create Campaign Steps/input_Primary Text_invalid custom-input' is clicked on

2022-03-09 10:33:11 - [MESSAGE][PASSED] - Object: 'Object Repository/Step2/Page_AdRoot  Create Campaign Steps/Page_AdRoot  Create Campaign Steps/input_Primary Text_invalid custom-input' is clicked on

2022-03-09 10:33:11 - [TEST_STEP][PASSED] - setText(findTestObject("Object Repository/Step2/Page_AdRoot  Create Campaign Steps/Page_AdRoot  Create Campaign Steps/input_Primary Text_invalid custom-input"), "Social media"): Text 'Social media' is set on object 'Object Repository/Step2/Page_AdRoot  Create Campaign Steps/Page_AdRoot  Create Campaign Steps/input_Primary Text_invalid custom-input'

2022-03-09 10:33:11 - [MESSAGE][PASSED] - Text 'Social media' is set on object 'Object Repository/Step2/Page_AdRoot  Create Campaign Steps/Page_AdRoot  Create Campaign Steps/input_Primary Text_invalid custom-input'

2022-03-09 10:33:11 - [TEST_STEP][PASSED] - setText(findTestObject("Step2/Page_AdRoot  Create Campaign Steps/Page_AdRoot  Create Campaign Steps/input_Headline_custom-input"), "Social media ads management "): Text 'Social media ads management ' is set on object 'Object Repository/Step2/Page_AdRoot  Create Campaign Steps/Page_AdRoot  Create Campaign Steps/input_Headline_custom-input'

2022-03-09 10:33:13 - [MESSAGE][PASSED] - Text 'Social media ads management ' is set on object 'Object Repository/Step2/Page_AdRoot  Create Campaign Steps/Page_AdRoot  Create Campaign Steps/input_Headline_custom-input'

2022-03-09 10:33:13 - [TEST_STEP][PASSED] - setText(findTestObject("Step2/Page_AdRoot  Create Campaign Steps/Page_AdRoot  Create Campaign Steps/input_Ad Description_custom-input"), "Our Mission is to create one place for all advertising needs"): Text 'Our Mission is to create one place for all advertising needs' is set on object 'Object Repository/Step2/Page_AdRoot  Create Campaign Steps/Page_AdRoot  Create Campaign Steps/input_Ad Description_custom-input'

2022-03-09 10:33:14 - [MESSAGE][PASSED] - Text 'Our Mission is to create one place for all advertising needs' is set on object 'Object Repository/Step2/Page_AdRoot  Create Campaign Steps/Page_AdRoot  Create Campaign Steps/input_Ad Description_custom-input'

2022-03-09 10:33:14 - [TEST_STEP][PASSED] - setText(findTestObject("Step2/Page_AdRoot  Create Campaign Steps/input_Website URL_custom-input"), "gsmediagroup.net"): Text 'gsmediagroup.net' is set on object 'Object Repository/Step2/Page_AdRoot  Create Campaign Steps/input_Website URL_custom-input'

2022-03-09 10:33:15 - [MESSAGE][PASSED] - Text 'gsmediagroup.net' is set on object 'Object Repository/Step2/Page_AdRoot  Create Campaign Steps/input_Website URL_custom-input'

2022-03-09 10:33:15 - [TEST_STEP][PASSED] - click(findTestObject("Step2/Page_AdRoot  Create Campaign Steps/div_Choose AD")): Object: 'Object Repository/Step2/Page_AdRoot  Create Campaign Steps/div_Choose AD' is clicked on

2022-03-09 10:33:15 - [MESSAGE][PASSED] - Object: 'Object Repository/Step2/Page_AdRoot  Create Campaign Steps/div_Choose AD' is clicked on

2022-03-09 10:33:15 - [TEST_STEP][PASSED] - click(findTestObject("Object Repository/Goals/Page_AdRoot  Create Campaign Steps/div_Videos_image-cont video")): Object: 'Object Repository/Goals/Page_AdRoot  Create Campaign Steps/div_Videos_image-cont video' is clicked on

2022-03-09 10:33:16 - [MESSAGE][PASSED] - Object: 'Object Repository/Goals/Page_AdRoot  Create Campaign Steps/div_Videos_image-cont video' is clicked on

2022-03-09 10:33:16 - [TEST_STEP][PASSED] - click(findTestObject("Step3/Page_AdRoot  Create Campaign Steps/button_Select")): Object: 'Object Repository/Step3/Page_AdRoot  Create Campaign Steps/button_Select' is clicked on

2022-03-09 10:33:17 - [MESSAGE][PASSED] - Object: 'Object Repository/Step3/Page_AdRoot  Create Campaign Steps/button_Select' is clicked on

2022-03-09 10:33:17 - [TEST_STEP][PASSED] - click(findTestObject("Object Repository/Step 4,5/Page_AdRoot  Create Campaign Steps/button_Next Step (1)")): Object: 'Object Repository/Step 4,5/Page_AdRoot  Create Campaign Steps/button_Next Step (1)' is clicked on

2022-03-09 10:33:17 - [MESSAGE][PASSED] - Object: 'Object Repository/Step 4,5/Page_AdRoot  Create Campaign Steps/button_Next Step (1)' is clicked on

2022-03-09 10:33:17 - [TEST_STEP][PASSED] - click(findTestObject("Object Repository/Step 4,5/Page_AdRoot  Create Campaign Steps/button_Next Step (1)")): Object: 'Object Repository/Step 4,5/Page_AdRoot  Create Campaign Steps/button_Next Step (1)' is clicked on

2022-03-09 10:33:19 - [MESSAGE][PASSED] - Object: 'Object Repository/Step 4,5/Page_AdRoot  Create Campaign Steps/button_Next Step (1)' is clicked on

2022-03-09 10:33:19 - [TEST_STEP][PASSED] - setText(findTestObject("Object Repository/Step 4,5/Page_AdRoot  Create Campaign Steps/input_Daily_custom-input"), "$ 1"): Text '$ 1' is set on object 'Object Repository/Step 4,5/Page_AdRoot  Create Campaign Steps/input_Daily_custom-input'

2022-03-09 10:33:20 - [MESSAGE][PASSED] - Text '$ 1' is set on object 'Object Repository/Step 4,5/Page_AdRoot  Create Campaign Steps/input_Daily_custom-input'

2022-03-09 10:33:20 - [TEST_STEP][PASSED] - click(findTestObject("Step 4,5/Page_AdRoot  Create Campaign Steps/input_Start_single-date-picker-datepicker-y6DXOBYbq5i4SX3nAPEZ")): Object: 'Object Repository/Step 4,5/Page_AdRoot  Create Campaign Steps/input_Start_single-date-picker-datepicker-y6DXOBYbq5i4SX3nAPEZ' is clicked on

2022-03-09 10:33:21 - [MESSAGE][PASSED] - Object: 'Object Repository/Step 4,5/Page_AdRoot  Create Campaign Steps/input_Start_single-date-picker-datepicker-y6DXOBYbq5i4SX3nAPEZ' is clicked on

2022-03-09 10:33:21 - [TEST_STEP][PASSED] - click(findTestObject("Step 4,5/Page_AdRoot  Create Campaign Steps/svg_Su_DayPickerNavigation_svg__horizontal DayPickerNavigation_svg__horizontal_1")): Object: 'Object Repository/Step 4,5/Page_AdRoot  Create Campaign Steps/svg_Su_DayPickerNavigation_svg__horizontal DayPickerNavigation_svg__horizontal_1' is clicked on

2022-03-09 10:33:22 - [MESSAGE][PASSED] - Object: 'Object Repository/Step 4,5/Page_AdRoot  Create Campaign Steps/svg_Su_DayPickerNavigation_svg__horizontal DayPickerNavigation_svg__horizontal_1' is clicked on

2022-03-09 10:33:22 - [TEST_STEP][PASSED] - click(findTestObject("Step 4,5/Page_AdRoot  Create Campaign Steps/svg_Su_DayPickerNavigation_svg__horizontal DayPickerNavigation_svg__horizontal_1")): Object: 'Object Repository/Step 4,5/Page_AdRoot  Create Campaign Steps/svg_Su_DayPickerNavigation_svg__horizontal DayPickerNavigation_svg__horizontal_1' is clicked on

2022-03-09 10:33:22 - [MESSAGE][PASSED] - Object: 'Object Repository/Step 4,5/Page_AdRoot  Create Campaign Steps/svg_Su_DayPickerNavigation_svg__horizontal DayPickerNavigation_svg__horizontal_1' is clicked on

2022-03-09 10:33:22 - [TEST_STEP][PASSED] - click(findTestObject("Step 4,5/Page_AdRoot  Create Campaign Steps/svg_Su_DayPickerNavigation_svg__horizontal DayPickerNavigation_svg__horizontal_1")): Object: 'Object Repository/Step 4,5/Page_AdRoot  Create Campaign Steps/svg_Su_DayPickerNavigation_svg__horizontal DayPickerNavigation_svg__horizontal_1' is clicked on

2022-03-09 10:33:23 - [MESSAGE][PASSED] - Object: 'Object Repository/Step 4,5/Page_AdRoot  Create Campaign Steps/svg_Su_DayPickerNavigation_svg__horizontal DayPickerNavigation_svg__horizontal_1' is clicked on

2022-03-09 10:33:23 - [TEST_STEP][PASSED] - click(findTestObject("Step 4,5/Page_AdRoot  Create Campaign Steps/svg_Su_DayPickerNavigation_svg__horizontal DayPickerNavigation_svg__horizontal_1")): Object: 'Object Repository/Step 4,5/Page_AdRoot  Create Campaign Steps/svg_Su_DayPickerNavigation_svg__horizontal DayPickerNavigation_svg__horizontal_1' is clicked on

2022-03-09 10:33:23 - [MESSAGE][PASSED] - Object: 'Object Repository/Step 4,5/Page_AdRoot  Create Campaign Steps/svg_Su_DayPickerNavigation_svg__horizontal DayPickerNavigation_svg__horizontal_1' is clicked on

2022-03-09 10:33:23 - [TEST_STEP][PASSED] - click(findTestObject("Step 4,5/Page_AdRoot  Create Campaign Steps/td_10")): Object: 'Object Repository/Step 4,5/Page_AdRoot  Create Campaign Steps/td_10' is clicked on

2022-03-09 10:33:24 - [MESSAGE][PASSED] - Object: 'Object Repository/Step 4,5/Page_AdRoot  Create Campaign Steps/td_10' is clicked on

2022-03-09 10:33:24 - [TEST_STEP][PASSED] - click(findTestObject("Object Repository/Step 4,5/Page_AdRoot  Create Campaign Steps/button_Finish")): Object: 'Object Repository/Step 4,5/Page_AdRoot  Create Campaign Steps/button_Finish' is clicked on

2022-03-09 10:33:24 - [MESSAGE][PASSED] - Object: 'Object Repository/Step 4,5/Page_AdRoot  Create Campaign Steps/button_Finish' is clicked on

2022-03-09 10:33:24 - [TEST_STEP][PASSED] - verifyElementPresent(findTestObject("Object Repository/Step 4,5/Page_AdRoot  Campaigns/div_PENDING"), 0): Object 'Object Repository/Step 4,5/Page_AdRoot  Campaigns/div_PENDING' is present

2022-03-09 10:33:24 - [MESSAGE][WARNING] - Timeout '0' is invalid. Using default page load timeout: '30'

2022-03-09 10:33:25 - [MESSAGE][PASSED] - Object 'Object Repository/Step 4,5/Page_AdRoot  Campaigns/div_PENDING' is present

2022-03-09 10:33:25 - [TEST_STEP][PASSED] - closeBrowser(): Browser is closed

2022-03-09 10:33:26 - [MESSAGE][PASSED] - Browser is closed]]></system-out>
         <system-err><![CDATA[]]></system-err>
      </testcase>
      <system-out><![CDATA[2022-03-09 10:27:59 - [TEST_SUITE][PASSED] - dev-create campaign suite: Test Cases/Campaign/Create campaign/dev-Create campaign/Dev-Video views campaign]]></system-out>
      <system-err><![CDATA[]]></system-err>
   </testsuite>
</testsuites>
