<?xml version="1.0" encoding="UTF-8"?>
<testsuites name="Login" time="87.366" tests="7" failures="0" errors="0">
   <testsuite name="Login" tests="7" failures="0" errors="0" time="87.366" skipped="0" timestamp="2022-01-30 13:14:26" hostname="User - 192.168.0.107" id="Test Suites/Login">
      <properties>
         <property name="deviceName" value=""/>
         <property name="devicePlatform" value=""/>
         <property name="logFolder" value="C:\\Users\\User\\git\\KatalonAutomation\\Reports\\20220130_131420\\Login\\20220130_131420"/>
         <property name="logFiles" value="C:\\Users\\User\\git\\KatalonAutomation\\Reports\\20220130_131420\\Login\\20220130_131420\\execution0.log"/>
         <property name="attachments" value=""/>
         <property name="hostName" value="User - 192.168.0.107"/>
         <property name="os" value="Windows 10 64bit"/>
         <property name="katalonVersion" value="8.2.5.208"/>
         <property name="browser" value="Chrome 97.0.4692.99"/>
         <property name="hostAddress" value="192.168.0.107"/>
         <property name="sessionId" value="5f9928c2e37837e2221034d6e464adf5"/>
         <property name="seleniumVersion" value="3.141.59"/>
         <property name="proxyInformation" value="ProxyInformation { proxyOption=NO_PROXY, proxyServerType=HTTP, username=, password=********, proxyServerAddress=, proxyServerPort=0, executionList=&quot;&quot;, isApplyToDesiredCapabilities=true }"/>
         <property name="platform" value="Windows 10"/>
      </properties>
      <testcase name="Test Cases/Login/Login with email" time="9.97" classname="Test Cases/Login/Login with email" status="PASSED">
         <system-out><![CDATA[2022-01-30 13:14:26 - [TEST_CASE][PASSED] - Test Cases/Login/Login with email: Test Cases/Login/Login with email

2022-01-30 13:14:27 - [TEST_STEP][PASSED] - openBrowser(""): Browser is opened with url: ''

2022-01-30 13:14:27 - [MESSAGE][INFO] - Starting 'Chrome' driver

2022-01-30 13:14:27 - [MESSAGE][INFO] - Action delay is set to 0 milliseconds

2022-01-30 13:14:29 - [MESSAGE][PASSED] - Browser is opened with url: ''

2022-01-30 13:14:29 - [TEST_STEP][PASSED] - setViewPortSize(1200, 1000): Viewport is set to new size with width = 1200 and height = 1000

2022-01-30 13:14:30 - [MESSAGE][PASSED] - Viewport is set to new size with width = 1200 and height = 1000

2022-01-30 13:14:30 - [TEST_STEP][PASSED] - navigateToUrl("https://dev.adroot.io/auth/signin"): Navigate to 'https://dev.adroot.io/auth/signin' successfully

2022-01-30 13:14:32 - [MESSAGE][PASSED] - Navigate to 'https://dev.adroot.io/auth/signin' successfully

2022-01-30 13:14:32 - [TEST_STEP][PASSED] - setText(findTestObject("Object Repository/Login/Page_AdRoot  Login/input_E-mail_email"), "makronmanuel01@gmail.com"): Text 'makronmanuel01@gmail.com' is set on object 'Object Repository/Login/Page_AdRoot  Login/input_E-mail_email'

2022-01-30 13:14:33 - [MESSAGE][PASSED] - Text 'makronmanuel01@gmail.com' is set on object 'Object Repository/Login/Page_AdRoot  Login/input_E-mail_email'

2022-01-30 13:14:33 - [TEST_STEP][PASSED] - setEncryptedText(findTestObject("Object Repository/Login/Page_AdRoot  Login/input_Password_password"), "9juLMCYi8sYpY2Mrwe5diw=="): Text ****** has been set on object 'Object Repository/Login/Page_AdRoot  Login/input_Password_password'

2022-01-30 13:14:33 - [MESSAGE][PASSED] - Text ****** has been set on object 'Object Repository/Login/Page_AdRoot  Login/input_Password_password'

2022-01-30 13:14:33 - [TEST_STEP][PASSED] - click(findTestObject("Login/Page_AdRoot  Login/button_Sign in")): Object: 'Object Repository/Login/Page_AdRoot  Login/button_Sign in' is clicked on

2022-01-30 13:14:34 - [MESSAGE][PASSED] - Object: 'Object Repository/Login/Page_AdRoot  Login/button_Sign in' is clicked on

2022-01-30 13:14:34 - [TEST_STEP][PASSED] - click(findTestObject("Login/Page_AdRoot  Dashboard/a_Campaigns")): Object: 'Object Repository/Login/Page_AdRoot  Dashboard/a_Campaigns' is clicked on

2022-01-30 13:14:36 - [MESSAGE][PASSED] - Object: 'Object Repository/Login/Page_AdRoot  Dashboard/a_Campaigns' is clicked on

2022-01-30 13:14:36 - [TEST_STEP][PASSED] - closeBrowser(): Browser is closed

2022-01-30 13:14:36 - [MESSAGE][PASSED] - Browser is closed]]></system-out>
         <system-err><![CDATA[]]></system-err>
      </testcase>
      <testcase name="Test Cases/Login/Login with Facebook and close" time="7.989" classname="Test Cases/Login/Login with Facebook and close" status="PASSED">
         <system-out><![CDATA[2022-01-30 13:14:36 - [TEST_CASE][PASSED] - Test Cases/Login/Login with Facebook and close: Test Cases/Login/Login with Facebook and close

2022-01-30 13:14:37 - [TEST_STEP][PASSED] - openBrowser(""): Browser is opened with url: ''

2022-01-30 13:14:37 - [MESSAGE][INFO] - Starting 'Chrome' driver

2022-01-30 13:14:37 - [MESSAGE][INFO] - Action delay is set to 0 milliseconds

2022-01-30 13:14:38 - [MESSAGE][PASSED] - Browser is opened with url: ''

2022-01-30 13:14:38 - [TEST_STEP][PASSED] - setViewPortSize(1200, 1000): Viewport is set to new size with width = 1200 and height = 1000

2022-01-30 13:14:38 - [MESSAGE][PASSED] - Viewport is set to new size with width = 1200 and height = 1000

2022-01-30 13:14:38 - [TEST_STEP][PASSED] - navigateToUrl("https://dev.adroot.io/auth/signin"): Navigate to 'https://dev.adroot.io/auth/signin' successfully

2022-01-30 13:14:40 - [MESSAGE][PASSED] - Navigate to 'https://dev.adroot.io/auth/signin' successfully

2022-01-30 13:14:40 - [TEST_STEP][PASSED] - click(findTestObject("Object Repository/Login/Page_AdRoot  Login/div_Sign In_login-icon")): Object: 'Object Repository/Login/Page_AdRoot  Login/div_Sign In_login-icon' is clicked on

2022-01-30 13:14:41 - [MESSAGE][PASSED] - Object: 'Object Repository/Login/Page_AdRoot  Login/div_Sign In_login-icon' is clicked on

2022-01-30 13:14:41 - [TEST_STEP][PASSED] - switchToWindowTitle("Facebook"): Switched to window with title: 'Facebook'

2022-01-30 13:14:42 - [MESSAGE][PASSED] - Switched to window with title: 'Facebook'

2022-01-30 13:14:42 - [TEST_STEP][PASSED] - setText(findTestObject("Object Repository/Login/Page_Facebook/input_Email or phone_email"), "makronmanuel01@gmail.com"): Text 'makronmanuel01@gmail.com' is set on object 'Object Repository/Login/Page_Facebook/input_Email or phone_email'

2022-01-30 13:14:43 - [MESSAGE][PASSED] - Text 'makronmanuel01@gmail.com' is set on object 'Object Repository/Login/Page_Facebook/input_Email or phone_email'

2022-01-30 13:14:43 - [TEST_STEP][PASSED] - setEncryptedText(findTestObject("Object Repository/Login/Page_Facebook/input_Password_pass"), "/cmVevPZqxso+uthIH5BoA=="): Text ****** has been set on object 'Object Repository/Login/Page_Facebook/input_Password_pass'

2022-01-30 13:14:43 - [MESSAGE][PASSED] - Text ****** has been set on object 'Object Repository/Login/Page_Facebook/input_Password_pass'

2022-01-30 13:14:43 - [TEST_STEP][PASSED] - switchToWindowTitle("AdRoot ‒ Login"): Switched to window with title: 'AdRoot ‒ Login'

2022-01-30 13:14:43 - [MESSAGE][PASSED] - Switched to window with title: 'AdRoot ‒ Login'

2022-01-30 13:14:43 - [TEST_STEP][PASSED] - verifyTextPresent("Login into your account", false): Text 'Login into your account' is present on page 

2022-01-30 13:14:44 - [MESSAGE][PASSED] - Text 'Login into your account' is present on page 

2022-01-30 13:14:44 - [TEST_STEP][PASSED] - closeBrowser(): Browser is closed

2022-01-30 13:14:44 - [MESSAGE][PASSED] - Browser is closed]]></system-out>
         <system-err><![CDATA[]]></system-err>
      </testcase>
      <testcase name="Test Cases/Login/Login with Facebook" time="14.223" classname="Test Cases/Login/Login with Facebook" status="PASSED">
         <system-out><![CDATA[2022-01-30 13:14:44 - [TEST_CASE][PASSED] - Test Cases/Login/Login with Facebook: Test Cases/Login/Login with Facebook

2022-01-30 13:14:45 - [TEST_STEP][PASSED] - openBrowser(""): Browser is opened with url: ''

2022-01-30 13:14:45 - [MESSAGE][INFO] - Starting 'Chrome' driver

2022-01-30 13:14:45 - [MESSAGE][INFO] - Action delay is set to 0 milliseconds

2022-01-30 13:14:46 - [MESSAGE][PASSED] - Browser is opened with url: ''

2022-01-30 13:14:46 - [TEST_STEP][PASSED] - setViewPortSize(1200, 1000): Viewport is set to new size with width = 1200 and height = 1000

2022-01-30 13:14:46 - [MESSAGE][PASSED] - Viewport is set to new size with width = 1200 and height = 1000

2022-01-30 13:14:46 - [TEST_STEP][PASSED] - navigateToUrl("https://dev.adroot.io/auth/signin"): Navigate to 'https://dev.adroot.io/auth/signin' successfully

2022-01-30 13:14:48 - [MESSAGE][PASSED] - Navigate to 'https://dev.adroot.io/auth/signin' successfully

2022-01-30 13:14:48 - [TEST_STEP][PASSED] - click(findTestObject("Login wtih Facebook/Page_AdRoot  Login/div_Sign In_login-icon")): Object: 'Object Repository/Login wtih Facebook/Page_AdRoot  Login/div_Sign In_login-icon' is clicked on

2022-01-30 13:14:48 - [MESSAGE][PASSED] - Object: 'Object Repository/Login wtih Facebook/Page_AdRoot  Login/div_Sign In_login-icon' is clicked on

2022-01-30 13:14:48 - [TEST_STEP][PASSED] - switchToWindowTitle("Facebook"): Switched to window with title: 'Facebook'

2022-01-30 13:14:50 - [MESSAGE][PASSED] - Switched to window with title: 'Facebook'

2022-01-30 13:14:50 - [TEST_STEP][PASSED] - setText(findTestObject("Object Repository/Login/Page_Facebook/input_Email or phone_email"), "makronmanuel01@gmail.com"): Text 'makronmanuel01@gmail.com' is set on object 'Object Repository/Login/Page_Facebook/input_Email or phone_email'

2022-01-30 13:14:50 - [MESSAGE][PASSED] - Text 'makronmanuel01@gmail.com' is set on object 'Object Repository/Login/Page_Facebook/input_Email or phone_email'

2022-01-30 13:14:50 - [TEST_STEP][PASSED] - setEncryptedText(findTestObject("Object Repository/Login/Page_Facebook/input_Password_pass"), "/cmVevPZqxso+uthIH5BoA=="): Text ****** has been set on object 'Object Repository/Login/Page_Facebook/input_Password_pass'

2022-01-30 13:14:51 - [MESSAGE][PASSED] - Text ****** has been set on object 'Object Repository/Login/Page_Facebook/input_Password_pass'

2022-01-30 13:14:51 - [TEST_STEP][PASSED] - sendKeys(findTestObject("Object Repository/Login wtih Facebook/Page_Facebook/input_Password_pass"), Keys.chord(ENTER)): Keys 'ENTER + ' sent to object: 'Object Repository/Login wtih Facebook/Page_Facebook/input_Password_pass'

2022-01-30 13:14:51 - [MESSAGE][PASSED] - Keys 'ENTER + ' sent to object: 'Object Repository/Login wtih Facebook/Page_Facebook/input_Password_pass'

2022-01-30 13:14:51 - [TEST_STEP][PASSED] - switchToWindowTitle("AdRoot ‒ Dashboard"): Switched to window with title: 'AdRoot ‒ Dashboard'

2022-01-30 13:14:57 - [MESSAGE][PASSED] - Switched to window with title: 'AdRoot ‒ Dashboard'

2022-01-30 13:14:57 - [TEST_STEP][PASSED] - click(findTestObject("Object Repository/Login/Page_AdRoot  Dashboard/a_Campaigns")): Object: 'Object Repository/Login/Page_AdRoot  Dashboard/a_Campaigns' is clicked on

2022-01-30 13:14:58 - [MESSAGE][PASSED] - Object: 'Object Repository/Login/Page_AdRoot  Dashboard/a_Campaigns' is clicked on

2022-01-30 13:14:58 - [TEST_STEP][PASSED] - closeBrowser(): Browser is closed

2022-01-30 13:14:59 - [MESSAGE][PASSED] - Browser is closed]]></system-out>
         <system-err><![CDATA[]]></system-err>
      </testcase>
      <testcase name="Test Cases/Login/Login with Google and close" time="9.571" classname="Test Cases/Login/Login with Google and close" status="PASSED">
         <system-out><![CDATA[2022-01-30 13:14:59 - [TEST_CASE][PASSED] - Test Cases/Login/Login with Google and close: Test Cases/Login/Login with Google and close

2022-01-30 13:14:59 - [TEST_STEP][PASSED] - openBrowser(""): Browser is opened with url: ''

2022-01-30 13:14:59 - [MESSAGE][INFO] - Starting 'Chrome' driver

2022-01-30 13:14:59 - [MESSAGE][INFO] - Action delay is set to 0 milliseconds

2022-01-30 13:15:00 - [MESSAGE][PASSED] - Browser is opened with url: ''

2022-01-30 13:15:00 - [TEST_STEP][PASSED] - setViewPortSize(1200, 1000): Viewport is set to new size with width = 1200 and height = 1000

2022-01-30 13:15:00 - [MESSAGE][PASSED] - Viewport is set to new size with width = 1200 and height = 1000

2022-01-30 13:15:00 - [TEST_STEP][PASSED] - navigateToUrl("https://dev.adroot.io/auth/signin"): Navigate to 'https://dev.adroot.io/auth/signin' successfully

2022-01-30 13:15:02 - [MESSAGE][PASSED] - Navigate to 'https://dev.adroot.io/auth/signin' successfully

2022-01-30 13:15:02 - [TEST_STEP][PASSED] - click(findTestObject("Object Repository/Login/Page_AdRoot  Login/span_Sign In")): Object: 'Object Repository/Login/Page_AdRoot  Login/span_Sign In' is clicked on

2022-01-30 13:15:03 - [MESSAGE][PASSED] - Object: 'Object Repository/Login/Page_AdRoot  Login/span_Sign In' is clicked on

2022-01-30 13:15:03 - [TEST_STEP][PASSED] - switchToWindowTitle("Մտնել Google հաշիվներ"): Switched to window with title: 'Մտնել Google հաշիվներ'

2022-01-30 13:15:04 - [MESSAGE][PASSED] - Switched to window with title: 'Մտնել Google հաշիվներ'

2022-01-30 13:15:04 - [TEST_STEP][PASSED] - setText(findTestObject("Object Repository/Login/Page_Google/input_adroot.io_identifier"), "ruzan.a@adroot.io"): Text 'ruzan.a@adroot.io' is set on object 'Object Repository/Login/Page_Google/input_adroot.io_identifier'

2022-01-30 13:15:05 - [MESSAGE][PASSED] - Text 'ruzan.a@adroot.io' is set on object 'Object Repository/Login/Page_Google/input_adroot.io_identifier'

2022-01-30 13:15:05 - [TEST_STEP][PASSED] - sendKeys(findTestObject("Object Repository/Login/Page_Google/input_adroot.io_identifier"), Keys.chord(ENTER)): Keys 'ENTER + ' sent to object: 'Object Repository/Login/Page_Google/input_adroot.io_identifier'

2022-01-30 13:15:05 - [MESSAGE][PASSED] - Keys 'ENTER + ' sent to object: 'Object Repository/Login/Page_Google/input_adroot.io_identifier'

2022-01-30 13:15:05 - [TEST_STEP][PASSED] - setEncryptedText(findTestObject("Object Repository/Login/Page_Google/input__password"), "/cmVevPZqxso+uthIH5BoA=="): Text ****** has been set on object 'Object Repository/Login/Page_Google/input__password'

2022-01-30 13:15:07 - [MESSAGE][PASSED] - Text ****** has been set on object 'Object Repository/Login/Page_Google/input__password'

2022-01-30 13:15:07 - [TEST_STEP][PASSED] - switchToWindowTitle("AdRoot ‒ Login"): Switched to window with title: 'AdRoot ‒ Login'

2022-01-30 13:15:07 - [MESSAGE][PASSED] - Switched to window with title: 'AdRoot ‒ Login'

2022-01-30 13:15:07 - [TEST_STEP][PASSED] - verifyTextPresent("Login into your account", false): Text 'Login into your account' is present on page 

2022-01-30 13:15:08 - [MESSAGE][PASSED] - Text 'Login into your account' is present on page 

2022-01-30 13:15:08 - [TEST_STEP][PASSED] - closeBrowser(): Browser is closed

2022-01-30 13:15:08 - [MESSAGE][PASSED] - Browser is closed]]></system-out>
         <system-err><![CDATA[]]></system-err>
      </testcase>
      <testcase name="Test Cases/Login/Login with google" time="31.346" classname="Test Cases/Login/Login with google" status="PASSED">
         <system-out><![CDATA[2022-01-30 13:15:08 - [TEST_CASE][PASSED] - Test Cases/Login/Login with google: Test Cases/Login/Login with google

2022-01-30 13:15:08 - [TEST_STEP][PASSED] - openBrowser(""): Browser is opened with url: ''

2022-01-30 13:15:08 - [MESSAGE][INFO] - Starting 'Chrome' driver

2022-01-30 13:15:08 - [MESSAGE][INFO] - Action delay is set to 0 milliseconds

2022-01-30 13:15:10 - [MESSAGE][PASSED] - Browser is opened with url: ''

2022-01-30 13:15:10 - [TEST_STEP][PASSED] - setViewPortSize(1200, 1000): Viewport is set to new size with width = 1200 and height = 1000

2022-01-30 13:15:10 - [MESSAGE][PASSED] - Viewport is set to new size with width = 1200 and height = 1000

2022-01-30 13:15:10 - [TEST_STEP][PASSED] - navigateToUrl("https://dev.adroot.io/auth/signin"): Navigate to 'https://dev.adroot.io/auth/signin' successfully

2022-01-30 13:15:12 - [MESSAGE][PASSED] - Navigate to 'https://dev.adroot.io/auth/signin' successfully

2022-01-30 13:15:12 - [TEST_STEP][PASSED] - click(findTestObject("Object Repository/Login/Page_AdRoot  Login/span_Sign In")): Object: 'Object Repository/Login/Page_AdRoot  Login/span_Sign In' is clicked on

2022-01-30 13:15:12 - [MESSAGE][PASSED] - Object: 'Object Repository/Login/Page_AdRoot  Login/span_Sign In' is clicked on

2022-01-30 13:15:12 - [TEST_STEP][PASSED] - switchToWindowTitle("Մտնել Google հաշիվներ"): Switched to window with title: 'Մտնել Google հաշիվներ'

2022-01-30 13:15:14 - [MESSAGE][PASSED] - Switched to window with title: 'Մտնել Google հաշիվներ'

2022-01-30 13:15:14 - [TEST_STEP][PASSED] - setText(findTestObject("Object Repository/Login/Page_Google/input_adroot.io_identifier"), "ruzan.a@adroot.io"): Text 'ruzan.a@adroot.io' is set on object 'Object Repository/Login/Page_Google/input_adroot.io_identifier'

2022-01-30 13:15:15 - [MESSAGE][PASSED] - Text 'ruzan.a@adroot.io' is set on object 'Object Repository/Login/Page_Google/input_adroot.io_identifier'

2022-01-30 13:15:15 - [TEST_STEP][PASSED] - sendKeys(findTestObject("Object Repository/Login/Page_Google/input_adroot.io_identifier"), Keys.chord(ENTER)): Keys 'ENTER + ' sent to object: 'Object Repository/Login/Page_Google/input_adroot.io_identifier'

2022-01-30 13:15:15 - [MESSAGE][PASSED] - Keys 'ENTER + ' sent to object: 'Object Repository/Login/Page_Google/input_adroot.io_identifier'

2022-01-30 13:15:15 - [TEST_STEP][PASSED] - setEncryptedText(findTestObject("Object Repository/Login/Page_Google/input__password"), "/cmVevPZqxso+uthIH5BoA=="): Text ****** has been set on object 'Object Repository/Login/Page_Google/input__password'

2022-01-30 13:15:17 - [MESSAGE][PASSED] - Text ****** has been set on object 'Object Repository/Login/Page_Google/input__password'

2022-01-30 13:15:17 - [TEST_STEP][PASSED] - sendKeys(findTestObject("Object Repository/Login/Page_Google/input__password"), Keys.chord(ENTER)): Keys 'ENTER + ' sent to object: 'Object Repository/Login/Page_Google/input__password'

2022-01-30 13:15:17 - [MESSAGE][PASSED] - Keys 'ENTER + ' sent to object: 'Object Repository/Login/Page_Google/input__password'

2022-01-30 13:15:17 - [TEST_STEP][PASSED] - switchToWindowTitle("AdRoot ‒ Dashboard"): Switched to window with title: 'AdRoot ‒ Dashboard'

2022-01-30 13:15:38 - [MESSAGE][PASSED] - Switched to window with title: 'AdRoot ‒ Dashboard'

2022-01-30 13:15:38 - [TEST_STEP][PASSED] - click(findTestObject("Object Repository/Login/Page_AdRoot  Dashboard/a_Campaigns")): Object: 'Object Repository/Login/Page_AdRoot  Dashboard/a_Campaigns' is clicked on

2022-01-30 13:15:39 - [MESSAGE][PASSED] - Object: 'Object Repository/Login/Page_AdRoot  Dashboard/a_Campaigns' is clicked on

2022-01-30 13:15:39 - [TEST_STEP][PASSED] - closeBrowser(): Browser is closed

2022-01-30 13:15:40 - [MESSAGE][PASSED] - Browser is closed]]></system-out>
         <system-err><![CDATA[]]></system-err>
      </testcase>
      <testcase name="Test Cases/Login/Login with invalid email" time="6.828" classname="Test Cases/Login/Login with invalid email" status="PASSED">
         <system-out><![CDATA[2022-01-30 13:15:40 - [TEST_CASE][PASSED] - Test Cases/Login/Login with invalid email: Test Cases/Login/Login with invalid email

2022-01-30 13:15:40 - [TEST_STEP][PASSED] - openBrowser(""): Browser is opened with url: ''

2022-01-30 13:15:40 - [MESSAGE][INFO] - Starting 'Chrome' driver

2022-01-30 13:15:40 - [MESSAGE][INFO] - Action delay is set to 0 milliseconds

2022-01-30 13:15:41 - [MESSAGE][PASSED] - Browser is opened with url: ''

2022-01-30 13:15:41 - [TEST_STEP][PASSED] - setViewPortSize(1200, 1000): Viewport is set to new size with width = 1200 and height = 1000

2022-01-30 13:15:41 - [MESSAGE][PASSED] - Viewport is set to new size with width = 1200 and height = 1000

2022-01-30 13:15:41 - [TEST_STEP][PASSED] - navigateToUrl("https://dev.adroot.io/auth/signin"): Navigate to 'https://dev.adroot.io/auth/signin' successfully

2022-01-30 13:15:43 - [MESSAGE][PASSED] - Navigate to 'https://dev.adroot.io/auth/signin' successfully

2022-01-30 13:15:43 - [TEST_STEP][PASSED] - setText(findTestObject("Object Repository/Login/Page_AdRoot  Login/input_E-mail_email"), "makronmanuel@gmail.com"): Text 'makronmanuel@gmail.com' is set on object 'Object Repository/Login/Page_AdRoot  Login/input_E-mail_email'

2022-01-30 13:15:44 - [MESSAGE][PASSED] - Text 'makronmanuel@gmail.com' is set on object 'Object Repository/Login/Page_AdRoot  Login/input_E-mail_email'

2022-01-30 13:15:44 - [TEST_STEP][PASSED] - setEncryptedText(findTestObject("Object Repository/Login/Page_AdRoot  Login/input_Password_password"), "p6SfaQ7mi9I0hsJfWzeJOA=="): Text ****** has been set on object 'Object Repository/Login/Page_AdRoot  Login/input_Password_password'

2022-01-30 13:15:45 - [MESSAGE][PASSED] - Text ****** has been set on object 'Object Repository/Login/Page_AdRoot  Login/input_Password_password'

2022-01-30 13:15:45 - [TEST_STEP][PASSED] - click(findTestObject("Object Repository/Login/Page_AdRoot  Login/button_Sign in")): Object: 'Object Repository/Login/Page_AdRoot  Login/button_Sign in' is clicked on

2022-01-30 13:15:45 - [MESSAGE][PASSED] - Object: 'Object Repository/Login/Page_AdRoot  Login/button_Sign in' is clicked on

2022-01-30 13:15:45 - [TEST_STEP][PASSED] - verifyTextPresent("Incorrect e-mail or password.", false): Text 'Incorrect e-mail or password.' is present on page 

2022-01-30 13:15:46 - [MESSAGE][PASSED] - Text 'Incorrect e-mail or password.' is present on page 

2022-01-30 13:15:46 - [TEST_STEP][PASSED] - closeBrowser(): Browser is closed

2022-01-30 13:15:46 - [MESSAGE][PASSED] - Browser is closed]]></system-out>
         <system-err><![CDATA[]]></system-err>
      </testcase>
      <testcase name="Test Cases/Login/Login with wrong password" time="7.033" classname="Test Cases/Login/Login with wrong password" status="PASSED">
         <system-out><![CDATA[2022-01-30 13:15:46 - [TEST_CASE][PASSED] - Test Cases/Login/Login with wrong password: Test Cases/Login/Login with wrong password

2022-01-30 13:15:47 - [TEST_STEP][PASSED] - openBrowser(""): Browser is opened with url: ''

2022-01-30 13:15:47 - [MESSAGE][INFO] - Starting 'Chrome' driver

2022-01-30 13:15:47 - [MESSAGE][INFO] - Action delay is set to 0 milliseconds

2022-01-30 13:15:48 - [MESSAGE][PASSED] - Browser is opened with url: ''

2022-01-30 13:15:48 - [TEST_STEP][PASSED] - setViewPortSize(1200, 1000): Viewport is set to new size with width = 1200 and height = 1000

2022-01-30 13:15:48 - [MESSAGE][PASSED] - Viewport is set to new size with width = 1200 and height = 1000

2022-01-30 13:15:48 - [TEST_STEP][PASSED] - navigateToUrl("https://dev.adroot.io/auth/signin"): Navigate to 'https://dev.adroot.io/auth/signin' successfully

2022-01-30 13:15:50 - [MESSAGE][PASSED] - Navigate to 'https://dev.adroot.io/auth/signin' successfully

2022-01-30 13:15:50 - [TEST_STEP][PASSED] - setText(findTestObject("Object Repository/Login/Page_AdRoot  Login/input_E-mail_email"), "makronmanuel01@gmail.com"): Text 'makronmanuel01@gmail.com' is set on object 'Object Repository/Login/Page_AdRoot  Login/input_E-mail_email'

2022-01-30 13:15:51 - [MESSAGE][PASSED] - Text 'makronmanuel01@gmail.com' is set on object 'Object Repository/Login/Page_AdRoot  Login/input_E-mail_email'

2022-01-30 13:15:51 - [TEST_STEP][PASSED] - setEncryptedText(findTestObject("Object Repository/Login/Page_AdRoot  Login/input_Password_password"), "p6SfaQ7mi9I0hsJfWzeJOA=="): Text ****** has been set on object 'Object Repository/Login/Page_AdRoot  Login/input_Password_password'

2022-01-30 13:15:51 - [MESSAGE][PASSED] - Text ****** has been set on object 'Object Repository/Login/Page_AdRoot  Login/input_Password_password'

2022-01-30 13:15:51 - [TEST_STEP][PASSED] - click(findTestObject("Object Repository/Login/Page_AdRoot  Login/button_Sign in")): Object: 'Object Repository/Login/Page_AdRoot  Login/button_Sign in' is clicked on

2022-01-30 13:15:52 - [MESSAGE][PASSED] - Object: 'Object Repository/Login/Page_AdRoot  Login/button_Sign in' is clicked on

2022-01-30 13:15:52 - [TEST_STEP][PASSED] - verifyTextPresent("Incorrect e-mail or password.", false): Text 'Incorrect e-mail or password.' is present on page 

2022-01-30 13:15:53 - [MESSAGE][PASSED] - Text 'Incorrect e-mail or password.' is present on page 

2022-01-30 13:15:53 - [TEST_STEP][PASSED] - closeBrowser(): Browser is closed

2022-01-30 13:15:53 - [MESSAGE][PASSED] - Browser is closed]]></system-out>
         <system-err><![CDATA[]]></system-err>
      </testcase>
      <system-out><![CDATA[2022-01-30 13:14:26 - [TEST_SUITE][PASSED] - Login: Test Cases/Login/Login with wrong password]]></system-out>
      <system-err><![CDATA[]]></system-err>
   </testsuite>
</testsuites>
