<?xml version="1.0" encoding="UTF-8"?>
<testsuites name="app-create campaign suite" time="290.915" tests="5" failures="0" errors="0">
   <testsuite name="app-create campaign suite" tests="5" failures="0" errors="0" time="290.915" skipped="0" timestamp="2022-04-01 17:29:26" hostname="AdRoot_PC2 - GorsPC" id="Test Suites/Suits/app-create campaign suite">
      <properties>
         <property name="deviceName" value=""/>
         <property name="devicePlatform" value=""/>
         <property name="logFolder" value="C:\\Users\\AdRoot_PC2\\git\\KatalonAutomation\\Reports\\20220401_172921\\Suits\\app-create campaign suite\\20220401_172921"/>
         <property name="logFiles" value="C:\\Users\\AdRoot_PC2\\git\\KatalonAutomation\\Reports\\20220401_172921\\Suits\\app-create campaign suite\\20220401_172921\\execution0.log"/>
         <property name="attachments" value="C:\\Users\\AdRoot_PC2\\git\\KatalonAutomation\\Reports\\20220401_172921\\Suits\\app-create campaign suite\\20220401_172921\\1648819800013.png, C:\\Users\\AdRoot_PC2\\git\\KatalonAutomation\\Reports\\20220401_172921\\Suits\\app-create campaign suite\\20220401_172921\\1648819974059.png"/>
         <property name="hostName" value="AdRoot_PC2 - GorsPC"/>
         <property name="os" value="Windows 10 64bit"/>
         <property name="katalonVersion" value="8.2.5.208"/>
         <property name="browser" value="Chrome 99.0.4844.84"/>
         <property name="hostAddress" value="192.168.0.106"/>
         <property name="sessionId" value="c3d5a321ff507f1607083f9632c3d7fe"/>
         <property name="seleniumVersion" value="3.141.59"/>
         <property name="proxyInformation" value="ProxyInformation { proxyOption=NO_PROXY, proxyServerType=HTTP, username=, password=********, proxyServerAddress=, proxyServerPort=0, executionList=&quot;&quot;, isApplyToDesiredCapabilities=true }"/>
         <property name="platform" value="Windows 10"/>
      </properties>
      <testcase name="Test Cases/Campaign/Create campaign/App-Create campaign/App-Brand campaign" time="39.542" classname="Test Cases/Campaign/Create campaign/App-Create campaign/App-Brand campaign" status="PASSED">
         <system-out><![CDATA[2022-04-01 17:30:00 - [TEST_CASE][PASSED] - Test Cases/Campaign/Create campaign/App-Create campaign/App-Brand campaign: Test Cases/Campaign/Create campaign/App-Create campaign/App-Brand campaign

2022-04-01 17:30:00 - [TEST_STEP][PASSED] - openBrowser(""): Browser is opened with url: ''

2022-04-01 17:30:00 - [MESSAGE][WARNING] - A browser is already opened. Closing browser and opening a new one

2022-04-01 17:30:01 - [MESSAGE][INFO] - Starting 'Chrome' driver

2022-04-01 17:30:01 - [MESSAGE][INFO] - Action delay is set to 0 milliseconds

2022-04-01 17:30:02 - [MESSAGE][PASSED] - Browser is opened with url: ''

2022-04-01 17:30:02 - [TEST_STEP][PASSED] - setViewPortSize(1550, 900): Viewport is set to new size with width = 1550 and height = 900

2022-04-01 17:30:02 - [MESSAGE][PASSED] - Viewport is set to new size with width = 1550 and height = 900

2022-04-01 17:30:02 - [TEST_STEP][PASSED] - navigateToUrl("https://app.adroot.io/auth/signin"): Navigate to 'https://app.adroot.io/auth/signin' successfully

2022-04-01 17:30:04 - [MESSAGE][PASSED] - Navigate to 'https://app.adroot.io/auth/signin' successfully

2022-04-01 17:30:04 - [TEST_STEP][PASSED] - setText(findTestObject("Object Repository/Regular Create campaign/Page_AdRoot  Login/input_E-mail_email"), "makronmanuel01@gmail.com"): Text 'makronmanuel01@gmail.com' is set on object 'Object Repository/Regular Create campaign/Page_AdRoot  Login/input_E-mail_email'

2022-04-01 17:30:05 - [MESSAGE][PASSED] - Text 'makronmanuel01@gmail.com' is set on object 'Object Repository/Regular Create campaign/Page_AdRoot  Login/input_E-mail_email'

2022-04-01 17:30:05 - [TEST_STEP][PASSED] - setEncryptedText(findTestObject("Object Repository/Regular Create campaign/Page_AdRoot  Login/input_Password_password"), "9juLMCYi8sYpY2Mrwe5diw=="): Text ****** has been set on object 'Object Repository/Regular Create campaign/Page_AdRoot  Login/input_Password_password'

2022-04-01 17:30:06 - [MESSAGE][PASSED] - Text ****** has been set on object 'Object Repository/Regular Create campaign/Page_AdRoot  Login/input_Password_password'

2022-04-01 17:30:06 - [TEST_STEP][PASSED] - click(findTestObject("Object Repository/Regular Create campaign/Page_AdRoot  Login/button_Sign in")): Object: 'Object Repository/Regular Create campaign/Page_AdRoot  Login/button_Sign in' is clicked on

2022-04-01 17:30:06 - [MESSAGE][PASSED] - Object: 'Object Repository/Regular Create campaign/Page_AdRoot  Login/button_Sign in' is clicked on

2022-04-01 17:30:06 - [TEST_STEP][PASSED] - click(findTestObject("Page_AdRoot  Campaigns/img")): Object: 'Object Repository/Page_AdRoot  Campaigns/img' is clicked on

2022-04-01 17:30:08 - [MESSAGE][PASSED] - Object: 'Object Repository/Page_AdRoot  Campaigns/img' is clicked on

2022-04-01 17:30:08 - [TEST_STEP][PASSED] - click(findTestObject("Page_AdRoot  Campaigns/div_By Ruzan (app)")): Object: 'Object Repository/Page_AdRoot  Campaigns/div_By Ruzan (app)' is clicked on

2022-04-01 17:30:09 - [MESSAGE][PASSED] - Object: 'Object Repository/Page_AdRoot  Campaigns/div_By Ruzan (app)' is clicked on

2022-04-01 17:30:09 - [TEST_STEP][PASSED] - click(findTestObject("Campaign copy/Page_AdRoot  Dashboard/a_Campaigns")): Object: 'Object Repository/Campaign copy/Page_AdRoot  Dashboard/a_Campaigns' is clicked on

2022-04-01 17:30:11 - [MESSAGE][PASSED] - Object: 'Object Repository/Campaign copy/Page_AdRoot  Dashboard/a_Campaigns' is clicked on

2022-04-01 17:30:11 - [TEST_STEP][PASSED] - click(findTestObject("Object Repository/App-Create campaign/Page_AdRoot  Campaigns/Page_AdRoot  Campaigns/button_Create campaign")): Object: 'Object Repository/App-Create campaign/Page_AdRoot  Campaigns/Page_AdRoot  Campaigns/button_Create campaign' is clicked on

2022-04-01 17:30:12 - [MESSAGE][PASSED] - Object: 'Object Repository/App-Create campaign/Page_AdRoot  Campaigns/Page_AdRoot  Campaigns/button_Create campaign' is clicked on

2022-04-01 17:30:12 - [TEST_STEP][PASSED] - setText(findTestObject("Page_AdRoot  Create Campaign Steps/input_Campaign name_custom-input"), "appadroot1"): Text 'appadroot1' is set on object 'Object Repository/Page_AdRoot  Create Campaign Steps/input_Campaign name_custom-input'

2022-04-01 17:30:14 - [MESSAGE][PASSED] - Text 'appadroot1' is set on object 'Object Repository/Page_AdRoot  Create Campaign Steps/input_Campaign name_custom-input'

2022-04-01 17:30:14 - [TEST_STEP][PASSED] - click(findTestObject("Regular Create campaign/Page_AdRoot  Campaigns/Page_AdRoot  Create Campaign Steps/span_Name is taken")): Object: 'Object Repository/Regular Create campaign/Page_AdRoot  Campaigns/Page_AdRoot  Create Campaign Steps/span_Name is taken' is clicked on

2022-04-01 17:30:15 - [MESSAGE][PASSED] - Object: 'Object Repository/Regular Create campaign/Page_AdRoot  Campaigns/Page_AdRoot  Create Campaign Steps/span_Name is taken' is clicked on

2022-04-01 17:30:15 - [TEST_STEP][PASSED] - click(findTestObject("Goals/Goals/Page_AdRoot  Create Campaign Steps/div_Brand Awareness")): Object: 'Object Repository/Goals/Goals/Page_AdRoot  Create Campaign Steps/div_Brand Awareness' is clicked on

2022-04-01 17:30:15 - [MESSAGE][PASSED] - Object: 'Object Repository/Goals/Goals/Page_AdRoot  Create Campaign Steps/div_Brand Awareness' is clicked on

2022-04-01 17:30:15 - [TEST_STEP][PASSED] - Ms = verifyTextPresent("Name is taken", false): Text 'Name is taken' is present on page 

2022-04-01 17:30:16 - [MESSAGE][PASSED] - Text 'Name is taken' is present on page 

2022-04-01 17:30:16 - [TEST_STEP][PASSED] - if (Ms.equals("true")): Object: 'Object Repository/Regular Create campaign/Page_AdRoot  Campaigns/Page_AdRoot  Create Campaign Steps/button_Next Step' is clicked on

2022-04-01 17:30:16 - [TEST_STEP][PASSED] - RN = <not implemented yet for class: org.codehaus.groovy.ast.expr.EmptyExpression>: null

2022-04-01 17:30:16 - [TEST_STEP][PASSED] - RN = Math.random() * 5000: null

2022-04-01 17:30:16 - [TEST_STEP][PASSED] - setText(findTestObject("Object Repository/Regular Create campaign/Page_AdRoot  Create Campaign Steps/input_Campaign name_invalid custom-input"), "appadroot" + RN): Text 'appadroot3629' is set on object 'Object Repository/Regular Create campaign/Page_AdRoot  Create Campaign Steps/input_Campaign name_invalid custom-input'

2022-04-01 17:30:16 - [MESSAGE][PASSED] - Text 'appadroot3629' is set on object 'Object Repository/Regular Create campaign/Page_AdRoot  Create Campaign Steps/input_Campaign name_invalid custom-input'

2022-04-01 17:30:16 - [TEST_STEP][PASSED] - click(findTestObject("Object Repository/Regular Create campaign/Page_AdRoot  Campaigns/Page_AdRoot  Create Campaign Steps/button_Next Step")): Object: 'Object Repository/Regular Create campaign/Page_AdRoot  Campaigns/Page_AdRoot  Create Campaign Steps/button_Next Step' is clicked on

2022-04-01 17:30:17 - [MESSAGE][PASSED] - Object: 'Object Repository/Regular Create campaign/Page_AdRoot  Campaigns/Page_AdRoot  Create Campaign Steps/button_Next Step' is clicked on

2022-04-01 17:30:17 - [TEST_STEP][PASSED] - verifyElementPresent(findTestObject("Step2/Page_AdRoot  Create Campaign Steps/div_GS PubSense"), 0): Object 'Object Repository/Step2/Page_AdRoot  Create Campaign Steps/div_GS PubSense' is present

2022-04-01 17:30:17 - [MESSAGE][WARNING] - Timeout '0' is invalid. Using default page load timeout: '30'

2022-04-01 17:30:18 - [MESSAGE][PASSED] - Object 'Object Repository/Step2/Page_AdRoot  Create Campaign Steps/div_GS PubSense' is present

2022-04-01 17:30:18 - [TEST_STEP][PASSED] - verifyElementPresent(findTestObject("Step2/Page_AdRoot  Create Campaign Steps/div_Artashes Mxchyan"), 0): Object 'Object Repository/Step2/Page_AdRoot  Create Campaign Steps/div_Artashes Mxchyan' is present

2022-04-01 17:30:18 - [MESSAGE][WARNING] - Timeout '0' is invalid. Using default page load timeout: '30'

2022-04-01 17:30:18 - [MESSAGE][PASSED] - Object 'Object Repository/Step2/Page_AdRoot  Create Campaign Steps/div_Artashes Mxchyan' is present

2022-04-01 17:30:18 - [TEST_STEP][PASSED] - click(findTestObject("Step2/Page_AdRoot  Create Campaign Steps/button_Next Step")): Object: 'Object Repository/Step2/Page_AdRoot  Create Campaign Steps/button_Next Step' is clicked on

2022-04-01 17:30:19 - [MESSAGE][PASSED] - Object: 'Object Repository/Step2/Page_AdRoot  Create Campaign Steps/button_Next Step' is clicked on

2022-04-01 17:30:19 - [TEST_STEP][PASSED] - click(findTestObject("Object Repository/Step2/Page_AdRoot  Create Campaign Steps/Page_AdRoot  Create Campaign Steps/input_Primary Text_invalid custom-input")): Object: 'Object Repository/Step2/Page_AdRoot  Create Campaign Steps/Page_AdRoot  Create Campaign Steps/input_Primary Text_invalid custom-input' is clicked on

2022-04-01 17:30:20 - [MESSAGE][PASSED] - Object: 'Object Repository/Step2/Page_AdRoot  Create Campaign Steps/Page_AdRoot  Create Campaign Steps/input_Primary Text_invalid custom-input' is clicked on

2022-04-01 17:30:20 - [TEST_STEP][PASSED] - setText(findTestObject("Object Repository/Step2/Page_AdRoot  Create Campaign Steps/Page_AdRoot  Create Campaign Steps/input_Primary Text_invalid custom-input"), "Social media"): Text 'Social media' is set on object 'Object Repository/Step2/Page_AdRoot  Create Campaign Steps/Page_AdRoot  Create Campaign Steps/input_Primary Text_invalid custom-input'

2022-04-01 17:30:21 - [MESSAGE][PASSED] - Text 'Social media' is set on object 'Object Repository/Step2/Page_AdRoot  Create Campaign Steps/Page_AdRoot  Create Campaign Steps/input_Primary Text_invalid custom-input'

2022-04-01 17:30:21 - [TEST_STEP][PASSED] - setText(findTestObject("Step2/Page_AdRoot  Create Campaign Steps/Page_AdRoot  Create Campaign Steps/input_Headline_custom-input"), "Social media ads management "): Text 'Social media ads management ' is set on object 'Object Repository/Step2/Page_AdRoot  Create Campaign Steps/Page_AdRoot  Create Campaign Steps/input_Headline_custom-input'

2022-04-01 17:30:22 - [MESSAGE][PASSED] - Text 'Social media ads management ' is set on object 'Object Repository/Step2/Page_AdRoot  Create Campaign Steps/Page_AdRoot  Create Campaign Steps/input_Headline_custom-input'

2022-04-01 17:30:22 - [TEST_STEP][PASSED] - setText(findTestObject("Step2/Page_AdRoot  Create Campaign Steps/Page_AdRoot  Create Campaign Steps/input_Ad Description_custom-input"), "Our Mission is to create one place for all advertising needs"): Text 'Our Mission is to create one place for all advertising needs' is set on object 'Object Repository/Step2/Page_AdRoot  Create Campaign Steps/Page_AdRoot  Create Campaign Steps/input_Ad Description_custom-input'

2022-04-01 17:30:23 - [MESSAGE][PASSED] - Text 'Our Mission is to create one place for all advertising needs' is set on object 'Object Repository/Step2/Page_AdRoot  Create Campaign Steps/Page_AdRoot  Create Campaign Steps/input_Ad Description_custom-input'

2022-04-01 17:30:23 - [TEST_STEP][PASSED] - setText(findTestObject("Step2/Page_AdRoot  Create Campaign Steps/input_Website URL_custom-input"), "gsmediagroup.net"): Text 'gsmediagroup.net' is set on object 'Object Repository/Step2/Page_AdRoot  Create Campaign Steps/input_Website URL_custom-input'

2022-04-01 17:30:24 - [MESSAGE][PASSED] - Text 'gsmediagroup.net' is set on object 'Object Repository/Step2/Page_AdRoot  Create Campaign Steps/input_Website URL_custom-input'

2022-04-01 17:30:24 - [TEST_STEP][PASSED] - click(findTestObject("Step2/Page_AdRoot  Create Campaign Steps/div_Choose AD")): Object: 'Object Repository/Step2/Page_AdRoot  Create Campaign Steps/div_Choose AD' is clicked on

2022-04-01 17:30:24 - [MESSAGE][PASSED] - Object: 'Object Repository/Step2/Page_AdRoot  Create Campaign Steps/div_Choose AD' is clicked on

2022-04-01 17:30:24 - [TEST_STEP][PASSED] - click(findTestObject("Object Repository/App-Create campaign/Page_AdRoot  Create Campaign Steps/span_cropped-512adroot.jpg")): Object: 'Object Repository/App-Create campaign/Page_AdRoot  Create Campaign Steps/span_cropped-512adroot.jpg' is clicked on

2022-04-01 17:30:25 - [MESSAGE][PASSED] - Object: 'Object Repository/App-Create campaign/Page_AdRoot  Create Campaign Steps/span_cropped-512adroot.jpg' is clicked on

2022-04-01 17:30:25 - [TEST_STEP][PASSED] - click(findTestObject("Step3/Page_AdRoot  Create Campaign Steps/button_Select")): Object: 'Object Repository/Step3/Page_AdRoot  Create Campaign Steps/button_Select' is clicked on

2022-04-01 17:30:26 - [MESSAGE][PASSED] - Object: 'Object Repository/Step3/Page_AdRoot  Create Campaign Steps/button_Select' is clicked on

2022-04-01 17:30:26 - [TEST_STEP][PASSED] - mouseOver(findTestObject("Google display/Page_AdRoot  Create Campaign Steps/div_1052Business nameHeadlineChoose ADHeadlineAd DescriptionOpen"), STOP_ON_FAILURE): Object: 'Object Repository/Google display/Page_AdRoot  Create Campaign Steps/div_1052Business nameHeadlineChoose ADHeadlineAd DescriptionOpen' is hovered

2022-04-01 17:30:27 - [MESSAGE][PASSED] - Object: 'Object Repository/Google display/Page_AdRoot  Create Campaign Steps/div_1052Business nameHeadlineChoose ADHeadlineAd DescriptionOpen' is hovered

2022-04-01 17:30:27 - [TEST_STEP][PASSED] - click(findTestObject("Step3/Page_AdRoot  Create Campaign Steps/Page_AdRoot  Create Campaign Steps/div_Open_actions-mode")): Object: 'Object Repository/Step3/Page_AdRoot  Create Campaign Steps/Page_AdRoot  Create Campaign Steps/div_Open_actions-mode' is clicked on

2022-04-01 17:30:27 - [MESSAGE][PASSED] - Object: 'Object Repository/Step3/Page_AdRoot  Create Campaign Steps/Page_AdRoot  Create Campaign Steps/div_Open_actions-mode' is clicked on

2022-04-01 17:30:27 - [TEST_STEP][PASSED] - click(findTestObject("Step3/Page_AdRoot  Create Campaign Steps/div_Open_edit")): Object: 'Object Repository/Step3/Page_AdRoot  Create Campaign Steps/div_Open_edit' is clicked on

2022-04-01 17:30:27 - [MESSAGE][PASSED] - Object: 'Object Repository/Step3/Page_AdRoot  Create Campaign Steps/div_Open_edit' is clicked on

2022-04-01 17:30:27 - [TEST_STEP][PASSED] - setText(findTestObject("Step3/Page_AdRoot  Create Campaign Steps/input_Business Name_custom-input"), "GS media"): Text 'GS media' is set on object 'Object Repository/Step3/Page_AdRoot  Create Campaign Steps/input_Business Name_custom-input'

2022-04-01 17:30:29 - [MESSAGE][PASSED] - Text 'GS media' is set on object 'Object Repository/Step3/Page_AdRoot  Create Campaign Steps/input_Business Name_custom-input'

2022-04-01 17:30:29 - [TEST_STEP][PASSED] - setText(findTestObject("Step3/Page_AdRoot  Create Campaign Steps/input_Long headline_custom-input"), "Ad management system"): Text 'Ad management system' is set on object 'Object Repository/Step3/Page_AdRoot  Create Campaign Steps/input_Long headline_custom-input'

2022-04-01 17:30:30 - [MESSAGE][PASSED] - Text 'Ad management system' is set on object 'Object Repository/Step3/Page_AdRoot  Create Campaign Steps/input_Long headline_custom-input'

2022-04-01 17:30:30 - [TEST_STEP][PASSED] - click(findTestObject("Step3/Page_AdRoot  Create Campaign Steps/button_Save")): Object: 'Object Repository/Step3/Page_AdRoot  Create Campaign Steps/button_Save' is clicked on

2022-04-01 17:30:30 - [MESSAGE][PASSED] - Object: 'Object Repository/Step3/Page_AdRoot  Create Campaign Steps/button_Save' is clicked on

2022-04-01 17:30:30 - [TEST_STEP][PASSED] - click(findTestObject("Object Repository/Step 4,5/Page_AdRoot  Create Campaign Steps/button_Next Step (1)")): Object: 'Object Repository/Step 4,5/Page_AdRoot  Create Campaign Steps/button_Next Step (1)' is clicked on

2022-04-01 17:30:31 - [MESSAGE][PASSED] - Object: 'Object Repository/Step 4,5/Page_AdRoot  Create Campaign Steps/button_Next Step (1)' is clicked on

2022-04-01 17:30:31 - [TEST_STEP][PASSED] - click(findTestObject("Object Repository/Step 4,5/Page_AdRoot  Create Campaign Steps/button_Next Step (1)")): Object: 'Object Repository/Step 4,5/Page_AdRoot  Create Campaign Steps/button_Next Step (1)' is clicked on

2022-04-01 17:30:32 - [MESSAGE][PASSED] - Object: 'Object Repository/Step 4,5/Page_AdRoot  Create Campaign Steps/button_Next Step (1)' is clicked on

2022-04-01 17:30:32 - [TEST_STEP][PASSED] - setText(findTestObject("Object Repository/Step 4,5/Page_AdRoot  Create Campaign Steps/input_Daily_custom-input"), "$ 1"): Text '$ 1' is set on object 'Object Repository/Step 4,5/Page_AdRoot  Create Campaign Steps/input_Daily_custom-input'

2022-04-01 17:30:34 - [MESSAGE][PASSED] - Text '$ 1' is set on object 'Object Repository/Step 4,5/Page_AdRoot  Create Campaign Steps/input_Daily_custom-input'

2022-04-01 17:30:34 - [TEST_STEP][PASSED] - click(findTestObject("Step 4,5/Page_AdRoot  Create Campaign Steps/input_Start_single-date-picker-datepicker-y6DXOBYbq5i4SX3nAPEZ")): Object: 'Object Repository/Step 4,5/Page_AdRoot  Create Campaign Steps/input_Start_single-date-picker-datepicker-y6DXOBYbq5i4SX3nAPEZ' is clicked on

2022-04-01 17:30:34 - [MESSAGE][PASSED] - Object: 'Object Repository/Step 4,5/Page_AdRoot  Create Campaign Steps/input_Start_single-date-picker-datepicker-y6DXOBYbq5i4SX3nAPEZ' is clicked on

2022-04-01 17:30:34 - [TEST_STEP][PASSED] - click(findTestObject("Step 4,5/Page_AdRoot  Create Campaign Steps/svg_Su_DayPickerNavigation_svg__horizontal DayPickerNavigation_svg__horizontal_1")): Object: 'Object Repository/Step 4,5/Page_AdRoot  Create Campaign Steps/svg_Su_DayPickerNavigation_svg__horizontal DayPickerNavigation_svg__horizontal_1' is clicked on

2022-04-01 17:30:35 - [MESSAGE][PASSED] - Object: 'Object Repository/Step 4,5/Page_AdRoot  Create Campaign Steps/svg_Su_DayPickerNavigation_svg__horizontal DayPickerNavigation_svg__horizontal_1' is clicked on

2022-04-01 17:30:35 - [TEST_STEP][PASSED] - click(findTestObject("Step 4,5/Page_AdRoot  Create Campaign Steps/svg_Su_DayPickerNavigation_svg__horizontal DayPickerNavigation_svg__horizontal_1")): Object: 'Object Repository/Step 4,5/Page_AdRoot  Create Campaign Steps/svg_Su_DayPickerNavigation_svg__horizontal DayPickerNavigation_svg__horizontal_1' is clicked on

2022-04-01 17:30:35 - [MESSAGE][PASSED] - Object: 'Object Repository/Step 4,5/Page_AdRoot  Create Campaign Steps/svg_Su_DayPickerNavigation_svg__horizontal DayPickerNavigation_svg__horizontal_1' is clicked on

2022-04-01 17:30:35 - [TEST_STEP][PASSED] - click(findTestObject("Step 4,5/Page_AdRoot  Create Campaign Steps/svg_Su_DayPickerNavigation_svg__horizontal DayPickerNavigation_svg__horizontal_1")): Object: 'Object Repository/Step 4,5/Page_AdRoot  Create Campaign Steps/svg_Su_DayPickerNavigation_svg__horizontal DayPickerNavigation_svg__horizontal_1' is clicked on

2022-04-01 17:30:36 - [MESSAGE][PASSED] - Object: 'Object Repository/Step 4,5/Page_AdRoot  Create Campaign Steps/svg_Su_DayPickerNavigation_svg__horizontal DayPickerNavigation_svg__horizontal_1' is clicked on

2022-04-01 17:30:36 - [TEST_STEP][PASSED] - click(findTestObject("Step 4,5/Page_AdRoot  Create Campaign Steps/svg_Su_DayPickerNavigation_svg__horizontal DayPickerNavigation_svg__horizontal_1")): Object: 'Object Repository/Step 4,5/Page_AdRoot  Create Campaign Steps/svg_Su_DayPickerNavigation_svg__horizontal DayPickerNavigation_svg__horizontal_1' is clicked on

2022-04-01 17:30:36 - [MESSAGE][PASSED] - Object: 'Object Repository/Step 4,5/Page_AdRoot  Create Campaign Steps/svg_Su_DayPickerNavigation_svg__horizontal DayPickerNavigation_svg__horizontal_1' is clicked on

2022-04-01 17:30:36 - [TEST_STEP][PASSED] - click(findTestObject("Step 4,5/Page_AdRoot  Create Campaign Steps/td_10")): Object: 'Object Repository/Step 4,5/Page_AdRoot  Create Campaign Steps/td_10' is clicked on

2022-04-01 17:30:37 - [MESSAGE][PASSED] - Object: 'Object Repository/Step 4,5/Page_AdRoot  Create Campaign Steps/td_10' is clicked on

2022-04-01 17:30:37 - [TEST_STEP][PASSED] - click(findTestObject("Object Repository/Step 4,5/Page_AdRoot  Create Campaign Steps/button_Finish")): Object: 'Object Repository/Step 4,5/Page_AdRoot  Create Campaign Steps/button_Finish' is clicked on

2022-04-01 17:30:38 - [MESSAGE][PASSED] - Object: 'Object Repository/Step 4,5/Page_AdRoot  Create Campaign Steps/button_Finish' is clicked on

2022-04-01 17:30:38 - [TEST_STEP][PASSED] - verifyElementPresent(findTestObject("Object Repository/Step 4,5/Page_AdRoot  Campaigns/div_PENDING"), 0): Object 'Object Repository/Step 4,5/Page_AdRoot  Campaigns/div_PENDING' is present

2022-04-01 17:30:38 - [MESSAGE][WARNING] - Timeout '0' is invalid. Using default page load timeout: '30'

2022-04-01 17:30:39 - [MESSAGE][PASSED] - Object 'Object Repository/Step 4,5/Page_AdRoot  Campaigns/div_PENDING' is present

2022-04-01 17:30:39 - [TEST_STEP][PASSED] - closeBrowser(): Browser is closed

2022-04-01 17:30:40 - [MESSAGE][PASSED] - Browser is closed

2022-04-01 17:30:40 - [TEST_STEP][PASSED] - closeBrowser(): Browser is closed

2022-04-01 17:30:40 - [MESSAGE][PASSED] - Browser is closed]]></system-out>
         <system-err><![CDATA[]]></system-err>
      </testcase>
      <testcase name="Test Cases/Campaign/Create campaign/App-Create campaign/App-Reach campaign" time="38.946" classname="Test Cases/Campaign/Create campaign/App-Create campaign/App-Reach campaign" status="PASSED">
         <system-out><![CDATA[2022-04-01 17:30:40 - [TEST_CASE][PASSED] - Test Cases/Campaign/Create campaign/App-Create campaign/App-Reach campaign: Test Cases/Campaign/Create campaign/App-Create campaign/App-Reach campaign

2022-04-01 17:30:40 - [TEST_STEP][PASSED] - openBrowser(""): Browser is opened with url: ''

2022-04-01 17:30:40 - [MESSAGE][INFO] - Starting 'Chrome' driver

2022-04-01 17:30:40 - [MESSAGE][INFO] - Action delay is set to 0 milliseconds

2022-04-01 17:30:41 - [MESSAGE][PASSED] - Browser is opened with url: ''

2022-04-01 17:30:41 - [TEST_STEP][PASSED] - setViewPortSize(1550, 900): Viewport is set to new size with width = 1550 and height = 900

2022-04-01 17:30:41 - [MESSAGE][PASSED] - Viewport is set to new size with width = 1550 and height = 900

2022-04-01 17:30:41 - [TEST_STEP][PASSED] - navigateToUrl("https://app.adroot.io/auth/signin"): Navigate to 'https://app.adroot.io/auth/signin' successfully

2022-04-01 17:30:44 - [MESSAGE][PASSED] - Navigate to 'https://app.adroot.io/auth/signin' successfully

2022-04-01 17:30:44 - [TEST_STEP][PASSED] - setText(findTestObject("Object Repository/Regular Create campaign/Page_AdRoot  Login/input_E-mail_email"), "makronmanuel01@gmail.com"): Text 'makronmanuel01@gmail.com' is set on object 'Object Repository/Regular Create campaign/Page_AdRoot  Login/input_E-mail_email'

2022-04-01 17:30:45 - [MESSAGE][PASSED] - Text 'makronmanuel01@gmail.com' is set on object 'Object Repository/Regular Create campaign/Page_AdRoot  Login/input_E-mail_email'

2022-04-01 17:30:45 - [TEST_STEP][PASSED] - setEncryptedText(findTestObject("Object Repository/Regular Create campaign/Page_AdRoot  Login/input_Password_password"), "9juLMCYi8sYpY2Mrwe5diw=="): Text ****** has been set on object 'Object Repository/Regular Create campaign/Page_AdRoot  Login/input_Password_password'

2022-04-01 17:30:45 - [MESSAGE][PASSED] - Text ****** has been set on object 'Object Repository/Regular Create campaign/Page_AdRoot  Login/input_Password_password'

2022-04-01 17:30:45 - [TEST_STEP][PASSED] - click(findTestObject("Object Repository/Regular Create campaign/Page_AdRoot  Login/button_Sign in")): Object: 'Object Repository/Regular Create campaign/Page_AdRoot  Login/button_Sign in' is clicked on

2022-04-01 17:30:46 - [MESSAGE][PASSED] - Object: 'Object Repository/Regular Create campaign/Page_AdRoot  Login/button_Sign in' is clicked on

2022-04-01 17:30:46 - [TEST_STEP][PASSED] - click(findTestObject("Page_AdRoot  Campaigns/img")): Object: 'Object Repository/Page_AdRoot  Campaigns/img' is clicked on

2022-04-01 17:30:48 - [MESSAGE][PASSED] - Object: 'Object Repository/Page_AdRoot  Campaigns/img' is clicked on

2022-04-01 17:30:48 - [TEST_STEP][PASSED] - click(findTestObject("Page_AdRoot  Campaigns/div_By Ruzan (app)")): Object: 'Object Repository/Page_AdRoot  Campaigns/div_By Ruzan (app)' is clicked on

2022-04-01 17:30:48 - [MESSAGE][PASSED] - Object: 'Object Repository/Page_AdRoot  Campaigns/div_By Ruzan (app)' is clicked on

2022-04-01 17:30:48 - [TEST_STEP][PASSED] - click(findTestObject("Campaign copy/Page_AdRoot  Dashboard/a_Campaigns")): Object: 'Object Repository/Campaign copy/Page_AdRoot  Dashboard/a_Campaigns' is clicked on

2022-04-01 17:30:51 - [MESSAGE][PASSED] - Object: 'Object Repository/Campaign copy/Page_AdRoot  Dashboard/a_Campaigns' is clicked on

2022-04-01 17:30:51 - [TEST_STEP][PASSED] - click(findTestObject("Object Repository/App-Create campaign/Page_AdRoot  Campaigns/Page_AdRoot  Campaigns/button_Create campaign")): Object: 'Object Repository/App-Create campaign/Page_AdRoot  Campaigns/Page_AdRoot  Campaigns/button_Create campaign' is clicked on

2022-04-01 17:30:52 - [MESSAGE][PASSED] - Object: 'Object Repository/App-Create campaign/Page_AdRoot  Campaigns/Page_AdRoot  Campaigns/button_Create campaign' is clicked on

2022-04-01 17:30:52 - [TEST_STEP][PASSED] - setText(findTestObject("Page_AdRoot  Create Campaign Steps/input_Campaign name_custom-input"), "appadroot1"): Text 'appadroot1' is set on object 'Object Repository/Page_AdRoot  Create Campaign Steps/input_Campaign name_custom-input'

2022-04-01 17:30:53 - [MESSAGE][PASSED] - Text 'appadroot1' is set on object 'Object Repository/Page_AdRoot  Create Campaign Steps/input_Campaign name_custom-input'

2022-04-01 17:30:53 - [TEST_STEP][PASSED] - click(findTestObject("Regular Create campaign/Page_AdRoot  Campaigns/Page_AdRoot  Create Campaign Steps/span_Name is taken")): Object: 'Object Repository/Regular Create campaign/Page_AdRoot  Campaigns/Page_AdRoot  Create Campaign Steps/span_Name is taken' is clicked on

2022-04-01 17:30:54 - [MESSAGE][PASSED] - Object: 'Object Repository/Regular Create campaign/Page_AdRoot  Campaigns/Page_AdRoot  Create Campaign Steps/span_Name is taken' is clicked on

2022-04-01 17:30:54 - [TEST_STEP][PASSED] - click(findTestObject("Goals/Goals/Page_AdRoot  Create Campaign Steps/div_Reach")): Object: 'Object Repository/Goals/Goals/Page_AdRoot  Create Campaign Steps/div_Reach' is clicked on

2022-04-01 17:30:54 - [MESSAGE][PASSED] - Object: 'Object Repository/Goals/Goals/Page_AdRoot  Create Campaign Steps/div_Reach' is clicked on

2022-04-01 17:30:54 - [TEST_STEP][PASSED] - Ms = verifyTextPresent("Name is taken", false): Text 'Name is taken' is present on page 

2022-04-01 17:30:55 - [MESSAGE][PASSED] - Text 'Name is taken' is present on page 

2022-04-01 17:30:55 - [TEST_STEP][PASSED] - if (Ms.equals("true")): Object: 'Object Repository/Regular Create campaign/Page_AdRoot  Campaigns/Page_AdRoot  Create Campaign Steps/button_Next Step' is clicked on

2022-04-01 17:30:55 - [TEST_STEP][PASSED] - RN = <not implemented yet for class: org.codehaus.groovy.ast.expr.EmptyExpression>: null

2022-04-01 17:30:55 - [TEST_STEP][PASSED] - RN = Math.random() * 5000: null

2022-04-01 17:30:55 - [TEST_STEP][PASSED] - setText(findTestObject("Object Repository/Regular Create campaign/Page_AdRoot  Create Campaign Steps/input_Campaign name_invalid custom-input"), "appadroot" + RN): Text 'appadroot1148' is set on object 'Object Repository/Regular Create campaign/Page_AdRoot  Create Campaign Steps/input_Campaign name_invalid custom-input'

2022-04-01 17:30:55 - [MESSAGE][PASSED] - Text 'appadroot1148' is set on object 'Object Repository/Regular Create campaign/Page_AdRoot  Create Campaign Steps/input_Campaign name_invalid custom-input'

2022-04-01 17:30:55 - [TEST_STEP][PASSED] - click(findTestObject("Object Repository/Regular Create campaign/Page_AdRoot  Campaigns/Page_AdRoot  Create Campaign Steps/button_Next Step")): Object: 'Object Repository/Regular Create campaign/Page_AdRoot  Campaigns/Page_AdRoot  Create Campaign Steps/button_Next Step' is clicked on

2022-04-01 17:30:56 - [MESSAGE][PASSED] - Object: 'Object Repository/Regular Create campaign/Page_AdRoot  Campaigns/Page_AdRoot  Create Campaign Steps/button_Next Step' is clicked on

2022-04-01 17:30:56 - [TEST_STEP][PASSED] - verifyElementPresent(findTestObject("Step2/Page_AdRoot  Create Campaign Steps/div_GS PubSense"), 0): Object 'Object Repository/Step2/Page_AdRoot  Create Campaign Steps/div_GS PubSense' is present

2022-04-01 17:30:56 - [MESSAGE][WARNING] - Timeout '0' is invalid. Using default page load timeout: '30'

2022-04-01 17:30:57 - [MESSAGE][PASSED] - Object 'Object Repository/Step2/Page_AdRoot  Create Campaign Steps/div_GS PubSense' is present

2022-04-01 17:30:57 - [TEST_STEP][PASSED] - verifyElementPresent(findTestObject("Step2/Page_AdRoot  Create Campaign Steps/div_Artashes Mxchyan"), 0): Object 'Object Repository/Step2/Page_AdRoot  Create Campaign Steps/div_Artashes Mxchyan' is present

2022-04-01 17:30:57 - [MESSAGE][WARNING] - Timeout '0' is invalid. Using default page load timeout: '30'

2022-04-01 17:30:57 - [MESSAGE][PASSED] - Object 'Object Repository/Step2/Page_AdRoot  Create Campaign Steps/div_Artashes Mxchyan' is present

2022-04-01 17:30:57 - [TEST_STEP][PASSED] - click(findTestObject("Step2/Page_AdRoot  Create Campaign Steps/button_Next Step")): Object: 'Object Repository/Step2/Page_AdRoot  Create Campaign Steps/button_Next Step' is clicked on

2022-04-01 17:30:58 - [MESSAGE][PASSED] - Object: 'Object Repository/Step2/Page_AdRoot  Create Campaign Steps/button_Next Step' is clicked on

2022-04-01 17:30:58 - [TEST_STEP][PASSED] - click(findTestObject("Object Repository/Step2/Page_AdRoot  Create Campaign Steps/Page_AdRoot  Create Campaign Steps/input_Primary Text_invalid custom-input")): Object: 'Object Repository/Step2/Page_AdRoot  Create Campaign Steps/Page_AdRoot  Create Campaign Steps/input_Primary Text_invalid custom-input' is clicked on

2022-04-01 17:30:59 - [MESSAGE][PASSED] - Object: 'Object Repository/Step2/Page_AdRoot  Create Campaign Steps/Page_AdRoot  Create Campaign Steps/input_Primary Text_invalid custom-input' is clicked on

2022-04-01 17:30:59 - [TEST_STEP][PASSED] - setText(findTestObject("Object Repository/Step2/Page_AdRoot  Create Campaign Steps/Page_AdRoot  Create Campaign Steps/input_Primary Text_invalid custom-input"), "Social media"): Text 'Social media' is set on object 'Object Repository/Step2/Page_AdRoot  Create Campaign Steps/Page_AdRoot  Create Campaign Steps/input_Primary Text_invalid custom-input'

2022-04-01 17:31:00 - [MESSAGE][PASSED] - Text 'Social media' is set on object 'Object Repository/Step2/Page_AdRoot  Create Campaign Steps/Page_AdRoot  Create Campaign Steps/input_Primary Text_invalid custom-input'

2022-04-01 17:31:00 - [TEST_STEP][PASSED] - setText(findTestObject("Step2/Page_AdRoot  Create Campaign Steps/Page_AdRoot  Create Campaign Steps/input_Headline_custom-input"), "Social media ads management "): Text 'Social media ads management ' is set on object 'Object Repository/Step2/Page_AdRoot  Create Campaign Steps/Page_AdRoot  Create Campaign Steps/input_Headline_custom-input'

2022-04-01 17:31:01 - [MESSAGE][PASSED] - Text 'Social media ads management ' is set on object 'Object Repository/Step2/Page_AdRoot  Create Campaign Steps/Page_AdRoot  Create Campaign Steps/input_Headline_custom-input'

2022-04-01 17:31:01 - [TEST_STEP][PASSED] - setText(findTestObject("Step2/Page_AdRoot  Create Campaign Steps/Page_AdRoot  Create Campaign Steps/input_Ad Description_custom-input"), "Our Mission is to create one place for all advertising needs"): Text 'Our Mission is to create one place for all advertising needs' is set on object 'Object Repository/Step2/Page_AdRoot  Create Campaign Steps/Page_AdRoot  Create Campaign Steps/input_Ad Description_custom-input'

2022-04-01 17:31:02 - [MESSAGE][PASSED] - Text 'Our Mission is to create one place for all advertising needs' is set on object 'Object Repository/Step2/Page_AdRoot  Create Campaign Steps/Page_AdRoot  Create Campaign Steps/input_Ad Description_custom-input'

2022-04-01 17:31:02 - [TEST_STEP][PASSED] - setText(findTestObject("Step2/Page_AdRoot  Create Campaign Steps/input_Website URL_custom-input"), "gsmediagroup.net"): Text 'gsmediagroup.net' is set on object 'Object Repository/Step2/Page_AdRoot  Create Campaign Steps/input_Website URL_custom-input'

2022-04-01 17:31:03 - [MESSAGE][PASSED] - Text 'gsmediagroup.net' is set on object 'Object Repository/Step2/Page_AdRoot  Create Campaign Steps/input_Website URL_custom-input'

2022-04-01 17:31:03 - [TEST_STEP][PASSED] - click(findTestObject("Step2/Page_AdRoot  Create Campaign Steps/div_Choose AD")): Object: 'Object Repository/Step2/Page_AdRoot  Create Campaign Steps/div_Choose AD' is clicked on

2022-04-01 17:31:04 - [MESSAGE][PASSED] - Object: 'Object Repository/Step2/Page_AdRoot  Create Campaign Steps/div_Choose AD' is clicked on

2022-04-01 17:31:04 - [TEST_STEP][PASSED] - click(findTestObject("Object Repository/App-Create campaign/Page_AdRoot  Create Campaign Steps/span_cropped-512adroot.jpg")): Object: 'Object Repository/App-Create campaign/Page_AdRoot  Create Campaign Steps/span_cropped-512adroot.jpg' is clicked on

2022-04-01 17:31:04 - [MESSAGE][PASSED] - Object: 'Object Repository/App-Create campaign/Page_AdRoot  Create Campaign Steps/span_cropped-512adroot.jpg' is clicked on

2022-04-01 17:31:04 - [TEST_STEP][PASSED] - click(findTestObject("Step3/Page_AdRoot  Create Campaign Steps/button_Select")): Object: 'Object Repository/Step3/Page_AdRoot  Create Campaign Steps/button_Select' is clicked on

2022-04-01 17:31:05 - [MESSAGE][PASSED] - Object: 'Object Repository/Step3/Page_AdRoot  Create Campaign Steps/button_Select' is clicked on

2022-04-01 17:31:05 - [TEST_STEP][PASSED] - mouseOver(findTestObject("Google display/Page_AdRoot  Create Campaign Steps/div_1052Business nameHeadlineChoose ADHeadlineAd DescriptionOpen"), STOP_ON_FAILURE): Object: 'Object Repository/Google display/Page_AdRoot  Create Campaign Steps/div_1052Business nameHeadlineChoose ADHeadlineAd DescriptionOpen' is hovered

2022-04-01 17:31:06 - [MESSAGE][PASSED] - Object: 'Object Repository/Google display/Page_AdRoot  Create Campaign Steps/div_1052Business nameHeadlineChoose ADHeadlineAd DescriptionOpen' is hovered

2022-04-01 17:31:06 - [TEST_STEP][PASSED] - click(findTestObject("Step3/Page_AdRoot  Create Campaign Steps/Page_AdRoot  Create Campaign Steps/div_Open_actions-mode")): Object: 'Object Repository/Step3/Page_AdRoot  Create Campaign Steps/Page_AdRoot  Create Campaign Steps/div_Open_actions-mode' is clicked on

2022-04-01 17:31:06 - [MESSAGE][PASSED] - Object: 'Object Repository/Step3/Page_AdRoot  Create Campaign Steps/Page_AdRoot  Create Campaign Steps/div_Open_actions-mode' is clicked on

2022-04-01 17:31:06 - [TEST_STEP][PASSED] - click(findTestObject("Step3/Page_AdRoot  Create Campaign Steps/div_Open_edit")): Object: 'Object Repository/Step3/Page_AdRoot  Create Campaign Steps/div_Open_edit' is clicked on

2022-04-01 17:31:06 - [MESSAGE][PASSED] - Object: 'Object Repository/Step3/Page_AdRoot  Create Campaign Steps/div_Open_edit' is clicked on

2022-04-01 17:31:06 - [TEST_STEP][PASSED] - setText(findTestObject("Step3/Page_AdRoot  Create Campaign Steps/input_Business Name_custom-input"), "GS media"): Text 'GS media' is set on object 'Object Repository/Step3/Page_AdRoot  Create Campaign Steps/input_Business Name_custom-input'

2022-04-01 17:31:08 - [MESSAGE][PASSED] - Text 'GS media' is set on object 'Object Repository/Step3/Page_AdRoot  Create Campaign Steps/input_Business Name_custom-input'

2022-04-01 17:31:08 - [TEST_STEP][PASSED] - setText(findTestObject("Step3/Page_AdRoot  Create Campaign Steps/input_Long headline_custom-input"), "Ad management system"): Text 'Ad management system' is set on object 'Object Repository/Step3/Page_AdRoot  Create Campaign Steps/input_Long headline_custom-input'

2022-04-01 17:31:09 - [MESSAGE][PASSED] - Text 'Ad management system' is set on object 'Object Repository/Step3/Page_AdRoot  Create Campaign Steps/input_Long headline_custom-input'

2022-04-01 17:31:09 - [TEST_STEP][PASSED] - click(findTestObject("Step3/Page_AdRoot  Create Campaign Steps/button_Save")): Object: 'Object Repository/Step3/Page_AdRoot  Create Campaign Steps/button_Save' is clicked on

2022-04-01 17:31:09 - [MESSAGE][PASSED] - Object: 'Object Repository/Step3/Page_AdRoot  Create Campaign Steps/button_Save' is clicked on

2022-04-01 17:31:09 - [TEST_STEP][PASSED] - click(findTestObject("Object Repository/Step 4,5/Page_AdRoot  Create Campaign Steps/button_Next Step (1)")): Object: 'Object Repository/Step 4,5/Page_AdRoot  Create Campaign Steps/button_Next Step (1)' is clicked on

2022-04-01 17:31:10 - [MESSAGE][PASSED] - Object: 'Object Repository/Step 4,5/Page_AdRoot  Create Campaign Steps/button_Next Step (1)' is clicked on

2022-04-01 17:31:10 - [TEST_STEP][PASSED] - click(findTestObject("Object Repository/Step 4,5/Page_AdRoot  Create Campaign Steps/button_Next Step (1)")): Object: 'Object Repository/Step 4,5/Page_AdRoot  Create Campaign Steps/button_Next Step (1)' is clicked on

2022-04-01 17:31:11 - [MESSAGE][PASSED] - Object: 'Object Repository/Step 4,5/Page_AdRoot  Create Campaign Steps/button_Next Step (1)' is clicked on

2022-04-01 17:31:11 - [TEST_STEP][PASSED] - setText(findTestObject("Object Repository/Step 4,5/Page_AdRoot  Create Campaign Steps/input_Daily_custom-input"), "$ 1"): Text '$ 1' is set on object 'Object Repository/Step 4,5/Page_AdRoot  Create Campaign Steps/input_Daily_custom-input'

2022-04-01 17:31:13 - [MESSAGE][PASSED] - Text '$ 1' is set on object 'Object Repository/Step 4,5/Page_AdRoot  Create Campaign Steps/input_Daily_custom-input'

2022-04-01 17:31:13 - [TEST_STEP][PASSED] - click(findTestObject("Step 4,5/Page_AdRoot  Create Campaign Steps/input_Start_single-date-picker-datepicker-y6DXOBYbq5i4SX3nAPEZ")): Object: 'Object Repository/Step 4,5/Page_AdRoot  Create Campaign Steps/input_Start_single-date-picker-datepicker-y6DXOBYbq5i4SX3nAPEZ' is clicked on

2022-04-01 17:31:13 - [MESSAGE][PASSED] - Object: 'Object Repository/Step 4,5/Page_AdRoot  Create Campaign Steps/input_Start_single-date-picker-datepicker-y6DXOBYbq5i4SX3nAPEZ' is clicked on

2022-04-01 17:31:13 - [TEST_STEP][PASSED] - click(findTestObject("Step 4,5/Page_AdRoot  Create Campaign Steps/svg_Su_DayPickerNavigation_svg__horizontal DayPickerNavigation_svg__horizontal_1")): Object: 'Object Repository/Step 4,5/Page_AdRoot  Create Campaign Steps/svg_Su_DayPickerNavigation_svg__horizontal DayPickerNavigation_svg__horizontal_1' is clicked on

2022-04-01 17:31:14 - [MESSAGE][PASSED] - Object: 'Object Repository/Step 4,5/Page_AdRoot  Create Campaign Steps/svg_Su_DayPickerNavigation_svg__horizontal DayPickerNavigation_svg__horizontal_1' is clicked on

2022-04-01 17:31:14 - [TEST_STEP][PASSED] - click(findTestObject("Step 4,5/Page_AdRoot  Create Campaign Steps/svg_Su_DayPickerNavigation_svg__horizontal DayPickerNavigation_svg__horizontal_1")): Object: 'Object Repository/Step 4,5/Page_AdRoot  Create Campaign Steps/svg_Su_DayPickerNavigation_svg__horizontal DayPickerNavigation_svg__horizontal_1' is clicked on

2022-04-01 17:31:14 - [MESSAGE][PASSED] - Object: 'Object Repository/Step 4,5/Page_AdRoot  Create Campaign Steps/svg_Su_DayPickerNavigation_svg__horizontal DayPickerNavigation_svg__horizontal_1' is clicked on

2022-04-01 17:31:14 - [TEST_STEP][PASSED] - click(findTestObject("Step 4,5/Page_AdRoot  Create Campaign Steps/svg_Su_DayPickerNavigation_svg__horizontal DayPickerNavigation_svg__horizontal_1")): Object: 'Object Repository/Step 4,5/Page_AdRoot  Create Campaign Steps/svg_Su_DayPickerNavigation_svg__horizontal DayPickerNavigation_svg__horizontal_1' is clicked on

2022-04-01 17:31:15 - [MESSAGE][PASSED] - Object: 'Object Repository/Step 4,5/Page_AdRoot  Create Campaign Steps/svg_Su_DayPickerNavigation_svg__horizontal DayPickerNavigation_svg__horizontal_1' is clicked on

2022-04-01 17:31:15 - [TEST_STEP][PASSED] - click(findTestObject("Step 4,5/Page_AdRoot  Create Campaign Steps/svg_Su_DayPickerNavigation_svg__horizontal DayPickerNavigation_svg__horizontal_1")): Object: 'Object Repository/Step 4,5/Page_AdRoot  Create Campaign Steps/svg_Su_DayPickerNavigation_svg__horizontal DayPickerNavigation_svg__horizontal_1' is clicked on

2022-04-01 17:31:15 - [MESSAGE][PASSED] - Object: 'Object Repository/Step 4,5/Page_AdRoot  Create Campaign Steps/svg_Su_DayPickerNavigation_svg__horizontal DayPickerNavigation_svg__horizontal_1' is clicked on

2022-04-01 17:31:15 - [TEST_STEP][PASSED] - click(findTestObject("Step 4,5/Page_AdRoot  Create Campaign Steps/td_10")): Object: 'Object Repository/Step 4,5/Page_AdRoot  Create Campaign Steps/td_10' is clicked on

2022-04-01 17:31:16 - [MESSAGE][PASSED] - Object: 'Object Repository/Step 4,5/Page_AdRoot  Create Campaign Steps/td_10' is clicked on

2022-04-01 17:31:16 - [TEST_STEP][PASSED] - click(findTestObject("Object Repository/Step 4,5/Page_AdRoot  Create Campaign Steps/button_Finish")): Object: 'Object Repository/Step 4,5/Page_AdRoot  Create Campaign Steps/button_Finish' is clicked on

2022-04-01 17:31:17 - [MESSAGE][PASSED] - Object: 'Object Repository/Step 4,5/Page_AdRoot  Create Campaign Steps/button_Finish' is clicked on

2022-04-01 17:31:17 - [TEST_STEP][PASSED] - verifyElementPresent(findTestObject("Object Repository/Step 4,5/Page_AdRoot  Campaigns/div_PENDING"), 0): Object 'Object Repository/Step 4,5/Page_AdRoot  Campaigns/div_PENDING' is present

2022-04-01 17:31:17 - [MESSAGE][WARNING] - Timeout '0' is invalid. Using default page load timeout: '30'

2022-04-01 17:31:18 - [MESSAGE][PASSED] - Object 'Object Repository/Step 4,5/Page_AdRoot  Campaigns/div_PENDING' is present

2022-04-01 17:31:18 - [TEST_STEP][PASSED] - closeBrowser(): Browser is closed

2022-04-01 17:31:19 - [MESSAGE][PASSED] - Browser is closed]]></system-out>
         <system-err><![CDATA[]]></system-err>
      </testcase>
      <testcase name="Test Cases/Campaign/Create campaign/App-Create campaign/App-Traffic campaign" time="46.121" classname="Test Cases/Campaign/Create campaign/App-Create campaign/App-Traffic campaign" status="PASSED">
         <system-out><![CDATA[2022-04-01 17:31:19 - [TEST_CASE][PASSED] - Test Cases/Campaign/Create campaign/App-Create campaign/App-Traffic campaign: Test Cases/Campaign/Create campaign/App-Create campaign/App-Traffic campaign

2022-04-01 17:31:19 - [TEST_STEP][PASSED] - openBrowser(""): Browser is opened with url: ''

2022-04-01 17:31:19 - [MESSAGE][INFO] - Starting 'Chrome' driver

2022-04-01 17:31:19 - [MESSAGE][INFO] - Action delay is set to 0 milliseconds

2022-04-01 17:31:20 - [MESSAGE][PASSED] - Browser is opened with url: ''

2022-04-01 17:31:20 - [TEST_STEP][PASSED] - setViewPortSize(1550, 900): Viewport is set to new size with width = 1550 and height = 900

2022-04-01 17:31:20 - [MESSAGE][PASSED] - Viewport is set to new size with width = 1550 and height = 900

2022-04-01 17:31:20 - [TEST_STEP][PASSED] - navigateToUrl("https://app.adroot.io/auth/signin"): Navigate to 'https://app.adroot.io/auth/signin' successfully

2022-04-01 17:31:23 - [MESSAGE][PASSED] - Navigate to 'https://app.adroot.io/auth/signin' successfully

2022-04-01 17:31:23 - [TEST_STEP][PASSED] - setText(findTestObject("Object Repository/Regular Create campaign/Page_AdRoot  Login/input_E-mail_email"), "makronmanuel01@gmail.com"): Text 'makronmanuel01@gmail.com' is set on object 'Object Repository/Regular Create campaign/Page_AdRoot  Login/input_E-mail_email'

2022-04-01 17:31:24 - [MESSAGE][PASSED] - Text 'makronmanuel01@gmail.com' is set on object 'Object Repository/Regular Create campaign/Page_AdRoot  Login/input_E-mail_email'

2022-04-01 17:31:24 - [TEST_STEP][PASSED] - setEncryptedText(findTestObject("Object Repository/Regular Create campaign/Page_AdRoot  Login/input_Password_password"), "9juLMCYi8sYpY2Mrwe5diw=="): Text ****** has been set on object 'Object Repository/Regular Create campaign/Page_AdRoot  Login/input_Password_password'

2022-04-01 17:31:24 - [MESSAGE][PASSED] - Text ****** has been set on object 'Object Repository/Regular Create campaign/Page_AdRoot  Login/input_Password_password'

2022-04-01 17:31:24 - [TEST_STEP][PASSED] - click(findTestObject("Object Repository/Regular Create campaign/Page_AdRoot  Login/button_Sign in")): Object: 'Object Repository/Regular Create campaign/Page_AdRoot  Login/button_Sign in' is clicked on

2022-04-01 17:31:25 - [MESSAGE][PASSED] - Object: 'Object Repository/Regular Create campaign/Page_AdRoot  Login/button_Sign in' is clicked on

2022-04-01 17:31:25 - [TEST_STEP][PASSED] - click(findTestObject("Page_AdRoot  Campaigns/img")): Object: 'Object Repository/Page_AdRoot  Campaigns/img' is clicked on

2022-04-01 17:31:27 - [MESSAGE][PASSED] - Object: 'Object Repository/Page_AdRoot  Campaigns/img' is clicked on

2022-04-01 17:31:27 - [TEST_STEP][PASSED] - click(findTestObject("Page_AdRoot  Campaigns/div_By Ruzan (app)")): Object: 'Object Repository/Page_AdRoot  Campaigns/div_By Ruzan (app)' is clicked on

2022-04-01 17:31:27 - [MESSAGE][PASSED] - Object: 'Object Repository/Page_AdRoot  Campaigns/div_By Ruzan (app)' is clicked on

2022-04-01 17:31:27 - [TEST_STEP][PASSED] - click(findTestObject("Campaign copy/Page_AdRoot  Dashboard/a_Campaigns")): Object: 'Object Repository/Campaign copy/Page_AdRoot  Dashboard/a_Campaigns' is clicked on

2022-04-01 17:31:29 - [MESSAGE][PASSED] - Object: 'Object Repository/Campaign copy/Page_AdRoot  Dashboard/a_Campaigns' is clicked on

2022-04-01 17:31:29 - [TEST_STEP][PASSED] - click(findTestObject("Object Repository/App-Create campaign/Page_AdRoot  Campaigns/Page_AdRoot  Campaigns/button_Create campaign")): Object: 'Object Repository/App-Create campaign/Page_AdRoot  Campaigns/Page_AdRoot  Campaigns/button_Create campaign' is clicked on

2022-04-01 17:31:30 - [MESSAGE][PASSED] - Object: 'Object Repository/App-Create campaign/Page_AdRoot  Campaigns/Page_AdRoot  Campaigns/button_Create campaign' is clicked on

2022-04-01 17:31:30 - [TEST_STEP][PASSED] - setText(findTestObject("Page_AdRoot  Create Campaign Steps/input_Campaign name_custom-input"), "appadroot1"): Text 'appadroot1' is set on object 'Object Repository/Page_AdRoot  Create Campaign Steps/input_Campaign name_custom-input'

2022-04-01 17:31:32 - [MESSAGE][PASSED] - Text 'appadroot1' is set on object 'Object Repository/Page_AdRoot  Create Campaign Steps/input_Campaign name_custom-input'

2022-04-01 17:31:32 - [TEST_STEP][PASSED] - click(findTestObject("Regular Create campaign/Page_AdRoot  Campaigns/Page_AdRoot  Create Campaign Steps/span_Name is taken")): Object: 'Object Repository/Regular Create campaign/Page_AdRoot  Campaigns/Page_AdRoot  Create Campaign Steps/span_Name is taken' is clicked on

2022-04-01 17:31:33 - [MESSAGE][PASSED] - Object: 'Object Repository/Regular Create campaign/Page_AdRoot  Campaigns/Page_AdRoot  Create Campaign Steps/span_Name is taken' is clicked on

2022-04-01 17:31:33 - [TEST_STEP][PASSED] - Ms = verifyTextPresent("Name is taken", false): Text 'Name is taken' is present on page 

2022-04-01 17:31:33 - [MESSAGE][PASSED] - Text 'Name is taken' is present on page 

2022-04-01 17:31:33 - [TEST_STEP][PASSED] - if (Ms.equals("true")): Object: 'Object Repository/Regular Create campaign/Page_AdRoot  Campaigns/Page_AdRoot  Create Campaign Steps/button_Next Step' is clicked on

2022-04-01 17:31:33 - [TEST_STEP][PASSED] - RN = <not implemented yet for class: org.codehaus.groovy.ast.expr.EmptyExpression>: null

2022-04-01 17:31:33 - [TEST_STEP][PASSED] - RN = Math.random() * 5000: null

2022-04-01 17:31:33 - [TEST_STEP][PASSED] - setText(findTestObject("Object Repository/Regular Create campaign/Page_AdRoot  Create Campaign Steps/input_Campaign name_invalid custom-input"), "appadroot" + RN): Text 'appadroot967' is set on object 'Object Repository/Regular Create campaign/Page_AdRoot  Create Campaign Steps/input_Campaign name_invalid custom-input'

2022-04-01 17:31:34 - [MESSAGE][PASSED] - Text 'appadroot967' is set on object 'Object Repository/Regular Create campaign/Page_AdRoot  Create Campaign Steps/input_Campaign name_invalid custom-input'

2022-04-01 17:31:34 - [TEST_STEP][PASSED] - click(findTestObject("Object Repository/Regular Create campaign/Page_AdRoot  Campaigns/Page_AdRoot  Create Campaign Steps/button_Next Step")): Object: 'Object Repository/Regular Create campaign/Page_AdRoot  Campaigns/Page_AdRoot  Create Campaign Steps/button_Next Step' is clicked on

2022-04-01 17:31:34 - [MESSAGE][PASSED] - Object: 'Object Repository/Regular Create campaign/Page_AdRoot  Campaigns/Page_AdRoot  Create Campaign Steps/button_Next Step' is clicked on

2022-04-01 17:31:34 - [TEST_STEP][PASSED] - verifyElementPresent(findTestObject("Step2/Page_AdRoot  Create Campaign Steps/div_GS PubSense"), 0): Object 'Object Repository/Step2/Page_AdRoot  Create Campaign Steps/div_GS PubSense' is present

2022-04-01 17:31:34 - [MESSAGE][WARNING] - Timeout '0' is invalid. Using default page load timeout: '30'

2022-04-01 17:31:35 - [MESSAGE][PASSED] - Object 'Object Repository/Step2/Page_AdRoot  Create Campaign Steps/div_GS PubSense' is present

2022-04-01 17:31:35 - [TEST_STEP][PASSED] - verifyElementPresent(findTestObject("Step2/Page_AdRoot  Create Campaign Steps/div_Artashes Mxchyan"), 0): Object 'Object Repository/Step2/Page_AdRoot  Create Campaign Steps/div_Artashes Mxchyan' is present

2022-04-01 17:31:35 - [MESSAGE][WARNING] - Timeout '0' is invalid. Using default page load timeout: '30'

2022-04-01 17:31:36 - [MESSAGE][PASSED] - Object 'Object Repository/Step2/Page_AdRoot  Create Campaign Steps/div_Artashes Mxchyan' is present

2022-04-01 17:31:36 - [TEST_STEP][PASSED] - click(findTestObject("Step2/Page_AdRoot  Create Campaign Steps/button_Next Step")): Object: 'Object Repository/Step2/Page_AdRoot  Create Campaign Steps/button_Next Step' is clicked on

2022-04-01 17:31:36 - [MESSAGE][PASSED] - Object: 'Object Repository/Step2/Page_AdRoot  Create Campaign Steps/button_Next Step' is clicked on

2022-04-01 17:31:36 - [TEST_STEP][PASSED] - click(findTestObject("Object Repository/Step2/Page_AdRoot  Create Campaign Steps/Page_AdRoot  Create Campaign Steps/input_Primary Text_invalid custom-input")): Object: 'Object Repository/Step2/Page_AdRoot  Create Campaign Steps/Page_AdRoot  Create Campaign Steps/input_Primary Text_invalid custom-input' is clicked on

2022-04-01 17:31:37 - [MESSAGE][PASSED] - Object: 'Object Repository/Step2/Page_AdRoot  Create Campaign Steps/Page_AdRoot  Create Campaign Steps/input_Primary Text_invalid custom-input' is clicked on

2022-04-01 17:31:37 - [TEST_STEP][PASSED] - setText(findTestObject("Object Repository/Step2/Page_AdRoot  Create Campaign Steps/Page_AdRoot  Create Campaign Steps/input_Primary Text_invalid custom-input"), "Social media"): Text 'Social media' is set on object 'Object Repository/Step2/Page_AdRoot  Create Campaign Steps/Page_AdRoot  Create Campaign Steps/input_Primary Text_invalid custom-input'

2022-04-01 17:31:38 - [MESSAGE][PASSED] - Text 'Social media' is set on object 'Object Repository/Step2/Page_AdRoot  Create Campaign Steps/Page_AdRoot  Create Campaign Steps/input_Primary Text_invalid custom-input'

2022-04-01 17:31:38 - [TEST_STEP][PASSED] - setText(findTestObject("Step2/Page_AdRoot  Create Campaign Steps/Page_AdRoot  Create Campaign Steps/input_Headline_custom-input"), "Social media ads management "): Text 'Social media ads management ' is set on object 'Object Repository/Step2/Page_AdRoot  Create Campaign Steps/Page_AdRoot  Create Campaign Steps/input_Headline_custom-input'

2022-04-01 17:31:39 - [MESSAGE][PASSED] - Text 'Social media ads management ' is set on object 'Object Repository/Step2/Page_AdRoot  Create Campaign Steps/Page_AdRoot  Create Campaign Steps/input_Headline_custom-input'

2022-04-01 17:31:39 - [TEST_STEP][PASSED] - setText(findTestObject("Step2/Page_AdRoot  Create Campaign Steps/Page_AdRoot  Create Campaign Steps/input_Ad Description_custom-input"), "Our Mission is to create one place for all advertising needs"): Text 'Our Mission is to create one place for all advertising needs' is set on object 'Object Repository/Step2/Page_AdRoot  Create Campaign Steps/Page_AdRoot  Create Campaign Steps/input_Ad Description_custom-input'

2022-04-01 17:31:41 - [MESSAGE][PASSED] - Text 'Our Mission is to create one place for all advertising needs' is set on object 'Object Repository/Step2/Page_AdRoot  Create Campaign Steps/Page_AdRoot  Create Campaign Steps/input_Ad Description_custom-input'

2022-04-01 17:31:41 - [TEST_STEP][PASSED] - setText(findTestObject("Step2/Page_AdRoot  Create Campaign Steps/input_Website URL_custom-input"), "gsmediagroup.net"): Text 'gsmediagroup.net' is set on object 'Object Repository/Step2/Page_AdRoot  Create Campaign Steps/input_Website URL_custom-input'

2022-04-01 17:31:42 - [MESSAGE][PASSED] - Text 'gsmediagroup.net' is set on object 'Object Repository/Step2/Page_AdRoot  Create Campaign Steps/input_Website URL_custom-input'

2022-04-01 17:31:42 - [TEST_STEP][PASSED] - click(findTestObject("Step2/Page_AdRoot  Create Campaign Steps/div_Choose AD")): Object: 'Object Repository/Step2/Page_AdRoot  Create Campaign Steps/div_Choose AD' is clicked on

2022-04-01 17:31:42 - [MESSAGE][PASSED] - Object: 'Object Repository/Step2/Page_AdRoot  Create Campaign Steps/div_Choose AD' is clicked on

2022-04-01 17:31:42 - [TEST_STEP][PASSED] - click(findTestObject("Object Repository/App-Create campaign/Page_AdRoot  Create Campaign Steps/span_cropped-512adroot.jpg")): Object: 'Object Repository/App-Create campaign/Page_AdRoot  Create Campaign Steps/span_cropped-512adroot.jpg' is clicked on

2022-04-01 17:31:43 - [MESSAGE][PASSED] - Object: 'Object Repository/App-Create campaign/Page_AdRoot  Create Campaign Steps/span_cropped-512adroot.jpg' is clicked on

2022-04-01 17:31:43 - [TEST_STEP][PASSED] - click(findTestObject("Step3/Page_AdRoot  Create Campaign Steps/button_Select")): Object: 'Object Repository/Step3/Page_AdRoot  Create Campaign Steps/button_Select' is clicked on

2022-04-01 17:31:44 - [MESSAGE][PASSED] - Object: 'Object Repository/Step3/Page_AdRoot  Create Campaign Steps/button_Select' is clicked on

2022-04-01 17:31:44 - [TEST_STEP][PASSED] - mouseOver(findTestObject("Google display/Page_AdRoot  Create Campaign Steps/div_1052Business nameHeadlineChoose ADHeadlineAd DescriptionOpen"), STOP_ON_FAILURE): Object: 'Object Repository/Google display/Page_AdRoot  Create Campaign Steps/div_1052Business nameHeadlineChoose ADHeadlineAd DescriptionOpen' is hovered

2022-04-01 17:31:44 - [MESSAGE][PASSED] - Object: 'Object Repository/Google display/Page_AdRoot  Create Campaign Steps/div_1052Business nameHeadlineChoose ADHeadlineAd DescriptionOpen' is hovered

2022-04-01 17:31:44 - [TEST_STEP][PASSED] - click(findTestObject("Object Repository/Step3/Page_AdRoot  Create Campaign Steps/Page_AdRoot  Create Campaign Steps/div_Open_actions-mode")): Object: 'Object Repository/Step3/Page_AdRoot  Create Campaign Steps/Page_AdRoot  Create Campaign Steps/div_Open_actions-mode' is clicked on

2022-04-01 17:31:45 - [MESSAGE][PASSED] - Object: 'Object Repository/Step3/Page_AdRoot  Create Campaign Steps/Page_AdRoot  Create Campaign Steps/div_Open_actions-mode' is clicked on

2022-04-01 17:31:45 - [TEST_STEP][PASSED] - click(findTestObject("Step3/Page_AdRoot  Create Campaign Steps/div_Open_edit")): Object: 'Object Repository/Step3/Page_AdRoot  Create Campaign Steps/div_Open_edit' is clicked on

2022-04-01 17:31:45 - [MESSAGE][PASSED] - Object: 'Object Repository/Step3/Page_AdRoot  Create Campaign Steps/div_Open_edit' is clicked on

2022-04-01 17:31:45 - [TEST_STEP][PASSED] - setText(findTestObject("Step3/Page_AdRoot  Create Campaign Steps/input_Business Name_custom-input"), "GS media"): Text 'GS media' is set on object 'Object Repository/Step3/Page_AdRoot  Create Campaign Steps/input_Business Name_custom-input'

2022-04-01 17:31:46 - [MESSAGE][PASSED] - Text 'GS media' is set on object 'Object Repository/Step3/Page_AdRoot  Create Campaign Steps/input_Business Name_custom-input'

2022-04-01 17:31:46 - [TEST_STEP][PASSED] - setText(findTestObject("Step3/Page_AdRoot  Create Campaign Steps/input_Long headline_custom-input"), "Ad management system"): Text 'Ad management system' is set on object 'Object Repository/Step3/Page_AdRoot  Create Campaign Steps/input_Long headline_custom-input'

2022-04-01 17:31:47 - [MESSAGE][PASSED] - Text 'Ad management system' is set on object 'Object Repository/Step3/Page_AdRoot  Create Campaign Steps/input_Long headline_custom-input'

2022-04-01 17:31:47 - [TEST_STEP][PASSED] - click(findTestObject("Step3/Page_AdRoot  Create Campaign Steps/button_Save")): Object: 'Object Repository/Step3/Page_AdRoot  Create Campaign Steps/button_Save' is clicked on

2022-04-01 17:31:48 - [MESSAGE][PASSED] - Object: 'Object Repository/Step3/Page_AdRoot  Create Campaign Steps/button_Save' is clicked on

2022-04-01 17:31:48 - [TEST_STEP][PASSED] - mouseOver(findTestObject("Object Repository/Step3/Step 3 Google search/Page_AdRoot  Create Campaign Steps/div_Ad_actions-mode")): Object: 'Object Repository/Step3/Step 3 Google search/Page_AdRoot  Create Campaign Steps/div_Ad_actions-mode' is hovered

2022-04-01 17:31:49 - [MESSAGE][PASSED] - Object: 'Object Repository/Step3/Step 3 Google search/Page_AdRoot  Create Campaign Steps/div_Ad_actions-mode' is hovered

2022-04-01 17:31:49 - [TEST_STEP][PASSED] - mouseOver(findTestObject("Object Repository/Step3/Step 3 Google search/Page_AdRoot  Create Campaign Steps/div_1052horAdhoem.comhoreAdAdAd")): Object: 'Object Repository/Step3/Step 3 Google search/Page_AdRoot  Create Campaign Steps/div_1052horAdhoem.comhoreAdAdAd' is hovered

2022-04-01 17:31:49 - [MESSAGE][PASSED] - Object: 'Object Repository/Step3/Step 3 Google search/Page_AdRoot  Create Campaign Steps/div_1052horAdhoem.comhoreAdAdAd' is hovered

2022-04-01 17:31:49 - [TEST_STEP][PASSED] - click(findTestObject("Object Repository/Step3/Step 3 Google search/Page_AdRoot  Create Campaign Steps/div_Ad_actions-mode")): Object: 'Object Repository/Step3/Step 3 Google search/Page_AdRoot  Create Campaign Steps/div_Ad_actions-mode' is clicked on

2022-04-01 17:31:50 - [MESSAGE][PASSED] - Object: 'Object Repository/Step3/Step 3 Google search/Page_AdRoot  Create Campaign Steps/div_Ad_actions-mode' is clicked on

2022-04-01 17:31:50 - [TEST_STEP][PASSED] - click(findTestObject("Object Repository/Step3/Step 3 Google search/Page_AdRoot  Create Campaign Steps/div_Ad_edit")): Object: 'Object Repository/Step3/Step 3 Google search/Page_AdRoot  Create Campaign Steps/div_Ad_edit' is clicked on

2022-04-01 17:31:50 - [MESSAGE][PASSED] - Object: 'Object Repository/Step3/Step 3 Google search/Page_AdRoot  Create Campaign Steps/div_Ad_edit' is clicked on

2022-04-01 17:31:50 - [TEST_STEP][PASSED] - setText(findTestObject("Object Repository/Step3/Step 3 Google search/Page_AdRoot  Create Campaign Steps/input_Prohibited_custom-input"), "Create ads"): Text 'Create ads' is set on object 'Object Repository/Step3/Step 3 Google search/Page_AdRoot  Create Campaign Steps/input_Prohibited_custom-input'

2022-04-01 17:31:51 - [MESSAGE][PASSED] - Text 'Create ads' is set on object 'Object Repository/Step3/Step 3 Google search/Page_AdRoot  Create Campaign Steps/input_Prohibited_custom-input'

2022-04-01 17:31:51 - [TEST_STEP][PASSED] - setText(findTestObject("Object Repository/Step3/Step 3 Google search/Page_AdRoot  Create Campaign Steps/input_Prohibited_custom-input_1"), "Create campaigns"): Text 'Create campaigns' is set on object 'Object Repository/Step3/Step 3 Google search/Page_AdRoot  Create Campaign Steps/input_Prohibited_custom-input_1'

2022-04-01 17:31:52 - [MESSAGE][PASSED] - Text 'Create campaigns' is set on object 'Object Repository/Step3/Step 3 Google search/Page_AdRoot  Create Campaign Steps/input_Prohibited_custom-input_1'

2022-04-01 17:31:52 - [TEST_STEP][PASSED] - setText(findTestObject("Object Repository/Step3/Step 3 Google search/Page_AdRoot  Create Campaign Steps/input_Prohibited_custom-input_1_2"), "Ad management system"): Text 'Ad management system' is set on object 'Object Repository/Step3/Step 3 Google search/Page_AdRoot  Create Campaign Steps/input_Prohibited_custom-input_1_2'

2022-04-01 17:31:53 - [MESSAGE][PASSED] - Text 'Ad management system' is set on object 'Object Repository/Step3/Step 3 Google search/Page_AdRoot  Create Campaign Steps/input_Prohibited_custom-input_1_2'

2022-04-01 17:31:53 - [TEST_STEP][PASSED] - doubleClick(findTestObject("Regular Create campaign/Page_AdRoot  Create Campaign Steps/input_Keywords_custom-input")): Object: 'Object Repository/Regular Create campaign/Page_AdRoot  Create Campaign Steps/input_Keywords_custom-input' is double clicked on

2022-04-01 17:31:54 - [MESSAGE][PASSED] - Object: 'Object Repository/Regular Create campaign/Page_AdRoot  Create Campaign Steps/input_Keywords_custom-input' is double clicked on

2022-04-01 17:31:54 - [TEST_STEP][PASSED] - setText(findTestObject("Regular Create campaign/Page_AdRoot  Create Campaign Steps/input_Keywords_custom-input"), "campaign"): Text 'campaign' is set on object 'Object Repository/Regular Create campaign/Page_AdRoot  Create Campaign Steps/input_Keywords_custom-input'

2022-04-01 17:31:55 - [MESSAGE][PASSED] - Text 'campaign' is set on object 'Object Repository/Regular Create campaign/Page_AdRoot  Create Campaign Steps/input_Keywords_custom-input'

2022-04-01 17:31:55 - [TEST_STEP][PASSED] - click(findTestObject("Object Repository/Step3/Step 3 Google search/Page_AdRoot  Create Campaign Steps/button_Save")): Object: 'Object Repository/Step3/Step 3 Google search/Page_AdRoot  Create Campaign Steps/button_Save' is clicked on

2022-04-01 17:31:55 - [MESSAGE][PASSED] - Object: 'Object Repository/Step3/Step 3 Google search/Page_AdRoot  Create Campaign Steps/button_Save' is clicked on

2022-04-01 17:31:55 - [TEST_STEP][PASSED] - click(findTestObject("Object Repository/Step 4,5/Page_AdRoot  Create Campaign Steps/button_Next Step (1)")): Object: 'Object Repository/Step 4,5/Page_AdRoot  Create Campaign Steps/button_Next Step (1)' is clicked on

2022-04-01 17:31:56 - [MESSAGE][PASSED] - Object: 'Object Repository/Step 4,5/Page_AdRoot  Create Campaign Steps/button_Next Step (1)' is clicked on

2022-04-01 17:31:56 - [TEST_STEP][PASSED] - click(findTestObject("Object Repository/Step 4,5/Page_AdRoot  Create Campaign Steps/button_Next Step (1)")): Object: 'Object Repository/Step 4,5/Page_AdRoot  Create Campaign Steps/button_Next Step (1)' is clicked on

2022-04-01 17:31:58 - [MESSAGE][PASSED] - Object: 'Object Repository/Step 4,5/Page_AdRoot  Create Campaign Steps/button_Next Step (1)' is clicked on

2022-04-01 17:31:58 - [TEST_STEP][PASSED] - setText(findTestObject("Object Repository/Step 4,5/Page_AdRoot  Create Campaign Steps/input_Daily_custom-input"), "$ 1"): Text '$ 1' is set on object 'Object Repository/Step 4,5/Page_AdRoot  Create Campaign Steps/input_Daily_custom-input'

2022-04-01 17:31:59 - [MESSAGE][PASSED] - Text '$ 1' is set on object 'Object Repository/Step 4,5/Page_AdRoot  Create Campaign Steps/input_Daily_custom-input'

2022-04-01 17:31:59 - [TEST_STEP][PASSED] - click(findTestObject("Step 4,5/Page_AdRoot  Create Campaign Steps/input_Start_single-date-picker-datepicker-y6DXOBYbq5i4SX3nAPEZ")): Object: 'Object Repository/Step 4,5/Page_AdRoot  Create Campaign Steps/input_Start_single-date-picker-datepicker-y6DXOBYbq5i4SX3nAPEZ' is clicked on

2022-04-01 17:31:59 - [MESSAGE][PASSED] - Object: 'Object Repository/Step 4,5/Page_AdRoot  Create Campaign Steps/input_Start_single-date-picker-datepicker-y6DXOBYbq5i4SX3nAPEZ' is clicked on

2022-04-01 17:31:59 - [TEST_STEP][PASSED] - click(findTestObject("Step 4,5/Page_AdRoot  Create Campaign Steps/svg_Su_DayPickerNavigation_svg__horizontal DayPickerNavigation_svg__horizontal_1")): Object: 'Object Repository/Step 4,5/Page_AdRoot  Create Campaign Steps/svg_Su_DayPickerNavigation_svg__horizontal DayPickerNavigation_svg__horizontal_1' is clicked on

2022-04-01 17:32:00 - [MESSAGE][PASSED] - Object: 'Object Repository/Step 4,5/Page_AdRoot  Create Campaign Steps/svg_Su_DayPickerNavigation_svg__horizontal DayPickerNavigation_svg__horizontal_1' is clicked on

2022-04-01 17:32:00 - [TEST_STEP][PASSED] - click(findTestObject("Step 4,5/Page_AdRoot  Create Campaign Steps/svg_Su_DayPickerNavigation_svg__horizontal DayPickerNavigation_svg__horizontal_1")): Object: 'Object Repository/Step 4,5/Page_AdRoot  Create Campaign Steps/svg_Su_DayPickerNavigation_svg__horizontal DayPickerNavigation_svg__horizontal_1' is clicked on

2022-04-01 17:32:01 - [MESSAGE][PASSED] - Object: 'Object Repository/Step 4,5/Page_AdRoot  Create Campaign Steps/svg_Su_DayPickerNavigation_svg__horizontal DayPickerNavigation_svg__horizontal_1' is clicked on

2022-04-01 17:32:01 - [TEST_STEP][PASSED] - click(findTestObject("Step 4,5/Page_AdRoot  Create Campaign Steps/svg_Su_DayPickerNavigation_svg__horizontal DayPickerNavigation_svg__horizontal_1")): Object: 'Object Repository/Step 4,5/Page_AdRoot  Create Campaign Steps/svg_Su_DayPickerNavigation_svg__horizontal DayPickerNavigation_svg__horizontal_1' is clicked on

2022-04-01 17:32:01 - [MESSAGE][PASSED] - Object: 'Object Repository/Step 4,5/Page_AdRoot  Create Campaign Steps/svg_Su_DayPickerNavigation_svg__horizontal DayPickerNavigation_svg__horizontal_1' is clicked on

2022-04-01 17:32:01 - [TEST_STEP][PASSED] - click(findTestObject("Step 4,5/Page_AdRoot  Create Campaign Steps/svg_Su_DayPickerNavigation_svg__horizontal DayPickerNavigation_svg__horizontal_1")): Object: 'Object Repository/Step 4,5/Page_AdRoot  Create Campaign Steps/svg_Su_DayPickerNavigation_svg__horizontal DayPickerNavigation_svg__horizontal_1' is clicked on

2022-04-01 17:32:02 - [MESSAGE][PASSED] - Object: 'Object Repository/Step 4,5/Page_AdRoot  Create Campaign Steps/svg_Su_DayPickerNavigation_svg__horizontal DayPickerNavigation_svg__horizontal_1' is clicked on

2022-04-01 17:32:02 - [TEST_STEP][PASSED] - click(findTestObject("Step 4,5/Page_AdRoot  Create Campaign Steps/td_10")): Object: 'Object Repository/Step 4,5/Page_AdRoot  Create Campaign Steps/td_10' is clicked on

2022-04-01 17:32:02 - [MESSAGE][PASSED] - Object: 'Object Repository/Step 4,5/Page_AdRoot  Create Campaign Steps/td_10' is clicked on

2022-04-01 17:32:02 - [TEST_STEP][PASSED] - click(findTestObject("Object Repository/Step 4,5/Page_AdRoot  Create Campaign Steps/button_Finish")): Object: 'Object Repository/Step 4,5/Page_AdRoot  Create Campaign Steps/button_Finish' is clicked on

2022-04-01 17:32:03 - [MESSAGE][PASSED] - Object: 'Object Repository/Step 4,5/Page_AdRoot  Create Campaign Steps/button_Finish' is clicked on

2022-04-01 17:32:03 - [TEST_STEP][PASSED] - verifyElementPresent(findTestObject("Object Repository/Step 4,5/Page_AdRoot  Campaigns/div_PENDING"), 0): Object 'Object Repository/Step 4,5/Page_AdRoot  Campaigns/div_PENDING' is present

2022-04-01 17:32:03 - [MESSAGE][WARNING] - Timeout '0' is invalid. Using default page load timeout: '30'

2022-04-01 17:32:04 - [MESSAGE][PASSED] - Object 'Object Repository/Step 4,5/Page_AdRoot  Campaigns/div_PENDING' is present

2022-04-01 17:32:04 - [TEST_STEP][PASSED] - closeBrowser(STOP_ON_FAILURE): Browser is closed

2022-04-01 17:32:05 - [MESSAGE][PASSED] - Browser is closed]]></system-out>
         <system-err><![CDATA[]]></system-err>
      </testcase>
      <testcase name="Test Cases/Campaign/Create campaign/App-Create campaign/App-Video views" time="34.758" classname="Test Cases/Campaign/Create campaign/App-Create campaign/App-Video views" status="PASSED">
         <system-out><![CDATA[2022-04-01 17:32:54 - [TEST_CASE][PASSED] - Test Cases/Campaign/Create campaign/App-Create campaign/App-Video views: Test Cases/Campaign/Create campaign/App-Create campaign/App-Video views

2022-04-01 17:32:54 - [TEST_STEP][PASSED] - openBrowser(""): Browser is opened with url: ''

2022-04-01 17:32:54 - [MESSAGE][WARNING] - A browser is already opened. Closing browser and opening a new one

2022-04-01 17:32:55 - [MESSAGE][INFO] - Starting 'Chrome' driver

2022-04-01 17:32:55 - [MESSAGE][INFO] - Action delay is set to 0 milliseconds

2022-04-01 17:32:56 - [MESSAGE][PASSED] - Browser is opened with url: ''

2022-04-01 17:32:56 - [TEST_STEP][PASSED] - setViewPortSize(1550, 900): Viewport is set to new size with width = 1550 and height = 900

2022-04-01 17:32:56 - [MESSAGE][PASSED] - Viewport is set to new size with width = 1550 and height = 900

2022-04-01 17:32:56 - [TEST_STEP][PASSED] - navigateToUrl("https://app.adroot.io/auth/signin"): Navigate to 'https://app.adroot.io/auth/signin' successfully

2022-04-01 17:32:58 - [MESSAGE][PASSED] - Navigate to 'https://app.adroot.io/auth/signin' successfully

2022-04-01 17:32:58 - [TEST_STEP][PASSED] - setText(findTestObject("Object Repository/Regular Create campaign/Page_AdRoot  Login/input_E-mail_email"), "makronmanuel01@gmail.com"): Text 'makronmanuel01@gmail.com' is set on object 'Object Repository/Regular Create campaign/Page_AdRoot  Login/input_E-mail_email'

2022-04-01 17:32:59 - [MESSAGE][PASSED] - Text 'makronmanuel01@gmail.com' is set on object 'Object Repository/Regular Create campaign/Page_AdRoot  Login/input_E-mail_email'

2022-04-01 17:32:59 - [TEST_STEP][PASSED] - setEncryptedText(findTestObject("Object Repository/Regular Create campaign/Page_AdRoot  Login/input_Password_password"), "9juLMCYi8sYpY2Mrwe5diw=="): Text ****** has been set on object 'Object Repository/Regular Create campaign/Page_AdRoot  Login/input_Password_password'

2022-04-01 17:33:00 - [MESSAGE][PASSED] - Text ****** has been set on object 'Object Repository/Regular Create campaign/Page_AdRoot  Login/input_Password_password'

2022-04-01 17:33:00 - [TEST_STEP][PASSED] - click(findTestObject("Object Repository/Regular Create campaign/Page_AdRoot  Login/button_Sign in")): Object: 'Object Repository/Regular Create campaign/Page_AdRoot  Login/button_Sign in' is clicked on

2022-04-01 17:33:00 - [MESSAGE][PASSED] - Object: 'Object Repository/Regular Create campaign/Page_AdRoot  Login/button_Sign in' is clicked on

2022-04-01 17:33:00 - [TEST_STEP][PASSED] - click(findTestObject("Page_AdRoot  Campaigns/img")): Object: 'Object Repository/Page_AdRoot  Campaigns/img' is clicked on

2022-04-01 17:33:02 - [MESSAGE][PASSED] - Object: 'Object Repository/Page_AdRoot  Campaigns/img' is clicked on

2022-04-01 17:33:02 - [TEST_STEP][PASSED] - click(findTestObject("Page_AdRoot  Campaigns/div_By Ruzan (app)")): Object: 'Object Repository/Page_AdRoot  Campaigns/div_By Ruzan (app)' is clicked on

2022-04-01 17:33:03 - [MESSAGE][PASSED] - Object: 'Object Repository/Page_AdRoot  Campaigns/div_By Ruzan (app)' is clicked on

2022-04-01 17:33:03 - [TEST_STEP][PASSED] - click(findTestObject("Campaign copy/Page_AdRoot  Dashboard/a_Campaigns")): Object: 'Object Repository/Campaign copy/Page_AdRoot  Dashboard/a_Campaigns' is clicked on

2022-04-01 17:33:05 - [MESSAGE][PASSED] - Object: 'Object Repository/Campaign copy/Page_AdRoot  Dashboard/a_Campaigns' is clicked on

2022-04-01 17:33:05 - [TEST_STEP][PASSED] - click(findTestObject("Object Repository/App-Create campaign/Page_AdRoot  Campaigns/Page_AdRoot  Campaigns/button_Create campaign")): Object: 'Object Repository/App-Create campaign/Page_AdRoot  Campaigns/Page_AdRoot  Campaigns/button_Create campaign' is clicked on

2022-04-01 17:33:06 - [MESSAGE][PASSED] - Object: 'Object Repository/App-Create campaign/Page_AdRoot  Campaigns/Page_AdRoot  Campaigns/button_Create campaign' is clicked on

2022-04-01 17:33:06 - [TEST_STEP][PASSED] - setText(findTestObject("Page_AdRoot  Create Campaign Steps/input_Campaign name_custom-input"), "appadroot1"): Text 'appadroot1' is set on object 'Object Repository/Page_AdRoot  Create Campaign Steps/input_Campaign name_custom-input'

2022-04-01 17:33:08 - [MESSAGE][PASSED] - Text 'appadroot1' is set on object 'Object Repository/Page_AdRoot  Create Campaign Steps/input_Campaign name_custom-input'

2022-04-01 17:33:08 - [TEST_STEP][PASSED] - click(findTestObject("Regular Create campaign/Page_AdRoot  Campaigns/Page_AdRoot  Create Campaign Steps/span_Name is taken")): Object: 'Object Repository/Regular Create campaign/Page_AdRoot  Campaigns/Page_AdRoot  Create Campaign Steps/span_Name is taken' is clicked on

2022-04-01 17:33:08 - [MESSAGE][PASSED] - Object: 'Object Repository/Regular Create campaign/Page_AdRoot  Campaigns/Page_AdRoot  Create Campaign Steps/span_Name is taken' is clicked on

2022-04-01 17:33:08 - [TEST_STEP][PASSED] - click(findTestObject("Goals/Goals/Page_AdRoot  Create Campaign Steps/div_Video Views")): Object: 'Object Repository/Goals/Goals/Page_AdRoot  Create Campaign Steps/div_Video Views' is clicked on

2022-04-01 17:33:09 - [MESSAGE][PASSED] - Object: 'Object Repository/Goals/Goals/Page_AdRoot  Create Campaign Steps/div_Video Views' is clicked on

2022-04-01 17:33:09 - [TEST_STEP][PASSED] - Ms = verifyTextPresent("Name is taken", false): Text 'Name is taken' is present on page 

2022-04-01 17:33:09 - [MESSAGE][PASSED] - Text 'Name is taken' is present on page 

2022-04-01 17:33:09 - [TEST_STEP][PASSED] - if (Ms.equals("true")): Object: 'Object Repository/Regular Create campaign/Page_AdRoot  Campaigns/Page_AdRoot  Create Campaign Steps/button_Next Step' is clicked on

2022-04-01 17:33:09 - [TEST_STEP][PASSED] - RN = <not implemented yet for class: org.codehaus.groovy.ast.expr.EmptyExpression>: null

2022-04-01 17:33:09 - [TEST_STEP][PASSED] - RN = Math.random() * 5000: null

2022-04-01 17:33:09 - [TEST_STEP][PASSED] - setText(findTestObject("Object Repository/Regular Create campaign/Page_AdRoot  Create Campaign Steps/input_Campaign name_invalid custom-input"), "appadroot" + RN): Text 'appadroot1576' is set on object 'Object Repository/Regular Create campaign/Page_AdRoot  Create Campaign Steps/input_Campaign name_invalid custom-input'

2022-04-01 17:33:10 - [MESSAGE][PASSED] - Text 'appadroot1576' is set on object 'Object Repository/Regular Create campaign/Page_AdRoot  Create Campaign Steps/input_Campaign name_invalid custom-input'

2022-04-01 17:33:10 - [TEST_STEP][PASSED] - click(findTestObject("Object Repository/Regular Create campaign/Page_AdRoot  Campaigns/Page_AdRoot  Create Campaign Steps/button_Next Step")): Object: 'Object Repository/Regular Create campaign/Page_AdRoot  Campaigns/Page_AdRoot  Create Campaign Steps/button_Next Step' is clicked on

2022-04-01 17:33:10 - [MESSAGE][PASSED] - Object: 'Object Repository/Regular Create campaign/Page_AdRoot  Campaigns/Page_AdRoot  Create Campaign Steps/button_Next Step' is clicked on

2022-04-01 17:33:10 - [TEST_STEP][PASSED] - verifyElementPresent(findTestObject("Step2/Page_AdRoot  Create Campaign Steps/div_Artashes Mxchyan"), 0): Object 'Object Repository/Step2/Page_AdRoot  Create Campaign Steps/div_Artashes Mxchyan' is present

2022-04-01 17:33:10 - [MESSAGE][WARNING] - Timeout '0' is invalid. Using default page load timeout: '30'

2022-04-01 17:33:11 - [MESSAGE][PASSED] - Object 'Object Repository/Step2/Page_AdRoot  Create Campaign Steps/div_Artashes Mxchyan' is present

2022-04-01 17:33:11 - [TEST_STEP][PASSED] - click(findTestObject("Step2/Page_AdRoot  Create Campaign Steps/button_Next Step")): Object: 'Object Repository/Step2/Page_AdRoot  Create Campaign Steps/button_Next Step' is clicked on

2022-04-01 17:33:12 - [MESSAGE][PASSED] - Object: 'Object Repository/Step2/Page_AdRoot  Create Campaign Steps/button_Next Step' is clicked on

2022-04-01 17:33:12 - [TEST_STEP][PASSED] - click(findTestObject("Object Repository/Step2/Page_AdRoot  Create Campaign Steps/Page_AdRoot  Create Campaign Steps/input_Primary Text_invalid custom-input")): Object: 'Object Repository/Step2/Page_AdRoot  Create Campaign Steps/Page_AdRoot  Create Campaign Steps/input_Primary Text_invalid custom-input' is clicked on

2022-04-01 17:33:13 - [MESSAGE][PASSED] - Object: 'Object Repository/Step2/Page_AdRoot  Create Campaign Steps/Page_AdRoot  Create Campaign Steps/input_Primary Text_invalid custom-input' is clicked on

2022-04-01 17:33:13 - [TEST_STEP][PASSED] - setText(findTestObject("Object Repository/Step2/Page_AdRoot  Create Campaign Steps/Page_AdRoot  Create Campaign Steps/input_Primary Text_invalid custom-input"), "Social media"): Text 'Social media' is set on object 'Object Repository/Step2/Page_AdRoot  Create Campaign Steps/Page_AdRoot  Create Campaign Steps/input_Primary Text_invalid custom-input'

2022-04-01 17:33:14 - [MESSAGE][PASSED] - Text 'Social media' is set on object 'Object Repository/Step2/Page_AdRoot  Create Campaign Steps/Page_AdRoot  Create Campaign Steps/input_Primary Text_invalid custom-input'

2022-04-01 17:33:14 - [TEST_STEP][PASSED] - setText(findTestObject("Step2/Page_AdRoot  Create Campaign Steps/Page_AdRoot  Create Campaign Steps/input_Headline_custom-input"), "Social media ads management "): Text 'Social media ads management ' is set on object 'Object Repository/Step2/Page_AdRoot  Create Campaign Steps/Page_AdRoot  Create Campaign Steps/input_Headline_custom-input'

2022-04-01 17:33:15 - [MESSAGE][PASSED] - Text 'Social media ads management ' is set on object 'Object Repository/Step2/Page_AdRoot  Create Campaign Steps/Page_AdRoot  Create Campaign Steps/input_Headline_custom-input'

2022-04-01 17:33:15 - [TEST_STEP][PASSED] - setText(findTestObject("Step2/Page_AdRoot  Create Campaign Steps/Page_AdRoot  Create Campaign Steps/input_Ad Description_custom-input"), "Our Mission is to create one place for all advertising needs"): Text 'Our Mission is to create one place for all advertising needs' is set on object 'Object Repository/Step2/Page_AdRoot  Create Campaign Steps/Page_AdRoot  Create Campaign Steps/input_Ad Description_custom-input'

2022-04-01 17:33:16 - [MESSAGE][PASSED] - Text 'Our Mission is to create one place for all advertising needs' is set on object 'Object Repository/Step2/Page_AdRoot  Create Campaign Steps/Page_AdRoot  Create Campaign Steps/input_Ad Description_custom-input'

2022-04-01 17:33:16 - [TEST_STEP][PASSED] - setText(findTestObject("Step2/Page_AdRoot  Create Campaign Steps/input_Website URL_custom-input"), "gsmediagroup.net"): Text 'gsmediagroup.net' is set on object 'Object Repository/Step2/Page_AdRoot  Create Campaign Steps/input_Website URL_custom-input'

2022-04-01 17:33:17 - [MESSAGE][PASSED] - Text 'gsmediagroup.net' is set on object 'Object Repository/Step2/Page_AdRoot  Create Campaign Steps/input_Website URL_custom-input'

2022-04-01 17:33:17 - [TEST_STEP][PASSED] - click(findTestObject("Step2/Page_AdRoot  Create Campaign Steps/div_Choose AD")): Object: 'Object Repository/Step2/Page_AdRoot  Create Campaign Steps/div_Choose AD' is clicked on

2022-04-01 17:33:18 - [MESSAGE][PASSED] - Object: 'Object Repository/Step2/Page_AdRoot  Create Campaign Steps/div_Choose AD' is clicked on

2022-04-01 17:33:18 - [TEST_STEP][PASSED] - click(findTestObject("Object Repository/Goals/Page_AdRoot  Create Campaign Steps/div_Videos_image-cont video")): Object: 'Object Repository/Goals/Page_AdRoot  Create Campaign Steps/div_Videos_image-cont video' is clicked on

2022-04-01 17:33:19 - [MESSAGE][PASSED] - Object: 'Object Repository/Goals/Page_AdRoot  Create Campaign Steps/div_Videos_image-cont video' is clicked on

2022-04-01 17:33:19 - [TEST_STEP][PASSED] - click(findTestObject("Step3/Page_AdRoot  Create Campaign Steps/button_Select")): Object: 'Object Repository/Step3/Page_AdRoot  Create Campaign Steps/button_Select' is clicked on

2022-04-01 17:33:19 - [MESSAGE][PASSED] - Object: 'Object Repository/Step3/Page_AdRoot  Create Campaign Steps/button_Select' is clicked on

2022-04-01 17:33:19 - [TEST_STEP][PASSED] - click(findTestObject("Object Repository/Step 4,5/Page_AdRoot  Create Campaign Steps/button_Next Step (1)")): Object: 'Object Repository/Step 4,5/Page_AdRoot  Create Campaign Steps/button_Next Step (1)' is clicked on

2022-04-01 17:33:20 - [MESSAGE][PASSED] - Object: 'Object Repository/Step 4,5/Page_AdRoot  Create Campaign Steps/button_Next Step (1)' is clicked on

2022-04-01 17:33:20 - [TEST_STEP][PASSED] - click(findTestObject("Object Repository/Step 4,5/Page_AdRoot  Create Campaign Steps/button_Next Step (1)")): Object: 'Object Repository/Step 4,5/Page_AdRoot  Create Campaign Steps/button_Next Step (1)' is clicked on

2022-04-01 17:33:22 - [MESSAGE][PASSED] - Object: 'Object Repository/Step 4,5/Page_AdRoot  Create Campaign Steps/button_Next Step (1)' is clicked on

2022-04-01 17:33:22 - [TEST_STEP][PASSED] - setText(findTestObject("Object Repository/Step 4,5/Page_AdRoot  Create Campaign Steps/input_Daily_custom-input"), "$ 1"): Text '$ 1' is set on object 'Object Repository/Step 4,5/Page_AdRoot  Create Campaign Steps/input_Daily_custom-input'

2022-04-01 17:33:23 - [MESSAGE][PASSED] - Text '$ 1' is set on object 'Object Repository/Step 4,5/Page_AdRoot  Create Campaign Steps/input_Daily_custom-input'

2022-04-01 17:33:23 - [TEST_STEP][PASSED] - click(findTestObject("Step 4,5/Page_AdRoot  Create Campaign Steps/input_Start_single-date-picker-datepicker-y6DXOBYbq5i4SX3nAPEZ")): Object: 'Object Repository/Step 4,5/Page_AdRoot  Create Campaign Steps/input_Start_single-date-picker-datepicker-y6DXOBYbq5i4SX3nAPEZ' is clicked on

2022-04-01 17:33:23 - [MESSAGE][PASSED] - Object: 'Object Repository/Step 4,5/Page_AdRoot  Create Campaign Steps/input_Start_single-date-picker-datepicker-y6DXOBYbq5i4SX3nAPEZ' is clicked on

2022-04-01 17:33:23 - [TEST_STEP][PASSED] - click(findTestObject("Step 4,5/Page_AdRoot  Create Campaign Steps/svg_Su_DayPickerNavigation_svg__horizontal DayPickerNavigation_svg__horizontal_1")): Object: 'Object Repository/Step 4,5/Page_AdRoot  Create Campaign Steps/svg_Su_DayPickerNavigation_svg__horizontal DayPickerNavigation_svg__horizontal_1' is clicked on

2022-04-01 17:33:24 - [MESSAGE][PASSED] - Object: 'Object Repository/Step 4,5/Page_AdRoot  Create Campaign Steps/svg_Su_DayPickerNavigation_svg__horizontal DayPickerNavigation_svg__horizontal_1' is clicked on

2022-04-01 17:33:24 - [TEST_STEP][PASSED] - click(findTestObject("Step 4,5/Page_AdRoot  Create Campaign Steps/svg_Su_DayPickerNavigation_svg__horizontal DayPickerNavigation_svg__horizontal_1")): Object: 'Object Repository/Step 4,5/Page_AdRoot  Create Campaign Steps/svg_Su_DayPickerNavigation_svg__horizontal DayPickerNavigation_svg__horizontal_1' is clicked on

2022-04-01 17:33:25 - [MESSAGE][PASSED] - Object: 'Object Repository/Step 4,5/Page_AdRoot  Create Campaign Steps/svg_Su_DayPickerNavigation_svg__horizontal DayPickerNavigation_svg__horizontal_1' is clicked on

2022-04-01 17:33:25 - [TEST_STEP][PASSED] - click(findTestObject("Step 4,5/Page_AdRoot  Create Campaign Steps/svg_Su_DayPickerNavigation_svg__horizontal DayPickerNavigation_svg__horizontal_1")): Object: 'Object Repository/Step 4,5/Page_AdRoot  Create Campaign Steps/svg_Su_DayPickerNavigation_svg__horizontal DayPickerNavigation_svg__horizontal_1' is clicked on

2022-04-01 17:33:25 - [MESSAGE][PASSED] - Object: 'Object Repository/Step 4,5/Page_AdRoot  Create Campaign Steps/svg_Su_DayPickerNavigation_svg__horizontal DayPickerNavigation_svg__horizontal_1' is clicked on

2022-04-01 17:33:25 - [TEST_STEP][PASSED] - click(findTestObject("Step 4,5/Page_AdRoot  Create Campaign Steps/svg_Su_DayPickerNavigation_svg__horizontal DayPickerNavigation_svg__horizontal_1")): Object: 'Object Repository/Step 4,5/Page_AdRoot  Create Campaign Steps/svg_Su_DayPickerNavigation_svg__horizontal DayPickerNavigation_svg__horizontal_1' is clicked on

2022-04-01 17:33:26 - [MESSAGE][PASSED] - Object: 'Object Repository/Step 4,5/Page_AdRoot  Create Campaign Steps/svg_Su_DayPickerNavigation_svg__horizontal DayPickerNavigation_svg__horizontal_1' is clicked on

2022-04-01 17:33:26 - [TEST_STEP][PASSED] - click(findTestObject("Step 4,5/Page_AdRoot  Create Campaign Steps/td_10")): Object: 'Object Repository/Step 4,5/Page_AdRoot  Create Campaign Steps/td_10' is clicked on

2022-04-01 17:33:26 - [MESSAGE][PASSED] - Object: 'Object Repository/Step 4,5/Page_AdRoot  Create Campaign Steps/td_10' is clicked on

2022-04-01 17:33:26 - [TEST_STEP][PASSED] - click(findTestObject("Object Repository/Step 4,5/Page_AdRoot  Create Campaign Steps/button_Finish")): Object: 'Object Repository/Step 4,5/Page_AdRoot  Create Campaign Steps/button_Finish' is clicked on

2022-04-01 17:33:27 - [MESSAGE][PASSED] - Object: 'Object Repository/Step 4,5/Page_AdRoot  Create Campaign Steps/button_Finish' is clicked on

2022-04-01 17:33:27 - [TEST_STEP][PASSED] - verifyElementPresent(findTestObject("Object Repository/Step 4,5/Page_AdRoot  Campaigns/div_PENDING"), 0): Object 'Object Repository/Step 4,5/Page_AdRoot  Campaigns/div_PENDING' is present

2022-04-01 17:33:27 - [MESSAGE][WARNING] - Timeout '0' is invalid. Using default page load timeout: '30'

2022-04-01 17:33:28 - [MESSAGE][PASSED] - Object 'Object Repository/Step 4,5/Page_AdRoot  Campaigns/div_PENDING' is present

2022-04-01 17:33:28 - [TEST_STEP][PASSED] - closeBrowser(): Browser is closed

2022-04-01 17:33:29 - [MESSAGE][PASSED] - Browser is closed]]></system-out>
         <system-err><![CDATA[]]></system-err>
      </testcase>
      <testcase name="Test Cases/Campaign/Create campaign/App-Create campaign/App-Brand campaign - with targeting" time="48.083" classname="Test Cases/Campaign/Create campaign/App-Create campaign/App-Brand campaign - with targeting" status="PASSED">
         <system-out><![CDATA[2022-04-01 17:33:29 - [TEST_CASE][PASSED] - Test Cases/Campaign/Create campaign/App-Create campaign/App-Brand campaign - with targeting: Test Cases/Campaign/Create campaign/App-Create campaign/App-Brand campaign - with targeting

2022-04-01 17:33:29 - [TEST_STEP][PASSED] - openBrowser(""): Browser is opened with url: ''

2022-04-01 17:33:29 - [MESSAGE][INFO] - Starting 'Chrome' driver

2022-04-01 17:33:29 - [MESSAGE][INFO] - Action delay is set to 0 milliseconds

2022-04-01 17:33:30 - [MESSAGE][PASSED] - Browser is opened with url: ''

2022-04-01 17:33:30 - [TEST_STEP][PASSED] - setViewPortSize(1550, 900): Viewport is set to new size with width = 1550 and height = 900

2022-04-01 17:33:30 - [MESSAGE][PASSED] - Viewport is set to new size with width = 1550 and height = 900

2022-04-01 17:33:30 - [TEST_STEP][PASSED] - navigateToUrl("https://app.adroot.io/auth/signin"): Navigate to 'https://app.adroot.io/auth/signin' successfully

2022-04-01 17:33:33 - [MESSAGE][PASSED] - Navigate to 'https://app.adroot.io/auth/signin' successfully

2022-04-01 17:33:33 - [TEST_STEP][PASSED] - setText(findTestObject("Object Repository/Regular Create campaign/Page_AdRoot  Login/input_E-mail_email"), "makronmanuel01@gmail.com"): Text 'makronmanuel01@gmail.com' is set on object 'Object Repository/Regular Create campaign/Page_AdRoot  Login/input_E-mail_email'

2022-04-01 17:33:34 - [MESSAGE][PASSED] - Text 'makronmanuel01@gmail.com' is set on object 'Object Repository/Regular Create campaign/Page_AdRoot  Login/input_E-mail_email'

2022-04-01 17:33:34 - [TEST_STEP][PASSED] - setEncryptedText(findTestObject("Object Repository/Regular Create campaign/Page_AdRoot  Login/input_Password_password"), "9juLMCYi8sYpY2Mrwe5diw=="): Text ****** has been set on object 'Object Repository/Regular Create campaign/Page_AdRoot  Login/input_Password_password'

2022-04-01 17:33:34 - [MESSAGE][PASSED] - Text ****** has been set on object 'Object Repository/Regular Create campaign/Page_AdRoot  Login/input_Password_password'

2022-04-01 17:33:34 - [TEST_STEP][PASSED] - click(findTestObject("Object Repository/Regular Create campaign/Page_AdRoot  Login/button_Sign in")): Object: 'Object Repository/Regular Create campaign/Page_AdRoot  Login/button_Sign in' is clicked on

2022-04-01 17:33:35 - [MESSAGE][PASSED] - Object: 'Object Repository/Regular Create campaign/Page_AdRoot  Login/button_Sign in' is clicked on

2022-04-01 17:33:35 - [TEST_STEP][PASSED] - click(findTestObject("Page_AdRoot  Campaigns/img")): Object: 'Object Repository/Page_AdRoot  Campaigns/img' is clicked on

2022-04-01 17:33:37 - [MESSAGE][PASSED] - Object: 'Object Repository/Page_AdRoot  Campaigns/img' is clicked on

2022-04-01 17:33:37 - [TEST_STEP][PASSED] - click(findTestObject("Page_AdRoot  Campaigns/div_By Ruzan (app)")): Object: 'Object Repository/Page_AdRoot  Campaigns/div_By Ruzan (app)' is clicked on

2022-04-01 17:33:37 - [MESSAGE][PASSED] - Object: 'Object Repository/Page_AdRoot  Campaigns/div_By Ruzan (app)' is clicked on

2022-04-01 17:33:37 - [TEST_STEP][PASSED] - click(findTestObject("Campaign copy/Page_AdRoot  Dashboard/a_Campaigns")): Object: 'Object Repository/Campaign copy/Page_AdRoot  Dashboard/a_Campaigns' is clicked on

2022-04-01 17:33:40 - [MESSAGE][PASSED] - Object: 'Object Repository/Campaign copy/Page_AdRoot  Dashboard/a_Campaigns' is clicked on

2022-04-01 17:33:40 - [TEST_STEP][PASSED] - click(findTestObject("Object Repository/App-Create campaign/Page_AdRoot  Campaigns/Page_AdRoot  Campaigns/button_Create campaign")): Object: 'Object Repository/App-Create campaign/Page_AdRoot  Campaigns/Page_AdRoot  Campaigns/button_Create campaign' is clicked on

2022-04-01 17:33:41 - [MESSAGE][PASSED] - Object: 'Object Repository/App-Create campaign/Page_AdRoot  Campaigns/Page_AdRoot  Campaigns/button_Create campaign' is clicked on

2022-04-01 17:33:41 - [TEST_STEP][PASSED] - setText(findTestObject("Page_AdRoot  Create Campaign Steps/input_Campaign name_custom-input"), "appadroot1"): Text 'appadroot1' is set on object 'Object Repository/Page_AdRoot  Create Campaign Steps/input_Campaign name_custom-input'

2022-04-01 17:33:42 - [MESSAGE][PASSED] - Text 'appadroot1' is set on object 'Object Repository/Page_AdRoot  Create Campaign Steps/input_Campaign name_custom-input'

2022-04-01 17:33:42 - [TEST_STEP][PASSED] - click(findTestObject("Regular Create campaign/Page_AdRoot  Campaigns/Page_AdRoot  Create Campaign Steps/span_Name is taken")): Object: 'Object Repository/Regular Create campaign/Page_AdRoot  Campaigns/Page_AdRoot  Create Campaign Steps/span_Name is taken' is clicked on

2022-04-01 17:33:43 - [MESSAGE][PASSED] - Object: 'Object Repository/Regular Create campaign/Page_AdRoot  Campaigns/Page_AdRoot  Create Campaign Steps/span_Name is taken' is clicked on

2022-04-01 17:33:43 - [TEST_STEP][PASSED] - click(findTestObject("Goals/Goals/Page_AdRoot  Create Campaign Steps/div_Brand Awareness")): Object: 'Object Repository/Goals/Goals/Page_AdRoot  Create Campaign Steps/div_Brand Awareness' is clicked on

2022-04-01 17:33:43 - [MESSAGE][PASSED] - Object: 'Object Repository/Goals/Goals/Page_AdRoot  Create Campaign Steps/div_Brand Awareness' is clicked on

2022-04-01 17:33:43 - [TEST_STEP][PASSED] - Ms = verifyTextPresent("Name is taken", false): Text 'Name is taken' is present on page 

2022-04-01 17:33:44 - [MESSAGE][PASSED] - Text 'Name is taken' is present on page 

2022-04-01 17:33:44 - [TEST_STEP][PASSED] - if (Ms.equals("true")): Object: 'Object Repository/Regular Create campaign/Page_AdRoot  Campaigns/Page_AdRoot  Create Campaign Steps/button_Next Step' is clicked on

2022-04-01 17:33:44 - [TEST_STEP][PASSED] - RN = <not implemented yet for class: org.codehaus.groovy.ast.expr.EmptyExpression>: null

2022-04-01 17:33:44 - [TEST_STEP][PASSED] - RN = Math.random() * 5000: null

2022-04-01 17:33:44 - [TEST_STEP][PASSED] - setText(findTestObject("Object Repository/Regular Create campaign/Page_AdRoot  Create Campaign Steps/input_Campaign name_invalid custom-input"), "devadroot" + RN): Text 'devadroot817' is set on object 'Object Repository/Regular Create campaign/Page_AdRoot  Create Campaign Steps/input_Campaign name_invalid custom-input'

2022-04-01 17:33:44 - [MESSAGE][PASSED] - Text 'devadroot817' is set on object 'Object Repository/Regular Create campaign/Page_AdRoot  Create Campaign Steps/input_Campaign name_invalid custom-input'

2022-04-01 17:33:44 - [TEST_STEP][PASSED] - click(findTestObject("Object Repository/Regular Create campaign/Page_AdRoot  Campaigns/Page_AdRoot  Create Campaign Steps/button_Next Step")): Object: 'Object Repository/Regular Create campaign/Page_AdRoot  Campaigns/Page_AdRoot  Create Campaign Steps/button_Next Step' is clicked on

2022-04-01 17:33:45 - [MESSAGE][PASSED] - Object: 'Object Repository/Regular Create campaign/Page_AdRoot  Campaigns/Page_AdRoot  Create Campaign Steps/button_Next Step' is clicked on

2022-04-01 17:33:45 - [TEST_STEP][PASSED] - verifyElementPresent(findTestObject("Step2/Page_AdRoot  Create Campaign Steps/div_GS PubSense"), 0): Object 'Object Repository/Step2/Page_AdRoot  Create Campaign Steps/div_GS PubSense' is present

2022-04-01 17:33:45 - [MESSAGE][WARNING] - Timeout '0' is invalid. Using default page load timeout: '30'

2022-04-01 17:33:46 - [MESSAGE][PASSED] - Object 'Object Repository/Step2/Page_AdRoot  Create Campaign Steps/div_GS PubSense' is present

2022-04-01 17:33:46 - [TEST_STEP][PASSED] - verifyElementPresent(findTestObject("Step2/Page_AdRoot  Create Campaign Steps/div_Artashes Mxchyan"), 0): Object 'Object Repository/Step2/Page_AdRoot  Create Campaign Steps/div_Artashes Mxchyan' is present

2022-04-01 17:33:46 - [MESSAGE][WARNING] - Timeout '0' is invalid. Using default page load timeout: '30'

2022-04-01 17:33:46 - [MESSAGE][PASSED] - Object 'Object Repository/Step2/Page_AdRoot  Create Campaign Steps/div_Artashes Mxchyan' is present

2022-04-01 17:33:46 - [TEST_STEP][PASSED] - click(findTestObject("Step2/Page_AdRoot  Create Campaign Steps/button_Next Step")): Object: 'Object Repository/Step2/Page_AdRoot  Create Campaign Steps/button_Next Step' is clicked on

2022-04-01 17:33:47 - [MESSAGE][PASSED] - Object: 'Object Repository/Step2/Page_AdRoot  Create Campaign Steps/button_Next Step' is clicked on

2022-04-01 17:33:47 - [TEST_STEP][PASSED] - click(findTestObject("Object Repository/Step2/Page_AdRoot  Create Campaign Steps/Page_AdRoot  Create Campaign Steps/input_Primary Text_invalid custom-input")): Object: 'Object Repository/Step2/Page_AdRoot  Create Campaign Steps/Page_AdRoot  Create Campaign Steps/input_Primary Text_invalid custom-input' is clicked on

2022-04-01 17:33:48 - [MESSAGE][PASSED] - Object: 'Object Repository/Step2/Page_AdRoot  Create Campaign Steps/Page_AdRoot  Create Campaign Steps/input_Primary Text_invalid custom-input' is clicked on

2022-04-01 17:33:48 - [TEST_STEP][PASSED] - setText(findTestObject("Object Repository/Step2/Page_AdRoot  Create Campaign Steps/Page_AdRoot  Create Campaign Steps/input_Primary Text_invalid custom-input"), "Social media"): Text 'Social media' is set on object 'Object Repository/Step2/Page_AdRoot  Create Campaign Steps/Page_AdRoot  Create Campaign Steps/input_Primary Text_invalid custom-input'

2022-04-01 17:33:49 - [MESSAGE][PASSED] - Text 'Social media' is set on object 'Object Repository/Step2/Page_AdRoot  Create Campaign Steps/Page_AdRoot  Create Campaign Steps/input_Primary Text_invalid custom-input'

2022-04-01 17:33:49 - [TEST_STEP][PASSED] - setText(findTestObject("Step2/Page_AdRoot  Create Campaign Steps/Page_AdRoot  Create Campaign Steps/input_Headline_custom-input"), "Social media ads management "): Text 'Social media ads management ' is set on object 'Object Repository/Step2/Page_AdRoot  Create Campaign Steps/Page_AdRoot  Create Campaign Steps/input_Headline_custom-input'

2022-04-01 17:33:50 - [MESSAGE][PASSED] - Text 'Social media ads management ' is set on object 'Object Repository/Step2/Page_AdRoot  Create Campaign Steps/Page_AdRoot  Create Campaign Steps/input_Headline_custom-input'

2022-04-01 17:33:50 - [TEST_STEP][PASSED] - setText(findTestObject("Step2/Page_AdRoot  Create Campaign Steps/Page_AdRoot  Create Campaign Steps/input_Ad Description_custom-input"), "Our Mission is to create one place for all advertising needs"): Text 'Our Mission is to create one place for all advertising needs' is set on object 'Object Repository/Step2/Page_AdRoot  Create Campaign Steps/Page_AdRoot  Create Campaign Steps/input_Ad Description_custom-input'

2022-04-01 17:33:51 - [MESSAGE][PASSED] - Text 'Our Mission is to create one place for all advertising needs' is set on object 'Object Repository/Step2/Page_AdRoot  Create Campaign Steps/Page_AdRoot  Create Campaign Steps/input_Ad Description_custom-input'

2022-04-01 17:33:51 - [TEST_STEP][PASSED] - setText(findTestObject("Step2/Page_AdRoot  Create Campaign Steps/input_Website URL_custom-input"), "gsmediagroup.net"): Text 'gsmediagroup.net' is set on object 'Object Repository/Step2/Page_AdRoot  Create Campaign Steps/input_Website URL_custom-input'

2022-04-01 17:33:52 - [MESSAGE][PASSED] - Text 'gsmediagroup.net' is set on object 'Object Repository/Step2/Page_AdRoot  Create Campaign Steps/input_Website URL_custom-input'

2022-04-01 17:33:52 - [TEST_STEP][PASSED] - click(findTestObject("Step2/Page_AdRoot  Create Campaign Steps/div_Choose AD")): Object: 'Object Repository/Step2/Page_AdRoot  Create Campaign Steps/div_Choose AD' is clicked on

2022-04-01 17:33:53 - [MESSAGE][PASSED] - Object: 'Object Repository/Step2/Page_AdRoot  Create Campaign Steps/div_Choose AD' is clicked on

2022-04-01 17:33:53 - [TEST_STEP][PASSED] - click(findTestObject("Object Repository/App-Create campaign/Page_AdRoot  Create Campaign Steps/span_cropped-512adroot.jpg")): Object: 'Object Repository/App-Create campaign/Page_AdRoot  Create Campaign Steps/span_cropped-512adroot.jpg' is clicked on

2022-04-01 17:33:53 - [MESSAGE][PASSED] - Object: 'Object Repository/App-Create campaign/Page_AdRoot  Create Campaign Steps/span_cropped-512adroot.jpg' is clicked on

2022-04-01 17:33:53 - [TEST_STEP][PASSED] - click(findTestObject("Step3/Page_AdRoot  Create Campaign Steps/button_Select")): Object: 'Object Repository/Step3/Page_AdRoot  Create Campaign Steps/button_Select' is clicked on

2022-04-01 17:33:54 - [MESSAGE][PASSED] - Object: 'Object Repository/Step3/Page_AdRoot  Create Campaign Steps/button_Select' is clicked on

2022-04-01 17:33:54 - [TEST_STEP][PASSED] - mouseOver(findTestObject("Google display/Page_AdRoot  Create Campaign Steps/div_1052Business nameHeadlineChoose ADHeadlineAd DescriptionOpen"), STOP_ON_FAILURE): Object: 'Object Repository/Google display/Page_AdRoot  Create Campaign Steps/div_1052Business nameHeadlineChoose ADHeadlineAd DescriptionOpen' is hovered

2022-04-01 17:33:55 - [MESSAGE][PASSED] - Object: 'Object Repository/Google display/Page_AdRoot  Create Campaign Steps/div_1052Business nameHeadlineChoose ADHeadlineAd DescriptionOpen' is hovered

2022-04-01 17:33:55 - [TEST_STEP][PASSED] - click(findTestObject("Step3/Page_AdRoot  Create Campaign Steps/Page_AdRoot  Create Campaign Steps/div_Open_actions-mode")): Object: 'Object Repository/Step3/Page_AdRoot  Create Campaign Steps/Page_AdRoot  Create Campaign Steps/div_Open_actions-mode' is clicked on

2022-04-01 17:33:55 - [MESSAGE][PASSED] - Object: 'Object Repository/Step3/Page_AdRoot  Create Campaign Steps/Page_AdRoot  Create Campaign Steps/div_Open_actions-mode' is clicked on

2022-04-01 17:33:55 - [TEST_STEP][PASSED] - click(findTestObject("Step3/Page_AdRoot  Create Campaign Steps/div_Open_edit")): Object: 'Object Repository/Step3/Page_AdRoot  Create Campaign Steps/div_Open_edit' is clicked on

2022-04-01 17:33:55 - [MESSAGE][PASSED] - Object: 'Object Repository/Step3/Page_AdRoot  Create Campaign Steps/div_Open_edit' is clicked on

2022-04-01 17:33:55 - [TEST_STEP][PASSED] - setText(findTestObject("Step3/Page_AdRoot  Create Campaign Steps/input_Business Name_custom-input"), "GS media"): Text 'GS media' is set on object 'Object Repository/Step3/Page_AdRoot  Create Campaign Steps/input_Business Name_custom-input'

2022-04-01 17:33:57 - [MESSAGE][PASSED] - Text 'GS media' is set on object 'Object Repository/Step3/Page_AdRoot  Create Campaign Steps/input_Business Name_custom-input'

2022-04-01 17:33:57 - [TEST_STEP][PASSED] - setText(findTestObject("Step3/Page_AdRoot  Create Campaign Steps/input_Long headline_custom-input"), "Ad management system"): Text 'Ad management system' is set on object 'Object Repository/Step3/Page_AdRoot  Create Campaign Steps/input_Long headline_custom-input'

2022-04-01 17:33:58 - [MESSAGE][PASSED] - Text 'Ad management system' is set on object 'Object Repository/Step3/Page_AdRoot  Create Campaign Steps/input_Long headline_custom-input'

2022-04-01 17:33:58 - [TEST_STEP][PASSED] - click(findTestObject("Step3/Page_AdRoot  Create Campaign Steps/button_Save")): Object: 'Object Repository/Step3/Page_AdRoot  Create Campaign Steps/button_Save' is clicked on

2022-04-01 17:33:59 - [MESSAGE][PASSED] - Object: 'Object Repository/Step3/Page_AdRoot  Create Campaign Steps/button_Save' is clicked on

2022-04-01 17:33:59 - [TEST_STEP][PASSED] - click(findTestObject("Object Repository/Step 4,5/Page_AdRoot  Create Campaign Steps/button_Next Step (1)")): Object: 'Object Repository/Step 4,5/Page_AdRoot  Create Campaign Steps/button_Next Step (1)' is clicked on

2022-04-01 17:33:59 - [MESSAGE][PASSED] - Object: 'Object Repository/Step 4,5/Page_AdRoot  Create Campaign Steps/button_Next Step (1)' is clicked on

2022-04-01 17:33:59 - [TEST_STEP][PASSED] - click(findTestObject("Targeting/Page_AdRoot  Create Campaign Steps/div_English")): Object: 'Object Repository/Targeting/Page_AdRoot  Create Campaign Steps/div_English' is clicked on

2022-04-01 17:34:01 - [MESSAGE][PASSED] - Object: 'Object Repository/Targeting/Page_AdRoot  Create Campaign Steps/div_English' is clicked on

2022-04-01 17:34:01 - [TEST_STEP][PASSED] - click(findTestObject("Targeting/Page_AdRoot  Create Campaign Steps/li_All")): Object: 'Object Repository/Targeting/Page_AdRoot  Create Campaign Steps/li_All' is clicked on

2022-04-01 17:34:02 - [MESSAGE][PASSED] - Object: 'Object Repository/Targeting/Page_AdRoot  Create Campaign Steps/li_All' is clicked on

2022-04-01 17:34:02 - [TEST_STEP][PASSED] - doubleClick(findTestObject("Targeting/Page_AdRoot  Create Campaign Steps/div_Antigua and Barbuda")): Object: 'Object Repository/Targeting/Page_AdRoot  Create Campaign Steps/div_Antigua and Barbuda' is double clicked on

2022-04-01 17:34:02 - [MESSAGE][PASSED] - Object: 'Object Repository/Targeting/Page_AdRoot  Create Campaign Steps/div_Antigua and Barbuda' is double clicked on

2022-04-01 17:34:02 - [TEST_STEP][PASSED] - click(findTestObject("Targeting/Page_AdRoot  Create Campaign Steps/div_Antigua and Barbuda")): Object: 'Object Repository/Targeting/Page_AdRoot  Create Campaign Steps/div_Antigua and Barbuda' is clicked on

2022-04-01 17:34:03 - [MESSAGE][PASSED] - Object: 'Object Repository/Targeting/Page_AdRoot  Create Campaign Steps/div_Antigua and Barbuda' is clicked on

2022-04-01 17:34:03 - [TEST_STEP][PASSED] - click(findTestObject("Targeting/Page_AdRoot  Create Campaign Steps/label_All")): Object: 'Object Repository/Targeting/Page_AdRoot  Create Campaign Steps/label_All' is clicked on

2022-04-01 17:34:04 - [MESSAGE][PASSED] - Object: 'Object Repository/Targeting/Page_AdRoot  Create Campaign Steps/label_All' is clicked on

2022-04-01 17:34:04 - [TEST_STEP][PASSED] - doubleClick(findTestObject("Targeting/Page_AdRoot  Create Campaign Steps/div_From_arrow")): Object: 'Object Repository/Targeting/Page_AdRoot  Create Campaign Steps/div_From_arrow' is double clicked on

2022-04-01 17:34:05 - [MESSAGE][PASSED] - Object: 'Object Repository/Targeting/Page_AdRoot  Create Campaign Steps/div_From_arrow' is double clicked on

2022-04-01 17:34:05 - [TEST_STEP][PASSED] - click(findTestObject("Targeting/Page_AdRoot  Create Campaign Steps/div_From_arrow")): Object: 'Object Repository/Targeting/Page_AdRoot  Create Campaign Steps/div_From_arrow' is clicked on

2022-04-01 17:34:06 - [MESSAGE][PASSED] - Object: 'Object Repository/Targeting/Page_AdRoot  Create Campaign Steps/div_From_arrow' is clicked on

2022-04-01 17:34:06 - [TEST_STEP][PASSED] - click(findTestObject("Targeting/Page_AdRoot  Create Campaign Steps/div_23")): Object: 'Object Repository/Targeting/Page_AdRoot  Create Campaign Steps/div_23' is clicked on

2022-04-01 17:34:07 - [MESSAGE][PASSED] - Object: 'Object Repository/Targeting/Page_AdRoot  Create Campaign Steps/div_23' is clicked on

2022-04-01 17:34:07 - [TEST_STEP][PASSED] - doubleClick(findTestObject("Targeting/Page_AdRoot  Create Campaign Steps/div_To_arrow")): Object: 'Object Repository/Targeting/Page_AdRoot  Create Campaign Steps/div_To_arrow' is double clicked on

2022-04-01 17:34:07 - [MESSAGE][PASSED] - Object: 'Object Repository/Targeting/Page_AdRoot  Create Campaign Steps/div_To_arrow' is double clicked on

2022-04-01 17:34:07 - [TEST_STEP][PASSED] - click(findTestObject("Targeting/Page_AdRoot  Create Campaign Steps/div_64")): Object: 'Object Repository/Targeting/Page_AdRoot  Create Campaign Steps/div_64' is clicked on

2022-04-01 17:34:08 - [MESSAGE][PASSED] - Object: 'Object Repository/Targeting/Page_AdRoot  Create Campaign Steps/div_64' is clicked on

2022-04-01 17:34:08 - [TEST_STEP][PASSED] - click(findTestObject("Object Repository/Step 4,5/Page_AdRoot  Create Campaign Steps/button_Next Step (1)")): Object: 'Object Repository/Step 4,5/Page_AdRoot  Create Campaign Steps/button_Next Step (1)' is clicked on

2022-04-01 17:34:08 - [MESSAGE][PASSED] - Object: 'Object Repository/Step 4,5/Page_AdRoot  Create Campaign Steps/button_Next Step (1)' is clicked on

2022-04-01 17:34:08 - [TEST_STEP][PASSED] - setText(findTestObject("Object Repository/Step 4,5/Page_AdRoot  Create Campaign Steps/input_Daily_custom-input"), "$ 1"): Text '$ 1' is set on object 'Object Repository/Step 4,5/Page_AdRoot  Create Campaign Steps/input_Daily_custom-input'

2022-04-01 17:34:10 - [MESSAGE][PASSED] - Text '$ 1' is set on object 'Object Repository/Step 4,5/Page_AdRoot  Create Campaign Steps/input_Daily_custom-input'

2022-04-01 17:34:10 - [TEST_STEP][PASSED] - click(findTestObject("Step 4,5/Page_AdRoot  Create Campaign Steps/input_Start_single-date-picker-datepicker-y6DXOBYbq5i4SX3nAPEZ")): Object: 'Object Repository/Step 4,5/Page_AdRoot  Create Campaign Steps/input_Start_single-date-picker-datepicker-y6DXOBYbq5i4SX3nAPEZ' is clicked on

2022-04-01 17:34:10 - [MESSAGE][PASSED] - Object: 'Object Repository/Step 4,5/Page_AdRoot  Create Campaign Steps/input_Start_single-date-picker-datepicker-y6DXOBYbq5i4SX3nAPEZ' is clicked on

2022-04-01 17:34:10 - [TEST_STEP][PASSED] - click(findTestObject("Step 4,5/Page_AdRoot  Create Campaign Steps/svg_Su_DayPickerNavigation_svg__horizontal DayPickerNavigation_svg__horizontal_1")): Object: 'Object Repository/Step 4,5/Page_AdRoot  Create Campaign Steps/svg_Su_DayPickerNavigation_svg__horizontal DayPickerNavigation_svg__horizontal_1' is clicked on

2022-04-01 17:34:11 - [MESSAGE][PASSED] - Object: 'Object Repository/Step 4,5/Page_AdRoot  Create Campaign Steps/svg_Su_DayPickerNavigation_svg__horizontal DayPickerNavigation_svg__horizontal_1' is clicked on

2022-04-01 17:34:11 - [TEST_STEP][PASSED] - click(findTestObject("Step 4,5/Page_AdRoot  Create Campaign Steps/svg_Su_DayPickerNavigation_svg__horizontal DayPickerNavigation_svg__horizontal_1")): Object: 'Object Repository/Step 4,5/Page_AdRoot  Create Campaign Steps/svg_Su_DayPickerNavigation_svg__horizontal DayPickerNavigation_svg__horizontal_1' is clicked on

2022-04-01 17:34:12 - [MESSAGE][PASSED] - Object: 'Object Repository/Step 4,5/Page_AdRoot  Create Campaign Steps/svg_Su_DayPickerNavigation_svg__horizontal DayPickerNavigation_svg__horizontal_1' is clicked on

2022-04-01 17:34:12 - [TEST_STEP][PASSED] - click(findTestObject("Step 4,5/Page_AdRoot  Create Campaign Steps/svg_Su_DayPickerNavigation_svg__horizontal DayPickerNavigation_svg__horizontal_1")): Object: 'Object Repository/Step 4,5/Page_AdRoot  Create Campaign Steps/svg_Su_DayPickerNavigation_svg__horizontal DayPickerNavigation_svg__horizontal_1' is clicked on

2022-04-01 17:34:12 - [MESSAGE][PASSED] - Object: 'Object Repository/Step 4,5/Page_AdRoot  Create Campaign Steps/svg_Su_DayPickerNavigation_svg__horizontal DayPickerNavigation_svg__horizontal_1' is clicked on

2022-04-01 17:34:12 - [TEST_STEP][PASSED] - click(findTestObject("Step 4,5/Page_AdRoot  Create Campaign Steps/svg_Su_DayPickerNavigation_svg__horizontal DayPickerNavigation_svg__horizontal_1")): Object: 'Object Repository/Step 4,5/Page_AdRoot  Create Campaign Steps/svg_Su_DayPickerNavigation_svg__horizontal DayPickerNavigation_svg__horizontal_1' is clicked on

2022-04-01 17:34:13 - [MESSAGE][PASSED] - Object: 'Object Repository/Step 4,5/Page_AdRoot  Create Campaign Steps/svg_Su_DayPickerNavigation_svg__horizontal DayPickerNavigation_svg__horizontal_1' is clicked on

2022-04-01 17:34:13 - [TEST_STEP][PASSED] - click(findTestObject("Step 4,5/Page_AdRoot  Create Campaign Steps/td_10")): Object: 'Object Repository/Step 4,5/Page_AdRoot  Create Campaign Steps/td_10' is clicked on

2022-04-01 17:34:13 - [MESSAGE][PASSED] - Object: 'Object Repository/Step 4,5/Page_AdRoot  Create Campaign Steps/td_10' is clicked on

2022-04-01 17:34:13 - [TEST_STEP][PASSED] - click(findTestObject("Object Repository/Step 4,5/Page_AdRoot  Create Campaign Steps/button_Finish")): Object: 'Object Repository/Step 4,5/Page_AdRoot  Create Campaign Steps/button_Finish' is clicked on

2022-04-01 17:34:14 - [MESSAGE][PASSED] - Object: 'Object Repository/Step 4,5/Page_AdRoot  Create Campaign Steps/button_Finish' is clicked on

2022-04-01 17:34:14 - [TEST_STEP][PASSED] - verifyElementPresent(findTestObject("Object Repository/Step 4,5/Page_AdRoot  Campaigns/div_PENDING"), 0): Object 'Object Repository/Step 4,5/Page_AdRoot  Campaigns/div_PENDING' is present

2022-04-01 17:34:14 - [MESSAGE][WARNING] - Timeout '0' is invalid. Using default page load timeout: '30'

2022-04-01 17:34:16 - [MESSAGE][PASSED] - Object 'Object Repository/Step 4,5/Page_AdRoot  Campaigns/div_PENDING' is present

2022-04-01 17:34:16 - [TEST_STEP][PASSED] - closeBrowser(): Browser is closed

2022-04-01 17:34:17 - [MESSAGE][PASSED] - Browser is closed]]></system-out>
         <system-err><![CDATA[]]></system-err>
      </testcase>
      <system-out><![CDATA[2022-04-01 17:29:26 - [TEST_SUITE][FAILED] - app-create campaign suite: Test Cases/Campaign/Create campaign/App-Create campaign/App-Brand campaign FAILED.
Reason:
com.kms.katalon.core.exception.StepFailedException: Unable to set text '$ 1' of object 'Object Repository/Step 4,5/Page_AdRoot  Create Campaign Steps/input_Daily_custom-input'
	at com.kms.katalon.core.webui.keyword.internal.WebUIKeywordMain.stepFailed(WebUIKeywordMain.groovy:64)
	at com.kms.katalon.core.webui.keyword.internal.WebUIKeywordMain.runKeyword(WebUIKeywordMain.groovy:26)
	at com.kms.katalon.core.webui.keyword.builtin.SetTextKeyword.setText(SetTextKeyword.groovy:66)
	at com.kms.katalon.core.webui.keyword.builtin.SetTextKeyword.execute(SetTextKeyword.groovy:37)
	at com.kms.katalon.core.keyword.internal.KeywordExecutor.executeKeywordForPlatform(KeywordExecutor.groovy:74)
	at com.kms.katalon.core.webui.keyword.WebUiBuiltInKeywords.setText(WebUiBuiltInKeywords.groovy:980)
	at com.kms.katalon.core.webui.keyword.WebUiBuiltInKeywords$setText$2.call(Unknown Source)
	at App-Brand campaign.run(App-Brand campaign:104)
	at com.kms.katalon.core.main.ScriptEngine.run(ScriptEngine.java:194)
	at com.kms.katalon.core.main.ScriptEngine.runScriptAsRawText(ScriptEngine.java:119)
	at com.kms.katalon.core.main.TestCaseExecutor.runScript(TestCaseExecutor.java:442)
	at com.kms.katalon.core.main.TestCaseExecutor.doExecute(TestCaseExecutor.java:433)
	at com.kms.katalon.core.main.TestCaseExecutor.processExecutionPhase(TestCaseExecutor.java:412)
	at com.kms.katalon.core.main.TestCaseExecutor.accessMainPhase(TestCaseExecutor.java:404)
	at com.kms.katalon.core.main.TestCaseExecutor.execute(TestCaseExecutor.java:281)
	at com.kms.katalon.core.main.TestSuiteExecutor.accessTestCaseMainPhase(TestSuiteExecutor.java:202)
	at com.kms.katalon.core.main.TestSuiteExecutor.accessTestSuiteMainPhase(TestSuiteExecutor.java:164)
	at com.kms.katalon.core.main.TestSuiteExecutor.execute(TestSuiteExecutor.java:105)
	at com.kms.katalon.core.main.TestCaseMain.startTestSuite(TestCaseMain.java:185)
	at com.kms.katalon.core.main.TestCaseMain$startTestSuite$0.call(Unknown Source)
	at TempTestSuite1648819761158.run(TempTestSuite1648819761158.groovy:36)
Caused by: org.openqa.selenium.InvalidElementStateException: invalid element state: Element is not currently interactable and may not be manipulated
  (Session info: chrome=99.0.4844.84)
Build info: version: '3.141.59', revision: 'e82be7d358', time: '2018-11-14T08:25:53'
System info: host: 'GORSPC', ip: '192.168.0.106', os.name: 'Windows 10', os.arch: 'amd64', os.version: '10.0', java.version: '1.8.0_282'
Driver info: com.kms.katalon.selenium.driver.CChromeDriver
Capabilities {acceptInsecureCerts: false, browserName: chrome, browserVersion: 99.0.4844.84, chrome: {chromedriverVersion: 99.0.4844.51 (d537ec02474b5..., userDataDir: C:\Users\AdRoot_PC2\AppData...}, goog:chromeOptions: {debuggerAddress: localhost:62165}, javascriptEnabled: true, networkConnectionEnabled: false, pageLoadStrategy: normal, platform: WINDOWS, platformName: WINDOWS, proxy: Proxy(), setWindowRect: true, strictFileInteractability: false, timeouts: {implicit: 0, pageLoad: 300000, script: 30000}, unhandledPromptBehavior: dismiss and notify, webauthn:extension:credBlob: true, webauthn:extension:largeBlob: true, webauthn:virtualAuthenticators: true}
Session ID: 88969f886b4faa91dfc260855814be75
	at org.openqa.selenium.remote.http.W3CHttpResponseCodec.createException(W3CHttpResponseCodec.java:187)
	at org.openqa.selenium.remote.http.W3CHttpResponseCodec.decode(W3CHttpResponseCodec.java:122)
	at org.openqa.selenium.remote.http.W3CHttpResponseCodec.decode(W3CHttpResponseCodec.java:49)
	at org.openqa.selenium.remote.HttpCommandExecutor.execute(HttpCommandExecutor.java:158)
	at org.openqa.selenium.remote.service.DriverCommandExecutor.execute(DriverCommandExecutor.java:83)
	at org.openqa.selenium.remote.RemoteWebDriver.execute(RemoteWebDriver.java:552)
	at com.kms.katalon.selenium.driver.CChromeDriver.execute(CChromeDriver.java:19)
	at org.openqa.selenium.remote.RemoteWebElement.execute(RemoteWebElement.java:285)
	at org.openqa.selenium.remote.RemoteWebElement.clear(RemoteWebElement.java:124)
	at org.openqa.selenium.support.events.EventFiringWebDriver$EventFiringWebElement.lambda$new$0(EventFiringWebDriver.java:404)
	at com.sun.proxy.$Proxy11.clear(Unknown Source)
	at org.openqa.selenium.support.events.EventFiringWebDriver$EventFiringWebElement.clear(EventFiringWebDriver.java:436)
	at com.kms.katalon.core.webui.keyword.builtin.SetTextKeyword$_setText_closure1.doCall(SetTextKeyword.groovy:53)
	at com.kms.katalon.core.webui.keyword.builtin.SetTextKeyword$_setText_closure1.call(SetTextKeyword.groovy)
	at com.kms.katalon.core.webui.keyword.internal.WebUIKeywordMain.runKeyword(WebUIKeywordMain.groovy:20)
	... 19 more]]></system-out>
      <system-err><![CDATA[2022-04-01 17:29:26 - [TEST_SUITE][FAILED] - app-create campaign suite: Test Cases/Campaign/Create campaign/App-Create campaign/App-Brand campaign FAILED.
Reason:
com.kms.katalon.core.exception.StepFailedException: Unable to set text '$ 1' of object 'Object Repository/Step 4,5/Page_AdRoot  Create Campaign Steps/input_Daily_custom-input'
	at com.kms.katalon.core.webui.keyword.internal.WebUIKeywordMain.stepFailed(WebUIKeywordMain.groovy:64)
	at com.kms.katalon.core.webui.keyword.internal.WebUIKeywordMain.runKeyword(WebUIKeywordMain.groovy:26)
	at com.kms.katalon.core.webui.keyword.builtin.SetTextKeyword.setText(SetTextKeyword.groovy:66)
	at com.kms.katalon.core.webui.keyword.builtin.SetTextKeyword.execute(SetTextKeyword.groovy:37)
	at com.kms.katalon.core.keyword.internal.KeywordExecutor.executeKeywordForPlatform(KeywordExecutor.groovy:74)
	at com.kms.katalon.core.webui.keyword.WebUiBuiltInKeywords.setText(WebUiBuiltInKeywords.groovy:980)
	at com.kms.katalon.core.webui.keyword.WebUiBuiltInKeywords$setText$2.call(Unknown Source)
	at App-Brand campaign.run(App-Brand campaign:104)
	at com.kms.katalon.core.main.ScriptEngine.run(ScriptEngine.java:194)
	at com.kms.katalon.core.main.ScriptEngine.runScriptAsRawText(ScriptEngine.java:119)
	at com.kms.katalon.core.main.TestCaseExecutor.runScript(TestCaseExecutor.java:442)
	at com.kms.katalon.core.main.TestCaseExecutor.doExecute(TestCaseExecutor.java:433)
	at com.kms.katalon.core.main.TestCaseExecutor.processExecutionPhase(TestCaseExecutor.java:412)
	at com.kms.katalon.core.main.TestCaseExecutor.accessMainPhase(TestCaseExecutor.java:404)
	at com.kms.katalon.core.main.TestCaseExecutor.execute(TestCaseExecutor.java:281)
	at com.kms.katalon.core.main.TestSuiteExecutor.accessTestCaseMainPhase(TestSuiteExecutor.java:202)
	at com.kms.katalon.core.main.TestSuiteExecutor.accessTestSuiteMainPhase(TestSuiteExecutor.java:164)
	at com.kms.katalon.core.main.TestSuiteExecutor.execute(TestSuiteExecutor.java:105)
	at com.kms.katalon.core.main.TestCaseMain.startTestSuite(TestCaseMain.java:185)
	at com.kms.katalon.core.main.TestCaseMain$startTestSuite$0.call(Unknown Source)
	at TempTestSuite1648819761158.run(TempTestSuite1648819761158.groovy:36)
Caused by: org.openqa.selenium.InvalidElementStateException: invalid element state: Element is not currently interactable and may not be manipulated
  (Session info: chrome=99.0.4844.84)
Build info: version: '3.141.59', revision: 'e82be7d358', time: '2018-11-14T08:25:53'
System info: host: 'GORSPC', ip: '192.168.0.106', os.name: 'Windows 10', os.arch: 'amd64', os.version: '10.0', java.version: '1.8.0_282'
Driver info: com.kms.katalon.selenium.driver.CChromeDriver
Capabilities {acceptInsecureCerts: false, browserName: chrome, browserVersion: 99.0.4844.84, chrome: {chromedriverVersion: 99.0.4844.51 (d537ec02474b5..., userDataDir: C:\Users\AdRoot_PC2\AppData...}, goog:chromeOptions: {debuggerAddress: localhost:62165}, javascriptEnabled: true, networkConnectionEnabled: false, pageLoadStrategy: normal, platform: WINDOWS, platformName: WINDOWS, proxy: Proxy(), setWindowRect: true, strictFileInteractability: false, timeouts: {implicit: 0, pageLoad: 300000, script: 30000}, unhandledPromptBehavior: dismiss and notify, webauthn:extension:credBlob: true, webauthn:extension:largeBlob: true, webauthn:virtualAuthenticators: true}
Session ID: 88969f886b4faa91dfc260855814be75
	at org.openqa.selenium.remote.http.W3CHttpResponseCodec.createException(W3CHttpResponseCodec.java:187)
	at org.openqa.selenium.remote.http.W3CHttpResponseCodec.decode(W3CHttpResponseCodec.java:122)
	at org.openqa.selenium.remote.http.W3CHttpResponseCodec.decode(W3CHttpResponseCodec.java:49)
	at org.openqa.selenium.remote.HttpCommandExecutor.execute(HttpCommandExecutor.java:158)
	at org.openqa.selenium.remote.service.DriverCommandExecutor.execute(DriverCommandExecutor.java:83)
	at org.openqa.selenium.remote.RemoteWebDriver.execute(RemoteWebDriver.java:552)
	at com.kms.katalon.selenium.driver.CChromeDriver.execute(CChromeDriver.java:19)
	at org.openqa.selenium.remote.RemoteWebElement.execute(RemoteWebElement.java:285)
	at org.openqa.selenium.remote.RemoteWebElement.clear(RemoteWebElement.java:124)
	at org.openqa.selenium.support.events.EventFiringWebDriver$EventFiringWebElement.lambda$new$0(EventFiringWebDriver.java:404)
	at com.sun.proxy.$Proxy11.clear(Unknown Source)
	at org.openqa.selenium.support.events.EventFiringWebDriver$EventFiringWebElement.clear(EventFiringWebDriver.java:436)
	at com.kms.katalon.core.webui.keyword.builtin.SetTextKeyword$_setText_closure1.doCall(SetTextKeyword.groovy:53)
	at com.kms.katalon.core.webui.keyword.builtin.SetTextKeyword$_setText_closure1.call(SetTextKeyword.groovy)
	at com.kms.katalon.core.webui.keyword.internal.WebUIKeywordMain.runKeyword(WebUIKeywordMain.groovy:20)
	... 19 more]]></system-err>
   </testsuite>
</testsuites>
