<?xml version="1.0" encoding="UTF-8"?>
<testsuites name="Pause collection" time="61.574" tests="2" failures="0" errors="0">
   <testsuite name="Pause app" tests="1" failures="0" errors="0" time="24.209" skipped="0" timestamp="2022-02-21 10:53:38" hostname="AdRoot_PC2 - GorsPC" id="Test Suites/Pause app">
      <properties>
         <property name="deviceName" value=""/>
         <property name="devicePlatform" value=""/>
         <property name="logFolder" value="C:\\Users\\AdRoot_PC2\\git\\KatalonAutomation1\\Reports\\20220221_105328\\Pause app\\20220221_105329"/>
         <property name="logFiles" value="C:\\Users\\AdRoot_PC2\\git\\KatalonAutomation1\\Reports\\20220221_105328\\Pause app\\20220221_105329\\execution0.log"/>
         <property name="attachments" value=""/>
         <property name="hostName" value="AdRoot_PC2 - GorsPC"/>
         <property name="os" value="Windows 10 64bit"/>
         <property name="katalonVersion" value="8.2.5.208"/>
         <property name="browser" value="Chrome 98.0.4758.102"/>
         <property name="hostAddress" value="192.168.0.104"/>
         <property name="sessionId" value="0a8ab27ba1ca45b3a83ee5cd199598f3"/>
         <property name="seleniumVersion" value="3.141.59"/>
         <property name="proxyInformation" value="ProxyInformation { proxyOption=NO_PROXY, proxyServerType=HTTP, username=, password=********, proxyServerAddress=, proxyServerPort=0, executionList=&quot;&quot;, isApplyToDesiredCapabilities=true }"/>
         <property name="platform" value="Windows 10"/>
      </properties>
      <testcase name="Test Cases/Everyday campaign pause/App-pause campaign" time="23.946" classname="Test Cases/Everyday campaign pause/App-pause campaign" status="PASSED">
         <system-out><![CDATA[2022-02-21 10:53:39 - [TEST_CASE][PASSED] - Test Cases/Everyday campaign pause/App-pause campaign: Test Cases/Everyday campaign pause/App-pause campaign

2022-02-21 10:53:39 - [TEST_STEP][PASSED] - openBrowser(""): Browser is opened with url: ''

2022-02-21 10:53:39 - [MESSAGE][INFO] - Starting 'Chrome' driver

2022-02-21 10:53:39 - [MESSAGE][INFO] - Action delay is set to 0 milliseconds

2022-02-21 10:53:41 - [MESSAGE][PASSED] - Browser is opened with url: ''

2022-02-21 10:53:41 - [TEST_STEP][PASSED] - navigateToUrl("https://app.adroot.io/auth/signin"): Navigate to 'https://app.adroot.io/auth/signin' successfully

2022-02-21 10:53:44 - [MESSAGE][PASSED] - Navigate to 'https://app.adroot.io/auth/signin' successfully

2022-02-21 10:53:44 - [TEST_STEP][PASSED] - setText(findTestObject("Object Repository/Pause dev campaign/Page_AdRoot  Login/input_E-mail_email"), "makronmanuel01@gmail.com"): Text 'makronmanuel01@gmail.com' is set on object 'Object Repository/Pause dev campaign/Page_AdRoot  Login/input_E-mail_email'

2022-02-21 10:53:45 - [MESSAGE][PASSED] - Text 'makronmanuel01@gmail.com' is set on object 'Object Repository/Pause dev campaign/Page_AdRoot  Login/input_E-mail_email'

2022-02-21 10:53:45 - [TEST_STEP][PASSED] - setEncryptedText(findTestObject("Object Repository/Pause dev campaign/Page_AdRoot  Login/input_Password_password"), "9juLMCYi8sYpY2Mrwe5diw=="): Text ****** has been set on object 'Object Repository/Pause dev campaign/Page_AdRoot  Login/input_Password_password'

2022-02-21 10:53:45 - [MESSAGE][PASSED] - Text ****** has been set on object 'Object Repository/Pause dev campaign/Page_AdRoot  Login/input_Password_password'

2022-02-21 10:53:45 - [TEST_STEP][PASSED] - sendKeys(findTestObject("Object Repository/Pause dev campaign/Page_AdRoot  Login/input_Password_password"), Keys.chord(ENTER)): Keys 'ENTER + ' sent to object: 'Object Repository/Pause dev campaign/Page_AdRoot  Login/input_Password_password'

2022-02-21 10:53:46 - [MESSAGE][PASSED] - Keys 'ENTER + ' sent to object: 'Object Repository/Pause dev campaign/Page_AdRoot  Login/input_Password_password'

2022-02-21 10:53:46 - [TEST_STEP][PASSED] - click(findTestObject("Object Repository/Pause dev campaign/Page_AdRoot  Campaigns/img")): Object: 'Object Repository/Pause dev campaign/Page_AdRoot  Campaigns/img' is clicked on

2022-02-21 10:53:48 - [MESSAGE][PASSED] - Object: 'Object Repository/Pause dev campaign/Page_AdRoot  Campaigns/img' is clicked on

2022-02-21 10:53:48 - [TEST_STEP][PASSED] - click(findTestObject("App-Create campaign/Page_AdRoot  Campaigns/div_By Ruzan (app)")): Object: 'Object Repository/App-Create campaign/Page_AdRoot  Campaigns/div_By Ruzan (app)' is clicked on

2022-02-21 10:53:48 - [MESSAGE][PASSED] - Object: 'Object Repository/App-Create campaign/Page_AdRoot  Campaigns/div_By Ruzan (app)' is clicked on

2022-02-21 10:53:48 - [TEST_STEP][PASSED] - click(findTestObject("Pause dev campaign/Page_AdRoot  Dashboard/a_Campaigns")): Object: 'Object Repository/Pause dev campaign/Page_AdRoot  Dashboard/a_Campaigns' is clicked on

2022-02-21 10:53:51 - [MESSAGE][PASSED] - Object: 'Object Repository/Pause dev campaign/Page_AdRoot  Dashboard/a_Campaigns' is clicked on

2022-02-21 10:53:51 - [TEST_STEP][PASSED] - click(findTestObject("Object Repository/Pause dev campaign/Page_AdRoot  Campaigns/div_Campaign View")): Object: 'Object Repository/Pause dev campaign/Page_AdRoot  Campaigns/div_Campaign View' is clicked on

2022-02-21 10:53:52 - [MESSAGE][PASSED] - Object: 'Object Repository/Pause dev campaign/Page_AdRoot  Campaigns/div_Campaign View' is clicked on

2022-02-21 10:53:52 - [TEST_STEP][PASSED] - click(findTestObject("Object Repository/Pause dev campaign/Page_AdRoot  Campaigns/div_PAUSED_tree-dots dots-blue")): Object: 'Object Repository/Pause dev campaign/Page_AdRoot  Campaigns/div_PAUSED_tree-dots dots-blue' is clicked on

2022-02-21 10:53:54 - [MESSAGE][PASSED] - Object: 'Object Repository/Pause dev campaign/Page_AdRoot  Campaigns/div_PAUSED_tree-dots dots-blue' is clicked on

2022-02-21 10:53:54 - [TEST_STEP][PASSED] - click(findTestObject("Object Repository/Pause dev campaign/Page_AdRoot  Campaigns/div_Pause")): Object: 'Object Repository/Pause dev campaign/Page_AdRoot  Campaigns/div_Pause' is clicked on

2022-02-21 10:53:54 - [MESSAGE][PASSED] - Object: 'Object Repository/Pause dev campaign/Page_AdRoot  Campaigns/div_Pause' is clicked on

2022-02-21 10:53:54 - [TEST_STEP][PASSED] - click(findTestObject("Object Repository/Pause dev campaign/Page_AdRoot  Campaigns/button_Pause")): Object: 'Object Repository/Pause dev campaign/Page_AdRoot  Campaigns/button_Pause' is clicked on

2022-02-21 10:53:55 - [MESSAGE][PASSED] - Object: 'Object Repository/Pause dev campaign/Page_AdRoot  Campaigns/button_Pause' is clicked on

2022-02-21 10:53:55 - [TEST_STEP][PASSED] - click(findTestObject("Object Repository/Pause dev campaign/Page_AdRoot  Campaigns/div_devadroot4428")): Object: 'Object Repository/Pause dev campaign/Page_AdRoot  Campaigns/div_devadroot4428' is clicked on

2022-02-21 10:53:55 - [MESSAGE][PASSED] - Object: 'Object Repository/Pause dev campaign/Page_AdRoot  Campaigns/div_devadroot4428' is clicked on

2022-02-21 10:53:55 - [TEST_STEP][PASSED] - click(findTestObject("Object Repository/Pause dev campaign/Page_AdRoot  Campaigns/div_PAUSED_tree-dots dots-blue_1")): Object: 'Object Repository/Pause dev campaign/Page_AdRoot  Campaigns/div_PAUSED_tree-dots dots-blue_1' is clicked on

2022-02-21 10:53:56 - [MESSAGE][PASSED] - Object: 'Object Repository/Pause dev campaign/Page_AdRoot  Campaigns/div_PAUSED_tree-dots dots-blue_1' is clicked on

2022-02-21 10:53:56 - [TEST_STEP][PASSED] - click(findTestObject("Object Repository/Pause dev campaign/Page_AdRoot  Campaigns/div_Pause")): Object: 'Object Repository/Pause dev campaign/Page_AdRoot  Campaigns/div_Pause' is clicked on

2022-02-21 10:53:56 - [MESSAGE][PASSED] - Object: 'Object Repository/Pause dev campaign/Page_AdRoot  Campaigns/div_Pause' is clicked on

2022-02-21 10:53:56 - [TEST_STEP][PASSED] - click(findTestObject("Object Repository/Pause dev campaign/Page_AdRoot  Campaigns/button_Pause")): Object: 'Object Repository/Pause dev campaign/Page_AdRoot  Campaigns/button_Pause' is clicked on

2022-02-21 10:53:57 - [MESSAGE][PASSED] - Object: 'Object Repository/Pause dev campaign/Page_AdRoot  Campaigns/button_Pause' is clicked on

2022-02-21 10:53:57 - [TEST_STEP][PASSED] - click(findTestObject("Object Repository/Pause dev campaign/Page_AdRoot  Campaigns/div_devadroot1390")): Object: 'Object Repository/Pause dev campaign/Page_AdRoot  Campaigns/div_devadroot1390' is clicked on

2022-02-21 10:53:57 - [MESSAGE][PASSED] - Object: 'Object Repository/Pause dev campaign/Page_AdRoot  Campaigns/div_devadroot1390' is clicked on

2022-02-21 10:53:57 - [TEST_STEP][PASSED] - click(findTestObject("Object Repository/Pause dev campaign/Page_AdRoot  Campaigns/div_PAUSED_tree-dots dots-blue")): Object: 'Object Repository/Pause dev campaign/Page_AdRoot  Campaigns/div_PAUSED_tree-dots dots-blue' is clicked on

2022-02-21 10:53:58 - [MESSAGE][PASSED] - Object: 'Object Repository/Pause dev campaign/Page_AdRoot  Campaigns/div_PAUSED_tree-dots dots-blue' is clicked on

2022-02-21 10:53:58 - [TEST_STEP][PASSED] - click(findTestObject("Object Repository/Pause dev campaign/Page_AdRoot  Campaigns/div_Pause")): Object: 'Object Repository/Pause dev campaign/Page_AdRoot  Campaigns/div_Pause' is clicked on

2022-02-21 10:53:59 - [MESSAGE][PASSED] - Object: 'Object Repository/Pause dev campaign/Page_AdRoot  Campaigns/div_Pause' is clicked on

2022-02-21 10:53:59 - [TEST_STEP][PASSED] - click(findTestObject("Object Repository/Pause dev campaign/Page_AdRoot  Campaigns/button_Pause")): Object: 'Object Repository/Pause dev campaign/Page_AdRoot  Campaigns/button_Pause' is clicked on

2022-02-21 10:53:59 - [MESSAGE][PASSED] - Object: 'Object Repository/Pause dev campaign/Page_AdRoot  Campaigns/button_Pause' is clicked on

2022-02-21 10:53:59 - [TEST_STEP][PASSED] - click(findTestObject("Object Repository/Pause dev campaign/Page_AdRoot  Campaigns/div_devadroot976")): Object: 'Object Repository/Pause dev campaign/Page_AdRoot  Campaigns/div_devadroot976' is clicked on

2022-02-21 10:54:00 - [MESSAGE][PASSED] - Object: 'Object Repository/Pause dev campaign/Page_AdRoot  Campaigns/div_devadroot976' is clicked on

2022-02-21 10:54:00 - [TEST_STEP][PASSED] - click(findTestObject("Object Repository/Pause dev campaign/Page_AdRoot  Campaigns/div_PAUSED_tree-dots dots-blue_1")): Object: 'Object Repository/Pause dev campaign/Page_AdRoot  Campaigns/div_PAUSED_tree-dots dots-blue_1' is clicked on

2022-02-21 10:54:01 - [MESSAGE][PASSED] - Object: 'Object Repository/Pause dev campaign/Page_AdRoot  Campaigns/div_PAUSED_tree-dots dots-blue_1' is clicked on

2022-02-21 10:54:01 - [TEST_STEP][PASSED] - click(findTestObject("Object Repository/Pause dev campaign/Page_AdRoot  Campaigns/div_Pause")): Object: 'Object Repository/Pause dev campaign/Page_AdRoot  Campaigns/div_Pause' is clicked on

2022-02-21 10:54:01 - [MESSAGE][PASSED] - Object: 'Object Repository/Pause dev campaign/Page_AdRoot  Campaigns/div_Pause' is clicked on

2022-02-21 10:54:01 - [TEST_STEP][PASSED] - click(findTestObject("Object Repository/Pause dev campaign/Page_AdRoot  Campaigns/button_Pause")): Object: 'Object Repository/Pause dev campaign/Page_AdRoot  Campaigns/button_Pause' is clicked on

2022-02-21 10:54:02 - [MESSAGE][PASSED] - Object: 'Object Repository/Pause dev campaign/Page_AdRoot  Campaigns/button_Pause' is clicked on

2022-02-21 10:54:02 - [TEST_STEP][PASSED] - click(findTestObject("Pause dev campaign/Page_AdRoot  Dashboard/a_Campaigns")): Object: 'Object Repository/Pause dev campaign/Page_AdRoot  Dashboard/a_Campaigns' is clicked on

2022-02-21 10:54:02 - [MESSAGE][PASSED] - Object: 'Object Repository/Pause dev campaign/Page_AdRoot  Dashboard/a_Campaigns' is clicked on

2022-02-21 10:54:02 - [TEST_STEP][PASSED] - closeBrowser(): Browser is closed

2022-02-21 10:54:03 - [MESSAGE][PASSED] - Browser is closed]]></system-out>
         <system-err><![CDATA[]]></system-err>
      </testcase>
      <system-out><![CDATA[2022-02-21 10:53:38 - [TEST_SUITE][PASSED] - Pause app: Test Cases/Everyday campaign pause/App-pause campaign]]></system-out>
      <system-err><![CDATA[]]></system-err>
   </testsuite>
   <testsuite name="Pause dev" tests="1" failures="0" errors="0" time="13.404" skipped="0" timestamp="2022-02-21 10:54:16" hostname="AdRoot_PC2 - GorsPC" id="Test Suites/Pause dev">
      <properties>
         <property name="deviceName" value=""/>
         <property name="devicePlatform" value=""/>
         <property name="logFolder" value="C:\\Users\\AdRoot_PC2\\git\\KatalonAutomation1\\Reports\\20220221_105328\\Pause dev\\20220221_105331"/>
         <property name="logFiles" value="C:\\Users\\AdRoot_PC2\\git\\KatalonAutomation1\\Reports\\20220221_105328\\Pause dev\\20220221_105331\\execution0.log"/>
         <property name="attachments" value=""/>
         <property name="hostName" value="AdRoot_PC2 - GorsPC"/>
         <property name="os" value="Windows 10 64bit"/>
         <property name="katalonVersion" value="8.2.5.208"/>
         <property name="browser" value="Chrome 98.0.4758.102"/>
         <property name="hostAddress" value="192.168.0.104"/>
         <property name="sessionId" value="ac223e6a944c6461b83ecd74fe3d1341"/>
         <property name="seleniumVersion" value="3.141.59"/>
         <property name="proxyInformation" value="ProxyInformation { proxyOption=NO_PROXY, proxyServerType=HTTP, username=, password=********, proxyServerAddress=, proxyServerPort=0, executionList=&quot;&quot;, isApplyToDesiredCapabilities=true }"/>
         <property name="platform" value="Windows 10"/>
      </properties>
      <testcase name="Test Cases/Everyday campaign pause/Dev-pause campaign 2" time="13.164" classname="Test Cases/Everyday campaign pause/Dev-pause campaign 2" status="PASSED">
         <system-out><![CDATA[2022-02-21 10:54:16 - [TEST_CASE][PASSED] - Test Cases/Everyday campaign pause/Dev-pause campaign 2: Test Cases/Everyday campaign pause/Dev-pause campaign 2

2022-02-21 10:54:17 - [TEST_STEP][PASSED] - openBrowser(""): Browser is opened with url: ''

2022-02-21 10:54:17 - [MESSAGE][INFO] - Starting 'Chrome' driver

2022-02-21 10:54:17 - [MESSAGE][INFO] - Action delay is set to 0 milliseconds

2022-02-21 10:54:19 - [MESSAGE][PASSED] - Browser is opened with url: ''

2022-02-21 10:54:19 - [TEST_STEP][PASSED] - navigateToUrl("https://dev.adroot.io/auth/signin"): Navigate to 'https://dev.adroot.io/auth/signin' successfully

2022-02-21 10:54:21 - [MESSAGE][PASSED] - Navigate to 'https://dev.adroot.io/auth/signin' successfully

2022-02-21 10:54:21 - [TEST_STEP][PASSED] - setText(findTestObject("Object Repository/Pause dev campaign/Page_AdRoot  Login/input_E-mail_email"), "makronmanuel01@gmail.com"): Text 'makronmanuel01@gmail.com' is set on object 'Object Repository/Pause dev campaign/Page_AdRoot  Login/input_E-mail_email'

2022-02-21 10:54:22 - [MESSAGE][PASSED] - Text 'makronmanuel01@gmail.com' is set on object 'Object Repository/Pause dev campaign/Page_AdRoot  Login/input_E-mail_email'

2022-02-21 10:54:22 - [TEST_STEP][PASSED] - setEncryptedText(findTestObject("Object Repository/Pause dev campaign/Page_AdRoot  Login/input_Password_password"), "9juLMCYi8sYpY2Mrwe5diw=="): Text ****** has been set on object 'Object Repository/Pause dev campaign/Page_AdRoot  Login/input_Password_password'

2022-02-21 10:54:23 - [MESSAGE][PASSED] - Text ****** has been set on object 'Object Repository/Pause dev campaign/Page_AdRoot  Login/input_Password_password'

2022-02-21 10:54:23 - [TEST_STEP][PASSED] - sendKeys(findTestObject("Object Repository/Pause dev campaign/Page_AdRoot  Login/input_Password_password"), Keys.chord(ENTER)): Keys 'ENTER + ' sent to object: 'Object Repository/Pause dev campaign/Page_AdRoot  Login/input_Password_password'

2022-02-21 10:54:23 - [MESSAGE][PASSED] - Keys 'ENTER + ' sent to object: 'Object Repository/Pause dev campaign/Page_AdRoot  Login/input_Password_password'

2022-02-21 10:54:23 - [TEST_STEP][PASSED] - click(findTestObject("Object Repository/Pause dev campaign/Page_AdRoot  Dashboard/div_MMakronOwner")): Object: 'Object Repository/Pause dev campaign/Page_AdRoot  Dashboard/div_MMakronOwner' is clicked on

2022-02-21 10:54:25 - [MESSAGE][PASSED] - Object: 'Object Repository/Pause dev campaign/Page_AdRoot  Dashboard/div_MMakronOwner' is clicked on

2022-02-21 10:54:25 - [TEST_STEP][PASSED] - click(findTestObject("Object Repository/Pause dev campaign/Page_AdRoot  Dashboard/div_By Ruzan (dev)")): Object: 'Object Repository/Pause dev campaign/Page_AdRoot  Dashboard/div_By Ruzan (dev)' is clicked on

2022-02-21 10:54:26 - [MESSAGE][PASSED] - Object: 'Object Repository/Pause dev campaign/Page_AdRoot  Dashboard/div_By Ruzan (dev)' is clicked on

2022-02-21 10:54:26 - [TEST_STEP][PASSED] - click(findTestObject("Object Repository/Pause dev campaign/Page_AdRoot  Dashboard/a_Campaigns")): Object: 'Object Repository/Pause dev campaign/Page_AdRoot  Dashboard/a_Campaigns' is clicked on

2022-02-21 10:54:28 - [MESSAGE][PASSED] - Object: 'Object Repository/Pause dev campaign/Page_AdRoot  Dashboard/a_Campaigns' is clicked on

2022-02-21 10:54:28 - [TEST_STEP][PASSED] - click(findTestObject("Object Repository/Pause dev campaign/Page_AdRoot  Campaigns/div_IN REVIEW")): Object: 'Object Repository/Pause dev campaign/Page_AdRoot  Campaigns/div_IN REVIEW' is clicked on

2022-02-21 10:54:29 - [MESSAGE][PASSED] - Object: 'Object Repository/Pause dev campaign/Page_AdRoot  Campaigns/div_IN REVIEW' is clicked on

2022-02-21 10:54:29 - [TEST_STEP][PASSED] - click(findTestObject("Pause dev campaign/Page_AdRoot  Login/Page_AdRoot  Campaigns/span")): Object: 'Object Repository/Pause dev campaign/Page_AdRoot  Login/Page_AdRoot  Campaigns/span' is clicked on

2022-02-21 10:54:30 - [MESSAGE][PASSED] - Object: 'Object Repository/Pause dev campaign/Page_AdRoot  Login/Page_AdRoot  Campaigns/span' is clicked on]]></system-out>
         <system-err><![CDATA[]]></system-err>
      </testcase>
      <system-out><![CDATA[2022-02-21 10:54:16 - [TEST_SUITE][PASSED] - Pause dev: Test Cases/Everyday campaign pause/Dev-pause campaign 2]]></system-out>
      <system-err><![CDATA[]]></system-err>
   </testsuite>
</testsuites>
