<?xml version="1.0" encoding="UTF-8"?>
<testsuites name="dev-create campaign suite" time="123.545" tests="3" failures="0" errors="0">
   <testsuite name="dev-create campaign suite" tests="3" failures="0" errors="0" time="123.545" skipped="0" timestamp="2022-02-16 10:36:49" hostname="AdRoot_PC2 - GorsPC" id="Test Suites/dev-create campaign suite">
      <properties>
         <property name="deviceName" value=""/>
         <property name="devicePlatform" value=""/>
         <property name="logFolder" value="C:\\Users\\AdRoot_PC2\\git\\KatalonAutomation1\\Reports\\20220216_103003\\dev-create campaign suite\\20220216_103640"/>
         <property name="logFiles" value="C:\\Users\\AdRoot_PC2\\git\\KatalonAutomation1\\Reports\\20220216_103003\\dev-create campaign suite\\20220216_103640\\execution0.log"/>
         <property name="attachments" value=""/>
         <property name="hostName" value="AdRoot_PC2 - GorsPC"/>
         <property name="os" value="Windows 10 64bit"/>
         <property name="katalonVersion" value="8.2.5.208"/>
         <property name="browser" value="Chrome 98.0.4758.82"/>
         <property name="hostAddress" value="192.168.0.104"/>
         <property name="sessionId" value="cc7eb7749d24efe1cb67952f4cb7b2bc"/>
         <property name="seleniumVersion" value="3.141.59"/>
         <property name="proxyInformation" value="ProxyInformation { proxyOption=NO_PROXY, proxyServerType=HTTP, username=, password=********, proxyServerAddress=, proxyServerPort=0, executionList=&quot;&quot;, isApplyToDesiredCapabilities=true }"/>
         <property name="platform" value="Windows 10"/>
      </properties>
      <testcase name="Test Cases/Everyday create campaign/dev-Create campaign/Dev-Reach campaign" time="37.286" classname="Test Cases/Everyday create campaign/dev-Create campaign/Dev-Reach campaign" status="PASSED">
         <system-out><![CDATA[2022-02-16 10:36:49 - [TEST_CASE][PASSED] - Test Cases/Everyday create campaign/dev-Create campaign/Dev-Reach campaign: Test Cases/Everyday create campaign/dev-Create campaign/Dev-Reach campaign

2022-02-16 10:36:50 - [TEST_STEP][PASSED] - openBrowser(""): Browser is opened with url: ''

2022-02-16 10:36:50 - [MESSAGE][INFO] - Starting 'Chrome' driver

2022-02-16 10:36:50 - [MESSAGE][INFO] - Action delay is set to 0 milliseconds

2022-02-16 10:36:52 - [MESSAGE][PASSED] - Browser is opened with url: ''

2022-02-16 10:36:52 - [TEST_STEP][PASSED] - setViewPortSize(1550, 900): Viewport is set to new size with width = 1550 and height = 900

2022-02-16 10:36:52 - [MESSAGE][PASSED] - Viewport is set to new size with width = 1550 and height = 900

2022-02-16 10:36:52 - [TEST_STEP][PASSED] - navigateToUrl("https://dev.adroot.io/auth/signin"): Navigate to 'https://dev.adroot.io/auth/signin' successfully

2022-02-16 10:36:54 - [MESSAGE][PASSED] - Navigate to 'https://dev.adroot.io/auth/signin' successfully

2022-02-16 10:36:54 - [TEST_STEP][PASSED] - setText(findTestObject("Object Repository/Regular Create campaign/Page_AdRoot  Login/input_E-mail_email"), "makronmanuel01@gmail.com"): Text 'makronmanuel01@gmail.com' is set on object 'Object Repository/Regular Create campaign/Page_AdRoot  Login/input_E-mail_email'

2022-02-16 10:36:55 - [MESSAGE][PASSED] - Text 'makronmanuel01@gmail.com' is set on object 'Object Repository/Regular Create campaign/Page_AdRoot  Login/input_E-mail_email'

2022-02-16 10:36:55 - [TEST_STEP][PASSED] - setEncryptedText(findTestObject("Object Repository/Regular Create campaign/Page_AdRoot  Login/input_Password_password"), "9juLMCYi8sYpY2Mrwe5diw=="): Text ****** has been set on object 'Object Repository/Regular Create campaign/Page_AdRoot  Login/input_Password_password'

2022-02-16 10:36:55 - [MESSAGE][PASSED] - Text ****** has been set on object 'Object Repository/Regular Create campaign/Page_AdRoot  Login/input_Password_password'

2022-02-16 10:36:55 - [TEST_STEP][PASSED] - click(findTestObject("Object Repository/Regular Create campaign/Page_AdRoot  Login/button_Sign in")): Object: 'Object Repository/Regular Create campaign/Page_AdRoot  Login/button_Sign in' is clicked on

2022-02-16 10:36:56 - [MESSAGE][PASSED] - Object: 'Object Repository/Regular Create campaign/Page_AdRoot  Login/button_Sign in' is clicked on

2022-02-16 10:36:56 - [TEST_STEP][PASSED] - click(findTestObject("Object Repository/Regular Create campaign/Page_AdRoot  Campaigns/div_MakronOwner")): Object: 'Object Repository/Regular Create campaign/Page_AdRoot  Campaigns/div_MakronOwner' is clicked on

2022-02-16 10:36:58 - [MESSAGE][PASSED] - Object: 'Object Repository/Regular Create campaign/Page_AdRoot  Campaigns/div_MakronOwner' is clicked on

2022-02-16 10:36:58 - [TEST_STEP][PASSED] - click(findTestObject("Object Repository/Regular Create campaign/Page_AdRoot  Campaigns/div_By Ruzan (dev)")): Object: 'Object Repository/Regular Create campaign/Page_AdRoot  Campaigns/div_By Ruzan (dev)' is clicked on

2022-02-16 10:36:58 - [MESSAGE][PASSED] - Object: 'Object Repository/Regular Create campaign/Page_AdRoot  Campaigns/div_By Ruzan (dev)' is clicked on

2022-02-16 10:36:58 - [TEST_STEP][PASSED] - click(findTestObject("Object Repository/Regular Create campaign/Page_AdRoot  Dashboard/a_Campaigns")): Object: 'Object Repository/Regular Create campaign/Page_AdRoot  Dashboard/a_Campaigns' is clicked on

2022-02-16 10:37:01 - [MESSAGE][PASSED] - Object: 'Object Repository/Regular Create campaign/Page_AdRoot  Dashboard/a_Campaigns' is clicked on

2022-02-16 10:37:01 - [TEST_STEP][PASSED] - click(findTestObject("Regular Create campaign/Page_AdRoot  Campaigns/div_Campaign View")): Object: 'Object Repository/Regular Create campaign/Page_AdRoot  Campaigns/div_Campaign View' is clicked on

2022-02-16 10:37:02 - [MESSAGE][PASSED] - Object: 'Object Repository/Regular Create campaign/Page_AdRoot  Campaigns/div_Campaign View' is clicked on

2022-02-16 10:37:02 - [TEST_STEP][PASSED] - click(findTestObject("Regular Create campaign/Page_AdRoot  Campaigns/div_New Campaign")): Object: 'Object Repository/Regular Create campaign/Page_AdRoot  Campaigns/div_New Campaign' is clicked on

2022-02-16 10:37:03 - [MESSAGE][PASSED] - Object: 'Object Repository/Regular Create campaign/Page_AdRoot  Campaigns/div_New Campaign' is clicked on

2022-02-16 10:37:03 - [TEST_STEP][PASSED] - setText(findTestObject("Page_AdRoot  Create Campaign Steps/input_Campaign name_custom-input"), "devadroot1"): Text 'devadroot1' is set on object 'Object Repository/Page_AdRoot  Create Campaign Steps/input_Campaign name_custom-input'

2022-02-16 10:37:05 - [MESSAGE][PASSED] - Text 'devadroot1' is set on object 'Object Repository/Page_AdRoot  Create Campaign Steps/input_Campaign name_custom-input'

2022-02-16 10:37:05 - [TEST_STEP][PASSED] - click(findTestObject("Regular Create campaign/Page_AdRoot  Campaigns/Page_AdRoot  Create Campaign Steps/span_Name is taken")): Object: 'Object Repository/Regular Create campaign/Page_AdRoot  Campaigns/Page_AdRoot  Create Campaign Steps/span_Name is taken' is clicked on

2022-02-16 10:37:05 - [MESSAGE][PASSED] - Object: 'Object Repository/Regular Create campaign/Page_AdRoot  Campaigns/Page_AdRoot  Create Campaign Steps/span_Name is taken' is clicked on

2022-02-16 10:37:05 - [TEST_STEP][PASSED] - click(findTestObject("Goals/Goals/Page_AdRoot  Create Campaign Steps/div_Reach")): Object: 'Object Repository/Goals/Goals/Page_AdRoot  Create Campaign Steps/div_Reach' is clicked on

2022-02-16 10:37:06 - [MESSAGE][PASSED] - Object: 'Object Repository/Goals/Goals/Page_AdRoot  Create Campaign Steps/div_Reach' is clicked on

2022-02-16 10:37:06 - [TEST_STEP][PASSED] - Ms = verifyTextPresent("Name is taken", false): Text 'Name is taken' is present on page 

2022-02-16 10:37:06 - [MESSAGE][PASSED] - Text 'Name is taken' is present on page 

2022-02-16 10:37:06 - [TEST_STEP][PASSED] - if (Ms.equals("true")): Object: 'Object Repository/Regular Create campaign/Page_AdRoot  Campaigns/Page_AdRoot  Create Campaign Steps/button_Next Step' is clicked on

2022-02-16 10:37:06 - [TEST_STEP][PASSED] - RN = <not implemented yet for class: org.codehaus.groovy.ast.expr.EmptyExpression>: null

2022-02-16 10:37:06 - [TEST_STEP][PASSED] - RN = Math.random() * 5000: null

2022-02-16 10:37:06 - [TEST_STEP][PASSED] - setText(findTestObject("Regular Create campaign/Page_AdRoot Ad Manager - One Place To Manag_7de57e/Page_AdRoot  Create Campaign Steps/input_Campaign name_custom-input"), "devadroot" + RN): Text 'devadroot147' is set on object 'Object Repository/Regular Create campaign/Page_AdRoot Ad Manager - One Place To Manag_7de57e/Page_AdRoot  Create Campaign Steps/input_Campaign name_custom-input'

2022-02-16 10:37:07 - [MESSAGE][PASSED] - Text 'devadroot147' is set on object 'Object Repository/Regular Create campaign/Page_AdRoot Ad Manager - One Place To Manag_7de57e/Page_AdRoot  Create Campaign Steps/input_Campaign name_custom-input'

2022-02-16 10:37:07 - [TEST_STEP][PASSED] - click(findTestObject("Object Repository/Regular Create campaign/Page_AdRoot  Campaigns/Page_AdRoot  Create Campaign Steps/button_Next Step")): Object: 'Object Repository/Regular Create campaign/Page_AdRoot  Campaigns/Page_AdRoot  Create Campaign Steps/button_Next Step' is clicked on

2022-02-16 10:37:07 - [MESSAGE][PASSED] - Object: 'Object Repository/Regular Create campaign/Page_AdRoot  Campaigns/Page_AdRoot  Create Campaign Steps/button_Next Step' is clicked on

2022-02-16 10:37:07 - [TEST_STEP][PASSED] - verifyElementPresent(findTestObject("Step2/Page_AdRoot  Create Campaign Steps/div_GS PubSense"), 0): Object 'Object Repository/Step2/Page_AdRoot  Create Campaign Steps/div_GS PubSense' is present

2022-02-16 10:37:07 - [MESSAGE][WARNING] - Timeout '0' is invalid. Using default page load timeout: '30'

2022-02-16 10:37:08 - [MESSAGE][PASSED] - Object 'Object Repository/Step2/Page_AdRoot  Create Campaign Steps/div_GS PubSense' is present

2022-02-16 10:37:08 - [TEST_STEP][PASSED] - verifyElementPresent(findTestObject("Step2/Page_AdRoot  Create Campaign Steps/div_Artashes Mxchyan"), 0): Object 'Object Repository/Step2/Page_AdRoot  Create Campaign Steps/div_Artashes Mxchyan' is present

2022-02-16 10:37:08 - [MESSAGE][WARNING] - Timeout '0' is invalid. Using default page load timeout: '30'

2022-02-16 10:37:09 - [MESSAGE][PASSED] - Object 'Object Repository/Step2/Page_AdRoot  Create Campaign Steps/div_Artashes Mxchyan' is present

2022-02-16 10:37:09 - [TEST_STEP][PASSED] - click(findTestObject("Step2/Page_AdRoot  Create Campaign Steps/button_Next Step")): Object: 'Object Repository/Step2/Page_AdRoot  Create Campaign Steps/button_Next Step' is clicked on

2022-02-16 10:37:09 - [MESSAGE][PASSED] - Object: 'Object Repository/Step2/Page_AdRoot  Create Campaign Steps/button_Next Step' is clicked on

2022-02-16 10:37:09 - [TEST_STEP][PASSED] - click(findTestObject("Object Repository/Step2/Page_AdRoot  Create Campaign Steps/Page_AdRoot  Create Campaign Steps/input_Primary Text_invalid custom-input")): Object: 'Object Repository/Step2/Page_AdRoot  Create Campaign Steps/Page_AdRoot  Create Campaign Steps/input_Primary Text_invalid custom-input' is clicked on

2022-02-16 10:37:10 - [MESSAGE][PASSED] - Object: 'Object Repository/Step2/Page_AdRoot  Create Campaign Steps/Page_AdRoot  Create Campaign Steps/input_Primary Text_invalid custom-input' is clicked on

2022-02-16 10:37:10 - [TEST_STEP][PASSED] - setText(findTestObject("Object Repository/Step2/Page_AdRoot  Create Campaign Steps/Page_AdRoot  Create Campaign Steps/input_Primary Text_invalid custom-input"), "Social media"): Text 'Social media' is set on object 'Object Repository/Step2/Page_AdRoot  Create Campaign Steps/Page_AdRoot  Create Campaign Steps/input_Primary Text_invalid custom-input'

2022-02-16 10:37:11 - [MESSAGE][PASSED] - Text 'Social media' is set on object 'Object Repository/Step2/Page_AdRoot  Create Campaign Steps/Page_AdRoot  Create Campaign Steps/input_Primary Text_invalid custom-input'

2022-02-16 10:37:11 - [TEST_STEP][PASSED] - setText(findTestObject("Step2/Page_AdRoot  Create Campaign Steps/Page_AdRoot  Create Campaign Steps/input_Headline_custom-input"), "Social media ads management "): Text 'Social media ads management ' is set on object 'Object Repository/Step2/Page_AdRoot  Create Campaign Steps/Page_AdRoot  Create Campaign Steps/input_Headline_custom-input'

2022-02-16 10:37:12 - [MESSAGE][PASSED] - Text 'Social media ads management ' is set on object 'Object Repository/Step2/Page_AdRoot  Create Campaign Steps/Page_AdRoot  Create Campaign Steps/input_Headline_custom-input'

2022-02-16 10:37:12 - [TEST_STEP][PASSED] - setText(findTestObject("Step2/Page_AdRoot  Create Campaign Steps/Page_AdRoot  Create Campaign Steps/input_Ad Description_custom-input"), "Our Mission is to create one place for all advertising needs"): Text 'Our Mission is to create one place for all advertising needs' is set on object 'Object Repository/Step2/Page_AdRoot  Create Campaign Steps/Page_AdRoot  Create Campaign Steps/input_Ad Description_custom-input'

2022-02-16 10:37:14 - [MESSAGE][PASSED] - Text 'Our Mission is to create one place for all advertising needs' is set on object 'Object Repository/Step2/Page_AdRoot  Create Campaign Steps/Page_AdRoot  Create Campaign Steps/input_Ad Description_custom-input'

2022-02-16 10:37:14 - [TEST_STEP][PASSED] - setText(findTestObject("Step2/Page_AdRoot  Create Campaign Steps/input_Website URL_custom-input"), "gsmediagroup.net"): Text 'gsmediagroup.net' is set on object 'Object Repository/Step2/Page_AdRoot  Create Campaign Steps/input_Website URL_custom-input'

2022-02-16 10:37:14 - [MESSAGE][PASSED] - Text 'gsmediagroup.net' is set on object 'Object Repository/Step2/Page_AdRoot  Create Campaign Steps/input_Website URL_custom-input'

2022-02-16 10:37:14 - [TEST_STEP][PASSED] - click(findTestObject("Step2/Page_AdRoot  Create Campaign Steps/div_Choose AD")): Object: 'Object Repository/Step2/Page_AdRoot  Create Campaign Steps/div_Choose AD' is clicked on

2022-02-16 10:37:15 - [MESSAGE][PASSED] - Object: 'Object Repository/Step2/Page_AdRoot  Create Campaign Steps/div_Choose AD' is clicked on

2022-02-16 10:37:15 - [TEST_STEP][PASSED] - click(findTestObject("Step2/Page_AdRoot  Create Campaign Steps/div_cropped-512adroot.jpg_image-cont image")): Object: 'Object Repository/Step2/Page_AdRoot  Create Campaign Steps/div_cropped-512adroot.jpg_image-cont image' is clicked on

2022-02-16 10:37:16 - [MESSAGE][PASSED] - Object: 'Object Repository/Step2/Page_AdRoot  Create Campaign Steps/div_cropped-512adroot.jpg_image-cont image' is clicked on

2022-02-16 10:37:16 - [TEST_STEP][PASSED] - click(findTestObject("Step3/Page_AdRoot  Create Campaign Steps/button_Select")): Object: 'Object Repository/Step3/Page_AdRoot  Create Campaign Steps/button_Select' is clicked on

2022-02-16 10:37:16 - [MESSAGE][PASSED] - Object: 'Object Repository/Step3/Page_AdRoot  Create Campaign Steps/button_Select' is clicked on

2022-02-16 10:37:16 - [TEST_STEP][PASSED] - mouseOver(findTestObject("Google display/Page_AdRoot  Create Campaign Steps/div_1052Business nameHeadlineChoose ADHeadlineAd DescriptionOpen"), STOP_ON_FAILURE): Object: 'Object Repository/Google display/Page_AdRoot  Create Campaign Steps/div_1052Business nameHeadlineChoose ADHeadlineAd DescriptionOpen' is hovered

2022-02-16 10:37:17 - [MESSAGE][PASSED] - Object: 'Object Repository/Google display/Page_AdRoot  Create Campaign Steps/div_1052Business nameHeadlineChoose ADHeadlineAd DescriptionOpen' is hovered

2022-02-16 10:37:17 - [TEST_STEP][PASSED] - click(findTestObject("Step3/Page_AdRoot  Create Campaign Steps/Page_AdRoot  Create Campaign Steps/div_Open_actions-mode")): Object: 'Object Repository/Step3/Page_AdRoot  Create Campaign Steps/Page_AdRoot  Create Campaign Steps/div_Open_actions-mode' is clicked on

2022-02-16 10:37:17 - [MESSAGE][PASSED] - Object: 'Object Repository/Step3/Page_AdRoot  Create Campaign Steps/Page_AdRoot  Create Campaign Steps/div_Open_actions-mode' is clicked on

2022-02-16 10:37:17 - [TEST_STEP][PASSED] - click(findTestObject("Step3/Page_AdRoot  Create Campaign Steps/div_Open_edit")): Object: 'Object Repository/Step3/Page_AdRoot  Create Campaign Steps/div_Open_edit' is clicked on

2022-02-16 10:37:18 - [MESSAGE][PASSED] - Object: 'Object Repository/Step3/Page_AdRoot  Create Campaign Steps/div_Open_edit' is clicked on

2022-02-16 10:37:18 - [TEST_STEP][PASSED] - setText(findTestObject("Step3/Page_AdRoot  Create Campaign Steps/input_Business Name_custom-input"), "GS media"): Text 'GS media' is set on object 'Object Repository/Step3/Page_AdRoot  Create Campaign Steps/input_Business Name_custom-input'

2022-02-16 10:37:19 - [MESSAGE][PASSED] - Text 'GS media' is set on object 'Object Repository/Step3/Page_AdRoot  Create Campaign Steps/input_Business Name_custom-input'

2022-02-16 10:37:19 - [TEST_STEP][PASSED] - setText(findTestObject("Step3/Page_AdRoot  Create Campaign Steps/input_Long headline_custom-input"), "Ad management system"): Text 'Ad management system' is set on object 'Object Repository/Step3/Page_AdRoot  Create Campaign Steps/input_Long headline_custom-input'

2022-02-16 10:37:20 - [MESSAGE][PASSED] - Text 'Ad management system' is set on object 'Object Repository/Step3/Page_AdRoot  Create Campaign Steps/input_Long headline_custom-input'

2022-02-16 10:37:20 - [TEST_STEP][PASSED] - click(findTestObject("Step3/Page_AdRoot  Create Campaign Steps/button_Save")): Object: 'Object Repository/Step3/Page_AdRoot  Create Campaign Steps/button_Save' is clicked on

2022-02-16 10:37:21 - [MESSAGE][PASSED] - Object: 'Object Repository/Step3/Page_AdRoot  Create Campaign Steps/button_Save' is clicked on

2022-02-16 10:37:21 - [TEST_STEP][PASSED] - click(findTestObject("Object Repository/Step 4,5/Page_AdRoot  Create Campaign Steps/button_Next Step (1)")): Object: 'Object Repository/Step 4,5/Page_AdRoot  Create Campaign Steps/button_Next Step (1)' is clicked on

2022-02-16 10:37:21 - [MESSAGE][PASSED] - Object: 'Object Repository/Step 4,5/Page_AdRoot  Create Campaign Steps/button_Next Step (1)' is clicked on

2022-02-16 10:37:21 - [TEST_STEP][PASSED] - click(findTestObject("Object Repository/Step 4,5/Page_AdRoot  Create Campaign Steps/button_Next Step (1)")): Object: 'Object Repository/Step 4,5/Page_AdRoot  Create Campaign Steps/button_Next Step (1)' is clicked on

2022-02-16 10:37:23 - [MESSAGE][PASSED] - Object: 'Object Repository/Step 4,5/Page_AdRoot  Create Campaign Steps/button_Next Step (1)' is clicked on

2022-02-16 10:37:23 - [TEST_STEP][PASSED] - setText(findTestObject("Object Repository/Step 4,5/Page_AdRoot  Create Campaign Steps/input_Daily_custom-input"), "$ 1"): Text '$ 1' is set on object 'Object Repository/Step 4,5/Page_AdRoot  Create Campaign Steps/input_Daily_custom-input'

2022-02-16 10:37:24 - [MESSAGE][PASSED] - Text '$ 1' is set on object 'Object Repository/Step 4,5/Page_AdRoot  Create Campaign Steps/input_Daily_custom-input'

2022-02-16 10:37:24 - [TEST_STEP][PASSED] - click(findTestObject("Object Repository/Step 4,5/Page_AdRoot  Create Campaign Steps/button_Finish")): Object: 'Object Repository/Step 4,5/Page_AdRoot  Create Campaign Steps/button_Finish' is clicked on

2022-02-16 10:37:25 - [MESSAGE][PASSED] - Object: 'Object Repository/Step 4,5/Page_AdRoot  Create Campaign Steps/button_Finish' is clicked on

2022-02-16 10:37:25 - [TEST_STEP][PASSED] - verifyElementPresent(findTestObject("Object Repository/Step 4,5/Page_AdRoot  Campaigns/div_PENDING"), 0): Object 'Object Repository/Step 4,5/Page_AdRoot  Campaigns/div_PENDING' is present

2022-02-16 10:37:25 - [MESSAGE][WARNING] - Timeout '0' is invalid. Using default page load timeout: '30'

2022-02-16 10:37:26 - [MESSAGE][PASSED] - Object 'Object Repository/Step 4,5/Page_AdRoot  Campaigns/div_PENDING' is present

2022-02-16 10:37:26 - [TEST_STEP][PASSED] - closeBrowser(): Browser is closed

2022-02-16 10:37:27 - [MESSAGE][PASSED] - Browser is closed]]></system-out>
         <system-err><![CDATA[]]></system-err>
      </testcase>
      <testcase name="Test Cases/Everyday create campaign/dev-Create campaign/Dev-Traffic campaign" time="41.079" classname="Test Cases/Everyday create campaign/dev-Create campaign/Dev-Traffic campaign" status="PASSED">
         <system-out><![CDATA[2022-02-16 10:37:27 - [TEST_CASE][PASSED] - Test Cases/Everyday create campaign/dev-Create campaign/Dev-Traffic campaign: Test Cases/Everyday create campaign/dev-Create campaign/Dev-Traffic campaign

2022-02-16 10:37:27 - [TEST_STEP][PASSED] - openBrowser(""): Browser is opened with url: ''

2022-02-16 10:37:27 - [MESSAGE][INFO] - Starting 'Chrome' driver

2022-02-16 10:37:27 - [MESSAGE][INFO] - Action delay is set to 0 milliseconds

2022-02-16 10:37:28 - [MESSAGE][PASSED] - Browser is opened with url: ''

2022-02-16 10:37:28 - [TEST_STEP][PASSED] - setViewPortSize(1550, 900): Viewport is set to new size with width = 1550 and height = 900

2022-02-16 10:37:28 - [MESSAGE][PASSED] - Viewport is set to new size with width = 1550 and height = 900

2022-02-16 10:37:28 - [TEST_STEP][PASSED] - navigateToUrl("https://dev.adroot.io/auth/signin"): Navigate to 'https://dev.adroot.io/auth/signin' successfully

2022-02-16 10:37:30 - [MESSAGE][PASSED] - Navigate to 'https://dev.adroot.io/auth/signin' successfully

2022-02-16 10:37:30 - [TEST_STEP][PASSED] - setText(findTestObject("Object Repository/Regular Create campaign/Page_AdRoot  Login/input_E-mail_email"), "makronmanuel01@gmail.com"): Text 'makronmanuel01@gmail.com' is set on object 'Object Repository/Regular Create campaign/Page_AdRoot  Login/input_E-mail_email'

2022-02-16 10:37:31 - [MESSAGE][PASSED] - Text 'makronmanuel01@gmail.com' is set on object 'Object Repository/Regular Create campaign/Page_AdRoot  Login/input_E-mail_email'

2022-02-16 10:37:31 - [TEST_STEP][PASSED] - setEncryptedText(findTestObject("Object Repository/Regular Create campaign/Page_AdRoot  Login/input_Password_password"), "9juLMCYi8sYpY2Mrwe5diw=="): Text ****** has been set on object 'Object Repository/Regular Create campaign/Page_AdRoot  Login/input_Password_password'

2022-02-16 10:37:31 - [MESSAGE][PASSED] - Text ****** has been set on object 'Object Repository/Regular Create campaign/Page_AdRoot  Login/input_Password_password'

2022-02-16 10:37:31 - [TEST_STEP][PASSED] - click(findTestObject("Object Repository/Regular Create campaign/Page_AdRoot  Login/button_Sign in")): Object: 'Object Repository/Regular Create campaign/Page_AdRoot  Login/button_Sign in' is clicked on

2022-02-16 10:37:32 - [MESSAGE][PASSED] - Object: 'Object Repository/Regular Create campaign/Page_AdRoot  Login/button_Sign in' is clicked on

2022-02-16 10:37:32 - [TEST_STEP][PASSED] - click(findTestObject("Object Repository/Regular Create campaign/Page_AdRoot  Campaigns/div_MakronOwner")): Object: 'Object Repository/Regular Create campaign/Page_AdRoot  Campaigns/div_MakronOwner' is clicked on

2022-02-16 10:37:34 - [MESSAGE][PASSED] - Object: 'Object Repository/Regular Create campaign/Page_AdRoot  Campaigns/div_MakronOwner' is clicked on

2022-02-16 10:37:34 - [TEST_STEP][PASSED] - click(findTestObject("Object Repository/Regular Create campaign/Page_AdRoot  Campaigns/div_By Ruzan (dev)")): Object: 'Object Repository/Regular Create campaign/Page_AdRoot  Campaigns/div_By Ruzan (dev)' is clicked on

2022-02-16 10:37:34 - [MESSAGE][PASSED] - Object: 'Object Repository/Regular Create campaign/Page_AdRoot  Campaigns/div_By Ruzan (dev)' is clicked on

2022-02-16 10:37:34 - [TEST_STEP][PASSED] - click(findTestObject("Object Repository/Regular Create campaign/Page_AdRoot  Dashboard/a_Campaigns")): Object: 'Object Repository/Regular Create campaign/Page_AdRoot  Dashboard/a_Campaigns' is clicked on

2022-02-16 10:37:37 - [MESSAGE][PASSED] - Object: 'Object Repository/Regular Create campaign/Page_AdRoot  Dashboard/a_Campaigns' is clicked on

2022-02-16 10:37:37 - [TEST_STEP][PASSED] - click(findTestObject("Regular Create campaign/Page_AdRoot  Campaigns/div_Campaign View")): Object: 'Object Repository/Regular Create campaign/Page_AdRoot  Campaigns/div_Campaign View' is clicked on

2022-02-16 10:37:38 - [MESSAGE][PASSED] - Object: 'Object Repository/Regular Create campaign/Page_AdRoot  Campaigns/div_Campaign View' is clicked on

2022-02-16 10:37:38 - [TEST_STEP][PASSED] - click(findTestObject("Regular Create campaign/Page_AdRoot  Campaigns/div_New Campaign")): Object: 'Object Repository/Regular Create campaign/Page_AdRoot  Campaigns/div_New Campaign' is clicked on

2022-02-16 10:37:39 - [MESSAGE][PASSED] - Object: 'Object Repository/Regular Create campaign/Page_AdRoot  Campaigns/div_New Campaign' is clicked on

2022-02-16 10:37:39 - [TEST_STEP][PASSED] - setText(findTestObject("Page_AdRoot  Create Campaign Steps/input_Campaign name_custom-input"), "devadroot1"): Text 'devadroot1' is set on object 'Object Repository/Page_AdRoot  Create Campaign Steps/input_Campaign name_custom-input'

2022-02-16 10:37:40 - [MESSAGE][PASSED] - Text 'devadroot1' is set on object 'Object Repository/Page_AdRoot  Create Campaign Steps/input_Campaign name_custom-input'

2022-02-16 10:37:40 - [TEST_STEP][PASSED] - click(findTestObject("Regular Create campaign/Page_AdRoot  Campaigns/Page_AdRoot  Create Campaign Steps/span_Name is taken")): Object: 'Object Repository/Regular Create campaign/Page_AdRoot  Campaigns/Page_AdRoot  Create Campaign Steps/span_Name is taken' is clicked on

2022-02-16 10:37:41 - [MESSAGE][PASSED] - Object: 'Object Repository/Regular Create campaign/Page_AdRoot  Campaigns/Page_AdRoot  Create Campaign Steps/span_Name is taken' is clicked on

2022-02-16 10:37:41 - [TEST_STEP][PASSED] - Ms = verifyTextPresent("Name is taken", false): Text 'Name is taken' is present on page 

2022-02-16 10:37:41 - [MESSAGE][PASSED] - Text 'Name is taken' is present on page 

2022-02-16 10:37:41 - [TEST_STEP][PASSED] - if (Ms.equals("true")): Object: 'Object Repository/Regular Create campaign/Page_AdRoot  Campaigns/Page_AdRoot  Create Campaign Steps/button_Next Step' is clicked on

2022-02-16 10:37:41 - [TEST_STEP][PASSED] - RN = <not implemented yet for class: org.codehaus.groovy.ast.expr.EmptyExpression>: null

2022-02-16 10:37:41 - [TEST_STEP][PASSED] - RN = Math.random() * 5000: null

2022-02-16 10:37:41 - [TEST_STEP][PASSED] - setText(findTestObject("Regular Create campaign/Page_AdRoot Ad Manager - One Place To Manag_7de57e/Page_AdRoot  Create Campaign Steps/input_Campaign name_custom-input"), "devadroot" + RN): Text 'devadroot697' is set on object 'Object Repository/Regular Create campaign/Page_AdRoot Ad Manager - One Place To Manag_7de57e/Page_AdRoot  Create Campaign Steps/input_Campaign name_custom-input'

2022-02-16 10:37:42 - [MESSAGE][PASSED] - Text 'devadroot697' is set on object 'Object Repository/Regular Create campaign/Page_AdRoot Ad Manager - One Place To Manag_7de57e/Page_AdRoot  Create Campaign Steps/input_Campaign name_custom-input'

2022-02-16 10:37:42 - [TEST_STEP][PASSED] - click(findTestObject("Object Repository/Regular Create campaign/Page_AdRoot  Campaigns/Page_AdRoot  Create Campaign Steps/button_Next Step")): Object: 'Object Repository/Regular Create campaign/Page_AdRoot  Campaigns/Page_AdRoot  Create Campaign Steps/button_Next Step' is clicked on

2022-02-16 10:37:43 - [MESSAGE][PASSED] - Object: 'Object Repository/Regular Create campaign/Page_AdRoot  Campaigns/Page_AdRoot  Create Campaign Steps/button_Next Step' is clicked on

2022-02-16 10:37:43 - [TEST_STEP][PASSED] - verifyElementPresent(findTestObject("Step2/Page_AdRoot  Create Campaign Steps/div_GS PubSense"), 0): Object 'Object Repository/Step2/Page_AdRoot  Create Campaign Steps/div_GS PubSense' is present

2022-02-16 10:37:43 - [MESSAGE][WARNING] - Timeout '0' is invalid. Using default page load timeout: '30'

2022-02-16 10:37:44 - [MESSAGE][PASSED] - Object 'Object Repository/Step2/Page_AdRoot  Create Campaign Steps/div_GS PubSense' is present

2022-02-16 10:37:44 - [TEST_STEP][PASSED] - verifyElementPresent(findTestObject("Step2/Page_AdRoot  Create Campaign Steps/div_Artashes Mxchyan"), 0): Object 'Object Repository/Step2/Page_AdRoot  Create Campaign Steps/div_Artashes Mxchyan' is present

2022-02-16 10:37:44 - [MESSAGE][WARNING] - Timeout '0' is invalid. Using default page load timeout: '30'

2022-02-16 10:37:44 - [MESSAGE][PASSED] - Object 'Object Repository/Step2/Page_AdRoot  Create Campaign Steps/div_Artashes Mxchyan' is present

2022-02-16 10:37:44 - [TEST_STEP][PASSED] - click(findTestObject("Step2/Page_AdRoot  Create Campaign Steps/button_Next Step")): Object: 'Object Repository/Step2/Page_AdRoot  Create Campaign Steps/button_Next Step' is clicked on

2022-02-16 10:37:44 - [MESSAGE][PASSED] - Object: 'Object Repository/Step2/Page_AdRoot  Create Campaign Steps/button_Next Step' is clicked on

2022-02-16 10:37:44 - [TEST_STEP][PASSED] - click(findTestObject("Object Repository/Step2/Page_AdRoot  Create Campaign Steps/Page_AdRoot  Create Campaign Steps/input_Primary Text_invalid custom-input")): Object: 'Object Repository/Step2/Page_AdRoot  Create Campaign Steps/Page_AdRoot  Create Campaign Steps/input_Primary Text_invalid custom-input' is clicked on

2022-02-16 10:37:45 - [MESSAGE][PASSED] - Object: 'Object Repository/Step2/Page_AdRoot  Create Campaign Steps/Page_AdRoot  Create Campaign Steps/input_Primary Text_invalid custom-input' is clicked on

2022-02-16 10:37:45 - [TEST_STEP][PASSED] - setText(findTestObject("Object Repository/Step2/Page_AdRoot  Create Campaign Steps/Page_AdRoot  Create Campaign Steps/input_Primary Text_invalid custom-input"), "Social media"): Text 'Social media' is set on object 'Object Repository/Step2/Page_AdRoot  Create Campaign Steps/Page_AdRoot  Create Campaign Steps/input_Primary Text_invalid custom-input'

2022-02-16 10:37:47 - [MESSAGE][PASSED] - Text 'Social media' is set on object 'Object Repository/Step2/Page_AdRoot  Create Campaign Steps/Page_AdRoot  Create Campaign Steps/input_Primary Text_invalid custom-input'

2022-02-16 10:37:47 - [TEST_STEP][PASSED] - setText(findTestObject("Step2/Page_AdRoot  Create Campaign Steps/Page_AdRoot  Create Campaign Steps/input_Headline_custom-input"), "Social media ads management "): Text 'Social media ads management ' is set on object 'Object Repository/Step2/Page_AdRoot  Create Campaign Steps/Page_AdRoot  Create Campaign Steps/input_Headline_custom-input'

2022-02-16 10:37:48 - [MESSAGE][PASSED] - Text 'Social media ads management ' is set on object 'Object Repository/Step2/Page_AdRoot  Create Campaign Steps/Page_AdRoot  Create Campaign Steps/input_Headline_custom-input'

2022-02-16 10:37:48 - [TEST_STEP][PASSED] - setText(findTestObject("Step2/Page_AdRoot  Create Campaign Steps/Page_AdRoot  Create Campaign Steps/input_Ad Description_custom-input"), "Our Mission is to create one place for all advertising needs"): Text 'Our Mission is to create one place for all advertising needs' is set on object 'Object Repository/Step2/Page_AdRoot  Create Campaign Steps/Page_AdRoot  Create Campaign Steps/input_Ad Description_custom-input'

2022-02-16 10:37:49 - [MESSAGE][PASSED] - Text 'Our Mission is to create one place for all advertising needs' is set on object 'Object Repository/Step2/Page_AdRoot  Create Campaign Steps/Page_AdRoot  Create Campaign Steps/input_Ad Description_custom-input'

2022-02-16 10:37:49 - [TEST_STEP][PASSED] - setText(findTestObject("Step2/Page_AdRoot  Create Campaign Steps/input_Website URL_custom-input"), "gsmediagroup.net"): Text 'gsmediagroup.net' is set on object 'Object Repository/Step2/Page_AdRoot  Create Campaign Steps/input_Website URL_custom-input'

2022-02-16 10:37:50 - [MESSAGE][PASSED] - Text 'gsmediagroup.net' is set on object 'Object Repository/Step2/Page_AdRoot  Create Campaign Steps/input_Website URL_custom-input'

2022-02-16 10:37:50 - [TEST_STEP][PASSED] - click(findTestObject("Step2/Page_AdRoot  Create Campaign Steps/div_Choose AD")): Object: 'Object Repository/Step2/Page_AdRoot  Create Campaign Steps/div_Choose AD' is clicked on

2022-02-16 10:37:50 - [MESSAGE][PASSED] - Object: 'Object Repository/Step2/Page_AdRoot  Create Campaign Steps/div_Choose AD' is clicked on

2022-02-16 10:37:50 - [TEST_STEP][PASSED] - click(findTestObject("Step2/Page_AdRoot  Create Campaign Steps/div_cropped-512adroot.jpg_image-cont image")): Object: 'Object Repository/Step2/Page_AdRoot  Create Campaign Steps/div_cropped-512adroot.jpg_image-cont image' is clicked on

2022-02-16 10:37:51 - [MESSAGE][PASSED] - Object: 'Object Repository/Step2/Page_AdRoot  Create Campaign Steps/div_cropped-512adroot.jpg_image-cont image' is clicked on

2022-02-16 10:37:51 - [TEST_STEP][PASSED] - click(findTestObject("Step3/Page_AdRoot  Create Campaign Steps/button_Select")): Object: 'Object Repository/Step3/Page_AdRoot  Create Campaign Steps/button_Select' is clicked on

2022-02-16 10:37:52 - [MESSAGE][PASSED] - Object: 'Object Repository/Step3/Page_AdRoot  Create Campaign Steps/button_Select' is clicked on

2022-02-16 10:37:52 - [TEST_STEP][PASSED] - mouseOver(findTestObject("Google display/Page_AdRoot  Create Campaign Steps/div_1052Business nameHeadlineChoose ADHeadlineAd DescriptionOpen"), STOP_ON_FAILURE): Object: 'Object Repository/Google display/Page_AdRoot  Create Campaign Steps/div_1052Business nameHeadlineChoose ADHeadlineAd DescriptionOpen' is hovered

2022-02-16 10:37:52 - [MESSAGE][PASSED] - Object: 'Object Repository/Google display/Page_AdRoot  Create Campaign Steps/div_1052Business nameHeadlineChoose ADHeadlineAd DescriptionOpen' is hovered

2022-02-16 10:37:52 - [TEST_STEP][PASSED] - click(findTestObject("Object Repository/Step3/Page_AdRoot  Create Campaign Steps/Page_AdRoot  Create Campaign Steps/div_Open_actions-mode")): Object: 'Object Repository/Step3/Page_AdRoot  Create Campaign Steps/Page_AdRoot  Create Campaign Steps/div_Open_actions-mode' is clicked on

2022-02-16 10:37:53 - [MESSAGE][PASSED] - Object: 'Object Repository/Step3/Page_AdRoot  Create Campaign Steps/Page_AdRoot  Create Campaign Steps/div_Open_actions-mode' is clicked on

2022-02-16 10:37:53 - [TEST_STEP][PASSED] - click(findTestObject("Step3/Page_AdRoot  Create Campaign Steps/div_Open_edit")): Object: 'Object Repository/Step3/Page_AdRoot  Create Campaign Steps/div_Open_edit' is clicked on

2022-02-16 10:37:53 - [MESSAGE][PASSED] - Object: 'Object Repository/Step3/Page_AdRoot  Create Campaign Steps/div_Open_edit' is clicked on

2022-02-16 10:37:53 - [TEST_STEP][PASSED] - setText(findTestObject("Step3/Page_AdRoot  Create Campaign Steps/input_Business Name_custom-input"), "GS media"): Text 'GS media' is set on object 'Object Repository/Step3/Page_AdRoot  Create Campaign Steps/input_Business Name_custom-input'

2022-02-16 10:37:54 - [MESSAGE][PASSED] - Text 'GS media' is set on object 'Object Repository/Step3/Page_AdRoot  Create Campaign Steps/input_Business Name_custom-input'

2022-02-16 10:37:54 - [TEST_STEP][PASSED] - setText(findTestObject("Step3/Page_AdRoot  Create Campaign Steps/input_Long headline_custom-input"), "Ad management system"): Text 'Ad management system' is set on object 'Object Repository/Step3/Page_AdRoot  Create Campaign Steps/input_Long headline_custom-input'

2022-02-16 10:37:55 - [MESSAGE][PASSED] - Text 'Ad management system' is set on object 'Object Repository/Step3/Page_AdRoot  Create Campaign Steps/input_Long headline_custom-input'

2022-02-16 10:37:55 - [TEST_STEP][PASSED] - click(findTestObject("Step3/Page_AdRoot  Create Campaign Steps/button_Save")): Object: 'Object Repository/Step3/Page_AdRoot  Create Campaign Steps/button_Save' is clicked on

2022-02-16 10:37:56 - [MESSAGE][PASSED] - Object: 'Object Repository/Step3/Page_AdRoot  Create Campaign Steps/button_Save' is clicked on

2022-02-16 10:37:56 - [TEST_STEP][PASSED] - mouseOver(findTestObject("Object Repository/Step3/Step 3 Google search/Page_AdRoot  Create Campaign Steps/div_Ad_actions-mode")): Object: 'Object Repository/Step3/Step 3 Google search/Page_AdRoot  Create Campaign Steps/div_Ad_actions-mode' is hovered

2022-02-16 10:37:57 - [MESSAGE][PASSED] - Object: 'Object Repository/Step3/Step 3 Google search/Page_AdRoot  Create Campaign Steps/div_Ad_actions-mode' is hovered

2022-02-16 10:37:57 - [TEST_STEP][PASSED] - mouseOver(findTestObject("Object Repository/Step3/Step 3 Google search/Page_AdRoot  Create Campaign Steps/div_1052horAdhoem.comhoreAdAdAd")): Object: 'Object Repository/Step3/Step 3 Google search/Page_AdRoot  Create Campaign Steps/div_1052horAdhoem.comhoreAdAdAd' is hovered

2022-02-16 10:37:57 - [MESSAGE][PASSED] - Object: 'Object Repository/Step3/Step 3 Google search/Page_AdRoot  Create Campaign Steps/div_1052horAdhoem.comhoreAdAdAd' is hovered

2022-02-16 10:37:57 - [TEST_STEP][PASSED] - click(findTestObject("Object Repository/Step3/Step 3 Google search/Page_AdRoot  Create Campaign Steps/div_Ad_actions-mode")): Object: 'Object Repository/Step3/Step 3 Google search/Page_AdRoot  Create Campaign Steps/div_Ad_actions-mode' is clicked on

2022-02-16 10:37:57 - [MESSAGE][PASSED] - Object: 'Object Repository/Step3/Step 3 Google search/Page_AdRoot  Create Campaign Steps/div_Ad_actions-mode' is clicked on

2022-02-16 10:37:57 - [TEST_STEP][PASSED] - click(findTestObject("Object Repository/Step3/Step 3 Google search/Page_AdRoot  Create Campaign Steps/div_Ad_edit")): Object: 'Object Repository/Step3/Step 3 Google search/Page_AdRoot  Create Campaign Steps/div_Ad_edit' is clicked on

2022-02-16 10:37:58 - [MESSAGE][PASSED] - Object: 'Object Repository/Step3/Step 3 Google search/Page_AdRoot  Create Campaign Steps/div_Ad_edit' is clicked on

2022-02-16 10:37:58 - [TEST_STEP][PASSED] - setText(findTestObject("Object Repository/Step3/Step 3 Google search/Page_AdRoot  Create Campaign Steps/input_Prohibited_custom-input"), "Create ads"): Text 'Create ads' is set on object 'Object Repository/Step3/Step 3 Google search/Page_AdRoot  Create Campaign Steps/input_Prohibited_custom-input'

2022-02-16 10:37:59 - [MESSAGE][PASSED] - Text 'Create ads' is set on object 'Object Repository/Step3/Step 3 Google search/Page_AdRoot  Create Campaign Steps/input_Prohibited_custom-input'

2022-02-16 10:37:59 - [TEST_STEP][PASSED] - setText(findTestObject("Object Repository/Step3/Step 3 Google search/Page_AdRoot  Create Campaign Steps/input_Prohibited_custom-input_1"), "Create campaigns"): Text 'Create campaigns' is set on object 'Object Repository/Step3/Step 3 Google search/Page_AdRoot  Create Campaign Steps/input_Prohibited_custom-input_1'

2022-02-16 10:38:00 - [MESSAGE][PASSED] - Text 'Create campaigns' is set on object 'Object Repository/Step3/Step 3 Google search/Page_AdRoot  Create Campaign Steps/input_Prohibited_custom-input_1'

2022-02-16 10:38:00 - [TEST_STEP][PASSED] - setText(findTestObject("Object Repository/Step3/Step 3 Google search/Page_AdRoot  Create Campaign Steps/input_Prohibited_custom-input_1_2"), "Ad management system"): Text 'Ad management system' is set on object 'Object Repository/Step3/Step 3 Google search/Page_AdRoot  Create Campaign Steps/input_Prohibited_custom-input_1_2'

2022-02-16 10:38:01 - [MESSAGE][PASSED] - Text 'Ad management system' is set on object 'Object Repository/Step3/Step 3 Google search/Page_AdRoot  Create Campaign Steps/input_Prohibited_custom-input_1_2'

2022-02-16 10:38:01 - [TEST_STEP][PASSED] - click(findTestObject("Object Repository/Step3/Step 3 Google search/Page_AdRoot  Create Campaign Steps/button_Save")): Object: 'Object Repository/Step3/Step 3 Google search/Page_AdRoot  Create Campaign Steps/button_Save' is clicked on

2022-02-16 10:38:02 - [MESSAGE][PASSED] - Object: 'Object Repository/Step3/Step 3 Google search/Page_AdRoot  Create Campaign Steps/button_Save' is clicked on

2022-02-16 10:38:02 - [TEST_STEP][PASSED] - click(findTestObject("Object Repository/Step 4,5/Page_AdRoot  Create Campaign Steps/button_Next Step (1)")): Object: 'Object Repository/Step 4,5/Page_AdRoot  Create Campaign Steps/button_Next Step (1)' is clicked on

2022-02-16 10:38:02 - [MESSAGE][PASSED] - Object: 'Object Repository/Step 4,5/Page_AdRoot  Create Campaign Steps/button_Next Step (1)' is clicked on

2022-02-16 10:38:02 - [TEST_STEP][PASSED] - click(findTestObject("Object Repository/Step 4,5/Page_AdRoot  Create Campaign Steps/button_Next Step (1)")): Object: 'Object Repository/Step 4,5/Page_AdRoot  Create Campaign Steps/button_Next Step (1)' is clicked on

2022-02-16 10:38:04 - [MESSAGE][PASSED] - Object: 'Object Repository/Step 4,5/Page_AdRoot  Create Campaign Steps/button_Next Step (1)' is clicked on

2022-02-16 10:38:04 - [TEST_STEP][PASSED] - setText(findTestObject("Object Repository/Step 4,5/Page_AdRoot  Create Campaign Steps/input_Daily_custom-input"), "$ 1"): Text '$ 1' is set on object 'Object Repository/Step 4,5/Page_AdRoot  Create Campaign Steps/input_Daily_custom-input'

2022-02-16 10:38:05 - [MESSAGE][PASSED] - Text '$ 1' is set on object 'Object Repository/Step 4,5/Page_AdRoot  Create Campaign Steps/input_Daily_custom-input'

2022-02-16 10:38:05 - [TEST_STEP][PASSED] - click(findTestObject("Object Repository/Step 4,5/Page_AdRoot  Create Campaign Steps/button_Finish")): Object: 'Object Repository/Step 4,5/Page_AdRoot  Create Campaign Steps/button_Finish' is clicked on

2022-02-16 10:38:06 - [MESSAGE][PASSED] - Object: 'Object Repository/Step 4,5/Page_AdRoot  Create Campaign Steps/button_Finish' is clicked on

2022-02-16 10:38:06 - [TEST_STEP][PASSED] - verifyElementPresent(findTestObject("Object Repository/Step 4,5/Page_AdRoot  Campaigns/div_PENDING"), 0): Object 'Object Repository/Step 4,5/Page_AdRoot  Campaigns/div_PENDING' is present

2022-02-16 10:38:06 - [MESSAGE][WARNING] - Timeout '0' is invalid. Using default page load timeout: '30'

2022-02-16 10:38:07 - [MESSAGE][PASSED] - Object 'Object Repository/Step 4,5/Page_AdRoot  Campaigns/div_PENDING' is present

2022-02-16 10:38:07 - [TEST_STEP][PASSED] - closeBrowser(STOP_ON_FAILURE): Browser is closed

2022-02-16 10:38:08 - [MESSAGE][PASSED] - Browser is closed]]></system-out>
         <system-err><![CDATA[]]></system-err>
      </testcase>
      <testcase name="Test Cases/Everyday create campaign/dev-Create campaign/Dev-Video views campaign" time="44.924" classname="Test Cases/Everyday create campaign/dev-Create campaign/Dev-Video views campaign" status="PASSED">
         <system-out><![CDATA[2022-02-16 10:38:08 - [TEST_CASE][PASSED] - Test Cases/Everyday create campaign/dev-Create campaign/Dev-Video views campaign: Test Cases/Everyday create campaign/dev-Create campaign/Dev-Video views campaign

2022-02-16 10:38:08 - [TEST_STEP][PASSED] - openBrowser(""): Browser is opened with url: ''

2022-02-16 10:38:08 - [MESSAGE][INFO] - Starting 'Chrome' driver

2022-02-16 10:38:08 - [MESSAGE][INFO] - Action delay is set to 0 milliseconds

2022-02-16 10:38:09 - [MESSAGE][PASSED] - Browser is opened with url: ''

2022-02-16 10:38:09 - [TEST_STEP][PASSED] - setViewPortSize(1550, 900): Viewport is set to new size with width = 1550 and height = 900

2022-02-16 10:38:09 - [MESSAGE][PASSED] - Viewport is set to new size with width = 1550 and height = 900

2022-02-16 10:38:09 - [TEST_STEP][PASSED] - navigateToUrl("https://dev.adroot.io/auth/signin"): Navigate to 'https://dev.adroot.io/auth/signin' successfully

2022-02-16 10:38:11 - [MESSAGE][PASSED] - Navigate to 'https://dev.adroot.io/auth/signin' successfully

2022-02-16 10:38:11 - [TEST_STEP][PASSED] - setText(findTestObject("Object Repository/Regular Create campaign/Page_AdRoot  Login/input_E-mail_email"), "makronmanuel01@gmail.com"): Text 'makronmanuel01@gmail.com' is set on object 'Object Repository/Regular Create campaign/Page_AdRoot  Login/input_E-mail_email'

2022-02-16 10:38:12 - [MESSAGE][PASSED] - Text 'makronmanuel01@gmail.com' is set on object 'Object Repository/Regular Create campaign/Page_AdRoot  Login/input_E-mail_email'

2022-02-16 10:38:12 - [TEST_STEP][PASSED] - setEncryptedText(findTestObject("Object Repository/Regular Create campaign/Page_AdRoot  Login/input_Password_password"), "9juLMCYi8sYpY2Mrwe5diw=="): Text ****** has been set on object 'Object Repository/Regular Create campaign/Page_AdRoot  Login/input_Password_password'

2022-02-16 10:38:13 - [MESSAGE][PASSED] - Text ****** has been set on object 'Object Repository/Regular Create campaign/Page_AdRoot  Login/input_Password_password'

2022-02-16 10:38:13 - [TEST_STEP][PASSED] - click(findTestObject("Object Repository/Regular Create campaign/Page_AdRoot  Login/button_Sign in")): Object: 'Object Repository/Regular Create campaign/Page_AdRoot  Login/button_Sign in' is clicked on

2022-02-16 10:38:13 - [MESSAGE][PASSED] - Object: 'Object Repository/Regular Create campaign/Page_AdRoot  Login/button_Sign in' is clicked on

2022-02-16 10:38:13 - [TEST_STEP][PASSED] - click(findTestObject("Object Repository/Regular Create campaign/Page_AdRoot  Campaigns/div_MakronOwner")): Object: 'Object Repository/Regular Create campaign/Page_AdRoot  Campaigns/div_MakronOwner' is clicked on

2022-02-16 10:38:15 - [MESSAGE][PASSED] - Object: 'Object Repository/Regular Create campaign/Page_AdRoot  Campaigns/div_MakronOwner' is clicked on

2022-02-16 10:38:15 - [TEST_STEP][PASSED] - click(findTestObject("Object Repository/Regular Create campaign/Page_AdRoot  Campaigns/div_By Ruzan (dev)")): Object: 'Object Repository/Regular Create campaign/Page_AdRoot  Campaigns/div_By Ruzan (dev)' is clicked on

2022-02-16 10:38:16 - [MESSAGE][PASSED] - Object: 'Object Repository/Regular Create campaign/Page_AdRoot  Campaigns/div_By Ruzan (dev)' is clicked on

2022-02-16 10:38:16 - [TEST_STEP][PASSED] - click(findTestObject("Object Repository/Regular Create campaign/Page_AdRoot  Dashboard/a_Campaigns")): Object: 'Object Repository/Regular Create campaign/Page_AdRoot  Dashboard/a_Campaigns' is clicked on

2022-02-16 10:38:18 - [MESSAGE][PASSED] - Object: 'Object Repository/Regular Create campaign/Page_AdRoot  Dashboard/a_Campaigns' is clicked on

2022-02-16 10:38:18 - [TEST_STEP][PASSED] - click(findTestObject("Regular Create campaign/Page_AdRoot  Campaigns/div_Campaign View")): Object: 'Object Repository/Regular Create campaign/Page_AdRoot  Campaigns/div_Campaign View' is clicked on

2022-02-16 10:38:20 - [MESSAGE][PASSED] - Object: 'Object Repository/Regular Create campaign/Page_AdRoot  Campaigns/div_Campaign View' is clicked on

2022-02-16 10:38:20 - [TEST_STEP][PASSED] - click(findTestObject("Regular Create campaign/Page_AdRoot  Campaigns/div_New Campaign")): Object: 'Object Repository/Regular Create campaign/Page_AdRoot  Campaigns/div_New Campaign' is clicked on

2022-02-16 10:38:21 - [MESSAGE][PASSED] - Object: 'Object Repository/Regular Create campaign/Page_AdRoot  Campaigns/div_New Campaign' is clicked on

2022-02-16 10:38:21 - [TEST_STEP][PASSED] - setText(findTestObject("Page_AdRoot  Create Campaign Steps/input_Campaign name_custom-input"), "devadroot1"): Text 'devadroot1' is set on object 'Object Repository/Page_AdRoot  Create Campaign Steps/input_Campaign name_custom-input'

2022-02-16 10:38:23 - [MESSAGE][PASSED] - Text 'devadroot1' is set on object 'Object Repository/Page_AdRoot  Create Campaign Steps/input_Campaign name_custom-input'

2022-02-16 10:38:23 - [TEST_STEP][PASSED] - click(findTestObject("Regular Create campaign/Page_AdRoot  Campaigns/Page_AdRoot  Create Campaign Steps/span_Name is taken")): Object: 'Object Repository/Regular Create campaign/Page_AdRoot  Campaigns/Page_AdRoot  Create Campaign Steps/span_Name is taken' is clicked on

2022-02-16 10:38:23 - [MESSAGE][PASSED] - Object: 'Object Repository/Regular Create campaign/Page_AdRoot  Campaigns/Page_AdRoot  Create Campaign Steps/span_Name is taken' is clicked on

2022-02-16 10:38:23 - [TEST_STEP][PASSED] - click(findTestObject("Goals/Goals/Page_AdRoot  Create Campaign Steps/div_Video Views")): Object: 'Object Repository/Goals/Goals/Page_AdRoot  Create Campaign Steps/div_Video Views' is clicked on

2022-02-16 10:38:24 - [MESSAGE][PASSED] - Object: 'Object Repository/Goals/Goals/Page_AdRoot  Create Campaign Steps/div_Video Views' is clicked on

2022-02-16 10:38:24 - [TEST_STEP][PASSED] - Ms = verifyTextPresent("Name is taken", false): Text 'Name is taken' is present on page 

2022-02-16 10:38:24 - [MESSAGE][PASSED] - Text 'Name is taken' is present on page 

2022-02-16 10:38:24 - [TEST_STEP][PASSED] - if (Ms.equals("true")): Object: 'Object Repository/Regular Create campaign/Page_AdRoot  Campaigns/Page_AdRoot  Create Campaign Steps/button_Next Step' is clicked on

2022-02-16 10:38:24 - [TEST_STEP][PASSED] - RN = <not implemented yet for class: org.codehaus.groovy.ast.expr.EmptyExpression>: null

2022-02-16 10:38:24 - [TEST_STEP][PASSED] - RN = Math.random() * 5000: null

2022-02-16 10:38:24 - [TEST_STEP][PASSED] - setText(findTestObject("Regular Create campaign/Page_AdRoot Ad Manager - One Place To Manag_7de57e/Page_AdRoot  Create Campaign Steps/input_Campaign name_custom-input"), "devadroot" + RN): Text 'devadroot947' is set on object 'Object Repository/Regular Create campaign/Page_AdRoot Ad Manager - One Place To Manag_7de57e/Page_AdRoot  Create Campaign Steps/input_Campaign name_custom-input'

2022-02-16 10:38:25 - [MESSAGE][PASSED] - Text 'devadroot947' is set on object 'Object Repository/Regular Create campaign/Page_AdRoot Ad Manager - One Place To Manag_7de57e/Page_AdRoot  Create Campaign Steps/input_Campaign name_custom-input'

2022-02-16 10:38:25 - [TEST_STEP][PASSED] - click(findTestObject("Object Repository/Regular Create campaign/Page_AdRoot  Campaigns/Page_AdRoot  Create Campaign Steps/button_Next Step")): Object: 'Object Repository/Regular Create campaign/Page_AdRoot  Campaigns/Page_AdRoot  Create Campaign Steps/button_Next Step' is clicked on

2022-02-16 10:38:38 - [MESSAGE][PASSED] - Object: 'Object Repository/Regular Create campaign/Page_AdRoot  Campaigns/Page_AdRoot  Create Campaign Steps/button_Next Step' is clicked on

2022-02-16 10:38:38 - [TEST_STEP][PASSED] - verifyElementPresent(findTestObject("Step2/Page_AdRoot  Create Campaign Steps/div_Artashes Mxchyan"), 0): Object 'Object Repository/Step2/Page_AdRoot  Create Campaign Steps/div_Artashes Mxchyan' is present

2022-02-16 10:38:38 - [MESSAGE][WARNING] - Timeout '0' is invalid. Using default page load timeout: '30'

2022-02-16 10:38:39 - [MESSAGE][PASSED] - Object 'Object Repository/Step2/Page_AdRoot  Create Campaign Steps/div_Artashes Mxchyan' is present

2022-02-16 10:38:39 - [TEST_STEP][PASSED] - click(findTestObject("Step2/Page_AdRoot  Create Campaign Steps/button_Next Step")): Object: 'Object Repository/Step2/Page_AdRoot  Create Campaign Steps/button_Next Step' is clicked on

2022-02-16 10:38:40 - [MESSAGE][PASSED] - Object: 'Object Repository/Step2/Page_AdRoot  Create Campaign Steps/button_Next Step' is clicked on

2022-02-16 10:38:40 - [TEST_STEP][PASSED] - click(findTestObject("Object Repository/Step2/Page_AdRoot  Create Campaign Steps/Page_AdRoot  Create Campaign Steps/input_Primary Text_invalid custom-input")): Object: 'Object Repository/Step2/Page_AdRoot  Create Campaign Steps/Page_AdRoot  Create Campaign Steps/input_Primary Text_invalid custom-input' is clicked on

2022-02-16 10:38:41 - [MESSAGE][PASSED] - Object: 'Object Repository/Step2/Page_AdRoot  Create Campaign Steps/Page_AdRoot  Create Campaign Steps/input_Primary Text_invalid custom-input' is clicked on

2022-02-16 10:38:41 - [TEST_STEP][PASSED] - setText(findTestObject("Object Repository/Step2/Page_AdRoot  Create Campaign Steps/Page_AdRoot  Create Campaign Steps/input_Primary Text_invalid custom-input"), "Social media"): Text 'Social media' is set on object 'Object Repository/Step2/Page_AdRoot  Create Campaign Steps/Page_AdRoot  Create Campaign Steps/input_Primary Text_invalid custom-input'

2022-02-16 10:38:42 - [MESSAGE][PASSED] - Text 'Social media' is set on object 'Object Repository/Step2/Page_AdRoot  Create Campaign Steps/Page_AdRoot  Create Campaign Steps/input_Primary Text_invalid custom-input'

2022-02-16 10:38:42 - [TEST_STEP][PASSED] - setText(findTestObject("Step2/Page_AdRoot  Create Campaign Steps/Page_AdRoot  Create Campaign Steps/input_Headline_custom-input"), "Social media ads management "): Text 'Social media ads management ' is set on object 'Object Repository/Step2/Page_AdRoot  Create Campaign Steps/Page_AdRoot  Create Campaign Steps/input_Headline_custom-input'

2022-02-16 10:38:43 - [MESSAGE][PASSED] - Text 'Social media ads management ' is set on object 'Object Repository/Step2/Page_AdRoot  Create Campaign Steps/Page_AdRoot  Create Campaign Steps/input_Headline_custom-input'

2022-02-16 10:38:43 - [TEST_STEP][PASSED] - setText(findTestObject("Step2/Page_AdRoot  Create Campaign Steps/Page_AdRoot  Create Campaign Steps/input_Ad Description_custom-input"), "Our Mission is to create one place for all advertising needs"): Text 'Our Mission is to create one place for all advertising needs' is set on object 'Object Repository/Step2/Page_AdRoot  Create Campaign Steps/Page_AdRoot  Create Campaign Steps/input_Ad Description_custom-input'

2022-02-16 10:38:44 - [MESSAGE][PASSED] - Text 'Our Mission is to create one place for all advertising needs' is set on object 'Object Repository/Step2/Page_AdRoot  Create Campaign Steps/Page_AdRoot  Create Campaign Steps/input_Ad Description_custom-input'

2022-02-16 10:38:44 - [TEST_STEP][PASSED] - setText(findTestObject("Step2/Page_AdRoot  Create Campaign Steps/input_Website URL_custom-input"), "gsmediagroup.net"): Text 'gsmediagroup.net' is set on object 'Object Repository/Step2/Page_AdRoot  Create Campaign Steps/input_Website URL_custom-input'

2022-02-16 10:38:45 - [MESSAGE][PASSED] - Text 'gsmediagroup.net' is set on object 'Object Repository/Step2/Page_AdRoot  Create Campaign Steps/input_Website URL_custom-input'

2022-02-16 10:38:45 - [TEST_STEP][PASSED] - click(findTestObject("Step2/Page_AdRoot  Create Campaign Steps/div_Choose AD")): Object: 'Object Repository/Step2/Page_AdRoot  Create Campaign Steps/div_Choose AD' is clicked on

2022-02-16 10:38:46 - [MESSAGE][PASSED] - Object: 'Object Repository/Step2/Page_AdRoot  Create Campaign Steps/div_Choose AD' is clicked on

2022-02-16 10:38:46 - [TEST_STEP][PASSED] - click(findTestObject("Object Repository/Goals/Page_AdRoot  Create Campaign Steps/div_Videos_image-cont video")): Object: 'Object Repository/Goals/Page_AdRoot  Create Campaign Steps/div_Videos_image-cont video' is clicked on

2022-02-16 10:38:47 - [MESSAGE][PASSED] - Object: 'Object Repository/Goals/Page_AdRoot  Create Campaign Steps/div_Videos_image-cont video' is clicked on

2022-02-16 10:38:47 - [TEST_STEP][PASSED] - click(findTestObject("Step3/Page_AdRoot  Create Campaign Steps/button_Select")): Object: 'Object Repository/Step3/Page_AdRoot  Create Campaign Steps/button_Select' is clicked on

2022-02-16 10:38:47 - [MESSAGE][PASSED] - Object: 'Object Repository/Step3/Page_AdRoot  Create Campaign Steps/button_Select' is clicked on

2022-02-16 10:38:47 - [TEST_STEP][PASSED] - click(findTestObject("Object Repository/Step 4,5/Page_AdRoot  Create Campaign Steps/button_Next Step (1)")): Object: 'Object Repository/Step 4,5/Page_AdRoot  Create Campaign Steps/button_Next Step (1)' is clicked on

2022-02-16 10:38:48 - [MESSAGE][PASSED] - Object: 'Object Repository/Step 4,5/Page_AdRoot  Create Campaign Steps/button_Next Step (1)' is clicked on

2022-02-16 10:38:48 - [TEST_STEP][PASSED] - click(findTestObject("Object Repository/Step 4,5/Page_AdRoot  Create Campaign Steps/button_Next Step (1)")): Object: 'Object Repository/Step 4,5/Page_AdRoot  Create Campaign Steps/button_Next Step (1)' is clicked on

2022-02-16 10:38:49 - [MESSAGE][PASSED] - Object: 'Object Repository/Step 4,5/Page_AdRoot  Create Campaign Steps/button_Next Step (1)' is clicked on

2022-02-16 10:38:49 - [TEST_STEP][PASSED] - setText(findTestObject("Object Repository/Step 4,5/Page_AdRoot  Create Campaign Steps/input_Daily_custom-input"), "$ 1"): Text '$ 1' is set on object 'Object Repository/Step 4,5/Page_AdRoot  Create Campaign Steps/input_Daily_custom-input'

2022-02-16 10:38:50 - [MESSAGE][PASSED] - Text '$ 1' is set on object 'Object Repository/Step 4,5/Page_AdRoot  Create Campaign Steps/input_Daily_custom-input'

2022-02-16 10:38:50 - [TEST_STEP][PASSED] - click(findTestObject("Object Repository/Step 4,5/Page_AdRoot  Create Campaign Steps/button_Finish")): Object: 'Object Repository/Step 4,5/Page_AdRoot  Create Campaign Steps/button_Finish' is clicked on

2022-02-16 10:38:51 - [MESSAGE][PASSED] - Object: 'Object Repository/Step 4,5/Page_AdRoot  Create Campaign Steps/button_Finish' is clicked on

2022-02-16 10:38:51 - [TEST_STEP][PASSED] - verifyElementPresent(findTestObject("Object Repository/Step 4,5/Page_AdRoot  Campaigns/div_PENDING"), 0): Object 'Object Repository/Step 4,5/Page_AdRoot  Campaigns/div_PENDING' is present

2022-02-16 10:38:51 - [MESSAGE][WARNING] - Timeout '0' is invalid. Using default page load timeout: '30'

2022-02-16 10:38:52 - [MESSAGE][PASSED] - Object 'Object Repository/Step 4,5/Page_AdRoot  Campaigns/div_PENDING' is present

2022-02-16 10:38:52 - [TEST_STEP][PASSED] - closeBrowser(): Browser is closed

2022-02-16 10:38:53 - [MESSAGE][PASSED] - Browser is closed]]></system-out>
         <system-err><![CDATA[]]></system-err>
      </testcase>
      <system-out><![CDATA[2022-02-16 10:36:49 - [TEST_SUITE][PASSED] - dev-create campaign suite: Test Cases/Everyday create campaign/dev-Create campaign/Dev-Video views campaign]]></system-out>
      <system-err><![CDATA[]]></system-err>
   </testsuite>
</testsuites>
