<?xml version="1.0" encoding="UTF-8"?>
<testsuites name="app-create campaign suite" time="413.272" tests="4" failures="0" errors="0">
   <testsuite name="app-create campaign suite" tests="4" failures="0" errors="0" time="413.272" skipped="0" timestamp="2022-02-10 16:44:42" hostname="AdRoot_PC2 - GorsPC" id="Test Suites/app-create campaign suite">
      <properties>
         <property name="deviceName" value=""/>
         <property name="devicePlatform" value=""/>
         <property name="logFolder" value="C:\\Users\\AdRoot_PC2\\git\\KatalonAutomation1\\Reports\\20220210_164436\\app-create campaign suite\\20220210_164437"/>
         <property name="logFiles" value="C:\\Users\\AdRoot_PC2\\git\\KatalonAutomation1\\Reports\\20220210_164436\\app-create campaign suite\\20220210_164437\\execution0.log"/>
         <property name="attachments" value=""/>
         <property name="hostName" value="AdRoot_PC2 - GorsPC"/>
         <property name="os" value="Windows 10 64bit"/>
         <property name="katalonVersion" value="8.2.5.208"/>
         <property name="browser" value="Chrome 98.0.4758.82"/>
         <property name="hostAddress" value="192.168.0.103"/>
         <property name="sessionId" value="b1ba76fd0b203d27aa24df4e69267615"/>
         <property name="seleniumVersion" value="3.141.59"/>
         <property name="proxyInformation" value="ProxyInformation { proxyOption=NO_PROXY, proxyServerType=HTTP, username=, password=********, proxyServerAddress=, proxyServerPort=0, executionList=&quot;&quot;, isApplyToDesiredCapabilities=true }"/>
         <property name="platform" value="Windows 10"/>
      </properties>
      <testcase name="Test Cases/Everyday create campaign/App-Create campaign/App-Brand campaign" time="138.683" classname="Test Cases/Everyday create campaign/App-Create campaign/App-Brand campaign" status="PASSED">
         <system-out><![CDATA[2022-02-10 16:44:42 - [TEST_CASE][PASSED] - Test Cases/Everyday create campaign/App-Create campaign/App-Brand campaign: Test Cases/Everyday create campaign/App-Create campaign/App-Brand campaign

2022-02-10 16:44:43 - [TEST_STEP][PASSED] - openBrowser(""): Browser is opened with url: ''

2022-02-10 16:44:43 - [MESSAGE][INFO] - Starting 'Chrome' driver

2022-02-10 16:44:43 - [MESSAGE][INFO] - Action delay is set to 0 milliseconds

2022-02-10 16:44:45 - [MESSAGE][PASSED] - Browser is opened with url: ''

2022-02-10 16:44:45 - [TEST_STEP][PASSED] - setViewPortSize(1550, 900): Viewport is set to new size with width = 1550 and height = 900

2022-02-10 16:44:45 - [MESSAGE][PASSED] - Viewport is set to new size with width = 1550 and height = 900

2022-02-10 16:44:45 - [TEST_STEP][PASSED] - navigateToUrl("https://app.adroot.io/auth/signin"): Navigate to 'https://app.adroot.io/auth/signin' successfully

2022-02-10 16:44:47 - [MESSAGE][PASSED] - Navigate to 'https://app.adroot.io/auth/signin' successfully

2022-02-10 16:44:47 - [TEST_STEP][PASSED] - setText(findTestObject("Object Repository/Regular Create campaign/Page_AdRoot  Login/input_E-mail_email"), "makronmanuel01@gmail.com"): Text 'makronmanuel01@gmail.com' is set on object 'Object Repository/Regular Create campaign/Page_AdRoot  Login/input_E-mail_email'

2022-02-10 16:44:52 - [MESSAGE][PASSED] - Text 'makronmanuel01@gmail.com' is set on object 'Object Repository/Regular Create campaign/Page_AdRoot  Login/input_E-mail_email'

2022-02-10 16:44:52 - [TEST_STEP][PASSED] - setEncryptedText(findTestObject("Object Repository/Regular Create campaign/Page_AdRoot  Login/input_Password_password"), "9juLMCYi8sYpY2Mrwe5diw=="): Text ****** has been set on object 'Object Repository/Regular Create campaign/Page_AdRoot  Login/input_Password_password'

2022-02-10 16:44:54 - [MESSAGE][PASSED] - Text ****** has been set on object 'Object Repository/Regular Create campaign/Page_AdRoot  Login/input_Password_password'

2022-02-10 16:44:54 - [TEST_STEP][PASSED] - click(findTestObject("Object Repository/Regular Create campaign/Page_AdRoot  Login/button_Sign in")): Object: 'Object Repository/Regular Create campaign/Page_AdRoot  Login/button_Sign in' is clicked on

2022-02-10 16:44:56 - [MESSAGE][PASSED] - Object: 'Object Repository/Regular Create campaign/Page_AdRoot  Login/button_Sign in' is clicked on

2022-02-10 16:44:56 - [TEST_STEP][PASSED] - click(findTestObject("Object Repository/Regular Create campaign/Page_AdRoot  Campaigns/div_MakronOwner")): Object: 'Object Repository/Regular Create campaign/Page_AdRoot  Campaigns/div_MakronOwner' is clicked on

2022-02-10 16:44:59 - [MESSAGE][PASSED] - Object: 'Object Repository/Regular Create campaign/Page_AdRoot  Campaigns/div_MakronOwner' is clicked on

2022-02-10 16:44:59 - [TEST_STEP][PASSED] - click(findTestObject("Object Repository/App-Create campaign/Page_AdRoot  Campaigns/div_By Ruzan (app)")): Object: 'Object Repository/App-Create campaign/Page_AdRoot  Campaigns/div_By Ruzan (app)' is clicked on

2022-02-10 16:45:02 - [MESSAGE][PASSED] - Object: 'Object Repository/App-Create campaign/Page_AdRoot  Campaigns/div_By Ruzan (app)' is clicked on

2022-02-10 16:45:02 - [TEST_STEP][PASSED] - click(findTestObject("Object Repository/Regular Create campaign/Page_AdRoot  Dashboard/a_Campaigns")): Object: 'Object Repository/Regular Create campaign/Page_AdRoot  Dashboard/a_Campaigns' is clicked on

2022-02-10 16:45:06 - [MESSAGE][PASSED] - Object: 'Object Repository/Regular Create campaign/Page_AdRoot  Dashboard/a_Campaigns' is clicked on

2022-02-10 16:45:06 - [TEST_STEP][PASSED] - click(findTestObject("Regular Create campaign/Page_AdRoot  Campaigns/div_Campaign View")): Object: 'Object Repository/Regular Create campaign/Page_AdRoot  Campaigns/div_Campaign View' is clicked on

2022-02-10 16:45:08 - [MESSAGE][PASSED] - Object: 'Object Repository/Regular Create campaign/Page_AdRoot  Campaigns/div_Campaign View' is clicked on

2022-02-10 16:45:08 - [TEST_STEP][PASSED] - click(findTestObject("Regular Create campaign/Page_AdRoot  Campaigns/div_New Campaign")): Object: 'Object Repository/Regular Create campaign/Page_AdRoot  Campaigns/div_New Campaign' is clicked on

2022-02-10 16:45:10 - [MESSAGE][PASSED] - Object: 'Object Repository/Regular Create campaign/Page_AdRoot  Campaigns/div_New Campaign' is clicked on

2022-02-10 16:45:10 - [TEST_STEP][PASSED] - setText(findTestObject("Page_AdRoot  Create Campaign Steps/input_Campaign name_custom-input"), "appadroot1"): Text 'appadroot1' is set on object 'Object Repository/Page_AdRoot  Create Campaign Steps/input_Campaign name_custom-input'

2022-02-10 16:45:15 - [MESSAGE][PASSED] - Text 'appadroot1' is set on object 'Object Repository/Page_AdRoot  Create Campaign Steps/input_Campaign name_custom-input'

2022-02-10 16:45:15 - [TEST_STEP][PASSED] - click(findTestObject("Regular Create campaign/Page_AdRoot  Campaigns/Page_AdRoot  Create Campaign Steps/span_Name is taken")): Object: 'Object Repository/Regular Create campaign/Page_AdRoot  Campaigns/Page_AdRoot  Create Campaign Steps/span_Name is taken' is clicked on

2022-02-10 16:45:17 - [MESSAGE][PASSED] - Object: 'Object Repository/Regular Create campaign/Page_AdRoot  Campaigns/Page_AdRoot  Create Campaign Steps/span_Name is taken' is clicked on

2022-02-10 16:45:17 - [TEST_STEP][PASSED] - click(findTestObject("Goals/Goals/Page_AdRoot  Create Campaign Steps/div_Brand Awareness")): Object: 'Object Repository/Goals/Goals/Page_AdRoot  Create Campaign Steps/div_Brand Awareness' is clicked on

2022-02-10 16:45:19 - [MESSAGE][PASSED] - Object: 'Object Repository/Goals/Goals/Page_AdRoot  Create Campaign Steps/div_Brand Awareness' is clicked on

2022-02-10 16:45:19 - [TEST_STEP][PASSED] - Ms = verifyTextPresent("Name is taken", false): Text 'Name is taken' is present on page 

2022-02-10 16:45:21 - [MESSAGE][PASSED] - Text 'Name is taken' is present on page 

2022-02-10 16:45:21 - [TEST_STEP][PASSED] - if (Ms.equals("true")): Object: 'Object Repository/Regular Create campaign/Page_AdRoot  Campaigns/Page_AdRoot  Create Campaign Steps/button_Next Step' is clicked on

2022-02-10 16:45:21 - [TEST_STEP][PASSED] - RN = <not implemented yet for class: org.codehaus.groovy.ast.expr.EmptyExpression>: null

2022-02-10 16:45:21 - [TEST_STEP][PASSED] - RN = Math.random() * 5000: null

2022-02-10 16:45:21 - [TEST_STEP][PASSED] - setText(findTestObject("Regular Create campaign/Page_AdRoot Ad Manager - One Place To Manag_7de57e/Page_AdRoot  Create Campaign Steps/input_Campaign name_custom-input"), "appadroot" + RN): Text 'appadroot3731' is set on object 'Object Repository/Regular Create campaign/Page_AdRoot Ad Manager - One Place To Manag_7de57e/Page_AdRoot  Create Campaign Steps/input_Campaign name_custom-input'

2022-02-10 16:45:25 - [MESSAGE][PASSED] - Text 'appadroot3731' is set on object 'Object Repository/Regular Create campaign/Page_AdRoot Ad Manager - One Place To Manag_7de57e/Page_AdRoot  Create Campaign Steps/input_Campaign name_custom-input'

2022-02-10 16:45:25 - [TEST_STEP][PASSED] - click(findTestObject("Object Repository/Regular Create campaign/Page_AdRoot  Campaigns/Page_AdRoot  Create Campaign Steps/button_Next Step")): Object: 'Object Repository/Regular Create campaign/Page_AdRoot  Campaigns/Page_AdRoot  Create Campaign Steps/button_Next Step' is clicked on

2022-02-10 16:45:27 - [MESSAGE][PASSED] - Object: 'Object Repository/Regular Create campaign/Page_AdRoot  Campaigns/Page_AdRoot  Create Campaign Steps/button_Next Step' is clicked on

2022-02-10 16:45:27 - [TEST_STEP][PASSED] - verifyElementPresent(findTestObject("Step2/Page_AdRoot  Create Campaign Steps/div_GS PubSense"), 0): Object 'Object Repository/Step2/Page_AdRoot  Create Campaign Steps/div_GS PubSense' is present

2022-02-10 16:45:27 - [MESSAGE][WARNING] - Timeout '0' is invalid. Using default page load timeout: '30'

2022-02-10 16:45:29 - [MESSAGE][PASSED] - Object 'Object Repository/Step2/Page_AdRoot  Create Campaign Steps/div_GS PubSense' is present

2022-02-10 16:45:29 - [TEST_STEP][PASSED] - verifyElementPresent(findTestObject("Step2/Page_AdRoot  Create Campaign Steps/div_Artashes Mxchyan"), 0): Object 'Object Repository/Step2/Page_AdRoot  Create Campaign Steps/div_Artashes Mxchyan' is present

2022-02-10 16:45:29 - [MESSAGE][WARNING] - Timeout '0' is invalid. Using default page load timeout: '30'

2022-02-10 16:45:31 - [MESSAGE][PASSED] - Object 'Object Repository/Step2/Page_AdRoot  Create Campaign Steps/div_Artashes Mxchyan' is present

2022-02-10 16:45:31 - [TEST_STEP][PASSED] - click(findTestObject("Step2/Page_AdRoot  Create Campaign Steps/button_Next Step")): Object: 'Object Repository/Step2/Page_AdRoot  Create Campaign Steps/button_Next Step' is clicked on

2022-02-10 16:45:33 - [MESSAGE][PASSED] - Object: 'Object Repository/Step2/Page_AdRoot  Create Campaign Steps/button_Next Step' is clicked on

2022-02-10 16:45:33 - [TEST_STEP][PASSED] - click(findTestObject("Object Repository/Step2/Page_AdRoot  Create Campaign Steps/Page_AdRoot  Create Campaign Steps/input_Primary Text_invalid custom-input")): Object: 'Object Repository/Step2/Page_AdRoot  Create Campaign Steps/Page_AdRoot  Create Campaign Steps/input_Primary Text_invalid custom-input' is clicked on

2022-02-10 16:45:35 - [MESSAGE][PASSED] - Object: 'Object Repository/Step2/Page_AdRoot  Create Campaign Steps/Page_AdRoot  Create Campaign Steps/input_Primary Text_invalid custom-input' is clicked on

2022-02-10 16:45:35 - [TEST_STEP][PASSED] - setText(findTestObject("Object Repository/Step2/Page_AdRoot  Create Campaign Steps/Page_AdRoot  Create Campaign Steps/input_Primary Text_invalid custom-input"), "Social media"): Text 'Social media' is set on object 'Object Repository/Step2/Page_AdRoot  Create Campaign Steps/Page_AdRoot  Create Campaign Steps/input_Primary Text_invalid custom-input'

2022-02-10 16:45:39 - [MESSAGE][PASSED] - Text 'Social media' is set on object 'Object Repository/Step2/Page_AdRoot  Create Campaign Steps/Page_AdRoot  Create Campaign Steps/input_Primary Text_invalid custom-input'

2022-02-10 16:45:39 - [TEST_STEP][PASSED] - setText(findTestObject("Step2/Page_AdRoot  Create Campaign Steps/Page_AdRoot  Create Campaign Steps/input_Headline_custom-input"), "Social media ads management "): Text 'Social media ads management ' is set on object 'Object Repository/Step2/Page_AdRoot  Create Campaign Steps/Page_AdRoot  Create Campaign Steps/input_Headline_custom-input'

2022-02-10 16:45:43 - [MESSAGE][PASSED] - Text 'Social media ads management ' is set on object 'Object Repository/Step2/Page_AdRoot  Create Campaign Steps/Page_AdRoot  Create Campaign Steps/input_Headline_custom-input'

2022-02-10 16:45:43 - [TEST_STEP][PASSED] - setText(findTestObject("Step2/Page_AdRoot  Create Campaign Steps/Page_AdRoot  Create Campaign Steps/input_Ad Description_custom-input"), "Our Mission is to create one place for all advertising needs"): Text 'Our Mission is to create one place for all advertising needs' is set on object 'Object Repository/Step2/Page_AdRoot  Create Campaign Steps/Page_AdRoot  Create Campaign Steps/input_Ad Description_custom-input'

2022-02-10 16:45:47 - [MESSAGE][PASSED] - Text 'Our Mission is to create one place for all advertising needs' is set on object 'Object Repository/Step2/Page_AdRoot  Create Campaign Steps/Page_AdRoot  Create Campaign Steps/input_Ad Description_custom-input'

2022-02-10 16:45:47 - [TEST_STEP][PASSED] - setText(findTestObject("Step2/Page_AdRoot  Create Campaign Steps/input_Website URL_custom-input"), "gsmediagroup.net"): Text 'gsmediagroup.net' is set on object 'Object Repository/Step2/Page_AdRoot  Create Campaign Steps/input_Website URL_custom-input'

2022-02-10 16:45:51 - [MESSAGE][PASSED] - Text 'gsmediagroup.net' is set on object 'Object Repository/Step2/Page_AdRoot  Create Campaign Steps/input_Website URL_custom-input'

2022-02-10 16:45:51 - [TEST_STEP][PASSED] - click(findTestObject("Step2/Page_AdRoot  Create Campaign Steps/div_Choose AD")): Object: 'Object Repository/Step2/Page_AdRoot  Create Campaign Steps/div_Choose AD' is clicked on

2022-02-10 16:45:53 - [MESSAGE][PASSED] - Object: 'Object Repository/Step2/Page_AdRoot  Create Campaign Steps/div_Choose AD' is clicked on

2022-02-10 16:45:53 - [TEST_STEP][PASSED] - click(findTestObject("Object Repository/App-Create campaign/Page_AdRoot  Create Campaign Steps/span_cropped-512adroot.jpg")): Object: 'Object Repository/App-Create campaign/Page_AdRoot  Create Campaign Steps/span_cropped-512adroot.jpg' is clicked on

2022-02-10 16:45:55 - [MESSAGE][PASSED] - Object: 'Object Repository/App-Create campaign/Page_AdRoot  Create Campaign Steps/span_cropped-512adroot.jpg' is clicked on

2022-02-10 16:45:55 - [TEST_STEP][PASSED] - click(findTestObject("Step3/Page_AdRoot  Create Campaign Steps/button_Select")): Object: 'Object Repository/Step3/Page_AdRoot  Create Campaign Steps/button_Select' is clicked on

2022-02-10 16:45:57 - [MESSAGE][PASSED] - Object: 'Object Repository/Step3/Page_AdRoot  Create Campaign Steps/button_Select' is clicked on

2022-02-10 16:45:57 - [TEST_STEP][PASSED] - mouseOver(findTestObject("Google display/Page_AdRoot  Create Campaign Steps/div_1052Business nameHeadlineChoose ADHeadlineAd DescriptionOpen"), STOP_ON_FAILURE): Object: 'Object Repository/Google display/Page_AdRoot  Create Campaign Steps/div_1052Business nameHeadlineChoose ADHeadlineAd DescriptionOpen' is hovered

2022-02-10 16:46:04 - [MESSAGE][PASSED] - Object: 'Object Repository/Google display/Page_AdRoot  Create Campaign Steps/div_1052Business nameHeadlineChoose ADHeadlineAd DescriptionOpen' is hovered

2022-02-10 16:46:04 - [TEST_STEP][PASSED] - click(findTestObject("Step3/Page_AdRoot  Create Campaign Steps/Page_AdRoot  Create Campaign Steps/div_Open_actions-mode")): Object: 'Object Repository/Step3/Page_AdRoot  Create Campaign Steps/Page_AdRoot  Create Campaign Steps/div_Open_actions-mode' is clicked on

2022-02-10 16:46:06 - [MESSAGE][PASSED] - Object: 'Object Repository/Step3/Page_AdRoot  Create Campaign Steps/Page_AdRoot  Create Campaign Steps/div_Open_actions-mode' is clicked on

2022-02-10 16:46:06 - [TEST_STEP][PASSED] - click(findTestObject("Step3/Page_AdRoot  Create Campaign Steps/div_Open_edit")): Object: 'Object Repository/Step3/Page_AdRoot  Create Campaign Steps/div_Open_edit' is clicked on

2022-02-10 16:46:08 - [MESSAGE][PASSED] - Object: 'Object Repository/Step3/Page_AdRoot  Create Campaign Steps/div_Open_edit' is clicked on

2022-02-10 16:46:08 - [TEST_STEP][PASSED] - setText(findTestObject("Step3/Page_AdRoot  Create Campaign Steps/input_Business Name_custom-input"), "GS media"): Text 'GS media' is set on object 'Object Repository/Step3/Page_AdRoot  Create Campaign Steps/input_Business Name_custom-input'

2022-02-10 16:46:12 - [MESSAGE][PASSED] - Text 'GS media' is set on object 'Object Repository/Step3/Page_AdRoot  Create Campaign Steps/input_Business Name_custom-input'

2022-02-10 16:46:12 - [TEST_STEP][PASSED] - setText(findTestObject("Step3/Page_AdRoot  Create Campaign Steps/input_Long headline_custom-input"), "Ad management system"): Text 'Ad management system' is set on object 'Object Repository/Step3/Page_AdRoot  Create Campaign Steps/input_Long headline_custom-input'

2022-02-10 16:46:16 - [MESSAGE][PASSED] - Text 'Ad management system' is set on object 'Object Repository/Step3/Page_AdRoot  Create Campaign Steps/input_Long headline_custom-input'

2022-02-10 16:46:16 - [TEST_STEP][PASSED] - click(findTestObject("Step3/Page_AdRoot  Create Campaign Steps/button_Save")): Object: 'Object Repository/Step3/Page_AdRoot  Create Campaign Steps/button_Save' is clicked on

2022-02-10 16:46:18 - [MESSAGE][PASSED] - Object: 'Object Repository/Step3/Page_AdRoot  Create Campaign Steps/button_Save' is clicked on

2022-02-10 16:46:18 - [TEST_STEP][PASSED] - click(findTestObject("Object Repository/Step 4,5/Page_AdRoot  Create Campaign Steps/button_Next Step (1)")): Object: 'Object Repository/Step 4,5/Page_AdRoot  Create Campaign Steps/button_Next Step (1)' is clicked on

2022-02-10 16:46:20 - [MESSAGE][PASSED] - Object: 'Object Repository/Step 4,5/Page_AdRoot  Create Campaign Steps/button_Next Step (1)' is clicked on

2022-02-10 16:46:20 - [TEST_STEP][PASSED] - click(findTestObject("Object Repository/Step 4,5/Page_AdRoot  Create Campaign Steps/button_Next Step (1)")): Object: 'Object Repository/Step 4,5/Page_AdRoot  Create Campaign Steps/button_Next Step (1)' is clicked on

2022-02-10 16:46:53 - [MESSAGE][INFO] - Unable to find the element located by 'By.xpath: //div[@id='scrollable']/div/div[2]/div/div[2]/button[2]'. Please recheck the objects properties to make sure the desired element is located. 

2022-02-10 16:46:53 - [MESSAGE][WARNING] - [SELF-HEALING] Failed to find element with id 'Object Repository/Step 4,5/Page_AdRoot  Create Campaign Steps/button_Next Step (1)'. Try using Self-healing.

2022-02-10 16:46:55 - [MESSAGE][INFO] - [SELF-HEALING] Failed Locator: '//div[@id='scrollable']/div/div[2]/div/div[2]/button[2]'.

2022-02-10 16:46:57 - [MESSAGE][INFO] - [SELF-HEALING] Working Locator: '(.//*[normalize-space(text()) and normalize-space(.)='Previous Step'])[1]/following::button[1]'.

2022-02-10 16:46:57 - [MESSAGE][INFO] - [SELF-HEALING] Screenshot: C:/Users/AdRoot_PC2/git/KatalonAutomation1/Reports/Self-healing/Object Repository/Step 4,5/Page_AdRoot  Create Campaign Steps/button_Next Step (1)_neighbor.png

2022-02-10 16:46:57 - [MESSAGE][WARNING] - [SELF-HEALING] The current locator of test object 'Object Repository/Step 4,5/Page_AdRoot  Create Campaign Steps/button_Next Step (1)' was broken. Propose an alternative one: '(.//*[normalize-space(text()) and normalize-space(.)='Previous Step'])[1]/following::button[1]'.

2022-02-10 16:46:58 - [MESSAGE][PASSED] - Object: 'Object Repository/Step 4,5/Page_AdRoot  Create Campaign Steps/button_Next Step (1)' is clicked on

2022-02-10 16:46:58 - [TEST_STEP][PASSED] - setText(findTestObject("Object Repository/Step 4,5/Page_AdRoot  Create Campaign Steps/input_Daily_custom-input"), "$ 1"): Text '$ 1' is set on object 'Object Repository/Step 4,5/Page_AdRoot  Create Campaign Steps/input_Daily_custom-input'

2022-02-10 16:46:59 - [MESSAGE][PASSED] - Text '$ 1' is set on object 'Object Repository/Step 4,5/Page_AdRoot  Create Campaign Steps/input_Daily_custom-input'

2022-02-10 16:46:59 - [TEST_STEP][PASSED] - click(findTestObject("Object Repository/Step 4,5/Page_AdRoot  Create Campaign Steps/button_Finish")): Object: 'Object Repository/Step 4,5/Page_AdRoot  Create Campaign Steps/button_Finish' is clicked on

2022-02-10 16:46:59 - [MESSAGE][PASSED] - Object: 'Object Repository/Step 4,5/Page_AdRoot  Create Campaign Steps/button_Finish' is clicked on

2022-02-10 16:46:59 - [TEST_STEP][PASSED] - verifyElementPresent(findTestObject("Object Repository/Step 4,5/Page_AdRoot  Campaigns/div_PENDING"), 0): Object 'Object Repository/Step 4,5/Page_AdRoot  Campaigns/div_PENDING' is present

2022-02-10 16:46:59 - [MESSAGE][WARNING] - Timeout '0' is invalid. Using default page load timeout: '30'

2022-02-10 16:47:00 - [MESSAGE][PASSED] - Object 'Object Repository/Step 4,5/Page_AdRoot  Campaigns/div_PENDING' is present

2022-02-10 16:47:00 - [TEST_STEP][PASSED] - closeBrowser(): Browser is closed

2022-02-10 16:47:01 - [MESSAGE][PASSED] - Browser is closed]]></system-out>
         <system-err><![CDATA[]]></system-err>
      </testcase>
      <testcase name="Test Cases/Everyday create campaign/App-Create campaign/App-Reach campaign" time="125.388" classname="Test Cases/Everyday create campaign/App-Create campaign/App-Reach campaign" status="PASSED">
         <system-out><![CDATA[2022-02-10 16:47:01 - [TEST_CASE][PASSED] - Test Cases/Everyday create campaign/App-Create campaign/App-Reach campaign: Test Cases/Everyday create campaign/App-Create campaign/App-Reach campaign

2022-02-10 16:47:01 - [TEST_STEP][PASSED] - openBrowser(""): Browser is opened with url: ''

2022-02-10 16:47:01 - [MESSAGE][INFO] - Starting 'Chrome' driver

2022-02-10 16:47:01 - [MESSAGE][INFO] - Action delay is set to 0 milliseconds

2022-02-10 16:47:02 - [MESSAGE][PASSED] - Browser is opened with url: ''

2022-02-10 16:47:02 - [TEST_STEP][PASSED] - setViewPortSize(1550, 900): Viewport is set to new size with width = 1550 and height = 900

2022-02-10 16:47:03 - [MESSAGE][PASSED] - Viewport is set to new size with width = 1550 and height = 900

2022-02-10 16:47:03 - [TEST_STEP][PASSED] - navigateToUrl("https://app.adroot.io/auth/signin"): Navigate to 'https://app.adroot.io/auth/signin' successfully

2022-02-10 16:47:05 - [MESSAGE][PASSED] - Navigate to 'https://app.adroot.io/auth/signin' successfully

2022-02-10 16:47:05 - [TEST_STEP][PASSED] - setText(findTestObject("Object Repository/Regular Create campaign/Page_AdRoot  Login/input_E-mail_email"), "makronmanuel01@gmail.com"): Text 'makronmanuel01@gmail.com' is set on object 'Object Repository/Regular Create campaign/Page_AdRoot  Login/input_E-mail_email'

2022-02-10 16:47:06 - [MESSAGE][PASSED] - Text 'makronmanuel01@gmail.com' is set on object 'Object Repository/Regular Create campaign/Page_AdRoot  Login/input_E-mail_email'

2022-02-10 16:47:06 - [TEST_STEP][PASSED] - setEncryptedText(findTestObject("Object Repository/Regular Create campaign/Page_AdRoot  Login/input_Password_password"), "9juLMCYi8sYpY2Mrwe5diw=="): Text ****** has been set on object 'Object Repository/Regular Create campaign/Page_AdRoot  Login/input_Password_password'

2022-02-10 16:47:06 - [MESSAGE][PASSED] - Text ****** has been set on object 'Object Repository/Regular Create campaign/Page_AdRoot  Login/input_Password_password'

2022-02-10 16:47:06 - [TEST_STEP][PASSED] - click(findTestObject("Object Repository/Regular Create campaign/Page_AdRoot  Login/button_Sign in")): Object: 'Object Repository/Regular Create campaign/Page_AdRoot  Login/button_Sign in' is clicked on

2022-02-10 16:47:07 - [MESSAGE][PASSED] - Object: 'Object Repository/Regular Create campaign/Page_AdRoot  Login/button_Sign in' is clicked on

2022-02-10 16:47:07 - [TEST_STEP][PASSED] - click(findTestObject("Object Repository/Regular Create campaign/Page_AdRoot  Campaigns/div_MakronOwner")): Object: 'Object Repository/Regular Create campaign/Page_AdRoot  Campaigns/div_MakronOwner' is clicked on

2022-02-10 16:47:09 - [MESSAGE][PASSED] - Object: 'Object Repository/Regular Create campaign/Page_AdRoot  Campaigns/div_MakronOwner' is clicked on

2022-02-10 16:47:09 - [TEST_STEP][PASSED] - click(findTestObject("Object Repository/App-Create campaign/Page_AdRoot  Campaigns/div_By Ruzan (app)")): Object: 'Object Repository/App-Create campaign/Page_AdRoot  Campaigns/div_By Ruzan (app)' is clicked on

2022-02-10 16:47:09 - [MESSAGE][PASSED] - Object: 'Object Repository/App-Create campaign/Page_AdRoot  Campaigns/div_By Ruzan (app)' is clicked on

2022-02-10 16:47:09 - [TEST_STEP][PASSED] - click(findTestObject("Object Repository/Regular Create campaign/Page_AdRoot  Dashboard/a_Campaigns")): Object: 'Object Repository/Regular Create campaign/Page_AdRoot  Dashboard/a_Campaigns' is clicked on

2022-02-10 16:47:13 - [MESSAGE][PASSED] - Object: 'Object Repository/Regular Create campaign/Page_AdRoot  Dashboard/a_Campaigns' is clicked on

2022-02-10 16:47:13 - [TEST_STEP][PASSED] - click(findTestObject("Regular Create campaign/Page_AdRoot  Campaigns/div_Campaign View")): Object: 'Object Repository/Regular Create campaign/Page_AdRoot  Campaigns/div_Campaign View' is clicked on

2022-02-10 16:47:14 - [MESSAGE][PASSED] - Object: 'Object Repository/Regular Create campaign/Page_AdRoot  Campaigns/div_Campaign View' is clicked on

2022-02-10 16:47:14 - [TEST_STEP][PASSED] - click(findTestObject("Regular Create campaign/Page_AdRoot  Campaigns/div_New Campaign")): Object: 'Object Repository/Regular Create campaign/Page_AdRoot  Campaigns/div_New Campaign' is clicked on

2022-02-10 16:47:16 - [MESSAGE][PASSED] - Object: 'Object Repository/Regular Create campaign/Page_AdRoot  Campaigns/div_New Campaign' is clicked on

2022-02-10 16:47:16 - [TEST_STEP][PASSED] - setText(findTestObject("Page_AdRoot  Create Campaign Steps/input_Campaign name_custom-input"), "appadroot1"): Text 'appadroot1' is set on object 'Object Repository/Page_AdRoot  Create Campaign Steps/input_Campaign name_custom-input'

2022-02-10 16:47:18 - [MESSAGE][PASSED] - Text 'appadroot1' is set on object 'Object Repository/Page_AdRoot  Create Campaign Steps/input_Campaign name_custom-input'

2022-02-10 16:47:18 - [TEST_STEP][PASSED] - click(findTestObject("Regular Create campaign/Page_AdRoot  Campaigns/Page_AdRoot  Create Campaign Steps/span_Name is taken")): Object: 'Object Repository/Regular Create campaign/Page_AdRoot  Campaigns/Page_AdRoot  Create Campaign Steps/span_Name is taken' is clicked on

2022-02-10 16:47:20 - [MESSAGE][PASSED] - Object: 'Object Repository/Regular Create campaign/Page_AdRoot  Campaigns/Page_AdRoot  Create Campaign Steps/span_Name is taken' is clicked on

2022-02-10 16:47:20 - [TEST_STEP][PASSED] - click(findTestObject("Goals/Goals/Page_AdRoot  Create Campaign Steps/div_Reach")): Object: 'Object Repository/Goals/Goals/Page_AdRoot  Create Campaign Steps/div_Reach' is clicked on

2022-02-10 16:47:22 - [MESSAGE][PASSED] - Object: 'Object Repository/Goals/Goals/Page_AdRoot  Create Campaign Steps/div_Reach' is clicked on

2022-02-10 16:47:22 - [TEST_STEP][PASSED] - Ms = verifyTextPresent("Name is taken", false): Text 'Name is taken' is present on page 

2022-02-10 16:47:24 - [MESSAGE][PASSED] - Text 'Name is taken' is present on page 

2022-02-10 16:47:24 - [TEST_STEP][PASSED] - if (Ms.equals("true")): Object: 'Object Repository/Regular Create campaign/Page_AdRoot  Campaigns/Page_AdRoot  Create Campaign Steps/button_Next Step' is clicked on

2022-02-10 16:47:24 - [TEST_STEP][PASSED] - RN = <not implemented yet for class: org.codehaus.groovy.ast.expr.EmptyExpression>: null

2022-02-10 16:47:24 - [TEST_STEP][PASSED] - RN = Math.random() * 5000: null

2022-02-10 16:47:24 - [TEST_STEP][PASSED] - setText(findTestObject("Regular Create campaign/Page_AdRoot Ad Manager - One Place To Manag_7de57e/Page_AdRoot  Create Campaign Steps/input_Campaign name_custom-input"), "appadroot" + RN): Text 'appadroot1497' is set on object 'Object Repository/Regular Create campaign/Page_AdRoot Ad Manager - One Place To Manag_7de57e/Page_AdRoot  Create Campaign Steps/input_Campaign name_custom-input'

2022-02-10 16:47:28 - [MESSAGE][PASSED] - Text 'appadroot1497' is set on object 'Object Repository/Regular Create campaign/Page_AdRoot Ad Manager - One Place To Manag_7de57e/Page_AdRoot  Create Campaign Steps/input_Campaign name_custom-input'

2022-02-10 16:47:28 - [TEST_STEP][PASSED] - click(findTestObject("Object Repository/Regular Create campaign/Page_AdRoot  Campaigns/Page_AdRoot  Create Campaign Steps/button_Next Step")): Object: 'Object Repository/Regular Create campaign/Page_AdRoot  Campaigns/Page_AdRoot  Create Campaign Steps/button_Next Step' is clicked on

2022-02-10 16:47:30 - [MESSAGE][PASSED] - Object: 'Object Repository/Regular Create campaign/Page_AdRoot  Campaigns/Page_AdRoot  Create Campaign Steps/button_Next Step' is clicked on

2022-02-10 16:47:30 - [TEST_STEP][PASSED] - verifyElementPresent(findTestObject("Step2/Page_AdRoot  Create Campaign Steps/div_GS PubSense"), 0): Object 'Object Repository/Step2/Page_AdRoot  Create Campaign Steps/div_GS PubSense' is present

2022-02-10 16:47:30 - [MESSAGE][WARNING] - Timeout '0' is invalid. Using default page load timeout: '30'

2022-02-10 16:47:32 - [MESSAGE][PASSED] - Object 'Object Repository/Step2/Page_AdRoot  Create Campaign Steps/div_GS PubSense' is present

2022-02-10 16:47:32 - [TEST_STEP][PASSED] - verifyElementPresent(findTestObject("Step2/Page_AdRoot  Create Campaign Steps/div_Artashes Mxchyan"), 0): Object 'Object Repository/Step2/Page_AdRoot  Create Campaign Steps/div_Artashes Mxchyan' is present

2022-02-10 16:47:32 - [MESSAGE][WARNING] - Timeout '0' is invalid. Using default page load timeout: '30'

2022-02-10 16:47:34 - [MESSAGE][PASSED] - Object 'Object Repository/Step2/Page_AdRoot  Create Campaign Steps/div_Artashes Mxchyan' is present

2022-02-10 16:47:34 - [TEST_STEP][PASSED] - click(findTestObject("Step2/Page_AdRoot  Create Campaign Steps/button_Next Step")): Object: 'Object Repository/Step2/Page_AdRoot  Create Campaign Steps/button_Next Step' is clicked on

2022-02-10 16:47:36 - [MESSAGE][PASSED] - Object: 'Object Repository/Step2/Page_AdRoot  Create Campaign Steps/button_Next Step' is clicked on

2022-02-10 16:47:36 - [TEST_STEP][PASSED] - click(findTestObject("Object Repository/Step2/Page_AdRoot  Create Campaign Steps/Page_AdRoot  Create Campaign Steps/input_Primary Text_invalid custom-input")): Object: 'Object Repository/Step2/Page_AdRoot  Create Campaign Steps/Page_AdRoot  Create Campaign Steps/input_Primary Text_invalid custom-input' is clicked on

2022-02-10 16:47:38 - [MESSAGE][PASSED] - Object: 'Object Repository/Step2/Page_AdRoot  Create Campaign Steps/Page_AdRoot  Create Campaign Steps/input_Primary Text_invalid custom-input' is clicked on

2022-02-10 16:47:38 - [TEST_STEP][PASSED] - setText(findTestObject("Object Repository/Step2/Page_AdRoot  Create Campaign Steps/Page_AdRoot  Create Campaign Steps/input_Primary Text_invalid custom-input"), "Social media"): Text 'Social media' is set on object 'Object Repository/Step2/Page_AdRoot  Create Campaign Steps/Page_AdRoot  Create Campaign Steps/input_Primary Text_invalid custom-input'

2022-02-10 16:47:42 - [MESSAGE][PASSED] - Text 'Social media' is set on object 'Object Repository/Step2/Page_AdRoot  Create Campaign Steps/Page_AdRoot  Create Campaign Steps/input_Primary Text_invalid custom-input'

2022-02-10 16:47:42 - [TEST_STEP][PASSED] - setText(findTestObject("Step2/Page_AdRoot  Create Campaign Steps/Page_AdRoot  Create Campaign Steps/input_Headline_custom-input"), "Social media ads management "): Text 'Social media ads management ' is set on object 'Object Repository/Step2/Page_AdRoot  Create Campaign Steps/Page_AdRoot  Create Campaign Steps/input_Headline_custom-input'

2022-02-10 16:47:46 - [MESSAGE][PASSED] - Text 'Social media ads management ' is set on object 'Object Repository/Step2/Page_AdRoot  Create Campaign Steps/Page_AdRoot  Create Campaign Steps/input_Headline_custom-input'

2022-02-10 16:47:46 - [TEST_STEP][PASSED] - setText(findTestObject("Step2/Page_AdRoot  Create Campaign Steps/Page_AdRoot  Create Campaign Steps/input_Ad Description_custom-input"), "Our Mission is to create one place for all advertising needs"): Text 'Our Mission is to create one place for all advertising needs' is set on object 'Object Repository/Step2/Page_AdRoot  Create Campaign Steps/Page_AdRoot  Create Campaign Steps/input_Ad Description_custom-input'

2022-02-10 16:47:50 - [MESSAGE][PASSED] - Text 'Our Mission is to create one place for all advertising needs' is set on object 'Object Repository/Step2/Page_AdRoot  Create Campaign Steps/Page_AdRoot  Create Campaign Steps/input_Ad Description_custom-input'

2022-02-10 16:47:50 - [TEST_STEP][PASSED] - setText(findTestObject("Step2/Page_AdRoot  Create Campaign Steps/input_Website URL_custom-input"), "gsmediagroup.net"): Text 'gsmediagroup.net' is set on object 'Object Repository/Step2/Page_AdRoot  Create Campaign Steps/input_Website URL_custom-input'

2022-02-10 16:47:54 - [MESSAGE][PASSED] - Text 'gsmediagroup.net' is set on object 'Object Repository/Step2/Page_AdRoot  Create Campaign Steps/input_Website URL_custom-input'

2022-02-10 16:47:54 - [TEST_STEP][PASSED] - click(findTestObject("Step2/Page_AdRoot  Create Campaign Steps/div_Choose AD")): Object: 'Object Repository/Step2/Page_AdRoot  Create Campaign Steps/div_Choose AD' is clicked on

2022-02-10 16:47:56 - [MESSAGE][PASSED] - Object: 'Object Repository/Step2/Page_AdRoot  Create Campaign Steps/div_Choose AD' is clicked on

2022-02-10 16:47:56 - [TEST_STEP][PASSED] - click(findTestObject("Object Repository/App-Create campaign/Page_AdRoot  Create Campaign Steps/span_cropped-512adroot.jpg")): Object: 'Object Repository/App-Create campaign/Page_AdRoot  Create Campaign Steps/span_cropped-512adroot.jpg' is clicked on

2022-02-10 16:47:58 - [MESSAGE][PASSED] - Object: 'Object Repository/App-Create campaign/Page_AdRoot  Create Campaign Steps/span_cropped-512adroot.jpg' is clicked on

2022-02-10 16:47:58 - [TEST_STEP][PASSED] - click(findTestObject("Step2/Page_AdRoot  Create Campaign Steps/div_cropped-512adroot.jpg_image-cont image")): Object: 'Object Repository/Step2/Page_AdRoot  Create Campaign Steps/div_cropped-512adroot.jpg_image-cont image' is clicked on

2022-02-10 16:48:00 - [MESSAGE][PASSED] - Object: 'Object Repository/Step2/Page_AdRoot  Create Campaign Steps/div_cropped-512adroot.jpg_image-cont image' is clicked on

2022-02-10 16:48:00 - [TEST_STEP][PASSED] - click(findTestObject("Step3/Page_AdRoot  Create Campaign Steps/button_Select")): Object: 'Object Repository/Step3/Page_AdRoot  Create Campaign Steps/button_Select' is clicked on

2022-02-10 16:48:02 - [MESSAGE][PASSED] - Object: 'Object Repository/Step3/Page_AdRoot  Create Campaign Steps/button_Select' is clicked on

2022-02-10 16:48:02 - [TEST_STEP][PASSED] - mouseOver(findTestObject("Google display/Page_AdRoot  Create Campaign Steps/div_1052Business nameHeadlineChoose ADHeadlineAd DescriptionOpen"), STOP_ON_FAILURE): Object: 'Object Repository/Google display/Page_AdRoot  Create Campaign Steps/div_1052Business nameHeadlineChoose ADHeadlineAd DescriptionOpen' is hovered

2022-02-10 16:48:07 - [MESSAGE][PASSED] - Object: 'Object Repository/Google display/Page_AdRoot  Create Campaign Steps/div_1052Business nameHeadlineChoose ADHeadlineAd DescriptionOpen' is hovered

2022-02-10 16:48:07 - [TEST_STEP][PASSED] - click(findTestObject("Step3/Page_AdRoot  Create Campaign Steps/Page_AdRoot  Create Campaign Steps/div_Open_actions-mode")): Object: 'Object Repository/Step3/Page_AdRoot  Create Campaign Steps/Page_AdRoot  Create Campaign Steps/div_Open_actions-mode' is clicked on

2022-02-10 16:48:09 - [MESSAGE][PASSED] - Object: 'Object Repository/Step3/Page_AdRoot  Create Campaign Steps/Page_AdRoot  Create Campaign Steps/div_Open_actions-mode' is clicked on

2022-02-10 16:48:09 - [TEST_STEP][PASSED] - click(findTestObject("Step3/Page_AdRoot  Create Campaign Steps/div_Open_edit")): Object: 'Object Repository/Step3/Page_AdRoot  Create Campaign Steps/div_Open_edit' is clicked on

2022-02-10 16:48:11 - [MESSAGE][PASSED] - Object: 'Object Repository/Step3/Page_AdRoot  Create Campaign Steps/div_Open_edit' is clicked on

2022-02-10 16:48:11 - [TEST_STEP][PASSED] - setText(findTestObject("Step3/Page_AdRoot  Create Campaign Steps/input_Business Name_custom-input"), "GS media"): Text 'GS media' is set on object 'Object Repository/Step3/Page_AdRoot  Create Campaign Steps/input_Business Name_custom-input'

2022-02-10 16:48:15 - [MESSAGE][PASSED] - Text 'GS media' is set on object 'Object Repository/Step3/Page_AdRoot  Create Campaign Steps/input_Business Name_custom-input'

2022-02-10 16:48:15 - [TEST_STEP][PASSED] - setText(findTestObject("Step3/Page_AdRoot  Create Campaign Steps/input_Long headline_custom-input"), "Ad management system"): Text 'Ad management system' is set on object 'Object Repository/Step3/Page_AdRoot  Create Campaign Steps/input_Long headline_custom-input'

2022-02-10 16:48:19 - [MESSAGE][PASSED] - Text 'Ad management system' is set on object 'Object Repository/Step3/Page_AdRoot  Create Campaign Steps/input_Long headline_custom-input'

2022-02-10 16:48:19 - [TEST_STEP][PASSED] - click(findTestObject("Step3/Page_AdRoot  Create Campaign Steps/button_Save")): Object: 'Object Repository/Step3/Page_AdRoot  Create Campaign Steps/button_Save' is clicked on

2022-02-10 16:48:21 - [MESSAGE][PASSED] - Object: 'Object Repository/Step3/Page_AdRoot  Create Campaign Steps/button_Save' is clicked on

2022-02-10 16:48:21 - [TEST_STEP][PASSED] - click(findTestObject("Object Repository/Step 4,5/Page_AdRoot  Create Campaign Steps/button_Next Step (1)")): Object: 'Object Repository/Step 4,5/Page_AdRoot  Create Campaign Steps/button_Next Step (1)' is clicked on

2022-02-10 16:48:23 - [MESSAGE][PASSED] - Object: 'Object Repository/Step 4,5/Page_AdRoot  Create Campaign Steps/button_Next Step (1)' is clicked on

2022-02-10 16:48:23 - [TEST_STEP][PASSED] - click(findTestObject("Object Repository/Step 4,5/Page_AdRoot  Create Campaign Steps/button_Next Step (1)")): Object: 'Object Repository/Step 4,5/Page_AdRoot  Create Campaign Steps/button_Next Step (1)' is clicked on

2022-02-10 16:48:56 - [MESSAGE][INFO] - Unable to find the element located by 'By.xpath: //div[@id='scrollable']/div/div[2]/div/div[2]/button[2]'. Please recheck the objects properties to make sure the desired element is located. 

2022-02-10 16:48:56 - [MESSAGE][WARNING] - [SELF-HEALING] Failed to find element with id 'Object Repository/Step 4,5/Page_AdRoot  Create Campaign Steps/button_Next Step (1)'. Try using Self-healing.

2022-02-10 16:48:58 - [MESSAGE][WARNING] - [SELF-HEALING] The current locator of test object 'Object Repository/Step 4,5/Page_AdRoot  Create Campaign Steps/button_Next Step (1)' was broken. Propose an alternative one: '(.//*[normalize-space(text()) and normalize-space(.)='Previous Step'])[1]/following::button[1]'.

2022-02-10 16:48:58 - [MESSAGE][PASSED] - Object: 'Object Repository/Step 4,5/Page_AdRoot  Create Campaign Steps/button_Next Step (1)' is clicked on

2022-02-10 16:48:58 - [TEST_STEP][PASSED] - setText(findTestObject("Object Repository/Step 4,5/Page_AdRoot  Create Campaign Steps/input_Daily_custom-input"), "$ 1"): Text '$ 1' is set on object 'Object Repository/Step 4,5/Page_AdRoot  Create Campaign Steps/input_Daily_custom-input'

2022-02-10 16:49:02 - [MESSAGE][PASSED] - Text '$ 1' is set on object 'Object Repository/Step 4,5/Page_AdRoot  Create Campaign Steps/input_Daily_custom-input'

2022-02-10 16:49:02 - [TEST_STEP][PASSED] - click(findTestObject("Object Repository/Step 4,5/Page_AdRoot  Create Campaign Steps/button_Finish")): Object: 'Object Repository/Step 4,5/Page_AdRoot  Create Campaign Steps/button_Finish' is clicked on

2022-02-10 16:49:04 - [MESSAGE][PASSED] - Object: 'Object Repository/Step 4,5/Page_AdRoot  Create Campaign Steps/button_Finish' is clicked on

2022-02-10 16:49:04 - [TEST_STEP][PASSED] - verifyElementPresent(findTestObject("Object Repository/Step 4,5/Page_AdRoot  Campaigns/div_PENDING"), 0): Object 'Object Repository/Step 4,5/Page_AdRoot  Campaigns/div_PENDING' is present

2022-02-10 16:49:04 - [MESSAGE][WARNING] - Timeout '0' is invalid. Using default page load timeout: '30'

2022-02-10 16:49:06 - [MESSAGE][PASSED] - Object 'Object Repository/Step 4,5/Page_AdRoot  Campaigns/div_PENDING' is present

2022-02-10 16:49:06 - [TEST_STEP][PASSED] - closeBrowser(): Browser is closed

2022-02-10 16:49:06 - [MESSAGE][PASSED] - Browser is closed]]></system-out>
         <system-err><![CDATA[]]></system-err>
      </testcase>
      <testcase name="Test Cases/Everyday create campaign/App-Create campaign/App-Traffic campaign" time="73.106" classname="Test Cases/Everyday create campaign/App-Create campaign/App-Traffic campaign" status="PASSED">
         <system-out><![CDATA[2022-02-10 16:49:06 - [TEST_CASE][PASSED] - Test Cases/Everyday create campaign/App-Create campaign/App-Traffic campaign: Test Cases/Everyday create campaign/App-Create campaign/App-Traffic campaign

2022-02-10 16:49:07 - [TEST_STEP][PASSED] - openBrowser(""): Browser is opened with url: ''

2022-02-10 16:49:07 - [MESSAGE][INFO] - Starting 'Chrome' driver

2022-02-10 16:49:07 - [MESSAGE][INFO] - Action delay is set to 0 milliseconds

2022-02-10 16:49:08 - [MESSAGE][PASSED] - Browser is opened with url: ''

2022-02-10 16:49:08 - [TEST_STEP][PASSED] - setViewPortSize(1550, 900): Viewport is set to new size with width = 1550 and height = 900

2022-02-10 16:49:08 - [MESSAGE][PASSED] - Viewport is set to new size with width = 1550 and height = 900

2022-02-10 16:49:08 - [TEST_STEP][PASSED] - navigateToUrl("https://app.adroot.io/auth/signin"): Navigate to 'https://app.adroot.io/auth/signin' successfully

2022-02-10 16:49:10 - [MESSAGE][PASSED] - Navigate to 'https://app.adroot.io/auth/signin' successfully

2022-02-10 16:49:10 - [TEST_STEP][PASSED] - setText(findTestObject("Object Repository/Regular Create campaign/Page_AdRoot  Login/input_E-mail_email"), "makronmanuel01@gmail.com"): Text 'makronmanuel01@gmail.com' is set on object 'Object Repository/Regular Create campaign/Page_AdRoot  Login/input_E-mail_email'

2022-02-10 16:49:11 - [MESSAGE][PASSED] - Text 'makronmanuel01@gmail.com' is set on object 'Object Repository/Regular Create campaign/Page_AdRoot  Login/input_E-mail_email'

2022-02-10 16:49:11 - [TEST_STEP][PASSED] - setEncryptedText(findTestObject("Object Repository/Regular Create campaign/Page_AdRoot  Login/input_Password_password"), "9juLMCYi8sYpY2Mrwe5diw=="): Text ****** has been set on object 'Object Repository/Regular Create campaign/Page_AdRoot  Login/input_Password_password'

2022-02-10 16:49:12 - [MESSAGE][PASSED] - Text ****** has been set on object 'Object Repository/Regular Create campaign/Page_AdRoot  Login/input_Password_password'

2022-02-10 16:49:12 - [TEST_STEP][PASSED] - click(findTestObject("Object Repository/Regular Create campaign/Page_AdRoot  Login/button_Sign in")): Object: 'Object Repository/Regular Create campaign/Page_AdRoot  Login/button_Sign in' is clicked on

2022-02-10 16:49:12 - [MESSAGE][PASSED] - Object: 'Object Repository/Regular Create campaign/Page_AdRoot  Login/button_Sign in' is clicked on

2022-02-10 16:49:12 - [TEST_STEP][PASSED] - click(findTestObject("Object Repository/Regular Create campaign/Page_AdRoot  Campaigns/div_MakronOwner")): Object: 'Object Repository/Regular Create campaign/Page_AdRoot  Campaigns/div_MakronOwner' is clicked on

2022-02-10 16:49:14 - [MESSAGE][PASSED] - Object: 'Object Repository/Regular Create campaign/Page_AdRoot  Campaigns/div_MakronOwner' is clicked on

2022-02-10 16:49:14 - [TEST_STEP][PASSED] - click(findTestObject("Object Repository/App-Create campaign/Page_AdRoot  Campaigns/div_By Ruzan (app)")): Object: 'Object Repository/App-Create campaign/Page_AdRoot  Campaigns/div_By Ruzan (app)' is clicked on

2022-02-10 16:49:15 - [MESSAGE][PASSED] - Object: 'Object Repository/App-Create campaign/Page_AdRoot  Campaigns/div_By Ruzan (app)' is clicked on

2022-02-10 16:49:15 - [TEST_STEP][PASSED] - click(findTestObject("Object Repository/Regular Create campaign/Page_AdRoot  Dashboard/a_Campaigns")): Object: 'Object Repository/Regular Create campaign/Page_AdRoot  Dashboard/a_Campaigns' is clicked on

2022-02-10 16:49:18 - [MESSAGE][PASSED] - Object: 'Object Repository/Regular Create campaign/Page_AdRoot  Dashboard/a_Campaigns' is clicked on

2022-02-10 16:49:18 - [TEST_STEP][PASSED] - click(findTestObject("Regular Create campaign/Page_AdRoot  Campaigns/div_Campaign View")): Object: 'Object Repository/Regular Create campaign/Page_AdRoot  Campaigns/div_Campaign View' is clicked on

2022-02-10 16:49:19 - [MESSAGE][PASSED] - Object: 'Object Repository/Regular Create campaign/Page_AdRoot  Campaigns/div_Campaign View' is clicked on

2022-02-10 16:49:19 - [TEST_STEP][PASSED] - click(findTestObject("Regular Create campaign/Page_AdRoot  Campaigns/div_New Campaign")): Object: 'Object Repository/Regular Create campaign/Page_AdRoot  Campaigns/div_New Campaign' is clicked on

2022-02-10 16:49:20 - [MESSAGE][PASSED] - Object: 'Object Repository/Regular Create campaign/Page_AdRoot  Campaigns/div_New Campaign' is clicked on

2022-02-10 16:49:20 - [TEST_STEP][PASSED] - setText(findTestObject("Page_AdRoot  Create Campaign Steps/input_Campaign name_custom-input"), "appadroot1"): Text 'appadroot1' is set on object 'Object Repository/Page_AdRoot  Create Campaign Steps/input_Campaign name_custom-input'

2022-02-10 16:49:22 - [MESSAGE][PASSED] - Text 'appadroot1' is set on object 'Object Repository/Page_AdRoot  Create Campaign Steps/input_Campaign name_custom-input'

2022-02-10 16:49:22 - [TEST_STEP][PASSED] - click(findTestObject("Regular Create campaign/Page_AdRoot  Campaigns/Page_AdRoot  Create Campaign Steps/span_Name is taken")): Object: 'Object Repository/Regular Create campaign/Page_AdRoot  Campaigns/Page_AdRoot  Create Campaign Steps/span_Name is taken' is clicked on

2022-02-10 16:49:22 - [MESSAGE][PASSED] - Object: 'Object Repository/Regular Create campaign/Page_AdRoot  Campaigns/Page_AdRoot  Create Campaign Steps/span_Name is taken' is clicked on

2022-02-10 16:49:22 - [TEST_STEP][PASSED] - Ms = verifyTextPresent("Name is taken", false): Text 'Name is taken' is present on page 

2022-02-10 16:49:22 - [MESSAGE][PASSED] - Text 'Name is taken' is present on page 

2022-02-10 16:49:22 - [TEST_STEP][PASSED] - if (Ms.equals("true")): Object: 'Object Repository/Regular Create campaign/Page_AdRoot  Campaigns/Page_AdRoot  Create Campaign Steps/button_Next Step' is clicked on

2022-02-10 16:49:22 - [TEST_STEP][PASSED] - RN = <not implemented yet for class: org.codehaus.groovy.ast.expr.EmptyExpression>: null

2022-02-10 16:49:22 - [TEST_STEP][PASSED] - RN = Math.random() * 5000: null

2022-02-10 16:49:22 - [TEST_STEP][PASSED] - setText(findTestObject("Regular Create campaign/Page_AdRoot Ad Manager - One Place To Manag_7de57e/Page_AdRoot  Create Campaign Steps/input_Campaign name_custom-input"), "appadroot" + RN): Text 'appadroot3949' is set on object 'Object Repository/Regular Create campaign/Page_AdRoot Ad Manager - One Place To Manag_7de57e/Page_AdRoot  Create Campaign Steps/input_Campaign name_custom-input'

2022-02-10 16:49:23 - [MESSAGE][PASSED] - Text 'appadroot3949' is set on object 'Object Repository/Regular Create campaign/Page_AdRoot Ad Manager - One Place To Manag_7de57e/Page_AdRoot  Create Campaign Steps/input_Campaign name_custom-input'

2022-02-10 16:49:23 - [TEST_STEP][PASSED] - click(findTestObject("Object Repository/Regular Create campaign/Page_AdRoot  Campaigns/Page_AdRoot  Create Campaign Steps/button_Next Step")): Object: 'Object Repository/Regular Create campaign/Page_AdRoot  Campaigns/Page_AdRoot  Create Campaign Steps/button_Next Step' is clicked on

2022-02-10 16:49:24 - [MESSAGE][PASSED] - Object: 'Object Repository/Regular Create campaign/Page_AdRoot  Campaigns/Page_AdRoot  Create Campaign Steps/button_Next Step' is clicked on

2022-02-10 16:49:24 - [TEST_STEP][PASSED] - verifyElementPresent(findTestObject("Step2/Page_AdRoot  Create Campaign Steps/div_GS PubSense"), 0): Object 'Object Repository/Step2/Page_AdRoot  Create Campaign Steps/div_GS PubSense' is present

2022-02-10 16:49:24 - [MESSAGE][WARNING] - Timeout '0' is invalid. Using default page load timeout: '30'

2022-02-10 16:49:25 - [MESSAGE][PASSED] - Object 'Object Repository/Step2/Page_AdRoot  Create Campaign Steps/div_GS PubSense' is present

2022-02-10 16:49:25 - [TEST_STEP][PASSED] - verifyElementPresent(findTestObject("Step2/Page_AdRoot  Create Campaign Steps/div_Artashes Mxchyan"), 0): Object 'Object Repository/Step2/Page_AdRoot  Create Campaign Steps/div_Artashes Mxchyan' is present

2022-02-10 16:49:25 - [MESSAGE][WARNING] - Timeout '0' is invalid. Using default page load timeout: '30'

2022-02-10 16:49:25 - [MESSAGE][PASSED] - Object 'Object Repository/Step2/Page_AdRoot  Create Campaign Steps/div_Artashes Mxchyan' is present

2022-02-10 16:49:25 - [TEST_STEP][PASSED] - click(findTestObject("Step2/Page_AdRoot  Create Campaign Steps/button_Next Step")): Object: 'Object Repository/Step2/Page_AdRoot  Create Campaign Steps/button_Next Step' is clicked on

2022-02-10 16:49:26 - [MESSAGE][PASSED] - Object: 'Object Repository/Step2/Page_AdRoot  Create Campaign Steps/button_Next Step' is clicked on

2022-02-10 16:49:26 - [TEST_STEP][PASSED] - click(findTestObject("Object Repository/Step2/Page_AdRoot  Create Campaign Steps/Page_AdRoot  Create Campaign Steps/input_Primary Text_invalid custom-input")): Object: 'Object Repository/Step2/Page_AdRoot  Create Campaign Steps/Page_AdRoot  Create Campaign Steps/input_Primary Text_invalid custom-input' is clicked on

2022-02-10 16:49:27 - [MESSAGE][PASSED] - Object: 'Object Repository/Step2/Page_AdRoot  Create Campaign Steps/Page_AdRoot  Create Campaign Steps/input_Primary Text_invalid custom-input' is clicked on

2022-02-10 16:49:27 - [TEST_STEP][PASSED] - setText(findTestObject("Object Repository/Step2/Page_AdRoot  Create Campaign Steps/Page_AdRoot  Create Campaign Steps/input_Primary Text_invalid custom-input"), "Social media"): Text 'Social media' is set on object 'Object Repository/Step2/Page_AdRoot  Create Campaign Steps/Page_AdRoot  Create Campaign Steps/input_Primary Text_invalid custom-input'

2022-02-10 16:49:28 - [MESSAGE][PASSED] - Text 'Social media' is set on object 'Object Repository/Step2/Page_AdRoot  Create Campaign Steps/Page_AdRoot  Create Campaign Steps/input_Primary Text_invalid custom-input'

2022-02-10 16:49:28 - [TEST_STEP][PASSED] - setText(findTestObject("Step2/Page_AdRoot  Create Campaign Steps/Page_AdRoot  Create Campaign Steps/input_Headline_custom-input"), "Social media ads management "): Text 'Social media ads management ' is set on object 'Object Repository/Step2/Page_AdRoot  Create Campaign Steps/Page_AdRoot  Create Campaign Steps/input_Headline_custom-input'

2022-02-10 16:49:29 - [MESSAGE][PASSED] - Text 'Social media ads management ' is set on object 'Object Repository/Step2/Page_AdRoot  Create Campaign Steps/Page_AdRoot  Create Campaign Steps/input_Headline_custom-input'

2022-02-10 16:49:29 - [TEST_STEP][PASSED] - setText(findTestObject("Step2/Page_AdRoot  Create Campaign Steps/Page_AdRoot  Create Campaign Steps/input_Ad Description_custom-input"), "Our Mission is to create one place for all advertising needs"): Text 'Our Mission is to create one place for all advertising needs' is set on object 'Object Repository/Step2/Page_AdRoot  Create Campaign Steps/Page_AdRoot  Create Campaign Steps/input_Ad Description_custom-input'

2022-02-10 16:49:30 - [MESSAGE][PASSED] - Text 'Our Mission is to create one place for all advertising needs' is set on object 'Object Repository/Step2/Page_AdRoot  Create Campaign Steps/Page_AdRoot  Create Campaign Steps/input_Ad Description_custom-input'

2022-02-10 16:49:30 - [TEST_STEP][PASSED] - setText(findTestObject("Step2/Page_AdRoot  Create Campaign Steps/input_Website URL_custom-input"), "gsmediagroup.net"): Text 'gsmediagroup.net' is set on object 'Object Repository/Step2/Page_AdRoot  Create Campaign Steps/input_Website URL_custom-input'

2022-02-10 16:49:31 - [MESSAGE][PASSED] - Text 'gsmediagroup.net' is set on object 'Object Repository/Step2/Page_AdRoot  Create Campaign Steps/input_Website URL_custom-input'

2022-02-10 16:49:31 - [TEST_STEP][PASSED] - click(findTestObject("Step2/Page_AdRoot  Create Campaign Steps/div_Choose AD")): Object: 'Object Repository/Step2/Page_AdRoot  Create Campaign Steps/div_Choose AD' is clicked on

2022-02-10 16:49:32 - [MESSAGE][PASSED] - Object: 'Object Repository/Step2/Page_AdRoot  Create Campaign Steps/div_Choose AD' is clicked on

2022-02-10 16:49:32 - [TEST_STEP][PASSED] - click(findTestObject("Object Repository/App-Create campaign/Page_AdRoot  Create Campaign Steps/span_cropped-512adroot.jpg")): Object: 'Object Repository/App-Create campaign/Page_AdRoot  Create Campaign Steps/span_cropped-512adroot.jpg' is clicked on

2022-02-10 16:49:32 - [MESSAGE][PASSED] - Object: 'Object Repository/App-Create campaign/Page_AdRoot  Create Campaign Steps/span_cropped-512adroot.jpg' is clicked on

2022-02-10 16:49:32 - [TEST_STEP][PASSED] - click(findTestObject("Step3/Page_AdRoot  Create Campaign Steps/button_Select")): Object: 'Object Repository/Step3/Page_AdRoot  Create Campaign Steps/button_Select' is clicked on

2022-02-10 16:49:33 - [MESSAGE][PASSED] - Object: 'Object Repository/Step3/Page_AdRoot  Create Campaign Steps/button_Select' is clicked on

2022-02-10 16:49:33 - [TEST_STEP][PASSED] - mouseOver(findTestObject("Google display/Page_AdRoot  Create Campaign Steps/div_1052Business nameHeadlineChoose ADHeadlineAd DescriptionOpen"), STOP_ON_FAILURE): Object: 'Object Repository/Google display/Page_AdRoot  Create Campaign Steps/div_1052Business nameHeadlineChoose ADHeadlineAd DescriptionOpen' is hovered

2022-02-10 16:49:34 - [MESSAGE][PASSED] - Object: 'Object Repository/Google display/Page_AdRoot  Create Campaign Steps/div_1052Business nameHeadlineChoose ADHeadlineAd DescriptionOpen' is hovered

2022-02-10 16:49:34 - [TEST_STEP][PASSED] - click(findTestObject("Object Repository/Step3/Page_AdRoot  Create Campaign Steps/Page_AdRoot  Create Campaign Steps/div_Open_actions-mode")): Object: 'Object Repository/Step3/Page_AdRoot  Create Campaign Steps/Page_AdRoot  Create Campaign Steps/div_Open_actions-mode' is clicked on

2022-02-10 16:49:34 - [MESSAGE][PASSED] - Object: 'Object Repository/Step3/Page_AdRoot  Create Campaign Steps/Page_AdRoot  Create Campaign Steps/div_Open_actions-mode' is clicked on

2022-02-10 16:49:34 - [TEST_STEP][PASSED] - click(findTestObject("Step3/Page_AdRoot  Create Campaign Steps/div_Open_edit")): Object: 'Object Repository/Step3/Page_AdRoot  Create Campaign Steps/div_Open_edit' is clicked on

2022-02-10 16:49:34 - [MESSAGE][PASSED] - Object: 'Object Repository/Step3/Page_AdRoot  Create Campaign Steps/div_Open_edit' is clicked on

2022-02-10 16:49:34 - [TEST_STEP][PASSED] - setText(findTestObject("Step3/Page_AdRoot  Create Campaign Steps/input_Business Name_custom-input"), "GS media"): Text 'GS media' is set on object 'Object Repository/Step3/Page_AdRoot  Create Campaign Steps/input_Business Name_custom-input'

2022-02-10 16:49:36 - [MESSAGE][PASSED] - Text 'GS media' is set on object 'Object Repository/Step3/Page_AdRoot  Create Campaign Steps/input_Business Name_custom-input'

2022-02-10 16:49:36 - [TEST_STEP][PASSED] - setText(findTestObject("Step3/Page_AdRoot  Create Campaign Steps/input_Long headline_custom-input"), "Ad management system"): Text 'Ad management system' is set on object 'Object Repository/Step3/Page_AdRoot  Create Campaign Steps/input_Long headline_custom-input'

2022-02-10 16:49:37 - [MESSAGE][PASSED] - Text 'Ad management system' is set on object 'Object Repository/Step3/Page_AdRoot  Create Campaign Steps/input_Long headline_custom-input'

2022-02-10 16:49:37 - [TEST_STEP][PASSED] - click(findTestObject("Step3/Page_AdRoot  Create Campaign Steps/button_Save")): Object: 'Object Repository/Step3/Page_AdRoot  Create Campaign Steps/button_Save' is clicked on

2022-02-10 16:49:38 - [MESSAGE][PASSED] - Object: 'Object Repository/Step3/Page_AdRoot  Create Campaign Steps/button_Save' is clicked on

2022-02-10 16:49:38 - [TEST_STEP][PASSED] - mouseOver(findTestObject("Object Repository/Step3/Step 3 Google search/Page_AdRoot  Create Campaign Steps/div_Ad_actions-mode")): Object: 'Object Repository/Step3/Step 3 Google search/Page_AdRoot  Create Campaign Steps/div_Ad_actions-mode' is hovered

2022-02-10 16:49:38 - [MESSAGE][PASSED] - Object: 'Object Repository/Step3/Step 3 Google search/Page_AdRoot  Create Campaign Steps/div_Ad_actions-mode' is hovered

2022-02-10 16:49:38 - [TEST_STEP][PASSED] - mouseOver(findTestObject("Object Repository/Step3/Step 3 Google search/Page_AdRoot  Create Campaign Steps/div_1052horAdhoem.comhoreAdAdAd")): Object: 'Object Repository/Step3/Step 3 Google search/Page_AdRoot  Create Campaign Steps/div_1052horAdhoem.comhoreAdAdAd' is hovered

2022-02-10 16:49:39 - [MESSAGE][PASSED] - Object: 'Object Repository/Step3/Step 3 Google search/Page_AdRoot  Create Campaign Steps/div_1052horAdhoem.comhoreAdAdAd' is hovered

2022-02-10 16:49:39 - [TEST_STEP][PASSED] - click(findTestObject("Object Repository/Step3/Step 3 Google search/Page_AdRoot  Create Campaign Steps/div_Ad_actions-mode")): Object: 'Object Repository/Step3/Step 3 Google search/Page_AdRoot  Create Campaign Steps/div_Ad_actions-mode' is clicked on

2022-02-10 16:49:39 - [MESSAGE][PASSED] - Object: 'Object Repository/Step3/Step 3 Google search/Page_AdRoot  Create Campaign Steps/div_Ad_actions-mode' is clicked on

2022-02-10 16:49:39 - [TEST_STEP][PASSED] - click(findTestObject("Object Repository/Step3/Step 3 Google search/Page_AdRoot  Create Campaign Steps/div_Ad_edit")): Object: 'Object Repository/Step3/Step 3 Google search/Page_AdRoot  Create Campaign Steps/div_Ad_edit' is clicked on

2022-02-10 16:49:40 - [MESSAGE][PASSED] - Object: 'Object Repository/Step3/Step 3 Google search/Page_AdRoot  Create Campaign Steps/div_Ad_edit' is clicked on

2022-02-10 16:49:40 - [TEST_STEP][PASSED] - setText(findTestObject("Object Repository/Step3/Step 3 Google search/Page_AdRoot  Create Campaign Steps/input_Prohibited_custom-input"), "Create ads"): Text 'Create ads' is set on object 'Object Repository/Step3/Step 3 Google search/Page_AdRoot  Create Campaign Steps/input_Prohibited_custom-input'

2022-02-10 16:49:41 - [MESSAGE][PASSED] - Text 'Create ads' is set on object 'Object Repository/Step3/Step 3 Google search/Page_AdRoot  Create Campaign Steps/input_Prohibited_custom-input'

2022-02-10 16:49:41 - [TEST_STEP][PASSED] - setText(findTestObject("Object Repository/Step3/Step 3 Google search/Page_AdRoot  Create Campaign Steps/input_Prohibited_custom-input_1"), "Create campaigns"): Text 'Create campaigns' is set on object 'Object Repository/Step3/Step 3 Google search/Page_AdRoot  Create Campaign Steps/input_Prohibited_custom-input_1'

2022-02-10 16:49:42 - [MESSAGE][PASSED] - Text 'Create campaigns' is set on object 'Object Repository/Step3/Step 3 Google search/Page_AdRoot  Create Campaign Steps/input_Prohibited_custom-input_1'

2022-02-10 16:49:42 - [TEST_STEP][PASSED] - setText(findTestObject("Object Repository/Step3/Step 3 Google search/Page_AdRoot  Create Campaign Steps/input_Prohibited_custom-input_1_2"), "Ad management system"): Text 'Ad management system' is set on object 'Object Repository/Step3/Step 3 Google search/Page_AdRoot  Create Campaign Steps/input_Prohibited_custom-input_1_2'

2022-02-10 16:49:43 - [MESSAGE][PASSED] - Text 'Ad management system' is set on object 'Object Repository/Step3/Step 3 Google search/Page_AdRoot  Create Campaign Steps/input_Prohibited_custom-input_1_2'

2022-02-10 16:49:43 - [TEST_STEP][PASSED] - click(findTestObject("Object Repository/Step3/Step 3 Google search/Page_AdRoot  Create Campaign Steps/button_Save")): Object: 'Object Repository/Step3/Step 3 Google search/Page_AdRoot  Create Campaign Steps/button_Save' is clicked on

2022-02-10 16:49:43 - [MESSAGE][PASSED] - Object: 'Object Repository/Step3/Step 3 Google search/Page_AdRoot  Create Campaign Steps/button_Save' is clicked on

2022-02-10 16:49:43 - [TEST_STEP][PASSED] - click(findTestObject("Object Repository/Step 4,5/Page_AdRoot  Create Campaign Steps/button_Next Step (1)")): Object: 'Object Repository/Step 4,5/Page_AdRoot  Create Campaign Steps/button_Next Step (1)' is clicked on

2022-02-10 16:49:44 - [MESSAGE][PASSED] - Object: 'Object Repository/Step 4,5/Page_AdRoot  Create Campaign Steps/button_Next Step (1)' is clicked on

2022-02-10 16:49:44 - [TEST_STEP][PASSED] - click(findTestObject("Object Repository/Step 4,5/Page_AdRoot  Create Campaign Steps/button_Next Step (1)")): Object: 'Object Repository/Step 4,5/Page_AdRoot  Create Campaign Steps/button_Next Step (1)' is clicked on

2022-02-10 16:50:15 - [MESSAGE][INFO] - Unable to find the element located by 'By.xpath: //div[@id='scrollable']/div/div[2]/div/div[2]/button[2]'. Please recheck the objects properties to make sure the desired element is located. 

2022-02-10 16:50:15 - [MESSAGE][WARNING] - [SELF-HEALING] Failed to find element with id 'Object Repository/Step 4,5/Page_AdRoot  Create Campaign Steps/button_Next Step (1)'. Try using Self-healing.

2022-02-10 16:50:15 - [MESSAGE][INFO] - [SELF-HEALING] Failed Locator: '//div[@id='scrollable']/div/div[2]/div/div[2]/button[2]'.

2022-02-10 16:50:16 - [MESSAGE][INFO] - [SELF-HEALING] Working Locator: '(.//*[normalize-space(text()) and normalize-space(.)='Previous Step'])[1]/following::button[1]'.

2022-02-10 16:50:16 - [MESSAGE][INFO] - [SELF-HEALING] Screenshot: C:/Users/AdRoot_PC2/git/KatalonAutomation1/Reports/Self-healing/Object Repository/Step 4,5/Page_AdRoot  Create Campaign Steps/button_Next Step (1)_neighbor.png

2022-02-10 16:50:16 - [MESSAGE][WARNING] - [SELF-HEALING] The current locator of test object 'Object Repository/Step 4,5/Page_AdRoot  Create Campaign Steps/button_Next Step (1)' was broken. Propose an alternative one: '(.//*[normalize-space(text()) and normalize-space(.)='Previous Step'])[1]/following::button[1]'.

2022-02-10 16:50:16 - [MESSAGE][PASSED] - Object: 'Object Repository/Step 4,5/Page_AdRoot  Create Campaign Steps/button_Next Step (1)' is clicked on

2022-02-10 16:50:16 - [TEST_STEP][PASSED] - setText(findTestObject("Object Repository/Step 4,5/Page_AdRoot  Create Campaign Steps/input_Daily_custom-input"), "$ 1"): Text '$ 1' is set on object 'Object Repository/Step 4,5/Page_AdRoot  Create Campaign Steps/input_Daily_custom-input'

2022-02-10 16:50:17 - [MESSAGE][PASSED] - Text '$ 1' is set on object 'Object Repository/Step 4,5/Page_AdRoot  Create Campaign Steps/input_Daily_custom-input'

2022-02-10 16:50:17 - [TEST_STEP][PASSED] - click(findTestObject("Object Repository/Step 4,5/Page_AdRoot  Create Campaign Steps/button_Finish")): Object: 'Object Repository/Step 4,5/Page_AdRoot  Create Campaign Steps/button_Finish' is clicked on

2022-02-10 16:50:18 - [MESSAGE][PASSED] - Object: 'Object Repository/Step 4,5/Page_AdRoot  Create Campaign Steps/button_Finish' is clicked on

2022-02-10 16:50:18 - [TEST_STEP][PASSED] - verifyElementPresent(findTestObject("Object Repository/Step 4,5/Page_AdRoot  Campaigns/div_PENDING"), 0): Object 'Object Repository/Step 4,5/Page_AdRoot  Campaigns/div_PENDING' is present

2022-02-10 16:50:18 - [MESSAGE][WARNING] - Timeout '0' is invalid. Using default page load timeout: '30'

2022-02-10 16:50:19 - [MESSAGE][PASSED] - Object 'Object Repository/Step 4,5/Page_AdRoot  Campaigns/div_PENDING' is present

2022-02-10 16:50:19 - [TEST_STEP][PASSED] - closeBrowser(STOP_ON_FAILURE): Browser is closed

2022-02-10 16:50:20 - [MESSAGE][PASSED] - Browser is closed]]></system-out>
         <system-err><![CDATA[]]></system-err>
      </testcase>
      <testcase name="Test Cases/Everyday create campaign/App-Create campaign/App-Video views" time="75.754" classname="Test Cases/Everyday create campaign/App-Create campaign/App-Video views" status="PASSED">
         <system-out><![CDATA[2022-02-10 16:50:20 - [TEST_CASE][PASSED] - Test Cases/Everyday create campaign/App-Create campaign/App-Video views: Test Cases/Everyday create campaign/App-Create campaign/App-Video views

2022-02-10 16:50:20 - [TEST_STEP][PASSED] - openBrowser(""): Browser is opened with url: ''

2022-02-10 16:50:20 - [MESSAGE][INFO] - Starting 'Chrome' driver

2022-02-10 16:50:20 - [MESSAGE][INFO] - Action delay is set to 0 milliseconds

2022-02-10 16:50:21 - [MESSAGE][PASSED] - Browser is opened with url: ''

2022-02-10 16:50:21 - [TEST_STEP][PASSED] - setViewPortSize(1550, 900): Viewport is set to new size with width = 1550 and height = 900

2022-02-10 16:50:21 - [MESSAGE][PASSED] - Viewport is set to new size with width = 1550 and height = 900

2022-02-10 16:50:21 - [TEST_STEP][PASSED] - navigateToUrl("https://app.adroot.io/auth/signin"): Navigate to 'https://app.adroot.io/auth/signin' successfully

2022-02-10 16:50:24 - [MESSAGE][PASSED] - Navigate to 'https://app.adroot.io/auth/signin' successfully

2022-02-10 16:50:24 - [TEST_STEP][PASSED] - setText(findTestObject("Object Repository/Regular Create campaign/Page_AdRoot  Login/input_E-mail_email"), "makronmanuel01@gmail.com"): Text 'makronmanuel01@gmail.com' is set on object 'Object Repository/Regular Create campaign/Page_AdRoot  Login/input_E-mail_email'

2022-02-10 16:50:25 - [MESSAGE][PASSED] - Text 'makronmanuel01@gmail.com' is set on object 'Object Repository/Regular Create campaign/Page_AdRoot  Login/input_E-mail_email'

2022-02-10 16:50:25 - [TEST_STEP][PASSED] - setEncryptedText(findTestObject("Object Repository/Regular Create campaign/Page_AdRoot  Login/input_Password_password"), "9juLMCYi8sYpY2Mrwe5diw=="): Text ****** has been set on object 'Object Repository/Regular Create campaign/Page_AdRoot  Login/input_Password_password'

2022-02-10 16:50:26 - [MESSAGE][PASSED] - Text ****** has been set on object 'Object Repository/Regular Create campaign/Page_AdRoot  Login/input_Password_password'

2022-02-10 16:50:26 - [TEST_STEP][PASSED] - click(findTestObject("Object Repository/Regular Create campaign/Page_AdRoot  Login/button_Sign in")): Object: 'Object Repository/Regular Create campaign/Page_AdRoot  Login/button_Sign in' is clicked on

2022-02-10 16:50:26 - [MESSAGE][PASSED] - Object: 'Object Repository/Regular Create campaign/Page_AdRoot  Login/button_Sign in' is clicked on

2022-02-10 16:50:26 - [TEST_STEP][PASSED] - click(findTestObject("Object Repository/Regular Create campaign/Page_AdRoot  Campaigns/div_MakronOwner")): Object: 'Object Repository/Regular Create campaign/Page_AdRoot  Campaigns/div_MakronOwner' is clicked on

2022-02-10 16:50:28 - [MESSAGE][PASSED] - Object: 'Object Repository/Regular Create campaign/Page_AdRoot  Campaigns/div_MakronOwner' is clicked on

2022-02-10 16:50:28 - [TEST_STEP][PASSED] - click(findTestObject("Object Repository/App-Create campaign/Page_AdRoot  Campaigns/div_By Ruzan (app)")): Object: 'Object Repository/App-Create campaign/Page_AdRoot  Campaigns/div_By Ruzan (app)' is clicked on

2022-02-10 16:50:29 - [MESSAGE][PASSED] - Object: 'Object Repository/App-Create campaign/Page_AdRoot  Campaigns/div_By Ruzan (app)' is clicked on

2022-02-10 16:50:29 - [TEST_STEP][PASSED] - click(findTestObject("Object Repository/Regular Create campaign/Page_AdRoot  Dashboard/a_Campaigns")): Object: 'Object Repository/Regular Create campaign/Page_AdRoot  Dashboard/a_Campaigns' is clicked on

2022-02-10 16:50:32 - [MESSAGE][PASSED] - Object: 'Object Repository/Regular Create campaign/Page_AdRoot  Dashboard/a_Campaigns' is clicked on

2022-02-10 16:50:32 - [TEST_STEP][PASSED] - click(findTestObject("Regular Create campaign/Page_AdRoot  Campaigns/div_Campaign View")): Object: 'Object Repository/Regular Create campaign/Page_AdRoot  Campaigns/div_Campaign View' is clicked on

2022-02-10 16:50:35 - [MESSAGE][PASSED] - Object: 'Object Repository/Regular Create campaign/Page_AdRoot  Campaigns/div_Campaign View' is clicked on

2022-02-10 16:50:35 - [TEST_STEP][PASSED] - click(findTestObject("Regular Create campaign/Page_AdRoot  Campaigns/div_New Campaign")): Object: 'Object Repository/Regular Create campaign/Page_AdRoot  Campaigns/div_New Campaign' is clicked on

2022-02-10 16:50:37 - [MESSAGE][PASSED] - Object: 'Object Repository/Regular Create campaign/Page_AdRoot  Campaigns/div_New Campaign' is clicked on

2022-02-10 16:50:37 - [TEST_STEP][PASSED] - setText(findTestObject("Page_AdRoot  Create Campaign Steps/input_Campaign name_custom-input"), "appadroot1"): Text 'appadroot1' is set on object 'Object Repository/Page_AdRoot  Create Campaign Steps/input_Campaign name_custom-input'

2022-02-10 16:50:42 - [MESSAGE][PASSED] - Text 'appadroot1' is set on object 'Object Repository/Page_AdRoot  Create Campaign Steps/input_Campaign name_custom-input'

2022-02-10 16:50:42 - [TEST_STEP][PASSED] - click(findTestObject("Regular Create campaign/Page_AdRoot  Campaigns/Page_AdRoot  Create Campaign Steps/span_Name is taken")): Object: 'Object Repository/Regular Create campaign/Page_AdRoot  Campaigns/Page_AdRoot  Create Campaign Steps/span_Name is taken' is clicked on

2022-02-10 16:50:44 - [MESSAGE][PASSED] - Object: 'Object Repository/Regular Create campaign/Page_AdRoot  Campaigns/Page_AdRoot  Create Campaign Steps/span_Name is taken' is clicked on

2022-02-10 16:50:44 - [TEST_STEP][PASSED] - click(findTestObject("Goals/Goals/Page_AdRoot  Create Campaign Steps/div_Video Views")): Object: 'Object Repository/Goals/Goals/Page_AdRoot  Create Campaign Steps/div_Video Views' is clicked on

2022-02-10 16:50:46 - [MESSAGE][PASSED] - Object: 'Object Repository/Goals/Goals/Page_AdRoot  Create Campaign Steps/div_Video Views' is clicked on

2022-02-10 16:50:46 - [TEST_STEP][PASSED] - Ms = verifyTextPresent("Name is taken", false): Text 'Name is taken' is present on page 

2022-02-10 16:50:48 - [MESSAGE][PASSED] - Text 'Name is taken' is present on page 

2022-02-10 16:50:48 - [TEST_STEP][PASSED] - if (Ms.equals("true")): Object: 'Object Repository/Regular Create campaign/Page_AdRoot  Campaigns/Page_AdRoot  Create Campaign Steps/button_Next Step' is clicked on

2022-02-10 16:50:48 - [TEST_STEP][PASSED] - RN = <not implemented yet for class: org.codehaus.groovy.ast.expr.EmptyExpression>: null

2022-02-10 16:50:48 - [TEST_STEP][PASSED] - RN = Math.random() * 5000: null

2022-02-10 16:50:48 - [TEST_STEP][PASSED] - setText(findTestObject("Regular Create campaign/Page_AdRoot Ad Manager - One Place To Manag_7de57e/Page_AdRoot  Create Campaign Steps/input_Campaign name_custom-input"), "appadroot" + RN): Text 'appadroot3034' is set on object 'Object Repository/Regular Create campaign/Page_AdRoot Ad Manager - One Place To Manag_7de57e/Page_AdRoot  Create Campaign Steps/input_Campaign name_custom-input'

2022-02-10 16:50:52 - [MESSAGE][PASSED] - Text 'appadroot3034' is set on object 'Object Repository/Regular Create campaign/Page_AdRoot Ad Manager - One Place To Manag_7de57e/Page_AdRoot  Create Campaign Steps/input_Campaign name_custom-input'

2022-02-10 16:50:52 - [TEST_STEP][PASSED] - click(findTestObject("Object Repository/Regular Create campaign/Page_AdRoot  Campaigns/Page_AdRoot  Create Campaign Steps/button_Next Step")): Object: 'Object Repository/Regular Create campaign/Page_AdRoot  Campaigns/Page_AdRoot  Create Campaign Steps/button_Next Step' is clicked on

2022-02-10 16:50:54 - [MESSAGE][PASSED] - Object: 'Object Repository/Regular Create campaign/Page_AdRoot  Campaigns/Page_AdRoot  Create Campaign Steps/button_Next Step' is clicked on

2022-02-10 16:50:54 - [TEST_STEP][PASSED] - verifyElementPresent(findTestObject("Step2/Page_AdRoot  Create Campaign Steps/div_Artashes Mxchyan"), 0): Object 'Object Repository/Step2/Page_AdRoot  Create Campaign Steps/div_Artashes Mxchyan' is present

2022-02-10 16:50:54 - [MESSAGE][WARNING] - Timeout '0' is invalid. Using default page load timeout: '30'

2022-02-10 16:50:56 - [MESSAGE][PASSED] - Object 'Object Repository/Step2/Page_AdRoot  Create Campaign Steps/div_Artashes Mxchyan' is present

2022-02-10 16:50:56 - [TEST_STEP][PASSED] - click(findTestObject("Step2/Page_AdRoot  Create Campaign Steps/button_Next Step")): Object: 'Object Repository/Step2/Page_AdRoot  Create Campaign Steps/button_Next Step' is clicked on

2022-02-10 16:50:58 - [MESSAGE][PASSED] - Object: 'Object Repository/Step2/Page_AdRoot  Create Campaign Steps/button_Next Step' is clicked on

2022-02-10 16:50:58 - [TEST_STEP][PASSED] - click(findTestObject("Object Repository/Step2/Page_AdRoot  Create Campaign Steps/Page_AdRoot  Create Campaign Steps/input_Primary Text_invalid custom-input")): Object: 'Object Repository/Step2/Page_AdRoot  Create Campaign Steps/Page_AdRoot  Create Campaign Steps/input_Primary Text_invalid custom-input' is clicked on

2022-02-10 16:51:00 - [MESSAGE][PASSED] - Object: 'Object Repository/Step2/Page_AdRoot  Create Campaign Steps/Page_AdRoot  Create Campaign Steps/input_Primary Text_invalid custom-input' is clicked on

2022-02-10 16:51:00 - [TEST_STEP][PASSED] - setText(findTestObject("Object Repository/Step2/Page_AdRoot  Create Campaign Steps/Page_AdRoot  Create Campaign Steps/input_Primary Text_invalid custom-input"), "Social media"): Text 'Social media' is set on object 'Object Repository/Step2/Page_AdRoot  Create Campaign Steps/Page_AdRoot  Create Campaign Steps/input_Primary Text_invalid custom-input'

2022-02-10 16:51:04 - [MESSAGE][PASSED] - Text 'Social media' is set on object 'Object Repository/Step2/Page_AdRoot  Create Campaign Steps/Page_AdRoot  Create Campaign Steps/input_Primary Text_invalid custom-input'

2022-02-10 16:51:04 - [TEST_STEP][PASSED] - setText(findTestObject("Step2/Page_AdRoot  Create Campaign Steps/Page_AdRoot  Create Campaign Steps/input_Headline_custom-input"), "Social media ads management "): Text 'Social media ads management ' is set on object 'Object Repository/Step2/Page_AdRoot  Create Campaign Steps/Page_AdRoot  Create Campaign Steps/input_Headline_custom-input'

2022-02-10 16:51:08 - [MESSAGE][PASSED] - Text 'Social media ads management ' is set on object 'Object Repository/Step2/Page_AdRoot  Create Campaign Steps/Page_AdRoot  Create Campaign Steps/input_Headline_custom-input'

2022-02-10 16:51:08 - [TEST_STEP][PASSED] - setText(findTestObject("Step2/Page_AdRoot  Create Campaign Steps/Page_AdRoot  Create Campaign Steps/input_Ad Description_custom-input"), "Our Mission is to create one place for all advertising needs"): Text 'Our Mission is to create one place for all advertising needs' is set on object 'Object Repository/Step2/Page_AdRoot  Create Campaign Steps/Page_AdRoot  Create Campaign Steps/input_Ad Description_custom-input'

2022-02-10 16:51:12 - [MESSAGE][PASSED] - Text 'Our Mission is to create one place for all advertising needs' is set on object 'Object Repository/Step2/Page_AdRoot  Create Campaign Steps/Page_AdRoot  Create Campaign Steps/input_Ad Description_custom-input'

2022-02-10 16:51:12 - [TEST_STEP][PASSED] - setText(findTestObject("Step2/Page_AdRoot  Create Campaign Steps/input_Website URL_custom-input"), "gsmediagroup.net"): Text 'gsmediagroup.net' is set on object 'Object Repository/Step2/Page_AdRoot  Create Campaign Steps/input_Website URL_custom-input'

2022-02-10 16:51:16 - [MESSAGE][PASSED] - Text 'gsmediagroup.net' is set on object 'Object Repository/Step2/Page_AdRoot  Create Campaign Steps/input_Website URL_custom-input'

2022-02-10 16:51:16 - [TEST_STEP][PASSED] - click(findTestObject("Step2/Page_AdRoot  Create Campaign Steps/div_Choose AD")): Object: 'Object Repository/Step2/Page_AdRoot  Create Campaign Steps/div_Choose AD' is clicked on

2022-02-10 16:51:18 - [MESSAGE][PASSED] - Object: 'Object Repository/Step2/Page_AdRoot  Create Campaign Steps/div_Choose AD' is clicked on

2022-02-10 16:51:18 - [TEST_STEP][PASSED] - click(findTestObject("Object Repository/Goals/Page_AdRoot  Create Campaign Steps/div_Videos_image-cont video")): Object: 'Object Repository/Goals/Page_AdRoot  Create Campaign Steps/div_Videos_image-cont video' is clicked on

2022-02-10 16:51:20 - [MESSAGE][PASSED] - Object: 'Object Repository/Goals/Page_AdRoot  Create Campaign Steps/div_Videos_image-cont video' is clicked on

2022-02-10 16:51:20 - [TEST_STEP][PASSED] - click(findTestObject("Step3/Page_AdRoot  Create Campaign Steps/button_Select")): Object: 'Object Repository/Step3/Page_AdRoot  Create Campaign Steps/button_Select' is clicked on

2022-02-10 16:51:22 - [MESSAGE][PASSED] - Object: 'Object Repository/Step3/Page_AdRoot  Create Campaign Steps/button_Select' is clicked on

2022-02-10 16:51:22 - [TEST_STEP][PASSED] - click(findTestObject("Object Repository/Step 4,5/Page_AdRoot  Create Campaign Steps/button_Next Step (1)")): Object: 'Object Repository/Step 4,5/Page_AdRoot  Create Campaign Steps/button_Next Step (1)' is clicked on

2022-02-10 16:51:24 - [MESSAGE][PASSED] - Object: 'Object Repository/Step 4,5/Page_AdRoot  Create Campaign Steps/button_Next Step (1)' is clicked on

2022-02-10 16:51:24 - [TEST_STEP][PASSED] - click(findTestObject("Object Repository/Step 4,5/Page_AdRoot  Create Campaign Steps/button_Next Step (1)")): Object: 'Object Repository/Step 4,5/Page_AdRoot  Create Campaign Steps/button_Next Step (1)' is clicked on

2022-02-10 16:51:27 - [MESSAGE][PASSED] - Object: 'Object Repository/Step 4,5/Page_AdRoot  Create Campaign Steps/button_Next Step (1)' is clicked on

2022-02-10 16:51:27 - [TEST_STEP][PASSED] - setText(findTestObject("Object Repository/Step 4,5/Page_AdRoot  Create Campaign Steps/input_Daily_custom-input"), "$ 1"): Text '$ 1' is set on object 'Object Repository/Step 4,5/Page_AdRoot  Create Campaign Steps/input_Daily_custom-input'

2022-02-10 16:51:31 - [MESSAGE][PASSED] - Text '$ 1' is set on object 'Object Repository/Step 4,5/Page_AdRoot  Create Campaign Steps/input_Daily_custom-input'

2022-02-10 16:51:31 - [TEST_STEP][PASSED] - click(findTestObject("Object Repository/Step 4,5/Page_AdRoot  Create Campaign Steps/button_Finish")): Object: 'Object Repository/Step 4,5/Page_AdRoot  Create Campaign Steps/button_Finish' is clicked on

2022-02-10 16:51:33 - [MESSAGE][PASSED] - Object: 'Object Repository/Step 4,5/Page_AdRoot  Create Campaign Steps/button_Finish' is clicked on

2022-02-10 16:51:33 - [TEST_STEP][PASSED] - verifyElementPresent(findTestObject("Object Repository/Step 4,5/Page_AdRoot  Campaigns/div_PENDING"), 0): Object 'Object Repository/Step 4,5/Page_AdRoot  Campaigns/div_PENDING' is present

2022-02-10 16:51:33 - [MESSAGE][WARNING] - Timeout '0' is invalid. Using default page load timeout: '30'

2022-02-10 16:51:35 - [MESSAGE][PASSED] - Object 'Object Repository/Step 4,5/Page_AdRoot  Campaigns/div_PENDING' is present

2022-02-10 16:51:35 - [TEST_STEP][PASSED] - closeBrowser(): Browser is closed

2022-02-10 16:51:35 - [MESSAGE][PASSED] - Browser is closed]]></system-out>
         <system-err><![CDATA[]]></system-err>
      </testcase>
      <system-out><![CDATA[2022-02-10 16:44:42 - [TEST_SUITE][PASSED] - app-create campaign suite: Test Cases/Everyday create campaign/App-Create campaign/App-Video views]]></system-out>
      <system-err><![CDATA[]]></system-err>
   </testsuite>
</testsuites>
