<?xml version="1.0" encoding="UTF-8"?>
<testsuites name="Pause app" time="23.831" tests="1" failures="0" errors="0">
   <testsuite name="Pause app" tests="1" failures="0" errors="0" time="23.831" skipped="0" timestamp="2022-03-21 10:43:02" hostname="AdRoot_PC2 - GorsPC" id="Test Suites/Suits/Pause app">
      <properties>
         <property name="deviceName" value=""/>
         <property name="devicePlatform" value=""/>
         <property name="logFolder" value="C:\\Users\\AdRoot_PC2\\git\\KatalonAutomation\\Reports\\20220321_104256\\Suits\\Pause app\\20220321_104256"/>
         <property name="logFiles" value="C:\\Users\\AdRoot_PC2\\git\\KatalonAutomation\\Reports\\20220321_104256\\Suits\\Pause app\\20220321_104256\\execution0.log"/>
         <property name="attachments" value=""/>
         <property name="hostName" value="AdRoot_PC2 - GorsPC"/>
         <property name="os" value="Windows 10 64bit"/>
         <property name="katalonVersion" value="8.2.5.208"/>
         <property name="browser" value="Chrome 99.0.4844.74"/>
         <property name="hostAddress" value="192.168.0.106"/>
         <property name="sessionId" value="4232524cc84176e209ab6942c74d2405"/>
         <property name="seleniumVersion" value="3.141.59"/>
         <property name="proxyInformation" value="ProxyInformation { proxyOption=NO_PROXY, proxyServerType=HTTP, username=, password=********, proxyServerAddress=, proxyServerPort=0, executionList=&quot;&quot;, isApplyToDesiredCapabilities=true }"/>
         <property name="platform" value="Windows 10"/>
      </properties>
      <testcase name="Test Cases/Everyday campaign pause/App-pause campaign" time="23.544" classname="Test Cases/Everyday campaign pause/App-pause campaign" status="PASSED">
         <system-out><![CDATA[2022-03-21 10:43:02 - [TEST_CASE][PASSED] - Test Cases/Everyday campaign pause/App-pause campaign: Test Cases/Everyday campaign pause/App-pause campaign

2022-03-21 10:43:02 - [TEST_STEP][PASSED] - openBrowser(""): Browser is opened with url: ''

2022-03-21 10:43:03 - [MESSAGE][INFO] - Starting 'Chrome' driver

2022-03-21 10:43:03 - [MESSAGE][INFO] - Action delay is set to 0 milliseconds

2022-03-21 10:43:05 - [MESSAGE][PASSED] - Browser is opened with url: ''

2022-03-21 10:43:05 - [TEST_STEP][PASSED] - setViewPortSize(1700, 900): Viewport is set to new size with width = 1700 and height = 900

2022-03-21 10:43:05 - [MESSAGE][PASSED] - Viewport is set to new size with width = 1700 and height = 900

2022-03-21 10:43:05 - [TEST_STEP][PASSED] - navigateToUrl("https://app.adroot.io/auth/signin"): Navigate to 'https://app.adroot.io/auth/signin' successfully

2022-03-21 10:43:07 - [MESSAGE][PASSED] - Navigate to 'https://app.adroot.io/auth/signin' successfully

2022-03-21 10:43:07 - [TEST_STEP][PASSED] - setText(findTestObject("Object Repository/Pause dev campaign/Page_AdRoot  Login/input_E-mail_email"), "makronmanuel01@gmail.com"): Text 'makronmanuel01@gmail.com' is set on object 'Object Repository/Pause dev campaign/Page_AdRoot  Login/input_E-mail_email'

2022-03-21 10:43:08 - [MESSAGE][PASSED] - Text 'makronmanuel01@gmail.com' is set on object 'Object Repository/Pause dev campaign/Page_AdRoot  Login/input_E-mail_email'

2022-03-21 10:43:08 - [TEST_STEP][PASSED] - setEncryptedText(findTestObject("Object Repository/Pause dev campaign/Page_AdRoot  Login/input_Password_password"), "9juLMCYi8sYpY2Mrwe5diw=="): Text ****** has been set on object 'Object Repository/Pause dev campaign/Page_AdRoot  Login/input_Password_password'

2022-03-21 10:43:09 - [MESSAGE][PASSED] - Text ****** has been set on object 'Object Repository/Pause dev campaign/Page_AdRoot  Login/input_Password_password'

2022-03-21 10:43:09 - [TEST_STEP][PASSED] - sendKeys(findTestObject("Object Repository/Pause dev campaign/Page_AdRoot  Login/input_Password_password"), Keys.chord(ENTER)): Keys 'ENTER + ' sent to object: 'Object Repository/Pause dev campaign/Page_AdRoot  Login/input_Password_password'

2022-03-21 10:43:09 - [MESSAGE][PASSED] - Keys 'ENTER + ' sent to object: 'Object Repository/Pause dev campaign/Page_AdRoot  Login/input_Password_password'

2022-03-21 10:43:09 - [TEST_STEP][PASSED] - click(findTestObject("Page_AdRoot  Campaigns/img")): Object: 'Object Repository/Page_AdRoot  Campaigns/img' is clicked on

2022-03-21 10:43:11 - [MESSAGE][PASSED] - Object: 'Object Repository/Page_AdRoot  Campaigns/img' is clicked on

2022-03-21 10:43:11 - [TEST_STEP][PASSED] - click(findTestObject("Page_AdRoot  Campaigns/div_By Ruzan (app)")): Object: 'Object Repository/Page_AdRoot  Campaigns/div_By Ruzan (app)' is clicked on

2022-03-21 10:43:12 - [MESSAGE][PASSED] - Object: 'Object Repository/Page_AdRoot  Campaigns/div_By Ruzan (app)' is clicked on

2022-03-21 10:43:12 - [TEST_STEP][PASSED] - click(findTestObject("Campaign copy/Page_AdRoot  Dashboard/a_Campaigns")): Object: 'Object Repository/Campaign copy/Page_AdRoot  Dashboard/a_Campaigns' is clicked on

2022-03-21 10:43:14 - [MESSAGE][PASSED] - Object: 'Object Repository/Campaign copy/Page_AdRoot  Dashboard/a_Campaigns' is clicked on

2022-03-21 10:43:14 - [TEST_STEP][PASSED] - click(findTestObject("Regular Create campaign/Page_AdRoot  Campaigns/div_Campaign View")): Object: 'Object Repository/Regular Create campaign/Page_AdRoot  Campaigns/div_Campaign View' is clicked on

2022-03-21 10:43:15 - [MESSAGE][PASSED] - Object: 'Object Repository/Regular Create campaign/Page_AdRoot  Campaigns/div_Campaign View' is clicked on

2022-03-21 10:43:15 - [TEST_STEP][PASSED] - click(findTestObject("Object Repository/Pause dev campaign/Page_AdRoot  Campaigns/div_PAUSED_tree-dots dots-blue")): Object: 'Object Repository/Pause dev campaign/Page_AdRoot  Campaigns/div_PAUSED_tree-dots dots-blue' is clicked on

2022-03-21 10:43:17 - [MESSAGE][PASSED] - Object: 'Object Repository/Pause dev campaign/Page_AdRoot  Campaigns/div_PAUSED_tree-dots dots-blue' is clicked on

2022-03-21 10:43:17 - [TEST_STEP][PASSED] - click(findTestObject("Object Repository/Pause dev campaign/Page_AdRoot  Campaigns/div_Pause")): Object: 'Object Repository/Pause dev campaign/Page_AdRoot  Campaigns/div_Pause' is clicked on

2022-03-21 10:43:17 - [MESSAGE][PASSED] - Object: 'Object Repository/Pause dev campaign/Page_AdRoot  Campaigns/div_Pause' is clicked on

2022-03-21 10:43:17 - [TEST_STEP][PASSED] - click(findTestObject("Object Repository/Pause dev campaign/Page_AdRoot  Campaigns/button_Pause")): Object: 'Object Repository/Pause dev campaign/Page_AdRoot  Campaigns/button_Pause' is clicked on

2022-03-21 10:43:18 - [MESSAGE][PASSED] - Object: 'Object Repository/Pause dev campaign/Page_AdRoot  Campaigns/button_Pause' is clicked on

2022-03-21 10:43:18 - [TEST_STEP][PASSED] - click(findTestObject("Object Repository/Pause dev campaign/Page_AdRoot  Campaigns/div_devadroot4428")): Object: 'Object Repository/Pause dev campaign/Page_AdRoot  Campaigns/div_devadroot4428' is clicked on

2022-03-21 10:43:18 - [MESSAGE][PASSED] - Object: 'Object Repository/Pause dev campaign/Page_AdRoot  Campaigns/div_devadroot4428' is clicked on

2022-03-21 10:43:18 - [TEST_STEP][PASSED] - click(findTestObject("Object Repository/Pause dev campaign/Page_AdRoot  Campaigns/div_PAUSED_tree-dots dots-blue_1")): Object: 'Object Repository/Pause dev campaign/Page_AdRoot  Campaigns/div_PAUSED_tree-dots dots-blue_1' is clicked on

2022-03-21 10:43:19 - [MESSAGE][PASSED] - Object: 'Object Repository/Pause dev campaign/Page_AdRoot  Campaigns/div_PAUSED_tree-dots dots-blue_1' is clicked on

2022-03-21 10:43:19 - [TEST_STEP][PASSED] - click(findTestObject("Object Repository/Pause dev campaign/Page_AdRoot  Campaigns/div_Pause")): Object: 'Object Repository/Pause dev campaign/Page_AdRoot  Campaigns/div_Pause' is clicked on

2022-03-21 10:43:19 - [MESSAGE][PASSED] - Object: 'Object Repository/Pause dev campaign/Page_AdRoot  Campaigns/div_Pause' is clicked on

2022-03-21 10:43:19 - [TEST_STEP][PASSED] - click(findTestObject("Object Repository/Pause dev campaign/Page_AdRoot  Campaigns/button_Pause")): Object: 'Object Repository/Pause dev campaign/Page_AdRoot  Campaigns/button_Pause' is clicked on

2022-03-21 10:43:20 - [MESSAGE][PASSED] - Object: 'Object Repository/Pause dev campaign/Page_AdRoot  Campaigns/button_Pause' is clicked on

2022-03-21 10:43:20 - [TEST_STEP][PASSED] - click(findTestObject("Object Repository/Pause dev campaign/Page_AdRoot  Campaigns/div_devadroot1390")): Object: 'Object Repository/Pause dev campaign/Page_AdRoot  Campaigns/div_devadroot1390' is clicked on

2022-03-21 10:43:21 - [MESSAGE][PASSED] - Object: 'Object Repository/Pause dev campaign/Page_AdRoot  Campaigns/div_devadroot1390' is clicked on

2022-03-21 10:43:21 - [TEST_STEP][PASSED] - click(findTestObject("Object Repository/Pause dev campaign/Page_AdRoot  Campaigns/div_PAUSED_tree-dots dots-blue")): Object: 'Object Repository/Pause dev campaign/Page_AdRoot  Campaigns/div_PAUSED_tree-dots dots-blue' is clicked on

2022-03-21 10:43:21 - [MESSAGE][PASSED] - Object: 'Object Repository/Pause dev campaign/Page_AdRoot  Campaigns/div_PAUSED_tree-dots dots-blue' is clicked on

2022-03-21 10:43:21 - [TEST_STEP][PASSED] - click(findTestObject("Object Repository/Pause dev campaign/Page_AdRoot  Campaigns/div_Pause")): Object: 'Object Repository/Pause dev campaign/Page_AdRoot  Campaigns/div_Pause' is clicked on

2022-03-21 10:43:22 - [MESSAGE][PASSED] - Object: 'Object Repository/Pause dev campaign/Page_AdRoot  Campaigns/div_Pause' is clicked on

2022-03-21 10:43:22 - [TEST_STEP][PASSED] - click(findTestObject("Object Repository/Pause dev campaign/Page_AdRoot  Campaigns/button_Pause")): Object: 'Object Repository/Pause dev campaign/Page_AdRoot  Campaigns/button_Pause' is clicked on

2022-03-21 10:43:22 - [MESSAGE][PASSED] - Object: 'Object Repository/Pause dev campaign/Page_AdRoot  Campaigns/button_Pause' is clicked on

2022-03-21 10:43:22 - [TEST_STEP][PASSED] - click(findTestObject("Object Repository/Pause dev campaign/Page_AdRoot  Campaigns/div_devadroot976")): Object: 'Object Repository/Pause dev campaign/Page_AdRoot  Campaigns/div_devadroot976' is clicked on

2022-03-21 10:43:23 - [MESSAGE][PASSED] - Object: 'Object Repository/Pause dev campaign/Page_AdRoot  Campaigns/div_devadroot976' is clicked on

2022-03-21 10:43:23 - [TEST_STEP][PASSED] - click(findTestObject("Object Repository/Pause dev campaign/Page_AdRoot  Campaigns/div_PAUSED_tree-dots dots-blue_1")): Object: 'Object Repository/Pause dev campaign/Page_AdRoot  Campaigns/div_PAUSED_tree-dots dots-blue_1' is clicked on

2022-03-21 10:43:23 - [MESSAGE][PASSED] - Object: 'Object Repository/Pause dev campaign/Page_AdRoot  Campaigns/div_PAUSED_tree-dots dots-blue_1' is clicked on

2022-03-21 10:43:23 - [TEST_STEP][PASSED] - click(findTestObject("Object Repository/Pause dev campaign/Page_AdRoot  Campaigns/div_Pause")): Object: 'Object Repository/Pause dev campaign/Page_AdRoot  Campaigns/div_Pause' is clicked on

2022-03-21 10:43:24 - [MESSAGE][PASSED] - Object: 'Object Repository/Pause dev campaign/Page_AdRoot  Campaigns/div_Pause' is clicked on

2022-03-21 10:43:24 - [TEST_STEP][PASSED] - click(findTestObject("Object Repository/Pause dev campaign/Page_AdRoot  Campaigns/button_Pause")): Object: 'Object Repository/Pause dev campaign/Page_AdRoot  Campaigns/button_Pause' is clicked on

2022-03-21 10:43:24 - [MESSAGE][PASSED] - Object: 'Object Repository/Pause dev campaign/Page_AdRoot  Campaigns/button_Pause' is clicked on

2022-03-21 10:43:24 - [TEST_STEP][PASSED] - click(findTestObject("Campaign copy/Page_AdRoot  Dashboard/a_Campaigns")): Object: 'Object Repository/Campaign copy/Page_AdRoot  Dashboard/a_Campaigns' is clicked on

2022-03-21 10:43:25 - [MESSAGE][PASSED] - Object: 'Object Repository/Campaign copy/Page_AdRoot  Dashboard/a_Campaigns' is clicked on

2022-03-21 10:43:25 - [TEST_STEP][PASSED] - closeBrowser(): Browser is closed

2022-03-21 10:43:26 - [MESSAGE][PASSED] - Browser is closed]]></system-out>
         <system-err><![CDATA[]]></system-err>
      </testcase>
      <system-out><![CDATA[2022-03-21 10:43:02 - [TEST_SUITE][PASSED] - Pause app: Test Cases/Everyday campaign pause/App-pause campaign]]></system-out>
      <system-err><![CDATA[]]></system-err>
   </testsuite>
</testsuites>
