<?xml version="1.0" encoding="UTF-8"?>
<testsuites name="SignUp with packages" time="324.825" tests="5" failures="0" errors="0">
   <testsuite name="SignUp with packages" tests="5" failures="0" errors="0" time="324.825" skipped="0" timestamp="2022-03-16 10:27:11" hostname="AdRoot_PC2 - GorsPC" id="Test Suites/Suits/SignUp with packages">
      <properties>
         <property name="deviceName" value=""/>
         <property name="devicePlatform" value=""/>
         <property name="logFolder" value="C:\\Users\\AdRoot_PC2\\git\\KatalonAutomation\\Reports\\20220316_102653\\Suits\\SignUp with packages\\20220316_102654"/>
         <property name="logFiles" value="C:\\Users\\AdRoot_PC2\\git\\KatalonAutomation\\Reports\\20220316_102653\\Suits\\SignUp with packages\\20220316_102654\\execution0.log"/>
         <property name="attachments" value=""/>
         <property name="hostName" value="AdRoot_PC2 - GorsPC"/>
         <property name="os" value="Windows 10 64bit"/>
         <property name="katalonVersion" value="8.2.5.208"/>
         <property name="browser" value="Chrome 99.0.4844.51"/>
         <property name="hostAddress" value="192.168.0.106"/>
         <property name="sessionId" value="70d1bc8ce4c271fe6a7d2b3eb03ac564"/>
         <property name="seleniumVersion" value="3.141.59"/>
         <property name="proxyInformation" value="ProxyInformation { proxyOption=NO_PROXY, proxyServerType=HTTP, username=, password=********, proxyServerAddress=, proxyServerPort=0, executionList=&quot;&quot;, isApplyToDesiredCapabilities=true }"/>
         <property name="platform" value="Windows 10"/>
      </properties>
      <testcase name="Test Cases/SignUp/Sign-up with email/Sig-up email-free-from landing" time="121.542" classname="Test Cases/SignUp/Sign-up with email/Sig-up email-free-from landing" status="PASSED">
         <system-out><![CDATA[2022-03-16 10:27:11 - [TEST_CASE][PASSED] - Test Cases/SignUp/Sign-up with email/Sig-up email-free-from landing: Test Cases/SignUp/Sign-up with email/Sig-up email-free-from landing

2022-03-16 10:27:12 - [TEST_STEP][PASSED] - openBrowser(""): Browser is opened with url: ''

2022-03-16 10:27:12 - [MESSAGE][INFO] - Starting 'Chrome' driver

2022-03-16 10:27:12 - [MESSAGE][INFO] - Action delay is set to 0 milliseconds

2022-03-16 10:27:16 - [MESSAGE][PASSED] - Browser is opened with url: ''

2022-03-16 10:27:16 - [TEST_STEP][PASSED] - setViewPortSize(1700, 900): Viewport is set to new size with width = 1700 and height = 900

2022-03-16 10:27:17 - [MESSAGE][PASSED] - Viewport is set to new size with width = 1700 and height = 900

2022-03-16 10:27:17 - [TEST_STEP][PASSED] - navigateToUrl("http://adroot.io/"): Navigate to 'http://adroot.io/' successfully

2022-03-16 10:27:23 - [MESSAGE][PASSED] - Navigate to 'http://adroot.io/' successfully

2022-03-16 10:27:23 - [TEST_STEP][PASSED] - click(findTestObject("Object Repository/Choose packages/Page_AdRoot Ad Manager - One Place To Manag_7de57e/button_AGREE")): Object: 'Object Repository/Choose packages/Page_AdRoot Ad Manager - One Place To Manag_7de57e/button_AGREE' is clicked on

2022-03-16 10:27:36 - [MESSAGE][PASSED] - Object: 'Object Repository/Choose packages/Page_AdRoot Ad Manager - One Place To Manag_7de57e/button_AGREE' is clicked on

2022-03-16 10:27:36 - [TEST_STEP][PASSED] - click(findTestObject("Object Repository/Choose packages/Page_AdRoot Ad Manager - One Place To Manag_7de57e/a_Pricing")): Object: 'Object Repository/Choose packages/Page_AdRoot Ad Manager - One Place To Manag_7de57e/a_Pricing' is clicked on

2022-03-16 10:27:42 - [MESSAGE][PASSED] - Object: 'Object Repository/Choose packages/Page_AdRoot Ad Manager - One Place To Manag_7de57e/a_Pricing' is clicked on

2022-03-16 10:27:42 - [TEST_STEP][PASSED] - click(findTestObject("Object Repository/Choose packages/Page_Pricing - AdRoot Ad Manager/a_Sign Up")): Object: 'Object Repository/Choose packages/Page_Pricing - AdRoot Ad Manager/a_Sign Up' is clicked on

2022-03-16 10:28:19 - [MESSAGE][PASSED] - Object: 'Object Repository/Choose packages/Page_Pricing - AdRoot Ad Manager/a_Sign Up' is clicked on

2022-03-16 10:28:19 - [TEST_STEP][PASSED] - setText(findTestObject("Object Repository/SignUp/Page_AdRoot  Sign up/input_First name_first_name"), "Ruzan"): Text 'Ruzan' is set on object 'Object Repository/SignUp/Page_AdRoot  Sign up/input_First name_first_name'

2022-03-16 10:28:23 - [MESSAGE][PASSED] - Text 'Ruzan' is set on object 'Object Repository/SignUp/Page_AdRoot  Sign up/input_First name_first_name'

2022-03-16 10:28:23 - [TEST_STEP][PASSED] - setText(findTestObject("Object Repository/SignUp/Page_AdRoot  Sign up/input_Last name_last_name"), "Test"): Text 'Test' is set on object 'Object Repository/SignUp/Page_AdRoot  Sign up/input_Last name_last_name'

2022-03-16 10:28:27 - [MESSAGE][PASSED] - Text 'Test' is set on object 'Object Repository/SignUp/Page_AdRoot  Sign up/input_Last name_last_name'

2022-03-16 10:28:27 - [TEST_STEP][PASSED] - setText(findTestObject("Object Repository/SignUp/Page_AdRoot  Sign up/input_E-mail_email"), "runayan@gmail.com"): Text 'runayan@gmail.com' is set on object 'Object Repository/SignUp/Page_AdRoot  Sign up/input_E-mail_email'

2022-03-16 10:28:31 - [MESSAGE][PASSED] - Text 'runayan@gmail.com' is set on object 'Object Repository/SignUp/Page_AdRoot  Sign up/input_E-mail_email'

2022-03-16 10:28:31 - [TEST_STEP][PASSED] - setEncryptedText(findTestObject("Object Repository/SignUp/Page_AdRoot  Sign up/input_Password_password"), "9juLMCYi8sYpY2Mrwe5diw=="): Text ****** has been set on object 'Object Repository/SignUp/Page_AdRoot  Sign up/input_Password_password'

2022-03-16 10:28:33 - [MESSAGE][PASSED] - Text ****** has been set on object 'Object Repository/SignUp/Page_AdRoot  Sign up/input_Password_password'

2022-03-16 10:28:33 - [TEST_STEP][PASSED] - setEncryptedText(findTestObject("Object Repository/SignUp/Page_AdRoot  Sign up/input_Confirm password_confirm"), "9juLMCYi8sYpY2Mrwe5diw=="): Text ****** has been set on object 'Object Repository/SignUp/Page_AdRoot  Sign up/input_Confirm password_confirm'

2022-03-16 10:28:35 - [MESSAGE][PASSED] - Text ****** has been set on object 'Object Repository/SignUp/Page_AdRoot  Sign up/input_Confirm password_confirm'

2022-03-16 10:28:35 - [TEST_STEP][PASSED] - click(findTestObject("Object Repository/SignUp/Page_AdRoot  Sign up/div_Confirm password_checkbox")): Object: 'Object Repository/SignUp/Page_AdRoot  Sign up/div_Confirm password_checkbox' is clicked on

2022-03-16 10:28:37 - [MESSAGE][PASSED] - Object: 'Object Repository/SignUp/Page_AdRoot  Sign up/div_Confirm password_checkbox' is clicked on

2022-03-16 10:28:37 - [TEST_STEP][PASSED] - click(findTestObject("SignUp/SignUp with email/Page_AdRoot  Sign up/button_Sign up")): Object: 'Object Repository/SignUp/SignUp with email/Page_AdRoot  Sign up/button_Sign up' is clicked on

2022-03-16 10:28:39 - [MESSAGE][PASSED] - Object: 'Object Repository/SignUp/SignUp with email/Page_AdRoot  Sign up/button_Sign up' is clicked on

2022-03-16 10:28:39 - [TEST_STEP][PASSED] - Ms = verifyTextPresent("The E-mail address exists.", false): Text 'The E-mail address exists.' is present on page 

2022-03-16 10:28:41 - [MESSAGE][PASSED] - Text 'The E-mail address exists.' is present on page 

2022-03-16 10:28:41 - [TEST_STEP][PASSED] - if (Ms.equals("true")): Keys 'ENTER + ' sent to object: 'Object Repository/SignUp/SignUp with email/Page_AdRoot  Sign up/button_Sign up'

2022-03-16 10:28:41 - [TEST_STEP][PASSED] - RN = <not implemented yet for class: org.codehaus.groovy.ast.expr.EmptyExpression>: null

2022-03-16 10:28:41 - [TEST_STEP][PASSED] - RN = Math.random() * 500: null

2022-03-16 10:28:41 - [TEST_STEP][PASSED] - setText(findTestObject("Object Repository/SignUp/Page_AdRoot  Sign up/input_E-mail_email"), "runayan" + RN + "@gmail.com"): Text 'runayan309@gmail.com' is set on object 'Object Repository/SignUp/Page_AdRoot  Sign up/input_E-mail_email'

2022-03-16 10:28:45 - [MESSAGE][PASSED] - Text 'runayan309@gmail.com' is set on object 'Object Repository/SignUp/Page_AdRoot  Sign up/input_E-mail_email'

2022-03-16 10:28:45 - [TEST_STEP][PASSED] - sendKeys(findTestObject("SignUp/SignUp with email/Page_AdRoot  Sign up/button_Sign up"), Keys.chord(ENTER)): Keys 'ENTER + ' sent to object: 'Object Repository/SignUp/SignUp with email/Page_AdRoot  Sign up/button_Sign up'

2022-03-16 10:28:47 - [MESSAGE][PASSED] - Keys 'ENTER + ' sent to object: 'Object Repository/SignUp/SignUp with email/Page_AdRoot  Sign up/button_Sign up'

2022-03-16 10:28:47 - [TEST_STEP][PASSED] - click(findTestObject("Object Repository/Choose packages/basic package/Page_AdRoot  Dashboard/a_Campaigns")): Object: 'Object Repository/Choose packages/basic package/Page_AdRoot  Dashboard/a_Campaigns' is clicked on

2022-03-16 10:28:51 - [MESSAGE][PASSED] - Object: 'Object Repository/Choose packages/basic package/Page_AdRoot  Dashboard/a_Campaigns' is clicked on

2022-03-16 10:28:51 - [TEST_STEP][PASSED] - click(findTestObject("Object Repository/Choose packages/basic package/Page_AdRoot  Campaigns/div_Create")): Object: 'Object Repository/Choose packages/basic package/Page_AdRoot  Campaigns/div_Create' is clicked on

2022-03-16 10:28:53 - [MESSAGE][PASSED] - Object: 'Object Repository/Choose packages/basic package/Page_AdRoot  Campaigns/div_Create' is clicked on

2022-03-16 10:28:53 - [TEST_STEP][PASSED] - click(findTestObject("Object Repository/Choose packages/basic package/Page_AdRoot  Create Campaign Steps/span_Campaign name")): Object: 'Object Repository/Choose packages/basic package/Page_AdRoot  Create Campaign Steps/span_Campaign name' is clicked on

2022-03-16 10:28:56 - [MESSAGE][PASSED] - Object: 'Object Repository/Choose packages/basic package/Page_AdRoot  Create Campaign Steps/span_Campaign name' is clicked on

2022-03-16 10:28:56 - [TEST_STEP][PASSED] - click(findTestObject("Object Repository/Choose packages/Page_AdRoot  Campaigns/div_Account")): Object: 'Object Repository/Choose packages/Page_AdRoot  Campaigns/div_Account' is clicked on

2022-03-16 10:28:58 - [MESSAGE][PASSED] - Object: 'Object Repository/Choose packages/Page_AdRoot  Campaigns/div_Account' is clicked on

2022-03-16 10:28:58 - [TEST_STEP][PASSED] - click(findTestObject("Object Repository/Choose packages/Page_AdRoot  Campaigns/div_My Account")): Object: 'Object Repository/Choose packages/Page_AdRoot  Campaigns/div_My Account' is clicked on

2022-03-16 10:29:00 - [MESSAGE][PASSED] - Object: 'Object Repository/Choose packages/Page_AdRoot  Campaigns/div_My Account' is clicked on

2022-03-16 10:29:00 - [TEST_STEP][PASSED] - click(findTestObject("Object Repository/Choose packages/Page_AdRoot  Campaigns/div_Account settings")): Object: 'Object Repository/Choose packages/Page_AdRoot  Campaigns/div_Account settings' is clicked on

2022-03-16 10:29:02 - [MESSAGE][PASSED] - Object: 'Object Repository/Choose packages/Page_AdRoot  Campaigns/div_Account settings' is clicked on

2022-03-16 10:29:02 - [TEST_STEP][PASSED] - click(findTestObject("Object Repository/Choose packages/Page_AdRoot  Campaigns/button_Delete my Account")): Object: 'Object Repository/Choose packages/Page_AdRoot  Campaigns/button_Delete my Account' is clicked on

2022-03-16 10:29:04 - [MESSAGE][PASSED] - Object: 'Object Repository/Choose packages/Page_AdRoot  Campaigns/button_Delete my Account' is clicked on

2022-03-16 10:29:04 - [TEST_STEP][PASSED] - click(findTestObject("Object Repository/Choose packages/Page_AdRoot  Dashboard/div_Fill in your password_input-content")): Object: 'Object Repository/Choose packages/Page_AdRoot  Dashboard/div_Fill in your password_input-content' is clicked on

2022-03-16 10:29:06 - [MESSAGE][PASSED] - Object: 'Object Repository/Choose packages/Page_AdRoot  Dashboard/div_Fill in your password_input-content' is clicked on

2022-03-16 10:29:06 - [TEST_STEP][PASSED] - setEncryptedText(findTestObject("Object Repository/Choose packages/Page_AdRoot  Dashboard/input_Fill in your password_custom-input"), "9juLMCYi8sYpY2Mrwe5diw=="): Text ****** has been set on object 'Object Repository/Choose packages/Page_AdRoot  Dashboard/input_Fill in your password_custom-input'

2022-03-16 10:29:08 - [MESSAGE][PASSED] - Text ****** has been set on object 'Object Repository/Choose packages/Page_AdRoot  Dashboard/input_Fill in your password_custom-input'

2022-03-16 10:29:08 - [TEST_STEP][PASSED] - click(findTestObject("Object Repository/Choose packages/Page_AdRoot  Campaigns/button_Deleting Account")): Object: 'Object Repository/Choose packages/Page_AdRoot  Campaigns/button_Deleting Account' is clicked on

2022-03-16 10:29:10 - [MESSAGE][PASSED] - Object: 'Object Repository/Choose packages/Page_AdRoot  Campaigns/button_Deleting Account' is clicked on

2022-03-16 10:29:10 - [TEST_STEP][PASSED] - verifyElementPresent(findTestObject("Object Repository/Choose packages/Page_AdRoot  Login/h2_Login into your account"), 0): Object 'Object Repository/Choose packages/Page_AdRoot  Login/h2_Login into your account' is present

2022-03-16 10:29:10 - [MESSAGE][WARNING] - Timeout '0' is invalid. Using default page load timeout: '30'

2022-03-16 10:29:12 - [MESSAGE][PASSED] - Object 'Object Repository/Choose packages/Page_AdRoot  Login/h2_Login into your account' is present

2022-03-16 10:29:12 - [TEST_STEP][PASSED] - closeBrowser(): Browser is closed

2022-03-16 10:29:13 - [MESSAGE][PASSED] - Browser is closed]]></system-out>
         <system-err><![CDATA[]]></system-err>
      </testcase>
      <testcase name="Test Cases/SignUp/Sign-up with email/SignUp with email and basic" time="78.068" classname="Test Cases/SignUp/Sign-up with email/SignUp with email and basic" status="PASSED">
         <system-out><![CDATA[2022-03-16 10:29:13 - [TEST_CASE][PASSED] - Test Cases/SignUp/Sign-up with email/SignUp with email and basic: Test Cases/SignUp/Sign-up with email/SignUp with email and basic

2022-03-16 10:29:13 - [TEST_STEP][PASSED] - openBrowser(""): Browser is opened with url: ''

2022-03-16 10:29:13 - [MESSAGE][INFO] - Starting 'Chrome' driver

2022-03-16 10:29:13 - [MESSAGE][INFO] - Action delay is set to 0 milliseconds

2022-03-16 10:29:14 - [MESSAGE][PASSED] - Browser is opened with url: ''

2022-03-16 10:29:14 - [TEST_STEP][PASSED] - setViewPortSize(1600, 900): Viewport is set to new size with width = 1600 and height = 900

2022-03-16 10:29:14 - [MESSAGE][PASSED] - Viewport is set to new size with width = 1600 and height = 900

2022-03-16 10:29:14 - [TEST_STEP][PASSED] - navigateToUrl("https://app.adroot.io/auth/signin"): Navigate to 'https://app.adroot.io/auth/signin' successfully

2022-03-16 10:29:17 - [MESSAGE][PASSED] - Navigate to 'https://app.adroot.io/auth/signin' successfully

2022-03-16 10:29:17 - [TEST_STEP][PASSED] - click(findTestObject("Object Repository/SignUp/Page_AdRoot  Login/a_Sign up now")): Object: 'Object Repository/SignUp/Page_AdRoot  Login/a_Sign up now' is clicked on

2022-03-16 10:29:17 - [MESSAGE][PASSED] - Object: 'Object Repository/SignUp/Page_AdRoot  Login/a_Sign up now' is clicked on

2022-03-16 10:29:17 - [TEST_STEP][PASSED] - setText(findTestObject("Object Repository/SignUp/Page_AdRoot  Sign up/input_First name_first_name"), "Ruzan"): Text 'Ruzan' is set on object 'Object Repository/SignUp/Page_AdRoot  Sign up/input_First name_first_name'

2022-03-16 10:29:19 - [MESSAGE][PASSED] - Text 'Ruzan' is set on object 'Object Repository/SignUp/Page_AdRoot  Sign up/input_First name_first_name'

2022-03-16 10:29:19 - [TEST_STEP][PASSED] - setText(findTestObject("Object Repository/SignUp/Page_AdRoot  Sign up/input_Last name_last_name"), "Test"): Text 'Test' is set on object 'Object Repository/SignUp/Page_AdRoot  Sign up/input_Last name_last_name'

2022-03-16 10:29:19 - [MESSAGE][PASSED] - Text 'Test' is set on object 'Object Repository/SignUp/Page_AdRoot  Sign up/input_Last name_last_name'

2022-03-16 10:29:19 - [TEST_STEP][PASSED] - setText(findTestObject("Object Repository/SignUp/Page_AdRoot  Sign up/input_E-mail_email"), "runayan@gmail.com"): Text 'runayan@gmail.com' is set on object 'Object Repository/SignUp/Page_AdRoot  Sign up/input_E-mail_email'

2022-03-16 10:29:20 - [MESSAGE][PASSED] - Text 'runayan@gmail.com' is set on object 'Object Repository/SignUp/Page_AdRoot  Sign up/input_E-mail_email'

2022-03-16 10:29:20 - [TEST_STEP][PASSED] - setEncryptedText(findTestObject("Object Repository/SignUp/Page_AdRoot  Sign up/input_Password_password"), "9juLMCYi8sYpY2Mrwe5diw=="): Text ****** has been set on object 'Object Repository/SignUp/Page_AdRoot  Sign up/input_Password_password'

2022-03-16 10:29:21 - [MESSAGE][PASSED] - Text ****** has been set on object 'Object Repository/SignUp/Page_AdRoot  Sign up/input_Password_password'

2022-03-16 10:29:21 - [TEST_STEP][PASSED] - setEncryptedText(findTestObject("Object Repository/SignUp/Page_AdRoot  Sign up/input_Confirm password_confirm"), "9juLMCYi8sYpY2Mrwe5diw=="): Text ****** has been set on object 'Object Repository/SignUp/Page_AdRoot  Sign up/input_Confirm password_confirm'

2022-03-16 10:29:22 - [MESSAGE][PASSED] - Text ****** has been set on object 'Object Repository/SignUp/Page_AdRoot  Sign up/input_Confirm password_confirm'

2022-03-16 10:29:22 - [TEST_STEP][PASSED] - click(findTestObject("Object Repository/SignUp/Page_AdRoot  Sign up/div_Confirm password_checkbox")): Object: 'Object Repository/SignUp/Page_AdRoot  Sign up/div_Confirm password_checkbox' is clicked on

2022-03-16 10:29:22 - [MESSAGE][PASSED] - Object: 'Object Repository/SignUp/Page_AdRoot  Sign up/div_Confirm password_checkbox' is clicked on

2022-03-16 10:29:22 - [TEST_STEP][PASSED] - click(findTestObject("SignUp/SignUp with email/Page_AdRoot  Sign up/button_Sign up")): Object: 'Object Repository/SignUp/SignUp with email/Page_AdRoot  Sign up/button_Sign up' is clicked on

2022-03-16 10:29:23 - [MESSAGE][PASSED] - Object: 'Object Repository/SignUp/SignUp with email/Page_AdRoot  Sign up/button_Sign up' is clicked on

2022-03-16 10:29:23 - [TEST_STEP][PASSED] - Ms = verifyTextPresent("The E-mail address exists.", false): Text 'The E-mail address exists.' is present on page 

2022-03-16 10:29:23 - [MESSAGE][PASSED] - Text 'The E-mail address exists.' is present on page 

2022-03-16 10:29:23 - [TEST_STEP][PASSED] - if (Ms.equals("true")): Keys 'ENTER + ' sent to object: 'Object Repository/SignUp/SignUp with email/Page_AdRoot  Sign up/button_Sign up'

2022-03-16 10:29:23 - [TEST_STEP][PASSED] - RN = <not implemented yet for class: org.codehaus.groovy.ast.expr.EmptyExpression>: null

2022-03-16 10:29:23 - [TEST_STEP][PASSED] - RN = Math.random() * 500: null

2022-03-16 10:29:23 - [TEST_STEP][PASSED] - setText(findTestObject("Object Repository/SignUp/Page_AdRoot  Sign up/input_E-mail_email"), "runayan" + RN + "@gmail.com"): Text 'runayan391@gmail.com' is set on object 'Object Repository/SignUp/Page_AdRoot  Sign up/input_E-mail_email'

2022-03-16 10:29:24 - [MESSAGE][PASSED] - Text 'runayan391@gmail.com' is set on object 'Object Repository/SignUp/Page_AdRoot  Sign up/input_E-mail_email'

2022-03-16 10:29:24 - [TEST_STEP][PASSED] - sendKeys(findTestObject("SignUp/SignUp with email/Page_AdRoot  Sign up/button_Sign up"), Keys.chord(ENTER)): Keys 'ENTER + ' sent to object: 'Object Repository/SignUp/SignUp with email/Page_AdRoot  Sign up/button_Sign up'

2022-03-16 10:29:24 - [MESSAGE][PASSED] - Keys 'ENTER + ' sent to object: 'Object Repository/SignUp/SignUp with email/Page_AdRoot  Sign up/button_Sign up'

2022-03-16 10:29:24 - [TEST_STEP][PASSED] - click(findTestObject("Object Repository/Choose packages/basic package/Page_AdRoot  Sign up/button_Sign up_1")): Object: 'Object Repository/Choose packages/basic package/Page_AdRoot  Sign up/button_Sign up_1' is clicked on

2022-03-16 10:29:26 - [MESSAGE][PASSED] - Object: 'Object Repository/Choose packages/basic package/Page_AdRoot  Sign up/button_Sign up_1' is clicked on

2022-03-16 10:29:26 - [TEST_STEP][PASSED] - waitForElementPresent(findTestObject("Choose packages/basic package/Page_AdRoot Technologies LLC/input__cardNumber"), 0): Object 'Object Repository/Choose packages/basic package/Page_AdRoot Technologies LLC/input__cardNumber' is present

2022-03-16 10:29:26 - [MESSAGE][WARNING] - Timeout '0' is invalid. Using default page load timeout: '30'

2022-03-16 10:29:32 - [MESSAGE][PASSED] - Object 'Object Repository/Choose packages/basic package/Page_AdRoot Technologies LLC/input__cardNumber' is present

2022-03-16 10:29:32 - [TEST_STEP][PASSED] - setText(findTestObject("Object Repository/Choose packages/basic package/Page_AdRoot Technologies LLC/input__cardNumber"), "5406 6100 0080 8837"): Text '5406 6100 0080 8837' is set on object 'Object Repository/Choose packages/basic package/Page_AdRoot Technologies LLC/input__cardNumber'

2022-03-16 10:29:36 - [MESSAGE][PASSED] - Text '5406 6100 0080 8837' is set on object 'Object Repository/Choose packages/basic package/Page_AdRoot Technologies LLC/input__cardNumber'

2022-03-16 10:29:36 - [TEST_STEP][PASSED] - setText(findTestObject("Object Repository/Choose packages/basic package/Page_AdRoot Technologies LLC/input__cardExpiry"), "12 / 23"): Text '12 / 23' is set on object 'Object Repository/Choose packages/basic package/Page_AdRoot Technologies LLC/input__cardExpiry'

2022-03-16 10:29:40 - [MESSAGE][PASSED] - Text '12 / 23' is set on object 'Object Repository/Choose packages/basic package/Page_AdRoot Technologies LLC/input__cardExpiry'

2022-03-16 10:29:40 - [TEST_STEP][PASSED] - setText(findTestObject("Object Repository/Choose packages/basic package/Page_AdRoot Technologies LLC/input__cardCvc"), "403"): Text '403' is set on object 'Object Repository/Choose packages/basic package/Page_AdRoot Technologies LLC/input__cardCvc'

2022-03-16 10:29:44 - [MESSAGE][PASSED] - Text '403' is set on object 'Object Repository/Choose packages/basic package/Page_AdRoot Technologies LLC/input__cardCvc'

2022-03-16 10:29:44 - [TEST_STEP][PASSED] - setText(findTestObject("Object Repository/Choose packages/basic package/Page_AdRoot Technologies LLC/input__billingName"), "Harutyun Aghayan"): Text 'Harutyun Aghayan' is set on object 'Object Repository/Choose packages/basic package/Page_AdRoot Technologies LLC/input__billingName'

2022-03-16 10:29:48 - [MESSAGE][PASSED] - Text 'Harutyun Aghayan' is set on object 'Object Repository/Choose packages/basic package/Page_AdRoot Technologies LLC/input__billingName'

2022-03-16 10:29:48 - [TEST_STEP][PASSED] - click(findTestObject("Object Repository/Choose packages/basic package/Page_AdRoot Technologies LLC/div__SubmitButton-IconContainer")): Object: 'Object Repository/Choose packages/basic package/Page_AdRoot Technologies LLC/div__SubmitButton-IconContainer' is clicked on

2022-03-16 10:29:50 - [MESSAGE][PASSED] - Object: 'Object Repository/Choose packages/basic package/Page_AdRoot Technologies LLC/div__SubmitButton-IconContainer' is clicked on

2022-03-16 10:29:50 - [TEST_STEP][PASSED] - click(findTestObject("Object Repository/Choose packages/basic package/Page_AdRoot  Dashboard/img_No any notification_non-draggable-image_8aff0b")): Object: 'Object Repository/Choose packages/basic package/Page_AdRoot  Dashboard/img_No any notification_non-draggable-image_8aff0b' is clicked on

2022-03-16 10:29:58 - [MESSAGE][PASSED] - Object: 'Object Repository/Choose packages/basic package/Page_AdRoot  Dashboard/img_No any notification_non-draggable-image_8aff0b' is clicked on

2022-03-16 10:29:58 - [TEST_STEP][PASSED] - click(findTestObject("Object Repository/Choose packages/basic package/Page_AdRoot  Dashboard/div_My Account")): Object: 'Object Repository/Choose packages/basic package/Page_AdRoot  Dashboard/div_My Account' is clicked on

2022-03-16 10:30:00 - [MESSAGE][PASSED] - Object: 'Object Repository/Choose packages/basic package/Page_AdRoot  Dashboard/div_My Account' is clicked on

2022-03-16 10:30:00 - [TEST_STEP][PASSED] - click(findTestObject("Object Repository/Choose packages/basic package/Page_AdRoot  Dashboard/div_Payment")): Object: 'Object Repository/Choose packages/basic package/Page_AdRoot  Dashboard/div_Payment' is clicked on

2022-03-16 10:30:02 - [MESSAGE][PASSED] - Object: 'Object Repository/Choose packages/basic package/Page_AdRoot  Dashboard/div_Payment' is clicked on

2022-03-16 10:30:02 - [TEST_STEP][PASSED] - click(findTestObject("Object Repository/Choose packages/basic package/Page_AdRoot  Dashboard/div_8837")): Object: 'Object Repository/Choose packages/basic package/Page_AdRoot  Dashboard/div_8837' is clicked on

2022-03-16 10:30:05 - [MESSAGE][PASSED] - Object: 'Object Repository/Choose packages/basic package/Page_AdRoot  Dashboard/div_8837' is clicked on

2022-03-16 10:30:05 - [TEST_STEP][PASSED] - click(findTestObject("Object Repository/Choose packages/basic package/Page_AdRoot  Dashboard/div_View More_window-top-close")): Object: 'Object Repository/Choose packages/basic package/Page_AdRoot  Dashboard/div_View More_window-top-close' is clicked on

2022-03-16 10:30:07 - [MESSAGE][PASSED] - Object: 'Object Repository/Choose packages/basic package/Page_AdRoot  Dashboard/div_View More_window-top-close' is clicked on

2022-03-16 10:30:07 - [TEST_STEP][PASSED] - click(findTestObject("Object Repository/Choose packages/basic package/Page_AdRoot  Dashboard/a_Campaigns")): Object: 'Object Repository/Choose packages/basic package/Page_AdRoot  Dashboard/a_Campaigns' is clicked on

2022-03-16 10:30:09 - [MESSAGE][PASSED] - Object: 'Object Repository/Choose packages/basic package/Page_AdRoot  Dashboard/a_Campaigns' is clicked on

2022-03-16 10:30:09 - [TEST_STEP][PASSED] - click(findTestObject("Object Repository/Choose packages/basic package/Page_AdRoot  Campaigns/div_Create")): Object: 'Object Repository/Choose packages/basic package/Page_AdRoot  Campaigns/div_Create' is clicked on

2022-03-16 10:30:11 - [MESSAGE][PASSED] - Object: 'Object Repository/Choose packages/basic package/Page_AdRoot  Campaigns/div_Create' is clicked on

2022-03-16 10:30:11 - [TEST_STEP][PASSED] - click(findTestObject("Object Repository/Choose packages/basic package/Page_AdRoot  Create Campaign Steps/span_Campaign name")): Object: 'Object Repository/Choose packages/basic package/Page_AdRoot  Create Campaign Steps/span_Campaign name' is clicked on

2022-03-16 10:30:14 - [MESSAGE][PASSED] - Object: 'Object Repository/Choose packages/basic package/Page_AdRoot  Create Campaign Steps/span_Campaign name' is clicked on

2022-03-16 10:30:14 - [TEST_STEP][PASSED] - click(findTestObject("Object Repository/Choose packages/Page_AdRoot  Campaigns/div_Account")): Object: 'Object Repository/Choose packages/Page_AdRoot  Campaigns/div_Account' is clicked on

2022-03-16 10:30:16 - [MESSAGE][PASSED] - Object: 'Object Repository/Choose packages/Page_AdRoot  Campaigns/div_Account' is clicked on

2022-03-16 10:30:16 - [TEST_STEP][PASSED] - click(findTestObject("Object Repository/Choose packages/Page_AdRoot  Campaigns/div_My Account")): Object: 'Object Repository/Choose packages/Page_AdRoot  Campaigns/div_My Account' is clicked on

2022-03-16 10:30:18 - [MESSAGE][PASSED] - Object: 'Object Repository/Choose packages/Page_AdRoot  Campaigns/div_My Account' is clicked on

2022-03-16 10:30:18 - [TEST_STEP][PASSED] - click(findTestObject("Object Repository/Choose packages/Page_AdRoot  Campaigns/div_Account settings")): Object: 'Object Repository/Choose packages/Page_AdRoot  Campaigns/div_Account settings' is clicked on

2022-03-16 10:30:20 - [MESSAGE][PASSED] - Object: 'Object Repository/Choose packages/Page_AdRoot  Campaigns/div_Account settings' is clicked on

2022-03-16 10:30:20 - [TEST_STEP][PASSED] - click(findTestObject("Object Repository/Choose packages/Page_AdRoot  Campaigns/button_Delete my Account")): Object: 'Object Repository/Choose packages/Page_AdRoot  Campaigns/button_Delete my Account' is clicked on

2022-03-16 10:30:22 - [MESSAGE][PASSED] - Object: 'Object Repository/Choose packages/Page_AdRoot  Campaigns/button_Delete my Account' is clicked on

2022-03-16 10:30:22 - [TEST_STEP][PASSED] - click(findTestObject("Object Repository/Choose packages/Page_AdRoot  Dashboard/div_Fill in your password_input-content")): Object: 'Object Repository/Choose packages/Page_AdRoot  Dashboard/div_Fill in your password_input-content' is clicked on

2022-03-16 10:30:24 - [MESSAGE][PASSED] - Object: 'Object Repository/Choose packages/Page_AdRoot  Dashboard/div_Fill in your password_input-content' is clicked on

2022-03-16 10:30:24 - [TEST_STEP][PASSED] - setEncryptedText(findTestObject("Object Repository/Choose packages/Page_AdRoot  Dashboard/input_Fill in your password_custom-input"), "9juLMCYi8sYpY2Mrwe5diw=="): Text ****** has been set on object 'Object Repository/Choose packages/Page_AdRoot  Dashboard/input_Fill in your password_custom-input'

2022-03-16 10:30:26 - [MESSAGE][PASSED] - Text ****** has been set on object 'Object Repository/Choose packages/Page_AdRoot  Dashboard/input_Fill in your password_custom-input'

2022-03-16 10:30:26 - [TEST_STEP][PASSED] - click(findTestObject("Object Repository/Choose packages/Page_AdRoot  Campaigns/button_Deleting Account")): Object: 'Object Repository/Choose packages/Page_AdRoot  Campaigns/button_Deleting Account' is clicked on

2022-03-16 10:30:28 - [MESSAGE][PASSED] - Object: 'Object Repository/Choose packages/Page_AdRoot  Campaigns/button_Deleting Account' is clicked on

2022-03-16 10:30:28 - [TEST_STEP][PASSED] - verifyElementPresent(findTestObject("Object Repository/Choose packages/Page_AdRoot  Login/h2_Login into your account"), 0): Object 'Object Repository/Choose packages/Page_AdRoot  Login/h2_Login into your account' is present

2022-03-16 10:30:28 - [MESSAGE][WARNING] - Timeout '0' is invalid. Using default page load timeout: '30'

2022-03-16 10:30:30 - [MESSAGE][PASSED] - Object 'Object Repository/Choose packages/Page_AdRoot  Login/h2_Login into your account' is present

2022-03-16 10:30:30 - [TEST_STEP][PASSED] - closeBrowser(): Browser is closed

2022-03-16 10:30:31 - [MESSAGE][PASSED] - Browser is closed]]></system-out>
         <system-err><![CDATA[]]></system-err>
      </testcase>
      <testcase name="Test Cases/SignUp/Sign-up with email/SignUp with email and business" time="43.658" classname="Test Cases/SignUp/Sign-up with email/SignUp with email and business" status="PASSED">
         <system-out><![CDATA[2022-03-16 10:30:31 - [TEST_CASE][PASSED] - Test Cases/SignUp/Sign-up with email/SignUp with email and business: Test Cases/SignUp/Sign-up with email/SignUp with email and business

2022-03-16 10:30:31 - [TEST_STEP][PASSED] - openBrowser(""): Browser is opened with url: ''

2022-03-16 10:30:31 - [MESSAGE][INFO] - Starting 'Chrome' driver

2022-03-16 10:30:31 - [MESSAGE][INFO] - Action delay is set to 0 milliseconds

2022-03-16 10:30:32 - [MESSAGE][PASSED] - Browser is opened with url: ''

2022-03-16 10:30:32 - [TEST_STEP][PASSED] - setViewPortSize(1600, 900): Viewport is set to new size with width = 1600 and height = 900

2022-03-16 10:30:32 - [MESSAGE][PASSED] - Viewport is set to new size with width = 1600 and height = 900

2022-03-16 10:30:32 - [TEST_STEP][PASSED] - navigateToUrl("https://app.adroot.io/auth/signin"): Navigate to 'https://app.adroot.io/auth/signin' successfully

2022-03-16 10:30:35 - [MESSAGE][PASSED] - Navigate to 'https://app.adroot.io/auth/signin' successfully

2022-03-16 10:30:35 - [TEST_STEP][PASSED] - click(findTestObject("Object Repository/SignUp/Page_AdRoot  Login/a_Sign up now")): Object: 'Object Repository/SignUp/Page_AdRoot  Login/a_Sign up now' is clicked on

2022-03-16 10:30:35 - [MESSAGE][PASSED] - Object: 'Object Repository/SignUp/Page_AdRoot  Login/a_Sign up now' is clicked on

2022-03-16 10:30:35 - [TEST_STEP][PASSED] - setText(findTestObject("Object Repository/SignUp/Page_AdRoot  Sign up/input_First name_first_name"), "Ruzan"): Text 'Ruzan' is set on object 'Object Repository/SignUp/Page_AdRoot  Sign up/input_First name_first_name'

2022-03-16 10:30:37 - [MESSAGE][PASSED] - Text 'Ruzan' is set on object 'Object Repository/SignUp/Page_AdRoot  Sign up/input_First name_first_name'

2022-03-16 10:30:37 - [TEST_STEP][PASSED] - setText(findTestObject("Object Repository/SignUp/Page_AdRoot  Sign up/input_Last name_last_name"), "Test"): Text 'Test' is set on object 'Object Repository/SignUp/Page_AdRoot  Sign up/input_Last name_last_name'

2022-03-16 10:30:38 - [MESSAGE][PASSED] - Text 'Test' is set on object 'Object Repository/SignUp/Page_AdRoot  Sign up/input_Last name_last_name'

2022-03-16 10:30:38 - [TEST_STEP][PASSED] - setText(findTestObject("Object Repository/SignUp/Page_AdRoot  Sign up/input_E-mail_email"), "runayan@gmail.com"): Text 'runayan@gmail.com' is set on object 'Object Repository/SignUp/Page_AdRoot  Sign up/input_E-mail_email'

2022-03-16 10:30:39 - [MESSAGE][PASSED] - Text 'runayan@gmail.com' is set on object 'Object Repository/SignUp/Page_AdRoot  Sign up/input_E-mail_email'

2022-03-16 10:30:39 - [TEST_STEP][PASSED] - setEncryptedText(findTestObject("Object Repository/SignUp/Page_AdRoot  Sign up/input_Password_password"), "9juLMCYi8sYpY2Mrwe5diw=="): Text ****** has been set on object 'Object Repository/SignUp/Page_AdRoot  Sign up/input_Password_password'

2022-03-16 10:30:39 - [MESSAGE][PASSED] - Text ****** has been set on object 'Object Repository/SignUp/Page_AdRoot  Sign up/input_Password_password'

2022-03-16 10:30:39 - [TEST_STEP][PASSED] - setEncryptedText(findTestObject("Object Repository/SignUp/Page_AdRoot  Sign up/input_Confirm password_confirm"), "9juLMCYi8sYpY2Mrwe5diw=="): Text ****** has been set on object 'Object Repository/SignUp/Page_AdRoot  Sign up/input_Confirm password_confirm'

2022-03-16 10:30:40 - [MESSAGE][PASSED] - Text ****** has been set on object 'Object Repository/SignUp/Page_AdRoot  Sign up/input_Confirm password_confirm'

2022-03-16 10:30:40 - [TEST_STEP][PASSED] - click(findTestObject("Object Repository/SignUp/Page_AdRoot  Sign up/div_Confirm password_checkbox")): Object: 'Object Repository/SignUp/Page_AdRoot  Sign up/div_Confirm password_checkbox' is clicked on

2022-03-16 10:30:40 - [MESSAGE][PASSED] - Object: 'Object Repository/SignUp/Page_AdRoot  Sign up/div_Confirm password_checkbox' is clicked on

2022-03-16 10:30:40 - [TEST_STEP][PASSED] - click(findTestObject("SignUp/SignUp with email/Page_AdRoot  Sign up/button_Sign up")): Object: 'Object Repository/SignUp/SignUp with email/Page_AdRoot  Sign up/button_Sign up' is clicked on

2022-03-16 10:30:41 - [MESSAGE][PASSED] - Object: 'Object Repository/SignUp/SignUp with email/Page_AdRoot  Sign up/button_Sign up' is clicked on

2022-03-16 10:30:41 - [TEST_STEP][PASSED] - Ms = verifyTextPresent("The E-mail address exists.", false): Text 'The E-mail address exists.' is present on page 

2022-03-16 10:30:41 - [MESSAGE][PASSED] - Text 'The E-mail address exists.' is present on page 

2022-03-16 10:30:41 - [TEST_STEP][PASSED] - if (Ms.equals("true")): Keys 'ENTER + ' sent to object: 'Object Repository/SignUp/SignUp with email/Page_AdRoot  Sign up/button_Sign up'

2022-03-16 10:30:41 - [TEST_STEP][PASSED] - RN = <not implemented yet for class: org.codehaus.groovy.ast.expr.EmptyExpression>: null

2022-03-16 10:30:41 - [TEST_STEP][PASSED] - RN = Math.random() * 500: null

2022-03-16 10:30:41 - [TEST_STEP][PASSED] - setText(findTestObject("Object Repository/SignUp/Page_AdRoot  Sign up/input_E-mail_email"), "runayan" + RN + "@gmail.com"): Text 'runayan418@gmail.com' is set on object 'Object Repository/SignUp/Page_AdRoot  Sign up/input_E-mail_email'

2022-03-16 10:30:42 - [MESSAGE][PASSED] - Text 'runayan418@gmail.com' is set on object 'Object Repository/SignUp/Page_AdRoot  Sign up/input_E-mail_email'

2022-03-16 10:30:42 - [TEST_STEP][PASSED] - sendKeys(findTestObject("SignUp/SignUp with email/Page_AdRoot  Sign up/button_Sign up"), Keys.chord(ENTER)): Keys 'ENTER + ' sent to object: 'Object Repository/SignUp/SignUp with email/Page_AdRoot  Sign up/button_Sign up'

2022-03-16 10:30:42 - [MESSAGE][PASSED] - Keys 'ENTER + ' sent to object: 'Object Repository/SignUp/SignUp with email/Page_AdRoot  Sign up/button_Sign up'

2022-03-16 10:30:42 - [TEST_STEP][PASSED] - click(findTestObject("Choose packages/business package/Page_AdRoot  Sign up/button_Sign up_1")): Object: 'Object Repository/Choose packages/business package/Page_AdRoot  Sign up/button_Sign up_1' is clicked on

2022-03-16 10:30:43 - [MESSAGE][PASSED] - Object: 'Object Repository/Choose packages/business package/Page_AdRoot  Sign up/button_Sign up_1' is clicked on

2022-03-16 10:30:43 - [TEST_STEP][PASSED] - waitForElementPresent(findTestObject("Choose packages/basic package/Page_AdRoot Technologies LLC/input__cardNumber"), 0): Object 'Object Repository/Choose packages/basic package/Page_AdRoot Technologies LLC/input__cardNumber' is present

2022-03-16 10:30:43 - [MESSAGE][WARNING] - Timeout '0' is invalid. Using default page load timeout: '30'

2022-03-16 10:30:50 - [MESSAGE][PASSED] - Object 'Object Repository/Choose packages/basic package/Page_AdRoot Technologies LLC/input__cardNumber' is present

2022-03-16 10:30:50 - [TEST_STEP][PASSED] - setText(findTestObject("Object Repository/Choose packages/basic package/Page_AdRoot Technologies LLC/input__cardNumber"), "5406 6100 0080 8837"): Text '5406 6100 0080 8837' is set on object 'Object Repository/Choose packages/basic package/Page_AdRoot Technologies LLC/input__cardNumber'

2022-03-16 10:30:51 - [MESSAGE][PASSED] - Text '5406 6100 0080 8837' is set on object 'Object Repository/Choose packages/basic package/Page_AdRoot Technologies LLC/input__cardNumber'

2022-03-16 10:30:51 - [TEST_STEP][PASSED] - setText(findTestObject("Object Repository/Choose packages/basic package/Page_AdRoot Technologies LLC/input__cardExpiry"), "12 / 23"): Text '12 / 23' is set on object 'Object Repository/Choose packages/basic package/Page_AdRoot Technologies LLC/input__cardExpiry'

2022-03-16 10:30:52 - [MESSAGE][PASSED] - Text '12 / 23' is set on object 'Object Repository/Choose packages/basic package/Page_AdRoot Technologies LLC/input__cardExpiry'

2022-03-16 10:30:52 - [TEST_STEP][PASSED] - setText(findTestObject("Object Repository/Choose packages/basic package/Page_AdRoot Technologies LLC/input__cardCvc"), "403"): Text '403' is set on object 'Object Repository/Choose packages/basic package/Page_AdRoot Technologies LLC/input__cardCvc'

2022-03-16 10:30:52 - [MESSAGE][PASSED] - Text '403' is set on object 'Object Repository/Choose packages/basic package/Page_AdRoot Technologies LLC/input__cardCvc'

2022-03-16 10:30:52 - [TEST_STEP][PASSED] - setText(findTestObject("Object Repository/Choose packages/basic package/Page_AdRoot Technologies LLC/input__billingName"), "Harutyun Aghayan"): Text 'Harutyun Aghayan' is set on object 'Object Repository/Choose packages/basic package/Page_AdRoot Technologies LLC/input__billingName'

2022-03-16 10:30:53 - [MESSAGE][PASSED] - Text 'Harutyun Aghayan' is set on object 'Object Repository/Choose packages/basic package/Page_AdRoot Technologies LLC/input__billingName'

2022-03-16 10:30:53 - [TEST_STEP][PASSED] - click(findTestObject("Object Repository/Choose packages/basic package/Page_AdRoot Technologies LLC/div__SubmitButton-IconContainer")): Object: 'Object Repository/Choose packages/basic package/Page_AdRoot Technologies LLC/div__SubmitButton-IconContainer' is clicked on

2022-03-16 10:30:54 - [MESSAGE][PASSED] - Object: 'Object Repository/Choose packages/basic package/Page_AdRoot Technologies LLC/div__SubmitButton-IconContainer' is clicked on

2022-03-16 10:30:54 - [TEST_STEP][PASSED] - click(findTestObject("Object Repository/Choose packages/basic package/Page_AdRoot  Dashboard/img_No any notification_non-draggable-image_8aff0b")): Object: 'Object Repository/Choose packages/basic package/Page_AdRoot  Dashboard/img_No any notification_non-draggable-image_8aff0b' is clicked on

2022-03-16 10:31:02 - [MESSAGE][PASSED] - Object: 'Object Repository/Choose packages/basic package/Page_AdRoot  Dashboard/img_No any notification_non-draggable-image_8aff0b' is clicked on

2022-03-16 10:31:02 - [TEST_STEP][PASSED] - click(findTestObject("Object Repository/Choose packages/basic package/Page_AdRoot  Dashboard/div_My Account")): Object: 'Object Repository/Choose packages/basic package/Page_AdRoot  Dashboard/div_My Account' is clicked on

2022-03-16 10:31:03 - [MESSAGE][PASSED] - Object: 'Object Repository/Choose packages/basic package/Page_AdRoot  Dashboard/div_My Account' is clicked on

2022-03-16 10:31:03 - [TEST_STEP][PASSED] - click(findTestObject("Object Repository/Choose packages/basic package/Page_AdRoot  Dashboard/div_Payment")): Object: 'Object Repository/Choose packages/basic package/Page_AdRoot  Dashboard/div_Payment' is clicked on

2022-03-16 10:31:04 - [MESSAGE][PASSED] - Object: 'Object Repository/Choose packages/basic package/Page_AdRoot  Dashboard/div_Payment' is clicked on

2022-03-16 10:31:04 - [TEST_STEP][PASSED] - click(findTestObject("Object Repository/Choose packages/basic package/Page_AdRoot  Dashboard/div_8837")): Object: 'Object Repository/Choose packages/basic package/Page_AdRoot  Dashboard/div_8837' is clicked on

2022-03-16 10:31:06 - [MESSAGE][PASSED] - Object: 'Object Repository/Choose packages/basic package/Page_AdRoot  Dashboard/div_8837' is clicked on

2022-03-16 10:31:06 - [TEST_STEP][PASSED] - click(findTestObject("Object Repository/Choose packages/basic package/Page_AdRoot  Dashboard/div_View More_window-top-close")): Object: 'Object Repository/Choose packages/basic package/Page_AdRoot  Dashboard/div_View More_window-top-close' is clicked on

2022-03-16 10:31:06 - [MESSAGE][PASSED] - Object: 'Object Repository/Choose packages/basic package/Page_AdRoot  Dashboard/div_View More_window-top-close' is clicked on

2022-03-16 10:31:06 - [TEST_STEP][PASSED] - click(findTestObject("Object Repository/Choose packages/basic package/Page_AdRoot  Dashboard/a_Campaigns")): Object: 'Object Repository/Choose packages/basic package/Page_AdRoot  Dashboard/a_Campaigns' is clicked on

2022-03-16 10:31:07 - [MESSAGE][PASSED] - Object: 'Object Repository/Choose packages/basic package/Page_AdRoot  Dashboard/a_Campaigns' is clicked on

2022-03-16 10:31:07 - [TEST_STEP][PASSED] - click(findTestObject("Object Repository/Choose packages/basic package/Page_AdRoot  Campaigns/div_Create")): Object: 'Object Repository/Choose packages/basic package/Page_AdRoot  Campaigns/div_Create' is clicked on

2022-03-16 10:31:08 - [MESSAGE][PASSED] - Object: 'Object Repository/Choose packages/basic package/Page_AdRoot  Campaigns/div_Create' is clicked on

2022-03-16 10:31:08 - [TEST_STEP][PASSED] - click(findTestObject("Object Repository/Choose packages/basic package/Page_AdRoot  Create Campaign Steps/span_Campaign name")): Object: 'Object Repository/Choose packages/basic package/Page_AdRoot  Create Campaign Steps/span_Campaign name' is clicked on

2022-03-16 10:31:09 - [MESSAGE][PASSED] - Object: 'Object Repository/Choose packages/basic package/Page_AdRoot  Create Campaign Steps/span_Campaign name' is clicked on

2022-03-16 10:31:09 - [TEST_STEP][PASSED] - click(findTestObject("Object Repository/Choose packages/Page_AdRoot  Campaigns/div_Account")): Object: 'Object Repository/Choose packages/Page_AdRoot  Campaigns/div_Account' is clicked on

2022-03-16 10:31:09 - [MESSAGE][PASSED] - Object: 'Object Repository/Choose packages/Page_AdRoot  Campaigns/div_Account' is clicked on

2022-03-16 10:31:09 - [TEST_STEP][PASSED] - click(findTestObject("Object Repository/Choose packages/Page_AdRoot  Campaigns/div_My Account")): Object: 'Object Repository/Choose packages/Page_AdRoot  Campaigns/div_My Account' is clicked on

2022-03-16 10:31:10 - [MESSAGE][PASSED] - Object: 'Object Repository/Choose packages/Page_AdRoot  Campaigns/div_My Account' is clicked on

2022-03-16 10:31:10 - [TEST_STEP][PASSED] - click(findTestObject("Object Repository/Choose packages/Page_AdRoot  Campaigns/div_Account settings")): Object: 'Object Repository/Choose packages/Page_AdRoot  Campaigns/div_Account settings' is clicked on

2022-03-16 10:31:10 - [MESSAGE][PASSED] - Object: 'Object Repository/Choose packages/Page_AdRoot  Campaigns/div_Account settings' is clicked on

2022-03-16 10:31:10 - [TEST_STEP][PASSED] - click(findTestObject("Object Repository/Choose packages/Page_AdRoot  Campaigns/button_Delete my Account")): Object: 'Object Repository/Choose packages/Page_AdRoot  Campaigns/button_Delete my Account' is clicked on

2022-03-16 10:31:11 - [MESSAGE][PASSED] - Object: 'Object Repository/Choose packages/Page_AdRoot  Campaigns/button_Delete my Account' is clicked on

2022-03-16 10:31:11 - [TEST_STEP][PASSED] - click(findTestObject("Object Repository/Choose packages/Page_AdRoot  Dashboard/div_Fill in your password_input-content")): Object: 'Object Repository/Choose packages/Page_AdRoot  Dashboard/div_Fill in your password_input-content' is clicked on

2022-03-16 10:31:12 - [MESSAGE][PASSED] - Object: 'Object Repository/Choose packages/Page_AdRoot  Dashboard/div_Fill in your password_input-content' is clicked on

2022-03-16 10:31:12 - [TEST_STEP][PASSED] - setEncryptedText(findTestObject("Object Repository/Choose packages/Page_AdRoot  Dashboard/input_Fill in your password_custom-input"), "9juLMCYi8sYpY2Mrwe5diw=="): Text ****** has been set on object 'Object Repository/Choose packages/Page_AdRoot  Dashboard/input_Fill in your password_custom-input'

2022-03-16 10:31:12 - [MESSAGE][PASSED] - Text ****** has been set on object 'Object Repository/Choose packages/Page_AdRoot  Dashboard/input_Fill in your password_custom-input'

2022-03-16 10:31:12 - [TEST_STEP][PASSED] - click(findTestObject("Object Repository/Choose packages/Page_AdRoot  Campaigns/button_Deleting Account")): Object: 'Object Repository/Choose packages/Page_AdRoot  Campaigns/button_Deleting Account' is clicked on

2022-03-16 10:31:13 - [MESSAGE][PASSED] - Object: 'Object Repository/Choose packages/Page_AdRoot  Campaigns/button_Deleting Account' is clicked on

2022-03-16 10:31:13 - [TEST_STEP][PASSED] - verifyElementPresent(findTestObject("Object Repository/Choose packages/Page_AdRoot  Login/h2_Login into your account"), 0): Object 'Object Repository/Choose packages/Page_AdRoot  Login/h2_Login into your account' is present

2022-03-16 10:31:13 - [MESSAGE][WARNING] - Timeout '0' is invalid. Using default page load timeout: '30'

2022-03-16 10:31:14 - [MESSAGE][PASSED] - Object 'Object Repository/Choose packages/Page_AdRoot  Login/h2_Login into your account' is present

2022-03-16 10:31:14 - [TEST_STEP][PASSED] - closeBrowser(): Browser is closed

2022-03-16 10:31:14 - [MESSAGE][PASSED] - Browser is closed]]></system-out>
         <system-err><![CDATA[]]></system-err>
      </testcase>
      <testcase name="Test Cases/SignUp/Sign-up with email/SignUp with email and free" time="53.19" classname="Test Cases/SignUp/Sign-up with email/SignUp with email and free" status="PASSED">
         <system-out><![CDATA[2022-03-16 10:31:14 - [TEST_CASE][PASSED] - Test Cases/SignUp/Sign-up with email/SignUp with email and free: Test Cases/SignUp/Sign-up with email/SignUp with email and free

2022-03-16 10:31:15 - [TEST_STEP][PASSED] - openBrowser(""): Browser is opened with url: ''

2022-03-16 10:31:15 - [MESSAGE][INFO] - Starting 'Chrome' driver

2022-03-16 10:31:15 - [MESSAGE][INFO] - Action delay is set to 0 milliseconds

2022-03-16 10:31:16 - [MESSAGE][PASSED] - Browser is opened with url: ''

2022-03-16 10:31:16 - [TEST_STEP][PASSED] - setViewPortSize(1600, 900): Viewport is set to new size with width = 1600 and height = 900

2022-03-16 10:31:16 - [MESSAGE][PASSED] - Viewport is set to new size with width = 1600 and height = 900

2022-03-16 10:31:16 - [TEST_STEP][PASSED] - navigateToUrl("https://app.adroot.io/auth/signin"): Navigate to 'https://app.adroot.io/auth/signin' successfully

2022-03-16 10:31:18 - [MESSAGE][PASSED] - Navigate to 'https://app.adroot.io/auth/signin' successfully

2022-03-16 10:31:18 - [TEST_STEP][PASSED] - click(findTestObject("Object Repository/SignUp/Page_AdRoot  Login/a_Sign up now")): Object: 'Object Repository/SignUp/Page_AdRoot  Login/a_Sign up now' is clicked on

2022-03-16 10:31:19 - [MESSAGE][PASSED] - Object: 'Object Repository/SignUp/Page_AdRoot  Login/a_Sign up now' is clicked on

2022-03-16 10:31:19 - [TEST_STEP][PASSED] - setText(findTestObject("Object Repository/SignUp/Page_AdRoot  Sign up/input_First name_first_name"), "Ruzan"): Text 'Ruzan' is set on object 'Object Repository/SignUp/Page_AdRoot  Sign up/input_First name_first_name'

2022-03-16 10:31:20 - [MESSAGE][PASSED] - Text 'Ruzan' is set on object 'Object Repository/SignUp/Page_AdRoot  Sign up/input_First name_first_name'

2022-03-16 10:31:20 - [TEST_STEP][PASSED] - setText(findTestObject("Object Repository/SignUp/Page_AdRoot  Sign up/input_Last name_last_name"), "Test"): Text 'Test' is set on object 'Object Repository/SignUp/Page_AdRoot  Sign up/input_Last name_last_name'

2022-03-16 10:31:21 - [MESSAGE][PASSED] - Text 'Test' is set on object 'Object Repository/SignUp/Page_AdRoot  Sign up/input_Last name_last_name'

2022-03-16 10:31:21 - [TEST_STEP][PASSED] - setText(findTestObject("Object Repository/SignUp/Page_AdRoot  Sign up/input_E-mail_email"), "runayan@gmail.com"): Text 'runayan@gmail.com' is set on object 'Object Repository/SignUp/Page_AdRoot  Sign up/input_E-mail_email'

2022-03-16 10:31:25 - [MESSAGE][PASSED] - Text 'runayan@gmail.com' is set on object 'Object Repository/SignUp/Page_AdRoot  Sign up/input_E-mail_email'

2022-03-16 10:31:25 - [TEST_STEP][PASSED] - setEncryptedText(findTestObject("Object Repository/SignUp/Page_AdRoot  Sign up/input_Password_password"), "9juLMCYi8sYpY2Mrwe5diw=="): Text ****** has been set on object 'Object Repository/SignUp/Page_AdRoot  Sign up/input_Password_password'

2022-03-16 10:31:27 - [MESSAGE][PASSED] - Text ****** has been set on object 'Object Repository/SignUp/Page_AdRoot  Sign up/input_Password_password'

2022-03-16 10:31:27 - [TEST_STEP][PASSED] - setEncryptedText(findTestObject("Object Repository/SignUp/Page_AdRoot  Sign up/input_Confirm password_confirm"), "9juLMCYi8sYpY2Mrwe5diw=="): Text ****** has been set on object 'Object Repository/SignUp/Page_AdRoot  Sign up/input_Confirm password_confirm'

2022-03-16 10:31:29 - [MESSAGE][PASSED] - Text ****** has been set on object 'Object Repository/SignUp/Page_AdRoot  Sign up/input_Confirm password_confirm'

2022-03-16 10:31:29 - [TEST_STEP][PASSED] - click(findTestObject("Object Repository/SignUp/Page_AdRoot  Sign up/div_Confirm password_checkbox")): Object: 'Object Repository/SignUp/Page_AdRoot  Sign up/div_Confirm password_checkbox' is clicked on

2022-03-16 10:31:31 - [MESSAGE][PASSED] - Object: 'Object Repository/SignUp/Page_AdRoot  Sign up/div_Confirm password_checkbox' is clicked on

2022-03-16 10:31:31 - [TEST_STEP][PASSED] - click(findTestObject("SignUp/SignUp with email/Page_AdRoot  Sign up/button_Sign up")): Object: 'Object Repository/SignUp/SignUp with email/Page_AdRoot  Sign up/button_Sign up' is clicked on

2022-03-16 10:31:33 - [MESSAGE][PASSED] - Object: 'Object Repository/SignUp/SignUp with email/Page_AdRoot  Sign up/button_Sign up' is clicked on

2022-03-16 10:31:33 - [TEST_STEP][PASSED] - Ms = verifyTextPresent("The E-mail address exists.", false): Text 'The E-mail address exists.' is present on page 

2022-03-16 10:31:35 - [MESSAGE][PASSED] - Text 'The E-mail address exists.' is present on page 

2022-03-16 10:31:35 - [TEST_STEP][PASSED] - if (Ms.equals("true")): Keys 'ENTER + ' sent to object: 'Object Repository/SignUp/SignUp with email/Page_AdRoot  Sign up/button_Sign up'

2022-03-16 10:31:35 - [TEST_STEP][PASSED] - RN = <not implemented yet for class: org.codehaus.groovy.ast.expr.EmptyExpression>: null

2022-03-16 10:31:35 - [TEST_STEP][PASSED] - RN = Math.random() * 500: null

2022-03-16 10:31:35 - [TEST_STEP][PASSED] - setText(findTestObject("Object Repository/SignUp/Page_AdRoot  Sign up/input_E-mail_email"), "runayan" + RN + "@gmail.com"): Text 'runayan462@gmail.com' is set on object 'Object Repository/SignUp/Page_AdRoot  Sign up/input_E-mail_email'

2022-03-16 10:31:39 - [MESSAGE][PASSED] - Text 'runayan462@gmail.com' is set on object 'Object Repository/SignUp/Page_AdRoot  Sign up/input_E-mail_email'

2022-03-16 10:31:39 - [TEST_STEP][PASSED] - sendKeys(findTestObject("SignUp/SignUp with email/Page_AdRoot  Sign up/button_Sign up"), Keys.chord(ENTER)): Keys 'ENTER + ' sent to object: 'Object Repository/SignUp/SignUp with email/Page_AdRoot  Sign up/button_Sign up'

2022-03-16 10:31:41 - [MESSAGE][PASSED] - Keys 'ENTER + ' sent to object: 'Object Repository/SignUp/SignUp with email/Page_AdRoot  Sign up/button_Sign up'

2022-03-16 10:31:41 - [TEST_STEP][PASSED] - click(findTestObject("Choose packages/free package/Page_AdRoot  Sign up/button_Sign up_1")): Object: 'Object Repository/Choose packages/free package/Page_AdRoot  Sign up/button_Sign up_1' is clicked on

2022-03-16 10:31:43 - [MESSAGE][PASSED] - Object: 'Object Repository/Choose packages/free package/Page_AdRoot  Sign up/button_Sign up_1' is clicked on

2022-03-16 10:31:43 - [TEST_STEP][PASSED] - click(findTestObject("Object Repository/Choose packages/basic package/Page_AdRoot  Dashboard/a_Campaigns")): Object: 'Object Repository/Choose packages/basic package/Page_AdRoot  Dashboard/a_Campaigns' is clicked on

2022-03-16 10:31:46 - [MESSAGE][PASSED] - Object: 'Object Repository/Choose packages/basic package/Page_AdRoot  Dashboard/a_Campaigns' is clicked on

2022-03-16 10:31:46 - [TEST_STEP][PASSED] - click(findTestObject("Object Repository/Choose packages/basic package/Page_AdRoot  Campaigns/div_Create")): Object: 'Object Repository/Choose packages/basic package/Page_AdRoot  Campaigns/div_Create' is clicked on

2022-03-16 10:31:48 - [MESSAGE][PASSED] - Object: 'Object Repository/Choose packages/basic package/Page_AdRoot  Campaigns/div_Create' is clicked on

2022-03-16 10:31:48 - [TEST_STEP][PASSED] - click(findTestObject("Object Repository/Choose packages/basic package/Page_AdRoot  Create Campaign Steps/span_Campaign name")): Object: 'Object Repository/Choose packages/basic package/Page_AdRoot  Create Campaign Steps/span_Campaign name' is clicked on

2022-03-16 10:31:51 - [MESSAGE][PASSED] - Object: 'Object Repository/Choose packages/basic package/Page_AdRoot  Create Campaign Steps/span_Campaign name' is clicked on

2022-03-16 10:31:51 - [TEST_STEP][PASSED] - click(findTestObject("Object Repository/Choose packages/Page_AdRoot  Campaigns/div_Account")): Object: 'Object Repository/Choose packages/Page_AdRoot  Campaigns/div_Account' is clicked on

2022-03-16 10:31:53 - [MESSAGE][PASSED] - Object: 'Object Repository/Choose packages/Page_AdRoot  Campaigns/div_Account' is clicked on

2022-03-16 10:31:53 - [TEST_STEP][PASSED] - click(findTestObject("Object Repository/Choose packages/Page_AdRoot  Campaigns/div_My Account")): Object: 'Object Repository/Choose packages/Page_AdRoot  Campaigns/div_My Account' is clicked on

2022-03-16 10:31:55 - [MESSAGE][PASSED] - Object: 'Object Repository/Choose packages/Page_AdRoot  Campaigns/div_My Account' is clicked on

2022-03-16 10:31:55 - [TEST_STEP][PASSED] - click(findTestObject("Object Repository/Choose packages/Page_AdRoot  Campaigns/div_Account settings")): Object: 'Object Repository/Choose packages/Page_AdRoot  Campaigns/div_Account settings' is clicked on

2022-03-16 10:31:57 - [MESSAGE][PASSED] - Object: 'Object Repository/Choose packages/Page_AdRoot  Campaigns/div_Account settings' is clicked on

2022-03-16 10:31:57 - [TEST_STEP][PASSED] - click(findTestObject("Object Repository/Choose packages/Page_AdRoot  Campaigns/button_Delete my Account")): Object: 'Object Repository/Choose packages/Page_AdRoot  Campaigns/button_Delete my Account' is clicked on

2022-03-16 10:31:59 - [MESSAGE][PASSED] - Object: 'Object Repository/Choose packages/Page_AdRoot  Campaigns/button_Delete my Account' is clicked on

2022-03-16 10:31:59 - [TEST_STEP][PASSED] - click(findTestObject("Object Repository/Choose packages/Page_AdRoot  Dashboard/div_Fill in your password_input-content")): Object: 'Object Repository/Choose packages/Page_AdRoot  Dashboard/div_Fill in your password_input-content' is clicked on

2022-03-16 10:32:01 - [MESSAGE][PASSED] - Object: 'Object Repository/Choose packages/Page_AdRoot  Dashboard/div_Fill in your password_input-content' is clicked on

2022-03-16 10:32:01 - [TEST_STEP][PASSED] - setEncryptedText(findTestObject("Object Repository/Choose packages/Page_AdRoot  Dashboard/input_Fill in your password_custom-input"), "9juLMCYi8sYpY2Mrwe5diw=="): Text ****** has been set on object 'Object Repository/Choose packages/Page_AdRoot  Dashboard/input_Fill in your password_custom-input'

2022-03-16 10:32:03 - [MESSAGE][PASSED] - Text ****** has been set on object 'Object Repository/Choose packages/Page_AdRoot  Dashboard/input_Fill in your password_custom-input'

2022-03-16 10:32:03 - [TEST_STEP][PASSED] - click(findTestObject("Object Repository/Choose packages/Page_AdRoot  Campaigns/button_Deleting Account")): Object: 'Object Repository/Choose packages/Page_AdRoot  Campaigns/button_Deleting Account' is clicked on

2022-03-16 10:32:05 - [MESSAGE][PASSED] - Object: 'Object Repository/Choose packages/Page_AdRoot  Campaigns/button_Deleting Account' is clicked on

2022-03-16 10:32:05 - [TEST_STEP][PASSED] - verifyElementPresent(findTestObject("Object Repository/Choose packages/Page_AdRoot  Login/h2_Login into your account"), 0): Object 'Object Repository/Choose packages/Page_AdRoot  Login/h2_Login into your account' is present

2022-03-16 10:32:05 - [MESSAGE][WARNING] - Timeout '0' is invalid. Using default page load timeout: '30'

2022-03-16 10:32:07 - [MESSAGE][PASSED] - Object 'Object Repository/Choose packages/Page_AdRoot  Login/h2_Login into your account' is present

2022-03-16 10:32:07 - [TEST_STEP][PASSED] - closeBrowser(): Browser is closed

2022-03-16 10:32:08 - [MESSAGE][PASSED] - Browser is closed]]></system-out>
         <system-err><![CDATA[]]></system-err>
      </testcase>
      <testcase name="Test Cases/SignUp/Sign-up with email/SignUp with email and skip" time="27.914" classname="Test Cases/SignUp/Sign-up with email/SignUp with email and skip" status="PASSED">
         <system-out><![CDATA[2022-03-16 10:32:08 - [TEST_CASE][PASSED] - Test Cases/SignUp/Sign-up with email/SignUp with email and skip: Test Cases/SignUp/Sign-up with email/SignUp with email and skip

2022-03-16 10:32:08 - [TEST_STEP][PASSED] - openBrowser(""): Browser is opened with url: ''

2022-03-16 10:32:08 - [MESSAGE][INFO] - Starting 'Chrome' driver

2022-03-16 10:32:08 - [MESSAGE][INFO] - Action delay is set to 0 milliseconds

2022-03-16 10:32:09 - [MESSAGE][PASSED] - Browser is opened with url: ''

2022-03-16 10:32:09 - [TEST_STEP][PASSED] - setViewPortSize(1600, 900): Viewport is set to new size with width = 1600 and height = 900

2022-03-16 10:32:09 - [MESSAGE][PASSED] - Viewport is set to new size with width = 1600 and height = 900

2022-03-16 10:32:09 - [TEST_STEP][PASSED] - navigateToUrl("https://app.adroot.io/auth/signin"): Navigate to 'https://app.adroot.io/auth/signin' successfully

2022-03-16 10:32:18 - [MESSAGE][PASSED] - Navigate to 'https://app.adroot.io/auth/signin' successfully

2022-03-16 10:32:18 - [TEST_STEP][PASSED] - click(findTestObject("Object Repository/SignUp/Page_AdRoot  Login/a_Sign up now")): Object: 'Object Repository/SignUp/Page_AdRoot  Login/a_Sign up now' is clicked on

2022-03-16 10:32:19 - [MESSAGE][PASSED] - Object: 'Object Repository/SignUp/Page_AdRoot  Login/a_Sign up now' is clicked on

2022-03-16 10:32:19 - [TEST_STEP][PASSED] - setText(findTestObject("Object Repository/SignUp/Page_AdRoot  Sign up/input_First name_first_name"), "Ruzan"): Text 'Ruzan' is set on object 'Object Repository/SignUp/Page_AdRoot  Sign up/input_First name_first_name'

2022-03-16 10:32:20 - [MESSAGE][PASSED] - Text 'Ruzan' is set on object 'Object Repository/SignUp/Page_AdRoot  Sign up/input_First name_first_name'

2022-03-16 10:32:20 - [TEST_STEP][PASSED] - setText(findTestObject("Object Repository/SignUp/Page_AdRoot  Sign up/input_Last name_last_name"), "Test"): Text 'Test' is set on object 'Object Repository/SignUp/Page_AdRoot  Sign up/input_Last name_last_name'

2022-03-16 10:32:20 - [MESSAGE][PASSED] - Text 'Test' is set on object 'Object Repository/SignUp/Page_AdRoot  Sign up/input_Last name_last_name'

2022-03-16 10:32:20 - [TEST_STEP][PASSED] - setText(findTestObject("Object Repository/SignUp/Page_AdRoot  Sign up/input_E-mail_email"), "runayan@gmail.com"): Text 'runayan@gmail.com' is set on object 'Object Repository/SignUp/Page_AdRoot  Sign up/input_E-mail_email'

2022-03-16 10:32:21 - [MESSAGE][PASSED] - Text 'runayan@gmail.com' is set on object 'Object Repository/SignUp/Page_AdRoot  Sign up/input_E-mail_email'

2022-03-16 10:32:21 - [TEST_STEP][PASSED] - setEncryptedText(findTestObject("Object Repository/SignUp/Page_AdRoot  Sign up/input_Password_password"), "9juLMCYi8sYpY2Mrwe5diw=="): Text ****** has been set on object 'Object Repository/SignUp/Page_AdRoot  Sign up/input_Password_password'

2022-03-16 10:32:22 - [MESSAGE][PASSED] - Text ****** has been set on object 'Object Repository/SignUp/Page_AdRoot  Sign up/input_Password_password'

2022-03-16 10:32:22 - [TEST_STEP][PASSED] - setEncryptedText(findTestObject("Object Repository/SignUp/Page_AdRoot  Sign up/input_Confirm password_confirm"), "9juLMCYi8sYpY2Mrwe5diw=="): Text ****** has been set on object 'Object Repository/SignUp/Page_AdRoot  Sign up/input_Confirm password_confirm'

2022-03-16 10:32:23 - [MESSAGE][PASSED] - Text ****** has been set on object 'Object Repository/SignUp/Page_AdRoot  Sign up/input_Confirm password_confirm'

2022-03-16 10:32:23 - [TEST_STEP][PASSED] - click(findTestObject("Object Repository/SignUp/Page_AdRoot  Sign up/div_Confirm password_checkbox")): Object: 'Object Repository/SignUp/Page_AdRoot  Sign up/div_Confirm password_checkbox' is clicked on

2022-03-16 10:32:23 - [MESSAGE][PASSED] - Object: 'Object Repository/SignUp/Page_AdRoot  Sign up/div_Confirm password_checkbox' is clicked on

2022-03-16 10:32:23 - [TEST_STEP][PASSED] - click(findTestObject("SignUp/SignUp with email/Page_AdRoot  Sign up/button_Sign up")): Object: 'Object Repository/SignUp/SignUp with email/Page_AdRoot  Sign up/button_Sign up' is clicked on

2022-03-16 10:32:24 - [MESSAGE][PASSED] - Object: 'Object Repository/SignUp/SignUp with email/Page_AdRoot  Sign up/button_Sign up' is clicked on

2022-03-16 10:32:24 - [TEST_STEP][PASSED] - Ms = verifyTextPresent("The E-mail address exists.", false): Text 'The E-mail address exists.' is present on page 

2022-03-16 10:32:24 - [MESSAGE][PASSED] - Text 'The E-mail address exists.' is present on page 

2022-03-16 10:32:24 - [TEST_STEP][PASSED] - if (Ms.equals("true")): Keys 'ENTER + ' sent to object: 'Object Repository/SignUp/SignUp with email/Page_AdRoot  Sign up/button_Sign up'

2022-03-16 10:32:24 - [TEST_STEP][PASSED] - RN = <not implemented yet for class: org.codehaus.groovy.ast.expr.EmptyExpression>: null

2022-03-16 10:32:24 - [TEST_STEP][PASSED] - RN = Math.random() * 500: null

2022-03-16 10:32:24 - [TEST_STEP][PASSED] - setText(findTestObject("Object Repository/SignUp/Page_AdRoot  Sign up/input_E-mail_email"), "runayan" + RN + "@gmail.com"): Text 'runayan115@gmail.com' is set on object 'Object Repository/SignUp/Page_AdRoot  Sign up/input_E-mail_email'

2022-03-16 10:32:25 - [MESSAGE][PASSED] - Text 'runayan115@gmail.com' is set on object 'Object Repository/SignUp/Page_AdRoot  Sign up/input_E-mail_email'

2022-03-16 10:32:25 - [TEST_STEP][PASSED] - sendKeys(findTestObject("SignUp/SignUp with email/Page_AdRoot  Sign up/button_Sign up"), Keys.chord(ENTER)): Keys 'ENTER + ' sent to object: 'Object Repository/SignUp/SignUp with email/Page_AdRoot  Sign up/button_Sign up'

2022-03-16 10:32:25 - [MESSAGE][PASSED] - Keys 'ENTER + ' sent to object: 'Object Repository/SignUp/SignUp with email/Page_AdRoot  Sign up/button_Sign up'

2022-03-16 10:32:25 - [TEST_STEP][PASSED] - click(findTestObject("Object Repository/Choose packages/Page_AdRoot  Sign up/button_Skip Payment")): Object: 'Object Repository/Choose packages/Page_AdRoot  Sign up/button_Skip Payment' is clicked on

2022-03-16 10:32:26 - [MESSAGE][PASSED] - Object: 'Object Repository/Choose packages/Page_AdRoot  Sign up/button_Skip Payment' is clicked on

2022-03-16 10:32:26 - [TEST_STEP][PASSED] - click(findTestObject("Object Repository/Choose packages/Page_AdRoot  Dashboard/a_Campaigns")): Object: 'Object Repository/Choose packages/Page_AdRoot  Dashboard/a_Campaigns' is clicked on

2022-03-16 10:32:28 - [MESSAGE][PASSED] - Object: 'Object Repository/Choose packages/Page_AdRoot  Dashboard/a_Campaigns' is clicked on

2022-03-16 10:32:28 - [TEST_STEP][PASSED] - click(findTestObject("Object Repository/Choose packages/Page_AdRoot  Campaigns/div_Create")): Object: 'Object Repository/Choose packages/Page_AdRoot  Campaigns/div_Create' is clicked on

2022-03-16 10:32:29 - [MESSAGE][PASSED] - Object: 'Object Repository/Choose packages/Page_AdRoot  Campaigns/div_Create' is clicked on

2022-03-16 10:32:29 - [TEST_STEP][PASSED] - verifyElementPresent(findTestObject("Object Repository/Choose packages/Page_AdRoot  Campaigns/div_You cant create campaign because on acc_55a7b4"), 0): Object 'Object Repository/Choose packages/Page_AdRoot  Campaigns/div_You cant create campaign because on acc_55a7b4' is present

2022-03-16 10:32:29 - [MESSAGE][WARNING] - Timeout '0' is invalid. Using default page load timeout: '30'

2022-03-16 10:32:29 - [MESSAGE][PASSED] - Object 'Object Repository/Choose packages/Page_AdRoot  Campaigns/div_You cant create campaign because on acc_55a7b4' is present

2022-03-16 10:32:29 - [TEST_STEP][PASSED] - click(findTestObject("Object Repository/Choose packages/Page_AdRoot  Campaigns/div_")): Object: 'Object Repository/Choose packages/Page_AdRoot  Campaigns/div_' is clicked on

2022-03-16 10:32:30 - [MESSAGE][PASSED] - Object: 'Object Repository/Choose packages/Page_AdRoot  Campaigns/div_' is clicked on

2022-03-16 10:32:30 - [TEST_STEP][PASSED] - click(findTestObject("Object Repository/Choose packages/Page_AdRoot  Campaigns/div_Account")): Object: 'Object Repository/Choose packages/Page_AdRoot  Campaigns/div_Account' is clicked on

2022-03-16 10:32:31 - [MESSAGE][PASSED] - Object: 'Object Repository/Choose packages/Page_AdRoot  Campaigns/div_Account' is clicked on

2022-03-16 10:32:31 - [TEST_STEP][PASSED] - click(findTestObject("Object Repository/Choose packages/Page_AdRoot  Campaigns/div_My Account")): Object: 'Object Repository/Choose packages/Page_AdRoot  Campaigns/div_My Account' is clicked on

2022-03-16 10:32:31 - [MESSAGE][PASSED] - Object: 'Object Repository/Choose packages/Page_AdRoot  Campaigns/div_My Account' is clicked on

2022-03-16 10:32:31 - [TEST_STEP][PASSED] - click(findTestObject("Object Repository/Choose packages/Page_AdRoot  Campaigns/div_Account settings")): Object: 'Object Repository/Choose packages/Page_AdRoot  Campaigns/div_Account settings' is clicked on

2022-03-16 10:32:32 - [MESSAGE][PASSED] - Object: 'Object Repository/Choose packages/Page_AdRoot  Campaigns/div_Account settings' is clicked on

2022-03-16 10:32:32 - [TEST_STEP][PASSED] - click(findTestObject("Object Repository/Choose packages/Page_AdRoot  Campaigns/button_Delete my Account")): Object: 'Object Repository/Choose packages/Page_AdRoot  Campaigns/button_Delete my Account' is clicked on

2022-03-16 10:32:32 - [MESSAGE][PASSED] - Object: 'Object Repository/Choose packages/Page_AdRoot  Campaigns/button_Delete my Account' is clicked on

2022-03-16 10:32:32 - [TEST_STEP][PASSED] - click(findTestObject("Object Repository/Choose packages/Page_AdRoot  Dashboard/div_Fill in your password_input-content")): Object: 'Object Repository/Choose packages/Page_AdRoot  Dashboard/div_Fill in your password_input-content' is clicked on

2022-03-16 10:32:33 - [MESSAGE][PASSED] - Object: 'Object Repository/Choose packages/Page_AdRoot  Dashboard/div_Fill in your password_input-content' is clicked on

2022-03-16 10:32:33 - [TEST_STEP][PASSED] - setEncryptedText(findTestObject("Object Repository/Choose packages/Page_AdRoot  Dashboard/input_Fill in your password_custom-input"), "9juLMCYi8sYpY2Mrwe5diw=="): Text ****** has been set on object 'Object Repository/Choose packages/Page_AdRoot  Dashboard/input_Fill in your password_custom-input'

2022-03-16 10:32:33 - [MESSAGE][PASSED] - Text ****** has been set on object 'Object Repository/Choose packages/Page_AdRoot  Dashboard/input_Fill in your password_custom-input'

2022-03-16 10:32:33 - [TEST_STEP][PASSED] - click(findTestObject("Object Repository/Choose packages/Page_AdRoot  Campaigns/button_Deleting Account")): Object: 'Object Repository/Choose packages/Page_AdRoot  Campaigns/button_Deleting Account' is clicked on

2022-03-16 10:32:34 - [MESSAGE][PASSED] - Object: 'Object Repository/Choose packages/Page_AdRoot  Campaigns/button_Deleting Account' is clicked on

2022-03-16 10:32:34 - [TEST_STEP][PASSED] - verifyElementPresent(findTestObject("Object Repository/Choose packages/Page_AdRoot  Login/h2_Login into your account"), 0): Object 'Object Repository/Choose packages/Page_AdRoot  Login/h2_Login into your account' is present

2022-03-16 10:32:34 - [MESSAGE][WARNING] - Timeout '0' is invalid. Using default page load timeout: '30'

2022-03-16 10:32:35 - [MESSAGE][PASSED] - Object 'Object Repository/Choose packages/Page_AdRoot  Login/h2_Login into your account' is present

2022-03-16 10:32:35 - [TEST_STEP][PASSED] - closeBrowser(): Browser is closed

2022-03-16 10:32:35 - [MESSAGE][PASSED] - Browser is closed]]></system-out>
         <system-err><![CDATA[]]></system-err>
      </testcase>
      <system-out><![CDATA[2022-03-16 10:27:11 - [TEST_SUITE][PASSED] - SignUp with packages: Test Cases/SignUp/Sign-up with email/SignUp with email and skip]]></system-out>
      <system-err><![CDATA[]]></system-err>
   </testsuite>
</testsuites>
