<?xml version="1.0" encoding="UTF-8"?>
<testsuites name="Login" time="98.388" tests="7" failures="0" errors="0">
   <testsuite name="Login" tests="7" failures="0" errors="0" time="98.388" skipped="0" timestamp="2022-01-28 12:37:23" hostname="AdRoot_PC2 - GorsPC" id="Test Suites/Login">
      <properties>
         <property name="deviceName" value=""/>
         <property name="devicePlatform" value=""/>
         <property name="logFolder" value="C:\\Users\\AdRoot_PC2\\git\\KatalonAutomation\\Reports\\20220128_123715\\Login\\20220128_123715"/>
         <property name="logFiles" value="C:\\Users\\AdRoot_PC2\\git\\KatalonAutomation\\Reports\\20220128_123715\\Login\\20220128_123715\\execution0.log"/>
         <property name="attachments" value=""/>
         <property name="hostName" value="AdRoot_PC2 - GorsPC"/>
         <property name="os" value="Windows 10 64bit"/>
         <property name="katalonVersion" value="8.2.5.208"/>
         <property name="browser" value="Chrome 97.0.4692.99"/>
         <property name="hostAddress" value="192.168.0.103"/>
         <property name="sessionId" value="cd1798404098a28615437715daabcf94"/>
         <property name="seleniumVersion" value="3.141.59"/>
         <property name="proxyInformation" value="ProxyInformation { proxyOption=NO_PROXY, proxyServerType=HTTP, username=, password=********, proxyServerAddress=, proxyServerPort=0, executionList=&quot;&quot;, isApplyToDesiredCapabilities=true }"/>
         <property name="platform" value="Windows 10"/>
      </properties>
      <testcase name="Test Cases/Login/Login with email" time="10.102" classname="Test Cases/Login/Login with email" status="PASSED">
         <system-out><![CDATA[2022-01-28 12:37:23 - [TEST_CASE][PASSED] - Test Cases/Login/Login with email: Test Cases/Login/Login with email

2022-01-28 12:37:23 - [TEST_STEP][PASSED] - openBrowser(""): Browser is opened with url: ''

2022-01-28 12:37:24 - [MESSAGE][INFO] - Starting 'Chrome' driver

2022-01-28 12:37:24 - [MESSAGE][INFO] - Action delay is set to 0 milliseconds

2022-01-28 12:37:26 - [MESSAGE][PASSED] - Browser is opened with url: ''

2022-01-28 12:37:26 - [TEST_STEP][PASSED] - navigateToUrl("https://dev.adroot.io/auth/signin"): Navigate to 'https://dev.adroot.io/auth/signin' successfully

2022-01-28 12:37:28 - [MESSAGE][PASSED] - Navigate to 'https://dev.adroot.io/auth/signin' successfully

2022-01-28 12:37:28 - [TEST_STEP][PASSED] - setText(findTestObject("Object Repository/Login/Page_AdRoot  Login/input_E-mail_email"), "makronmanuel01@gmail.com"): Text 'makronmanuel01@gmail.com' is set on object 'Object Repository/Login/Page_AdRoot  Login/input_E-mail_email'

2022-01-28 12:37:29 - [MESSAGE][PASSED] - Text 'makronmanuel01@gmail.com' is set on object 'Object Repository/Login/Page_AdRoot  Login/input_E-mail_email'

2022-01-28 12:37:29 - [TEST_STEP][PASSED] - setEncryptedText(findTestObject("Object Repository/Login/Page_AdRoot  Login/input_Password_password"), "9juLMCYi8sYpY2Mrwe5diw=="): Text ****** has been set on object 'Object Repository/Login/Page_AdRoot  Login/input_Password_password'

2022-01-28 12:37:29 - [MESSAGE][PASSED] - Text ****** has been set on object 'Object Repository/Login/Page_AdRoot  Login/input_Password_password'

2022-01-28 12:37:29 - [TEST_STEP][PASSED] - click(findTestObject("Login/Page_AdRoot  Login/button_Sign in")): Object: 'Object Repository/Login/Page_AdRoot  Login/button_Sign in' is clicked on

2022-01-28 12:37:30 - [MESSAGE][PASSED] - Object: 'Object Repository/Login/Page_AdRoot  Login/button_Sign in' is clicked on

2022-01-28 12:37:30 - [TEST_STEP][PASSED] - click(findTestObject("Object Repository/Login/Page_AdRoot  Dashboard/a_Campaigns")): Object: 'Object Repository/Login/Page_AdRoot  Dashboard/a_Campaigns' is clicked on

2022-01-28 12:37:32 - [MESSAGE][PASSED] - Object: 'Object Repository/Login/Page_AdRoot  Dashboard/a_Campaigns' is clicked on

2022-01-28 12:37:32 - [TEST_STEP][PASSED] - closeBrowser(): Browser is closed

2022-01-28 12:37:33 - [MESSAGE][PASSED] - Browser is closed]]></system-out>
         <system-err><![CDATA[]]></system-err>
      </testcase>
      <testcase name="Test Cases/Login/Login with Facebook and close" time="8.837" classname="Test Cases/Login/Login with Facebook and close" status="PASSED">
         <system-out><![CDATA[2022-01-28 12:37:33 - [TEST_CASE][PASSED] - Test Cases/Login/Login with Facebook and close: Test Cases/Login/Login with Facebook and close

2022-01-28 12:37:34 - [TEST_STEP][PASSED] - openBrowser(""): Browser is opened with url: ''

2022-01-28 12:37:34 - [MESSAGE][INFO] - Starting 'Chrome' driver

2022-01-28 12:37:34 - [MESSAGE][INFO] - Action delay is set to 0 milliseconds

2022-01-28 12:37:35 - [MESSAGE][PASSED] - Browser is opened with url: ''

2022-01-28 12:37:35 - [TEST_STEP][PASSED] - navigateToUrl("https://dev.adroot.io/auth/signin"): Navigate to 'https://dev.adroot.io/auth/signin' successfully

2022-01-28 12:37:37 - [MESSAGE][PASSED] - Navigate to 'https://dev.adroot.io/auth/signin' successfully

2022-01-28 12:37:37 - [TEST_STEP][PASSED] - click(findTestObject("Object Repository/Login/Page_AdRoot  Login/div_Sign In_login-icon")): Object: 'Object Repository/Login/Page_AdRoot  Login/div_Sign In_login-icon' is clicked on

2022-01-28 12:37:38 - [MESSAGE][PASSED] - Object: 'Object Repository/Login/Page_AdRoot  Login/div_Sign In_login-icon' is clicked on

2022-01-28 12:37:38 - [TEST_STEP][PASSED] - switchToWindowTitle("Facebook"): Switched to window with title: 'Facebook'

2022-01-28 12:37:39 - [MESSAGE][PASSED] - Switched to window with title: 'Facebook'

2022-01-28 12:37:39 - [TEST_STEP][PASSED] - setText(findTestObject("Object Repository/Login/Page_Facebook/input_Email or phone_email"), "makronmanuel01@gmail.com"): Text 'makronmanuel01@gmail.com' is set on object 'Object Repository/Login/Page_Facebook/input_Email or phone_email'

2022-01-28 12:37:40 - [MESSAGE][PASSED] - Text 'makronmanuel01@gmail.com' is set on object 'Object Repository/Login/Page_Facebook/input_Email or phone_email'

2022-01-28 12:37:40 - [TEST_STEP][PASSED] - setEncryptedText(findTestObject("Object Repository/Login/Page_Facebook/input_Password_pass"), "/cmVevPZqxso+uthIH5BoA=="): Text ****** has been set on object 'Object Repository/Login/Page_Facebook/input_Password_pass'

2022-01-28 12:37:41 - [MESSAGE][PASSED] - Text ****** has been set on object 'Object Repository/Login/Page_Facebook/input_Password_pass'

2022-01-28 12:37:41 - [TEST_STEP][PASSED] - switchToWindowTitle("AdRoot ‒ Login"): Switched to window with title: 'AdRoot ‒ Login'

2022-01-28 12:37:41 - [MESSAGE][PASSED] - Switched to window with title: 'AdRoot ‒ Login'

2022-01-28 12:37:41 - [TEST_STEP][PASSED] - verifyTextPresent("Login into your account", false): Text 'Login into your account' is present on page 

2022-01-28 12:37:41 - [MESSAGE][PASSED] - Text 'Login into your account' is present on page 

2022-01-28 12:37:41 - [TEST_STEP][PASSED] - closeBrowser(): Browser is closed

2022-01-28 12:37:42 - [MESSAGE][PASSED] - Browser is closed]]></system-out>
         <system-err><![CDATA[]]></system-err>
      </testcase>
      <testcase name="Test Cases/Login/Login with Facebook" time="15.002" classname="Test Cases/Login/Login with Facebook" status="PASSED">
         <system-out><![CDATA[2022-01-28 12:37:42 - [TEST_CASE][PASSED] - Test Cases/Login/Login with Facebook: Test Cases/Login/Login with Facebook

2022-01-28 12:37:42 - [TEST_STEP][PASSED] - openBrowser(""): Browser is opened with url: ''

2022-01-28 12:37:42 - [MESSAGE][INFO] - Starting 'Chrome' driver

2022-01-28 12:37:42 - [MESSAGE][INFO] - Action delay is set to 0 milliseconds

2022-01-28 12:37:44 - [MESSAGE][PASSED] - Browser is opened with url: ''

2022-01-28 12:37:44 - [TEST_STEP][PASSED] - navigateToUrl("https://dev.adroot.io/auth/signin"): Navigate to 'https://dev.adroot.io/auth/signin' successfully

2022-01-28 12:37:46 - [MESSAGE][PASSED] - Navigate to 'https://dev.adroot.io/auth/signin' successfully

2022-01-28 12:37:46 - [TEST_STEP][PASSED] - click(findTestObject("Login wtih Facebook/Page_AdRoot  Login/div_Sign In_login-icon")): Object: 'Object Repository/Login wtih Facebook/Page_AdRoot  Login/div_Sign In_login-icon' is clicked on

2022-01-28 12:37:46 - [MESSAGE][PASSED] - Object: 'Object Repository/Login wtih Facebook/Page_AdRoot  Login/div_Sign In_login-icon' is clicked on

2022-01-28 12:37:46 - [TEST_STEP][PASSED] - switchToWindowTitle("Facebook"): Switched to window with title: 'Facebook'

2022-01-28 12:37:48 - [MESSAGE][PASSED] - Switched to window with title: 'Facebook'

2022-01-28 12:37:48 - [TEST_STEP][PASSED] - setText(findTestObject("Object Repository/Login/Page_Facebook/input_Email or phone_email"), "makronmanuel01@gmail.com"): Text 'makronmanuel01@gmail.com' is set on object 'Object Repository/Login/Page_Facebook/input_Email or phone_email'

2022-01-28 12:37:48 - [MESSAGE][PASSED] - Text 'makronmanuel01@gmail.com' is set on object 'Object Repository/Login/Page_Facebook/input_Email or phone_email'

2022-01-28 12:37:48 - [TEST_STEP][PASSED] - setEncryptedText(findTestObject("Object Repository/Login/Page_Facebook/input_Password_pass"), "/cmVevPZqxso+uthIH5BoA=="): Text ****** has been set on object 'Object Repository/Login/Page_Facebook/input_Password_pass'

2022-01-28 12:37:49 - [MESSAGE][PASSED] - Text ****** has been set on object 'Object Repository/Login/Page_Facebook/input_Password_pass'

2022-01-28 12:37:49 - [TEST_STEP][PASSED] - sendKeys(findTestObject("Object Repository/Login wtih Facebook/Page_Facebook/input_Password_pass"), Keys.chord(ENTER)): Keys 'ENTER + ' sent to object: 'Object Repository/Login wtih Facebook/Page_Facebook/input_Password_pass'

2022-01-28 12:37:50 - [MESSAGE][PASSED] - Keys 'ENTER + ' sent to object: 'Object Repository/Login wtih Facebook/Page_Facebook/input_Password_pass'

2022-01-28 12:37:50 - [TEST_STEP][PASSED] - switchToWindowTitle("AdRoot ‒ Dashboard"): Switched to window with title: 'AdRoot ‒ Dashboard'

2022-01-28 12:37:55 - [MESSAGE][PASSED] - Switched to window with title: 'AdRoot ‒ Dashboard'

2022-01-28 12:37:55 - [TEST_STEP][PASSED] - click(findTestObject("Object Repository/Login/Page_AdRoot  Dashboard/a_Campaigns")): Object: 'Object Repository/Login/Page_AdRoot  Dashboard/a_Campaigns' is clicked on

2022-01-28 12:37:56 - [MESSAGE][PASSED] - Object: 'Object Repository/Login/Page_AdRoot  Dashboard/a_Campaigns' is clicked on

2022-01-28 12:37:56 - [TEST_STEP][PASSED] - closeBrowser(): Browser is closed

2022-01-28 12:37:57 - [MESSAGE][PASSED] - Browser is closed]]></system-out>
         <system-err><![CDATA[]]></system-err>
      </testcase>
      <testcase name="Test Cases/Login/Login with Google and close" time="10.535" classname="Test Cases/Login/Login with Google and close" status="PASSED">
         <system-out><![CDATA[2022-01-28 12:37:57 - [TEST_CASE][PASSED] - Test Cases/Login/Login with Google and close: Test Cases/Login/Login with Google and close

2022-01-28 12:37:57 - [TEST_STEP][PASSED] - openBrowser(""): Browser is opened with url: ''

2022-01-28 12:37:57 - [MESSAGE][INFO] - Starting 'Chrome' driver

2022-01-28 12:37:57 - [MESSAGE][INFO] - Action delay is set to 0 milliseconds

2022-01-28 12:37:59 - [MESSAGE][PASSED] - Browser is opened with url: ''

2022-01-28 12:37:59 - [TEST_STEP][PASSED] - navigateToUrl("https://dev.adroot.io/auth/signin"): Navigate to 'https://dev.adroot.io/auth/signin' successfully

2022-01-28 12:38:01 - [MESSAGE][PASSED] - Navigate to 'https://dev.adroot.io/auth/signin' successfully

2022-01-28 12:38:01 - [TEST_STEP][PASSED] - click(findTestObject("Object Repository/Login/Page_AdRoot  Login/span_Sign In")): Object: 'Object Repository/Login/Page_AdRoot  Login/span_Sign In' is clicked on

2022-01-28 12:38:01 - [MESSAGE][PASSED] - Object: 'Object Repository/Login/Page_AdRoot  Login/span_Sign In' is clicked on

2022-01-28 12:38:01 - [TEST_STEP][PASSED] - switchToWindowTitle("Մտնել Google հաշիվներ"): Switched to window with title: 'Մտնել Google հաշիվներ'

2022-01-28 12:38:02 - [MESSAGE][PASSED] - Switched to window with title: 'Մտնել Google հաշիվներ'

2022-01-28 12:38:02 - [TEST_STEP][PASSED] - setText(findTestObject("Object Repository/Login/Page_Google/input_adroot.io_identifier"), "ruzan.a@adroot.io"): Text 'ruzan.a@adroot.io' is set on object 'Object Repository/Login/Page_Google/input_adroot.io_identifier'

2022-01-28 12:38:04 - [MESSAGE][PASSED] - Text 'ruzan.a@adroot.io' is set on object 'Object Repository/Login/Page_Google/input_adroot.io_identifier'

2022-01-28 12:38:04 - [TEST_STEP][PASSED] - sendKeys(findTestObject("Object Repository/Login/Page_Google/input_adroot.io_identifier"), Keys.chord(ENTER)): Keys 'ENTER + ' sent to object: 'Object Repository/Login/Page_Google/input_adroot.io_identifier'

2022-01-28 12:38:04 - [MESSAGE][PASSED] - Keys 'ENTER + ' sent to object: 'Object Repository/Login/Page_Google/input_adroot.io_identifier'

2022-01-28 12:38:04 - [TEST_STEP][PASSED] - setEncryptedText(findTestObject("Object Repository/Login/Page_Google/input__password"), "/cmVevPZqxso+uthIH5BoA=="): Text ****** has been set on object 'Object Repository/Login/Page_Google/input__password'

2022-01-28 12:38:06 - [MESSAGE][PASSED] - Text ****** has been set on object 'Object Repository/Login/Page_Google/input__password'

2022-01-28 12:38:06 - [TEST_STEP][PASSED] - switchToWindowTitle("AdRoot ‒ Login"): Switched to window with title: 'AdRoot ‒ Login'

2022-01-28 12:38:06 - [MESSAGE][PASSED] - Switched to window with title: 'AdRoot ‒ Login'

2022-01-28 12:38:06 - [TEST_STEP][PASSED] - verifyTextPresent("Login into your account", false): Text 'Login into your account' is present on page 

2022-01-28 12:38:07 - [MESSAGE][PASSED] - Text 'Login into your account' is present on page 

2022-01-28 12:38:07 - [TEST_STEP][PASSED] - closeBrowser(): Browser is closed

2022-01-28 12:38:07 - [MESSAGE][PASSED] - Browser is closed]]></system-out>
         <system-err><![CDATA[]]></system-err>
      </testcase>
      <testcase name="Test Cases/Login/Login with google" time="40.184" classname="Test Cases/Login/Login with google" status="PASSED">
         <system-out><![CDATA[2022-01-28 12:38:07 - [TEST_CASE][PASSED] - Test Cases/Login/Login with google: Test Cases/Login/Login with google

2022-01-28 12:38:08 - [TEST_STEP][PASSED] - openBrowser(""): Browser is opened with url: ''

2022-01-28 12:38:08 - [MESSAGE][INFO] - Starting 'Chrome' driver

2022-01-28 12:38:08 - [MESSAGE][INFO] - Action delay is set to 0 milliseconds

2022-01-28 12:38:09 - [MESSAGE][PASSED] - Browser is opened with url: ''

2022-01-28 12:38:09 - [TEST_STEP][PASSED] - navigateToUrl("https://dev.adroot.io/auth/signin"): Navigate to 'https://dev.adroot.io/auth/signin' successfully

2022-01-28 12:38:11 - [MESSAGE][PASSED] - Navigate to 'https://dev.adroot.io/auth/signin' successfully

2022-01-28 12:38:11 - [TEST_STEP][PASSED] - click(findTestObject("Object Repository/Login/Page_AdRoot  Login/span_Sign In")): Object: 'Object Repository/Login/Page_AdRoot  Login/span_Sign In' is clicked on

2022-01-28 12:38:12 - [MESSAGE][PASSED] - Object: 'Object Repository/Login/Page_AdRoot  Login/span_Sign In' is clicked on

2022-01-28 12:38:12 - [TEST_STEP][PASSED] - switchToWindowTitle("Մտնել Google հաշիվներ"): Switched to window with title: 'Մտնել Google հաշիվներ'

2022-01-28 12:38:13 - [MESSAGE][PASSED] - Switched to window with title: 'Մտնել Google հաշիվներ'

2022-01-28 12:38:13 - [TEST_STEP][PASSED] - setText(findTestObject("Object Repository/Login/Page_Google/input_adroot.io_identifier"), "ruzan.a@adroot.io"): Text 'ruzan.a@adroot.io' is set on object 'Object Repository/Login/Page_Google/input_adroot.io_identifier'

2022-01-28 12:38:14 - [MESSAGE][PASSED] - Text 'ruzan.a@adroot.io' is set on object 'Object Repository/Login/Page_Google/input_adroot.io_identifier'

2022-01-28 12:38:14 - [TEST_STEP][PASSED] - sendKeys(findTestObject("Object Repository/Login/Page_Google/input_adroot.io_identifier"), Keys.chord(ENTER)): Keys 'ENTER + ' sent to object: 'Object Repository/Login/Page_Google/input_adroot.io_identifier'

2022-01-28 12:38:15 - [MESSAGE][PASSED] - Keys 'ENTER + ' sent to object: 'Object Repository/Login/Page_Google/input_adroot.io_identifier'

2022-01-28 12:38:15 - [TEST_STEP][PASSED] - setEncryptedText(findTestObject("Object Repository/Login/Page_Google/input__password"), "/cmVevPZqxso+uthIH5BoA=="): Text ****** has been set on object 'Object Repository/Login/Page_Google/input__password'

2022-01-28 12:38:17 - [MESSAGE][PASSED] - Text ****** has been set on object 'Object Repository/Login/Page_Google/input__password'

2022-01-28 12:38:17 - [TEST_STEP][PASSED] - sendKeys(findTestObject("Object Repository/Login/Page_Google/input__password"), Keys.chord(ENTER)): Keys 'ENTER + ' sent to object: 'Object Repository/Login/Page_Google/input__password'

2022-01-28 12:38:18 - [MESSAGE][PASSED] - Keys 'ENTER + ' sent to object: 'Object Repository/Login/Page_Google/input__password'

2022-01-28 12:38:18 - [TEST_STEP][PASSED] - switchToWindowTitle("AdRoot ‒ Dashboard"): Switched to window with title: 'AdRoot ‒ Dashboard'

2022-01-28 12:38:46 - [MESSAGE][PASSED] - Switched to window with title: 'AdRoot ‒ Dashboard'

2022-01-28 12:38:46 - [TEST_STEP][PASSED] - click(findTestObject("Object Repository/Login/Page_AdRoot  Dashboard/a_Campaigns")): Object: 'Object Repository/Login/Page_AdRoot  Dashboard/a_Campaigns' is clicked on

2022-01-28 12:38:47 - [MESSAGE][PASSED] - Object: 'Object Repository/Login/Page_AdRoot  Dashboard/a_Campaigns' is clicked on

2022-01-28 12:38:47 - [TEST_STEP][PASSED] - closeBrowser(): Browser is closed

2022-01-28 12:38:48 - [MESSAGE][PASSED] - Browser is closed]]></system-out>
         <system-err><![CDATA[]]></system-err>
      </testcase>
      <testcase name="Test Cases/Login/Login with invalid email" time="6.626" classname="Test Cases/Login/Login with invalid email" status="PASSED">
         <system-out><![CDATA[2022-01-28 12:38:48 - [TEST_CASE][PASSED] - Test Cases/Login/Login with invalid email: Test Cases/Login/Login with invalid email

2022-01-28 12:38:48 - [TEST_STEP][PASSED] - openBrowser(""): Browser is opened with url: ''

2022-01-28 12:38:48 - [MESSAGE][INFO] - Starting 'Chrome' driver

2022-01-28 12:38:48 - [MESSAGE][INFO] - Action delay is set to 0 milliseconds

2022-01-28 12:38:49 - [MESSAGE][PASSED] - Browser is opened with url: ''

2022-01-28 12:38:49 - [TEST_STEP][PASSED] - navigateToUrl("https://dev.adroot.io/auth/signin"): Navigate to 'https://dev.adroot.io/auth/signin' successfully

2022-01-28 12:38:51 - [MESSAGE][PASSED] - Navigate to 'https://dev.adroot.io/auth/signin' successfully

2022-01-28 12:38:51 - [TEST_STEP][PASSED] - setText(findTestObject("Object Repository/Login/Page_AdRoot  Login/input_E-mail_email"), "makronmanuel@gmail.com"): Text 'makronmanuel@gmail.com' is set on object 'Object Repository/Login/Page_AdRoot  Login/input_E-mail_email'

2022-01-28 12:38:52 - [MESSAGE][PASSED] - Text 'makronmanuel@gmail.com' is set on object 'Object Repository/Login/Page_AdRoot  Login/input_E-mail_email'

2022-01-28 12:38:52 - [TEST_STEP][PASSED] - setEncryptedText(findTestObject("Object Repository/Login/Page_AdRoot  Login/input_Password_password"), "p6SfaQ7mi9I0hsJfWzeJOA=="): Text ****** has been set on object 'Object Repository/Login/Page_AdRoot  Login/input_Password_password'

2022-01-28 12:38:52 - [MESSAGE][PASSED] - Text ****** has been set on object 'Object Repository/Login/Page_AdRoot  Login/input_Password_password'

2022-01-28 12:38:52 - [TEST_STEP][PASSED] - click(findTestObject("Object Repository/Login/Page_AdRoot  Login/button_Sign in")): Object: 'Object Repository/Login/Page_AdRoot  Login/button_Sign in' is clicked on

2022-01-28 12:38:53 - [MESSAGE][PASSED] - Object: 'Object Repository/Login/Page_AdRoot  Login/button_Sign in' is clicked on

2022-01-28 12:38:53 - [TEST_STEP][PASSED] - verifyTextPresent("Incorrect e-mail or password.", false): Text 'Incorrect e-mail or password.' is present on page 

2022-01-28 12:38:54 - [MESSAGE][PASSED] - Text 'Incorrect e-mail or password.' is present on page 

2022-01-28 12:38:54 - [TEST_STEP][PASSED] - closeBrowser(): Browser is closed

2022-01-28 12:38:54 - [MESSAGE][PASSED] - Browser is closed]]></system-out>
         <system-err><![CDATA[]]></system-err>
      </testcase>
      <testcase name="Test Cases/Login/Login with wrong password" time="6.666" classname="Test Cases/Login/Login with wrong password" status="PASSED">
         <system-out><![CDATA[2022-01-28 12:38:54 - [TEST_CASE][PASSED] - Test Cases/Login/Login with wrong password: Test Cases/Login/Login with wrong password

2022-01-28 12:38:55 - [TEST_STEP][PASSED] - openBrowser(""): Browser is opened with url: ''

2022-01-28 12:38:55 - [MESSAGE][INFO] - Starting 'Chrome' driver

2022-01-28 12:38:55 - [MESSAGE][INFO] - Action delay is set to 0 milliseconds

2022-01-28 12:38:56 - [MESSAGE][PASSED] - Browser is opened with url: ''

2022-01-28 12:38:56 - [TEST_STEP][PASSED] - navigateToUrl("https://dev.adroot.io/auth/signin"): Navigate to 'https://dev.adroot.io/auth/signin' successfully

2022-01-28 12:38:58 - [MESSAGE][PASSED] - Navigate to 'https://dev.adroot.io/auth/signin' successfully

2022-01-28 12:38:58 - [TEST_STEP][PASSED] - setText(findTestObject("Object Repository/Login/Page_AdRoot  Login/input_E-mail_email"), "makronmanuel01@gmail.com"): Text 'makronmanuel01@gmail.com' is set on object 'Object Repository/Login/Page_AdRoot  Login/input_E-mail_email'

2022-01-28 12:38:59 - [MESSAGE][PASSED] - Text 'makronmanuel01@gmail.com' is set on object 'Object Repository/Login/Page_AdRoot  Login/input_E-mail_email'

2022-01-28 12:38:59 - [TEST_STEP][PASSED] - setEncryptedText(findTestObject("Object Repository/Login/Page_AdRoot  Login/input_Password_password"), "p6SfaQ7mi9I0hsJfWzeJOA=="): Text ****** has been set on object 'Object Repository/Login/Page_AdRoot  Login/input_Password_password'

2022-01-28 12:38:59 - [MESSAGE][PASSED] - Text ****** has been set on object 'Object Repository/Login/Page_AdRoot  Login/input_Password_password'

2022-01-28 12:38:59 - [TEST_STEP][PASSED] - click(findTestObject("Object Repository/Login/Page_AdRoot  Login/button_Sign in")): Object: 'Object Repository/Login/Page_AdRoot  Login/button_Sign in' is clicked on

2022-01-28 12:39:00 - [MESSAGE][PASSED] - Object: 'Object Repository/Login/Page_AdRoot  Login/button_Sign in' is clicked on

2022-01-28 12:39:00 - [TEST_STEP][PASSED] - verifyTextPresent("Incorrect e-mail or password.", false): Text 'Incorrect e-mail or password.' is present on page 

2022-01-28 12:39:00 - [MESSAGE][PASSED] - Text 'Incorrect e-mail or password.' is present on page 

2022-01-28 12:39:00 - [TEST_STEP][PASSED] - closeBrowser(): Browser is closed

2022-01-28 12:39:01 - [MESSAGE][PASSED] - Browser is closed]]></system-out>
         <system-err><![CDATA[]]></system-err>
      </testcase>
      <system-out><![CDATA[2022-01-28 12:37:23 - [TEST_SUITE][PASSED] - Login: Test Cases/Login/Login with wrong password]]></system-out>
      <system-err><![CDATA[]]></system-err>
   </testsuite>
</testsuites>
